[AUTH] Servidor de login foi iniciado com sucesso!
 [LOGIN] Efetuando login. Date: 01/06/2020 00:02:40 User: testing MAC: 7085C2C6D462 IP: 177.36.6.242
Npgsql.PostgresException (0x80004005): 42883: operator does not exist: character varying = bigint
   at Npgsql.NpgsqlConnector.<>c__DisplayClass161_0.<<ReadMessage>g__ReadMessageLong|0>d.MoveNext()
--- End of stack trace from previous location where exception was thrown ---
   at System.Runtime.ExceptionServices.ExceptionDispatchInfo.Throw()
   at Npgsql.NpgsqlConnector.<>c__DisplayClass161_0.<<ReadMessage>g__ReadMessageLong|0>d.MoveNext()
--- End of stack trace from previous location where exception was thrown ---
   at System.Runtime.CompilerServices.TaskAwaiter.ThrowForNonSuccess(Task task)
   at System.Runtime.CompilerServices.TaskAwaiter.HandleNonSuccessAndDebuggerNotification(Task task)
   at System.Runtime.CompilerServices.TaskAwaiter`1.GetResult()
   at Npgsql.NpgsqlDataReader.<NextResult>d__46.MoveNext()
--- End of stack trace from previous location where exception was thrown ---
   at System.Runtime.CompilerServices.TaskAwaiter.ThrowForNonSuccess(Task task)
   at System.Runtime.CompilerServices.TaskAwaiter.HandleNonSuccessAndDebuggerNotification(Task task)
   at Npgsql.NpgsqlDataReader.NextResult()
   at Npgsql.NpgsqlCommand.<ExecuteDbDataReader>d__100.MoveNext()
--- End of stack trace from previous location where exception was thrown ---
   at System.Runtime.CompilerServices.TaskAwaiter.ThrowForNonSuccess(Task task)
   at System.Runtime.CompilerServices.TaskAwaiter.HandleNonSuccessAndDebuggerNotification(Task task)
   at Npgsql.NpgsqlCommand.ExecuteDbDataReader(CommandBehavior behavior)
   at Npgsql.NpgsqlCommand.ExecuteReader()
   at Core.managers.PlayerManager.getPlayerBonusDB(Int64 id)
Ocorreu um problema ao carregar os eventos!
System.IndexOutOfRangeException: Column must be between 0 and 4
   at Npgsql.NpgsqlDataReader.CheckColumn(Int32 column)
   at Npgsql.NpgsqlDefaultDataReader.GetFieldValue[T](Int32 column)
   at Core.managers.PlayerManager.getPlayerEventDB(Int64 pId)
