[AUTH] Servidor de login foi iniciado com sucesso!
 [LOGIN] Efetuando login. Date: 01/06/2020 01:22:24 User: malakaloca MAC: 7085C2C6D462 IP: 177.36.6.242
System.InvalidCastException: Column is null
   at Npgsql.NpgsqlDefaultDataReader.GetFieldValue[T](Int32 column)
   at Core.managers.PlayerManager.getPlayerBonusDB(Int64 id)
Ocorreu um problema ao carregar os eventos!
System.InvalidCastException: Column is null
   at Npgsql.NpgsqlDefaultDataReader.GetFieldValue[T](Int32 column)
   at Core.managers.PlayerManager.getPlayerEventDB(Int64 pId)
 [LOGIN] Efetuando login. Date: 01/06/2020 01:23:42 User: malakaloca MAC: 7085C2C6D462 IP: 177.36.6.242
System.InvalidCastException: Column is null
   at Npgsql.NpgsqlDefaultDataReader.GetFieldValue[T](Int32 column)
   at Core.managers.PlayerManager.getPlayerBonusDB(Int64 id)
Ocorreu um problema ao carregar os eventos!
System.InvalidCastException: Column is null
   at Npgsql.NpgsqlDefaultDataReader.GetFieldValue[T](Int32 column)
   at Core.managers.PlayerManager.getPlayerEventDB(Int64 pId)
 [LOGIN] Efetuando login. Date: 01/06/2020 01:43:13 User: malakaloca MAC: 7085C2C6D462 IP: 177.36.6.242
System.InvalidCastException: Column is null
   at Npgsql.NpgsqlDefaultDataReader.GetFieldValue[T](Int32 column)
   at Core.managers.PlayerManager.getPlayerBonusDB(Int64 id)
Ocorreu um problema ao carregar os eventos!
System.InvalidCastException: Column is null
   at Npgsql.NpgsqlDefaultDataReader.GetFieldValue[T](Int32 column)
   at Core.managers.PlayerManager.getPlayerEventDB(Int64 pId)
 [LOGIN] Efetuando login. Date: 01/06/2020 01:59:15 User: malakaloca MAC: 7085C2C6D462 IP: 177.36.6.242
System.InvalidCastException: Column is null
   at Npgsql.NpgsqlDefaultDataReader.GetFieldValue[T](Int32 column)
   at Core.managers.PlayerManager.getPlayerBonusDB(Int64 id)
Ocorreu um problema ao carregar os eventos!
System.InvalidCastException: Column is null
   at Npgsql.NpgsqlDefaultDataReader.GetFieldValue[T](Int32 column)
   at Core.managers.PlayerManager.getPlayerEventDB(Int64 pId)
 [LOGIN] Efetuando login. Date: 01/06/2020 02:18:44 User: malakaloca MAC: 7085C2C6D462 IP: 177.36.6.242
System.InvalidCastException: Column is null
   at Npgsql.NpgsqlDefaultDataReader.GetFieldValue[T](Int32 column)
   at Core.managers.PlayerManager.getPlayerBonusDB(Int64 id)
Ocorreu um problema ao carregar os eventos!
System.InvalidCastException: Column is null
   at Npgsql.NpgsqlDefaultDataReader.GetFieldValue[T](Int32 column)
   at Core.managers.PlayerManager.getPlayerEventDB(Int64 pId)
 [LOGIN] Efetuando login. Date: 01/06/2020 02:48:32 User: malakaloca MAC: 7085C2C6D462 IP: 177.36.6.242
System.InvalidCastException: Column is null
   at Npgsql.NpgsqlDefaultDataReader.GetFieldValue[T](Int32 column)
   at Core.managers.PlayerManager.getPlayerBonusDB(Int64 id)
Ocorreu um problema ao carregar os eventos!
System.InvalidCastException: Column is null
   at Npgsql.NpgsqlDefaultDataReader.GetFieldValue[T](Int32 column)
   at Core.managers.PlayerManager.getPlayerEventDB(Int64 pId)
 [LOGIN] Efetuando login. Date: 01/06/2020 03:05:33 User: malakaloca MAC: 7085C2C6D462 IP: 177.36.6.242
System.InvalidCastException: Column is null
   at Npgsql.NpgsqlDefaultDataReader.GetFieldValue[T](Int32 column)
   at Core.managers.PlayerManager.getPlayerBonusDB(Int64 id)
Ocorreu um problema ao carregar os eventos!
System.InvalidCastException: Column is null
   at Npgsql.NpgsqlDefaultDataReader.GetFieldValue[T](Int32 column)
   at Core.managers.PlayerManager.getPlayerEventDB(Int64 pId)
 [LOGIN] Efetuando login. Date: 01/06/2020 03:26:13 User: malakaloca MAC: 7085C2C6D462 IP: 177.36.6.242
System.InvalidCastException: Column is null
   at Npgsql.NpgsqlDefaultDataReader.GetFieldValue[T](Int32 column)
   at Core.managers.PlayerManager.getPlayerBonusDB(Int64 id)
Ocorreu um problema ao carregar os eventos!
System.InvalidCastException: Column is null
   at Npgsql.NpgsqlDefaultDataReader.GetFieldValue[T](Int32 column)
   at Core.managers.PlayerManager.getPlayerEventDB(Int64 pId)
 [LOGIN] Efetuando login. Date: 01/06/2020 03:30:04 User: malakaloca MAC: 7085C2C6D462 IP: 177.36.6.242
System.InvalidCastException: Column is null
   at Npgsql.NpgsqlDefaultDataReader.GetFieldValue[T](Int32 column)
   at Core.managers.PlayerManager.getPlayerBonusDB(Int64 id)
Ocorreu um problema ao carregar os eventos!
System.InvalidCastException: Column is null
   at Npgsql.NpgsqlDefaultDataReader.GetFieldValue[T](Int32 column)
   at Core.managers.PlayerManager.getPlayerEventDB(Int64 pId)
 [LOGIN] Efetuando login. Date: 01/06/2020 03:51:08 User: malakaloca MAC: 7085C2C6D462 IP: 177.36.6.242
System.InvalidCastException: Column is null
   at Npgsql.NpgsqlDefaultDataReader.GetFieldValue[T](Int32 column)
   at Core.managers.PlayerManager.getPlayerBonusDB(Int64 id)
Ocorreu um problema ao carregar os eventos!
System.InvalidCastException: Column is null
   at Npgsql.NpgsqlDefaultDataReader.GetFieldValue[T](Int32 column)
   at Core.managers.PlayerManager.getPlayerEventDB(Int64 pId)
