[Data: 20/05/27 20:36:06][Room.addPlayer] Jogador '5025' ' STEVE'; OldSlot: -1; NewSlot: 0
[Data: 20/05/27 20:40:01][Room.addPlayer] Jogador '5005' 'GM CJonaas'; OldSlot: -1; NewSlot: 1
[Data: 20/05/27 20:40:05][Room.RemovePlayer] Jogador '5005' 'GM CJonaas'; OldSlot: 1; NewSlot: -1
[Data: 20/05/27 20:40:10][Room.RemovePlayer] Jogador '5025' ' STEVE'; OldSlot: 0; NewSlot: -1
[Data: 20/05/27 20:40:21][Room.addPlayer] Jogador '5005' 'GM CJonaas'; OldSlot: -1; NewSlot: 0
[Data: 20/05/27 20:40:25][Room.addPlayer] Jogador '5025' ' STEVE'; OldSlot: -1; NewSlot: 1
[Data: 20/05/27 20:40:28][Room.RemovePlayer] Jogador '5025' ' STEVE'; OldSlot: 1; NewSlot: -1
[Data: 20/05/27 20:43:21][Room.addPlayer] Jogador '5002' 'GM DeadoneV5'; OldSlot: -1; NewSlot: 0
[Data: 20/05/27 20:43:34][Room.addPlayer] Jogador '5025' ' STEVE'; OldSlot: -1; NewSlot: 1
[Data: 20/05/27 20:44:17][Room.SwitchNewSlot] Jogador '5002' 'GM DeadoneV5'; OldSlot: 0; NewSlot: 3
[Data: 20/05/27 20:48:42][Room.RemovePlayer] Jogador '5005' 'GM CJonaas'; OldSlot: 0; NewSlot: -1
[Data: 20/05/27 20:48:48][Room.addPlayer] Jogador '5005' 'GM CJonaas'; OldSlot: -1; NewSlot: 0
[Data: 20/05/27 20:48:56][Room.RemovePlayer] Jogador '5005' 'GM CJonaas'; OldSlot: 0; NewSlot: -1
[Data: 20/05/27 20:51:01][Room.addPlayer] Jogador '5005' 'GM CJonaas'; OldSlot: -1; NewSlot: 0
[Data: 20/05/27 20:53:13][Room.RemovePlayer] Jogador '5005' 'GM CJonaas'; OldSlot: 0; NewSlot: -1
[Data: 20/05/27 20:53:26][Room.addPlayer] Jogador '5005' 'GM CJonaas'; OldSlot: -1; NewSlot: 0
[Data: 20/05/27 20:55:27][Room.RemovePlayer] Jogador '5002' 'GM DeadoneV5'; OldSlot: 3; NewSlot: -1
[Data: 20/05/27 20:55:28][Room.addPlayer] Jogador '5002' 'GM DeadoneV5'; OldSlot: -1; NewSlot: 1
[Data: 20/05/27 20:55:28][Room.RemovePlayer] Jogador '5025' ' STEVE'; OldSlot: 1; NewSlot: -1
[Data: 20/05/27 20:56:12][Room.addPlayer] Jogador '5025' ' STEVE'; OldSlot: -1; NewSlot: 8
[Data: 20/05/27 21:11:58][Room.SwitchNewSlot] Jogador '5005' 'GM CJonaas'; OldSlot: 0; NewSlot: 3
[Data: 20/05/27 21:12:13][Room.SwitchNewSlot] Jogador '5025' ' STEVE'; OldSlot: 8; NewSlot: 5
[Data: 20/05/27 21:12:14][Room.SwitchNewSlot] Jogador '5025' ' STEVE'; OldSlot: 5; NewSlot: 0
[Data: 20/05/27 21:12:20][Room.addPlayer] Jogador '5000' 'Destroylife1000'; OldSlot: -1; NewSlot: 2
[Data: 20/05/27 21:13:30][Room.SwitchNewSlot] Jogador '5005' 'GM CJonaas'; OldSlot: 3; NewSlot: 4
[Data: 20/05/27 21:13:50][Room.SwitchNewSlot] Jogador '5025' ' STEVE'; OldSlot: 0; NewSlot: 3
[Data: 20/05/27 21:33:35][Room.SwitchNewSlot] Jogador '5005' 'GM CJonaas'; OldSlot: 4; NewSlot: 5
[Data: 20/05/27 21:33:36][Room.SwitchNewSlot] Jogador '5005' 'GM CJonaas'; OldSlot: 5; NewSlot: 0
[Data: 20/05/27 21:37:01][Room.RemovePlayer] Jogador '5002' 'GM DeadoneV5'; OldSlot: 1; NewSlot: -1
[Data: 20/05/27 21:39:54][Room.addPlayer] Jogador '5002' 'GM DeadoneV5'; OldSlot: -1; NewSlot: 1
[Data: 20/05/27 21:40:26][Room.RemovePlayer] Jogador '5002' 'GM DeadoneV5'; OldSlot: 1; NewSlot: -1
[Data: 20/05/27 21:43:36][Room.addPlayer] Jogador '5002' 'GM DeadoneV5'; OldSlot: -1; NewSlot: 1
[Data: 20/05/27 21:43:41][Room.RemovePlayer] Jogador '5002' 'GM DeadoneV5'; OldSlot: 1; NewSlot: -1
[Data: 20/05/27 21:44:03][Room.addPlayer] Jogador '5019' 'DznnNN.5K'; OldSlot: -1; NewSlot: 1
[Data: 20/05/27 21:44:59][Room.addPlayer] Jogador '5002' 'GM DeadoneV5'; OldSlot: -1; NewSlot: 4
[Data: 20/05/27 21:45:04][Room.RemovePlayer] Jogador '5002' 'GM DeadoneV5'; OldSlot: 4; NewSlot: -1
[Data: 20/05/27 22:00:24][Room.SwitchNewSlot] Jogador '5019' 'DznnNN.5K'; OldSlot: 1; NewSlot: 4
[Data: 20/05/27 22:00:25][Room.SwitchNewSlot] Jogador '5019' 'DznnNN.5K'; OldSlot: 4; NewSlot: 1
[Data: 20/05/27 22:02:05][Room.SwitchNewSlot] Jogador '5000' 'Destroylife1000'; OldSlot: 2; NewSlot: 5
[Data: 20/05/27 22:04:28][Room.SwitchNewSlot] Jogador '5025' '[MOD] STEVE'; OldSlot: 3; NewSlot: 2
[Data: 20/05/27 22:06:40][Room.SwitchNewSlot] Jogador '5025' '[MOD] STEVE'; OldSlot: 2; NewSlot: 3
[Data: 20/05/27 22:12:50][Room.RemovePlayer] Jogador '5025' '[MOD] STEVE'; OldSlot: 3; NewSlot: -1
[Data: 20/05/27 22:18:43][Room.RemovePlayer] Jogador '5019' 'DznnNN.5K'; OldSlot: 1; NewSlot: -1
[Data: 20/05/27 22:19:18][Room.SwitchNewSlot] Jogador '5000' 'Destroylife1000'; OldSlot: 5; NewSlot: 2
[Data: 20/05/27 22:19:20][Room.SwitchNewSlot] Jogador '5000' 'Destroylife1000'; OldSlot: 2; NewSlot: 1
[Data: 20/05/27 22:20:50][Room.RemovePlayer] Jogador '5000' 'Destroylife1000'; OldSlot: 1; NewSlot: -1
[Data: 20/05/27 22:20:53][Room.addPlayer] Jogador '5000' 'Destroylife1000'; OldSlot: -1; NewSlot: 1
[Data: 20/05/27 22:23:41][Room.RemovePlayer] Jogador '5000' 'Destroylife1000'; OldSlot: 1; NewSlot: -1
[Data: 20/05/27 22:23:45][Room.addPlayer] Jogador '5000' 'Destroylife1000'; OldSlot: -1; NewSlot: 1
[Data: 20/05/27 22:24:35][Room.RemovePlayer] Jogador '5000' 'Destroylife1000'; OldSlot: 1; NewSlot: -1
[Data: 20/05/27 22:26:17][Room.RemovePlayer] Jogador '5005' 'GM CJonaas'; OldSlot: 0; NewSlot: -1
[Data: 20/05/27 22:27:06][Room.addPlayer] Jogador '5000' 'Destroylife1000'; OldSlot: -1; NewSlot: 0
[Data: 20/05/27 22:27:12][Room.addPlayer] Jogador '5005' 'GM CJonaas'; OldSlot: -1; NewSlot: 1
[Data: 20/05/27 22:38:42][Room.addPlayer] Jogador '5019' 'DznnNN.5K'; OldSlot: -1; NewSlot: 2
[Data: 20/05/27 22:38:47][AllUtils.TryBalancePlayer] Jogador '5019' 'DznnNN.5K'; OldSlot: 2; NewSlot: 2
[Data: 20/05/27 22:50:14][Room.addPlayer] Jogador '5020' 'VB_Destroyer'; OldSlot: -1; NewSlot: 2
[Data: 20/05/27 23:01:25][Room.SwitchNewSlot] Jogador '5019' 'DznnNN.5K'; OldSlot: 3; NewSlot: 4
[Data: 20/05/27 23:01:57][Room.SwitchNewSlot] Jogador '5000' 'Destroylife1000'; OldSlot: 0; NewSlot: 3
[Data: 20/05/27 23:02:02][Room.SwitchNewSlot] Jogador '5000' 'Destroylife1000'; OldSlot: 3; NewSlot: 0
[Data: 20/05/27 23:02:33][AllUtils.TryBalancePlayer] Jogador '5000' 'Destroylife1000'; OldSlot: 0; NewSlot: 0
[Data: 20/05/27 23:08:35][Room.addPlayer] Jogador '5022' 'OrNoTDLL'; OldSlot: -1; NewSlot: 0
[Data: 20/05/27 23:12:27][Room.SwitchNewSlot] Jogador '5019' 'DznnNN.5K'; OldSlot: 4; NewSlot: 5
[Data: 20/05/27 23:12:44][Room.SwitchNewSlot] Jogador '5019' 'DznnNN.5K'; OldSlot: 5; NewSlot: 4
[Data: 20/05/27 23:13:06][Room.SwitchNewSlot] Jogador '5000' 'Destroylife1000'; OldSlot: 3; NewSlot: 6
[Data: 20/05/27 23:13:28][Room.SwitchNewSlot] Jogador '5022' 'OrNoTDLL'; OldSlot: 0; NewSlot: 3
[Data: 20/05/27 23:13:37][Room.SwitchNewSlot] Jogador '5000' 'Destroylife1000'; OldSlot: 6; NewSlot: 5
[Data: 20/05/27 23:13:39][Room.SwitchNewSlot] Jogador '5000' 'Destroylife1000'; OldSlot: 5; NewSlot: 0
[Data: 20/05/27 23:14:37][Room.SwitchNewSlot] Jogador '5020' 'VB_Destroyer'; OldSlot: 2; NewSlot: 5
[Data: 20/05/27 23:14:56][Room.SwitchNewSlot] Jogador '5000' 'Destroylife1000'; OldSlot: 0; NewSlot: 7
[Data: 20/05/27 23:14:58][AllUtils.TryBalancePlayer] Jogador '5000' 'Destroylife1000'; OldSlot: 7; NewSlot: 7
[Data: 20/05/27 23:20:31][Room.addPlayer] Jogador '5025' '[MOD] STEVE'; OldSlot: -1; NewSlot: 2
[Data: 20/05/27 23:29:57][Room.SwitchNewSlot] Jogador '5019' 'DznnNN.5K'; OldSlot: 4; NewSlot: 7
[Data: 20/05/27 23:30:15][Room.SwitchNewSlot] Jogador '5000' 'Destroylife1000'; OldSlot: 0; NewSlot: 9
[Data: 20/05/27 23:30:37][Room.SwitchNewSlot] Jogador '5020' '*-*ERRO404*-*'; OldSlot: 5; NewSlot: 0
[Data: 20/05/27 23:30:41][Room.SwitchNewSlot] Jogador '5019' 'DznnNN.5K'; OldSlot: 7; NewSlot: 4
[Data: 20/05/27 23:30:51][Room.SwitchNewSlot] Jogador '5000' 'Destroylife1000'; OldSlot: 9; NewSlot: 6
[Data: 20/05/27 23:31:01][Room.SwitchNewSlot] Jogador '5025' '[MOD] STEVE'; OldSlot: 2; NewSlot: 5
[Data: 20/05/27 23:38:02][Room.RemovePlayer] Jogador '5005' 'GM CJonaas'; OldSlot: 1; NewSlot: -1
[Data: 20/05/27 23:38:10][Room.addPlayer] Jogador '5005' 'GM CJonaas'; OldSlot: -1; NewSlot: 0
[Data: 20/05/27 23:38:23][Room.RemovePlayer] Jogador '5022' 'OrNoTDLL'; OldSlot: 3; NewSlot: -1
[Data: 20/05/27 23:38:55][Room.RemovePlayer] Jogador '5005' 'GM CJonaas'; OldSlot: 0; NewSlot: -1
[Data: 20/05/27 23:39:07][Room.RemovePlayer] Jogador '5000' 'Destroylife1000'; OldSlot: 6; NewSlot: -1
[Data: 20/05/27 23:39:07][Room.RemovePlayer] Jogador '5019' 'DznnNN.5K'; OldSlot: 4; NewSlot: -1
[Data: 20/05/27 23:39:08][Room.RemovePlayer] Jogador '5020' '*-*ERRO404*-*'; OldSlot: 0; NewSlot: -1
[Data: 20/05/27 23:39:08][Room.RemovePlayer] Jogador '5025' '[MOD] STEVE'; OldSlot: 5; NewSlot: -1
[Data: 20/05/27 23:39:18][Room.addPlayer] Jogador '5000' 'Destroylife1000'; OldSlot: -1; NewSlot: 0
[Data: 20/05/27 23:39:47][Room.addPlayer] Jogador '5020' '*-*ERRO404*-*'; OldSlot: -1; NewSlot: 1
[Data: 20/05/27 23:51:29][Room.SwitchNewSlot] Jogador '5000' 'Destroylife1000'; OldSlot: 0; NewSlot: 3
[Data: 20/05/27 23:56:38][Room.RemovePlayer] Jogador '5000' 'Destroylife1000'; OldSlot: 3; NewSlot: -1
[Data: 20/05/27 23:58:35][Room.RemovePlayer] Jogador '5020' '*-*ERRO404*-*'; OldSlot: 1; NewSlot: -1
[Data: 20/05/28 00:01:37][Room.addPlayer] Jogador '5019' 'DznnNN.5K'; OldSlot: -1; NewSlot: 0
[Data: 20/05/28 00:03:55][Room.RemovePlayer] Jogador '5019' 'DznnNN.5K'; OldSlot: 0; NewSlot: -1
[Data: 20/05/28 00:04:31][Room.addPlayer] Jogador '5019' 'DznnNN.5K'; OldSlot: -1; NewSlot: 0
[Data: 20/05/28 00:11:07][Room.addPlayer] Jogador '5000' 'Destroylife1000'; OldSlot: -1; NewSlot: 1
[Data: 20/05/28 00:11:10][Room.RemovePlayer] Jogador '5000' 'Destroylife1000'; OldSlot: 1; NewSlot: -1
[Data: 20/05/28 00:14:47][Room.addPlayer] Jogador '5000' 'Destroylife1000'; OldSlot: -1; NewSlot: 1
[Data: 20/05/28 00:14:49][Room.RemovePlayer] Jogador '5000' 'Destroylife1000'; OldSlot: 1; NewSlot: -1
[Data: 20/05/28 00:15:04][Room.RemovePlayer] Jogador '5019' 'DznnNN.5K'; OldSlot: 0; NewSlot: -1
[Data: 20/05/28 01:55:05][Room.addPlayer] Jogador '5020' '*-*ERRO404*-*'; OldSlot: -1; NewSlot: 0
[Data: 20/05/28 01:55:07][Room.RemovePlayer] Jogador '5020' '*-*ERRO404*-*'; OldSlot: 0; NewSlot: -1
[Data: 20/05/28 01:55:18][Room.addPlayer] Jogador '5020' '*-*ERRO404*-*'; OldSlot: -1; NewSlot: 0
[Data: 20/05/28 01:58:06][Room.RemovePlayer] Jogador '5020' '*-*ERRO404*-*'; OldSlot: 0; NewSlot: -1
[Data: 20/05/28 01:58:11][Room.addPlayer] Jogador '5020' '*-*ERRO404*-*'; OldSlot: -1; NewSlot: 0
[Data: 20/05/28 02:14:36][Room.addPlayer] Jogador '5028' 'Fakº'; OldSlot: -1; NewSlot: 0
[Data: 20/05/28 02:15:21][Room.RemovePlayer] Jogador '5020' '*-*ERRO404*-*'; OldSlot: 0; NewSlot: -1
[Data: 20/05/28 02:15:25][Room.addPlayer] Jogador '5020' '*-*ERRO404*-*'; OldSlot: -1; NewSlot: 1
[Data: 20/05/28 02:18:32][Room.RemovePlayer] Jogador '5028' 'Fakº'; OldSlot: 0; NewSlot: -1
[Data: 20/05/28 02:18:38][Room.addPlayer] Jogador '5028' 'Fakº'; OldSlot: -1; NewSlot: 0
[Data: 20/05/28 02:19:24][Room.RemovePlayer] Jogador '5020' '*-*ERRO404*-*'; OldSlot: 1; NewSlot: -1
[Data: 20/05/28 02:19:28][Room.addPlayer] Jogador '5020' '*-*ERRO404*-*'; OldSlot: -1; NewSlot: 1
[Data: 20/05/28 02:19:30][Room.SwitchNewSlot] Jogador '5020' '*-*ERRO404*-*'; OldSlot: 1; NewSlot: 2
[Data: 20/05/28 02:21:22][Room.RemovePlayer] Jogador '5020' '*-*ERRO404*-*'; OldSlot: 2; NewSlot: -1
[Data: 20/05/28 02:22:40][Room.addPlayer] Jogador '5020' '*-*ERRO404*-*'; OldSlot: -1; NewSlot: 0
[Data: 20/05/28 02:22:56][Room.RemovePlayer] Jogador '5028' 'Fakº'; OldSlot: 0; NewSlot: -1
[Data: 20/05/28 02:23:00][Room.addPlayer] Jogador '5028' 'Fakº'; OldSlot: -1; NewSlot: 1
[Data: 20/05/28 02:24:00][Room.RemovePlayer] Jogador '5020' '*-*ERRO404*-*'; OldSlot: 0; NewSlot: -1
[Data: 20/05/28 02:24:08][Room.RemovePlayer] Jogador '5028' 'Fakº'; OldSlot: 1; NewSlot: -1
