[Data: 20/05/13 22:21:47][Room.addPlayer] Jogador '5784' 'Donkey05'; OldSlot: -1; NewSlot: 0
[Data: 20/05/13 22:21:55][Room.addPlayer] Jogador '5760' 'GM CJonaas'; OldSlot: -1; NewSlot: 1
[Data: 20/05/13 23:03:55][Room.RemovePlayer] Jogador '5784' 'Donkey05'; OldSlot: 0; NewSlot: -1
[Data: 20/05/13 23:04:01][Room.addPlayer] Jogador '5784' 'Donkey05'; OldSlot: -1; NewSlot: 0
[Data: 20/05/13 23:04:04][Room.RemovePlayer] Jogador '5784' 'Donkey05'; OldSlot: 0; NewSlot: -1
[Data: 20/05/13 23:04:09][Room.addPlayer] Jogador '5784' 'Donkey05'; OldSlot: -1; NewSlot: 0
[Data: 20/05/13 23:04:12][Room.RemovePlayer] Jogador '5784' 'Donkey05'; OldSlot: 0; NewSlot: -1
[Data: 20/05/13 23:04:16][Room.addPlayer] Jogador '5784' 'Donkey05'; OldSlot: -1; NewSlot: 0
[Data: 20/05/13 23:04:18][Room.RemovePlayer] Jogador '5784' 'Donkey05'; OldSlot: 0; NewSlot: -1
[Data: 20/05/13 23:04:23][Room.addPlayer] Jogador '5784' 'Donkey05'; OldSlot: -1; NewSlot: 0
[Data: 20/05/13 23:04:25][Room.RemovePlayer] Jogador '5784' 'Donkey05'; OldSlot: 0; NewSlot: -1
[Data: 20/05/13 23:06:50][Room.RemovePlayer] Jogador '5760' 'GM CJonaas'; OldSlot: 1; NewSlot: -1
[Data: 20/05/13 23:11:38][Room.addPlayer] Jogador '5784' 'Donkey05'; OldSlot: -1; NewSlot: 0
[Data: 20/05/13 23:11:50][Room.addPlayer] Jogador '5760' 'GM CJonaas'; OldSlot: -1; NewSlot: 1
[Data: 20/05/13 23:17:04][Room.RemovePlayer] Jogador '5784' 'Donkey05'; OldSlot: 0; NewSlot: -1
[Data: 20/05/13 23:19:40][Room.addPlayer] Jogador '5784' 'Donkey05'; OldSlot: -1; NewSlot: 0
[Data: 20/05/13 23:19:40][Room.RemovePlayer] Jogador '5760' 'GM CJonaas'; OldSlot: 1; NewSlot: -1
[Data: 20/05/13 23:19:44][Room.addPlayer] Jogador '5760' 'GM CJonaas'; OldSlot: -1; NewSlot: 1
[Data: 20/05/13 23:39:10][ROOM_CHANGE_TEAM_REC] Jogador '5760' 'GM CJonaas'; NewSlot: 0
[Data: 20/05/13 23:39:10][ROOM_CHANGE_TEAM_REC] Jogador '5784' 'Donkey05'; NewSlot: 1
[Data: 20/05/13 23:39:13][ROOM_CHANGE_TEAM_REC] Jogador '5784' 'Donkey05'; NewSlot: 0
[Data: 20/05/13 23:39:13][ROOM_CHANGE_TEAM_REC] Jogador '5760' 'GM CJonaas'; NewSlot: 1
[Data: 20/05/13 23:39:29][ROOM_CHANGE_TEAM_REC] Jogador '5760' 'GM CJonaas'; NewSlot: 0
[Data: 20/05/13 23:39:29][ROOM_CHANGE_TEAM_REC] Jogador '5784' 'Donkey05'; NewSlot: 1
[Data: 20/05/13 23:39:32][ROOM_CHANGE_TEAM_REC] Jogador '5784' 'Donkey05'; NewSlot: 0
[Data: 20/05/13 23:39:32][ROOM_CHANGE_TEAM_REC] Jogador '5760' 'GM CJonaas'; NewSlot: 1
[Data: 20/05/13 23:50:49][Room.RemovePlayer] Jogador '5760' 'GM CJonaas'; OldSlot: 1; NewSlot: -1
[Data: 20/05/13 23:51:55][Room.RemovePlayer] Jogador '5784' 'Donkey05'; OldSlot: 0; NewSlot: -1
[Data: 20/05/13 23:52:01][Room.addPlayer] Jogador '5784' 'Donkey05'; OldSlot: -1; NewSlot: 0
[Data: 20/05/13 23:52:19][Room.addPlayer] Jogador '5760' 'GM CJonaas'; OldSlot: -1; NewSlot: 1
[Data: 20/05/13 23:52:24][Room.RemovePlayer] Jogador '5760' 'GM CJonaas'; OldSlot: 1; NewSlot: -1
[Data: 20/05/13 23:52:37][Room.addPlayer] Jogador '5760' 'GM CJonaas'; OldSlot: -1; NewSlot: 1
[Data: 20/05/13 23:53:41][Room.SwitchNewSlot] Jogador '5760' 'GM CJonaas'; OldSlot: 1; NewSlot: 2
[Data: 20/05/13 23:53:43][Room.SwitchNewSlot] Jogador '5784' 'Donkey05'; OldSlot: 0; NewSlot: 1
[Data: 20/05/14 00:05:01][Room.RemovePlayer] Jogador '5760' 'GM CJonaas'; OldSlot: 2; NewSlot: -1
[Data: 20/05/14 00:05:44][Room.RemovePlayer] Jogador '5784' 'Donkey05'; OldSlot: 1; NewSlot: -1
[Data: 20/05/14 00:16:24][Room.addPlayer] Jogador '5784' 'Donkey05'; OldSlot: -1; NewSlot: 0
[Data: 20/05/14 00:16:31][Room.addPlayer] Jogador '5767' 'XTDorgado'; OldSlot: -1; NewSlot: 1
[Data: 20/05/14 00:18:22][Room.addPlayer] Jogador '5760' 'GM CJonaas'; OldSlot: -1; NewSlot: 2
[Data: 20/05/14 00:42:28][Room.SwitchNewSlot] Jogador '5784' 'Donkey05'; OldSlot: 0; NewSlot: 3
[Data: 20/05/14 00:53:57][Room.RemovePlayer] Jogador '5784' 'Donkey05'; OldSlot: 3; NewSlot: -1
[Data: 20/05/14 00:54:05][Room.addPlayer] Jogador '5784' 'Donkey05'; OldSlot: -1; NewSlot: 0
[Data: 20/05/14 00:56:03][Room.RemovePlayer] Jogador '5760' 'GM CJonaas'; OldSlot: 2; NewSlot: -1
[Data: 20/05/14 00:56:04][Room.addPlayer] Jogador '5760' 'GM CJonaas'; OldSlot: -1; NewSlot: 1
[Data: 20/05/14 00:58:33][Room.SwitchNewSlot] Jogador '5784' 'Donkey05'; OldSlot: 0; NewSlot: 3
[Data: 20/05/14 00:58:36][Room.SwitchNewSlot] Jogador '5784' 'Donkey05'; OldSlot: 3; NewSlot: 0
[Data: 20/05/14 01:01:05][Room.RemovePlayer] Jogador '5767' 'XTDorgado'; OldSlot: 1; NewSlot: -1
[Data: 20/05/14 01:01:06][Room.addPlayer] Jogador '5767' 'XTDorgado'; OldSlot: -1; NewSlot: 2
[Data: 20/05/14 01:01:13][AllUtils.TryBalancePlayer] Jogador '5767' 'XTDorgado'; OldSlot: 2; NewSlot: 2
[Data: 20/05/14 01:29:24][Room.RemovePlayer] Jogador '5767' 'XTDorgado'; OldSlot: 3; NewSlot: -1
[Data: 20/05/14 01:35:20][Room.RemovePlayer] Jogador '5784' 'Donkey05'; OldSlot: 0; NewSlot: -1
[Data: 20/05/14 01:35:25][Room.RemovePlayer] Jogador '5760' 'GM CJonaas'; OldSlot: 1; NewSlot: -1
