[Room] Tech id: 1060864
[Room] Room id: 001
[Room] Channel id: 004
[Room] Room name: 'Entra aqui Noob!!'
[Room] Room type: Team_DeathMatch
[Room] Room special: None
[Room] Room weapons: Grenade, Melee, Secondary, Primary
[Room] Map name: 'TD_AMPERA'
[Room] Actual players count: 0
[Room] Started battle.
[Room] ;------------------;
[Room] Battle is finished.
[Room] Tech id: 1060864
[Room] Used spawn count: 10
[Room] End Players count: 3
[Room] ;------------------;
[Room] Room result info.
[Room] Player (Id: 5761; Slot: 0) Exp: 85; Gp: 72; KD: 3/1; Score: 20
[Room] Player (Id: 5759; Slot: 1) Exp: 61; Gp: 53; KD: 2/1; Score: 10
[Room] Player (Id: 5760; Slot: 2) Exp: 79; Gp: 66; KD: 2/1; Score: 15
