[Room] Tech id: 1060864
[Room] Room id: 001
[Room] Channel id: 004
[Room] Room name: 'Sinta o headshot!!'
[Room] Room type: Team_DeathMatch
[Room] Room special: SniperMode
[Room] Room weapons: Melee, Primary, Mode_SSG69
[Room] Map name: 'TD_BURNINGHALL'
[Room] Actual players count: 0
[Room] Started battle.
[Room] ;------------------;
[Room] Battle is finished.
[Room] Tech id: 1060864
[Room] Used spawn count: 52
[Room] End Players count: 3
[Room] ;------------------;
[Room] Room result info.
[Room] Player (Id: 5764; Slot: 0) Exp: 558; Gp: 487; KD: 36/14; Score: 199
[Room] Player (Id: 5759; Slot: 1) Exp: 335; Gp: 295; KD: 11/16; Score: 66
[Room] Player (Id: 5760; Slot: 3) Exp: 289; Gp: 249; KD: 2/20; Score: 13
