[Room] Tech id: 1060865
[Room] Room id: 002
[Room] Channel id: 004
[Room] Room name: 'Go Go Go FireWay!'
[Room] Room type: Team_DeathMatch
[Room] Room special: None
[Room] Room weapons: Grenade, Melee, Secondary, Primary
[Room] Map name: 'TD_SLUMAREA'
[Room] Actual players count: 0
[Room] Started battle.
[Room] ;------------------;
[Room] Battle is finished.
[Room] Tech id: 1060865
[Room] Used spawn count: 29
[Room] End Players count: 3
[Room] ;------------------;
[Room] Room result info.
[Room] Player (Id: 5761; Slot: 0) Exp: 334; Gp: 293; KD: 12/14; Score: 68
[Room] Player (Id: 5759; Slot: 1) Exp: 182; Gp: 149; KD: 2/7; Score: 10
[Room] Player (Id: 5760; Slot: 3) Exp: 374; Gp: 312; KD: 12/5; Score: 63
