[Room] Tech id: 1060865
[Room] Room id: 002
[Room] Channel id: 004
[Room] Room name: 'Desesperado para fugir'
[Room] Room type: Boss
[Room] Room special: 2
[Room] Room weapons: Grenade, Melee, Secondary, Primary
[Room] Map name: 'ES_BREEDINGNEST'
[Room] Actual players count: 0
[Room] Started battle.
[Room] ;------------------;
[Room] Battle is finished.
[Room] Tech id: 1060865
[Room] Used spawn count: 26
[Room] End Players count: 3
[Room] ;------------------;
[Room] Room result info.
[Room] Player (Id: 5760; Slot: 0) Exp: 271; Gp: 230; KD: 2/6; Score: 15
[Room] Player (Id: 5759; Slot: 1) Exp: 387; Gp: 324; KD: 10/10; Score: 60
[Room] Player (Id: 5762; Slot: 2) Exp: 295; Gp: 254; KD: 8/4; Score: 43
