[Room] Tech id: 1060864
[Room] Room id: 001
[Room] Channel id: 004
[Room] Room name: 'Sinta o headshot!!'
[Room] Room type: Team_DeathMatch
[Room] Room special: SniperMode
[Room] Room weapons: Melee, Primary, Mode_SSG69
[Room] Map name: 'TD_BURNINGHALL'
[Room] Actual players count: 0
[Room] Started battle.
[Room] ;------------------;
[Room] Battle is finished.
[Room] Tech id: 1060864
[Room] Used spawn count: 73
[Room] End Players count: 5
[Room] ;------------------;
[Room] Room result info.
[Room] Player (Id: 5764; Slot: 0) Exp: 573; Gp: 503; KD: 38/10; Score: 220
[Room] Player (Id: 5759; Slot: 1) Exp: 346; Gp: 309; KD: 15/23; Score: 84
[Room] Player (Id: 5765; Slot: 2) Exp: 234; Gp: 197; KD: 8/7; Score: 45
[Room] Player (Id: 5760; Slot: 3) Exp: 315; Gp: 274; KD: 4/24; Score: 31
[Room] Player (Id: 5761; Slot: 5) Exp: 31; Gp: 27; KD: 0/3; Score: 0
