[Room] Tech id: 1060864
[Room] Room id: 001
[Room] Channel id: 004
[Room] Room name: 'Entra aqui Noob!!'
[Room] Room type: Team_DeathMatch
[Room] Room special: None
[Room] Room weapons: Grenade, Melee, Primary
[Room] Map name: 'TD_NEWLIBRARY'
[Room] Actual players count: 0
[Room] Started battle.
[Room] ;------------------;
[Room] Battle is finished.
[Room] Tech id: 1060864
[Room] Used spawn count: 66
[Room] End Players count: 3
[Room] ;------------------;
[Room] Room result info.
[Room] Player (Id: 5759; Slot: 0) Exp: 341; Gp: 301; KD: 9/25; Score: 56
[Room] Player (Id: 5760; Slot: 2) Exp: 329; Gp: 289; KD: 9/20; Score: 53
[Room] Player (Id: 5764; Slot: 3) Exp: 768; Gp: 690; KD: 45/18; Score: 367
