[Room] Tech id: 1060864
[Room] Room id: 001
[Room] Channel id: 004
[Room] Room name: 'Terra dos mortos!!'
[Room] Room type: Team_DeathMatch
[Room] Room special: None
[Room] Room weapons: Grenade, Melee
[Room] Map name: 'TD_BURNINGHALL'
[Room] Actual players count: 0
[Room] Started battle.
[Room] ;------------------;
[Room] Battle is finished.
[Room] Tech id: 1060864
[Room] Used spawn count: 44
[Room] End Players count: 3
[Room] ;------------------;
[Room] Room result info.
[Room] Player (Id: 5759; Slot: 0) Exp: 492; Gp: 425; KD: 23/18; Score: 137
[Room] Player (Id: 5763; Slot: 1) Exp: 301; Gp: 261; KD: 8/9; Score: 44
[Room] Player (Id: 5761; Slot: 3) Exp: 322; Gp: 282; KD: 10/14; Score: 56
