[Room] Tech id: 1060864
[Room] Room id: 001
[Room] Channel id: 004
[Room] Room name: 'Entra aqui Noob!!'
[Room] Room type: Team_DeathMatch
[Room] Room special: SniperMode
[Room] Room weapons: Grenade, Melee, Secondary, Primary, Mode_SSG69
[Room] Map name: 'TD_FACEROCK'
[Room] Actual players count: 0
[Room] Started battle.
[Room] ;------------------;
[Room] Battle is finished.
[Room] Tech id: 1060864
[Room] Used spawn count: 56
[Room] End Players count: 5
[Room] ;------------------;
[Room] Room result info.
[Room] Player (Id: 5767; Slot: 0) Exp: 319; Gp: 278; KD: 9/14; Score: 53
[Room] Player (Id: 5759; Slot: 1) Exp: 373; Gp: 311; KD: 11/6; Score: 60
[Room] Player (Id: 5765; Slot: 2) Exp: 329; Gp: 289; KD: 12/16; Score: 60
[Room] Player (Id: 5760; Slot: 3) Exp: 363; Gp: 303; KD: 12/7; Score: 60
[Room] Player (Id: 5761; Slot: 5) Exp: 344; Gp: 282; KD: 6/9; Score: 30
