[Room] Tech id: 1060864
[Room] Room id: 001
[Room] Channel id: 004
[Room] Room name: 'Entra aqui Noob!!'
[Room] Room type: Team_DeathMatch
[Room] Room special: SniperMode
[Room] Room weapons: Grenade, Melee, Primary, Mode_SSG69
[Room] Map name: 'TD_TRAININGCAMP'
[Room] Actual players count: 0
[Room] Started battle.
[Room] ;------------------;
[Room] Battle is finished.
[Room] Tech id: 1060864
[Room] Used spawn count: 63
[Room] End Players count: 5
[Room] ;------------------;
[Room] Room result info.
[Room] Player (Id: 5767; Slot: 0) Exp: 301; Gp: 261; KD: 6/14; Score: 35
[Room] Player (Id: 5761; Slot: 1) Exp: 352; Gp: 293; KD: 7/11; Score: 38
[Room] Player (Id: 5760; Slot: 2) Exp: 389; Gp: 349; KD: 21/17; Score: 118
[Room] Player (Id: 5765; Slot: 3) Exp: 368; Gp: 305; KD: 10/6; Score: 55
[Room] Player (Id: 5759; Slot: 5) Exp: 440; Gp: 376; KD: 14/10; Score: 108
