[Room] Tech id: 1060864
[Room] Room id: 001
[Room] Channel id: 004
[Room] Room name: 'Go Go Go FireWay!'
[Room] Room type: Team_DeathMatch
[Room] Room special: SniperMode
[Room] Room weapons: Grenade, Melee, Secondary, Primary, Mode_SSG69
[Room] Map name: 'TD_BURNINGHALL'
[Room] Actual players count: 0
[Room] Started battle.
[Room] ;------------------;
[Room] Battle is finished.
[Room] Tech id: 1060864
[Room] Used spawn count: 61
[Room] End Players count: 4
[Room] ;------------------;
[Room] Room result info.
[Room] Player (Id: 5759; Slot: 0) Exp: 447; Gp: 382; KD: 18/14; Score: 108
[Room] Player (Id: 5761; Slot: 1) Exp: 319; Gp: 279; KD: 8/16; Score: 50
[Room] Player (Id: 5763; Slot: 3) Exp: 368; Gp: 328; KD: 19/13; Score: 105
[Room] Player (Id: 5760; Slot: 4) Exp: 399; Gp: 336; KD: 11/14; Score: 68
