[Room] Tech id: 1060864
[Room] Room id: 001
[Room] Channel id: 004
[Room] Room name: 'Go Go Go FireWay!'
[Room] Room type: Team_DeathMatch
[Room] Room special: SniperMode
[Room] Room weapons: Grenade, Melee, Primary, Mode_SSG69
[Room] Map name: 'TD_BURNINGHALL'
[Room] Actual players count: 0
[Room] Started battle.
[Room] ;------------------;
[Room] Battle is finished.
[Room] Tech id: 1060864
[Room] Used spawn count: 38
[Room] End Players count: 3
[Room] ;------------------;
[Room] Room result info.
[Room] Player (Id: 5759; Slot: 0) Exp: 450; Gp: 385; KD: 20/12; Score: 113
[Room] Player (Id: 5763; Slot: 1) Exp: 339; Gp: 298; KD: 12/14; Score: 73
[Room] Player (Id: 5760; Slot: 3) Exp: 202; Gp: 170; KD: 0/8; Score: 0
