[Room] Tech id: 1060864
[Room] Room id: 001
[Room] Channel id: 004
[Room] Room name: 'Terra dos mortos!!'
[Room] Room type: Team_DeathMatch
[Room] Room special: None
[Room] Room weapons: Grenade, Melee, Secondary
[Room] Map name: 'TD_BURNINGHALL'
[Room] Actual players count: 0
[Room] Started battle.
[Room] ;------------------;
[Room] Battle is finished.
[Room] Tech id: 1060864
[Room] Used spawn count: 51
[Room] End Players count: 4
[Room] ;------------------;
[Room] Room result info.
[Room] Player (Id: 5759; Slot: 0) Exp: 152; Gp: 136; KD: 7/4; Score: 50
[Room] Player (Id: 5763; Slot: 1) Exp: 402; Gp: 339; KD: 15/11; Score: 75
[Room] Player (Id: 5762; Slot: 3) Exp: 366; Gp: 304; KD: 9/10; Score: 47
[Room] Player (Id: 5760; Slot: 4) Exp: 366; Gp: 326; KD: 14/21; Score: 88
