[Room] Tech id: 1060864
[Room] Room id: 001
[Room] Channel id: 004
[Room] Room name: 'Terra dos mortos!!'
[Room] Room type: Team_DeathMatch
[Room] Room special: None
[Room] Room weapons: Grenade, Melee
[Room] Map name: 'TD_BURNINGHALL'
[Room] Actual players count: 0
[Room] Started battle.
[Room] ;------------------;
[Room] Battle is finished.
[Room] Tech id: 1060864
[Room] Used spawn count: 39
[Room] End Players count: 3
[Room] ;------------------;
[Room] Room result info.
[Room] Player (Id: 5759; Slot: 0) Exp: 389; Gp: 349; KD: 17/20; Score: 112
[Room] Player (Id: 5763; Slot: 1) Exp: 403; Gp: 340; KD: 13/7; Score: 83
[Room] Player (Id: 5761; Slot: 3) Exp: 355; Gp: 294; KD: 7/10; Score: 37
