[Room] Tech id: 1060864
[Room] Room id: 001
[Room] Channel id: 004
[Room] Room name: 'Partida de treinamento'
[Room] Room type: Team_DeathMatch
[Room] Room special: Challenge
[Room] Room weapons: Grenade, Melee, Secondary, Primary
[Room] Map name: 'TD_PORTAKABA'
[Room] Actual players count: 0
[Room] Started battle.
[Room] ;------------------;
[Room] Battle is finished.
[Room] Tech id: 1060864
[Room] Used spawn count: 232
[Room] End Players count: 3
[Room] ;------------------;
[Room] Room result info.
[Room] Player (Id: 5764; Slot: 0) Exp: 2; Gp: 2; KD: 141/13; Score: 4325
[Room] Player (Id: 5759; Slot: 2) Exp: 0; Gp: 0; KD: 25/10; Score: 386
[Room] Player (Id: 5760; Slot: 4) Exp: 0; Gp: 0; KD: 25/5; Score: 409
