[Room] Tech id: 1060864
[Room] Room id: 001
[Room] Channel id: 004
[Room] Room name: 'Partida de treinamento'
[Room] Room type: Team_DeathMatch
[Room] Room special: Challenge
[Room] Room weapons: Grenade, Melee, Secondary, Primary
[Room] Map name: 'TD_LUXVILLE'
[Room] Actual players count: 0
[Room] Started battle.
[Room] ;------------------;
[Room] Battle is finished.
[Room] Tech id: 1060864
[Room] Used spawn count: 103
[Room] End Players count: 3
[Room] ;------------------;
[Room] Room result info.
[Room] Player (Id: 5762; Slot: 0) Exp: 0; Gp: 0; KD: 40/6; Score: 472
[Room] Player (Id: 5760; Slot: 2) Exp: 0; Gp: 0; KD: 3/1; Score: 33
[Room] Player (Id: 5763; Slot: 4) Exp: 0; Gp: 0; KD: 29/4; Score: 420
