[Room] Tech id: 1060865
[Room] Room id: 002
[Room] Channel id: 004
[Room] Room name: 'Matar o Infectado!'
[Room] Room type: Team_DeathMatch
[Room] Room special: Madness
[Room] Room weapons: Grenade, Melee, Secondary, Primary
[Room] Map name: 'TD_SEWERAGE'
[Room] Actual players count: 0
[Room] Started battle.
[Room] ;------------------;
[Room] Battle is finished.
[Room] Tech id: 1060865
[Room] Used spawn count: 231
[Room] End Players count: 4
[Room] ;------------------;
[Room] Room result info.
[Room] Player (Id: 5759; Slot: 0) Exp: 1; Gp: 1; KD: 76/22; Score: 951
[Room] Player (Id: 5761; Slot: 2) Exp: 0; Gp: 0; KD: 27/23; Score: 333
[Room] Player (Id: 5764; Slot: 4) Exp: 0; Gp: 0; KD: 35/11; Score: 547
[Room] Player (Id: 5760; Slot: 6) Exp: 0; Gp: 0; KD: 11/15; Score: 112
