[Room] Tech id: 1060864
[Room] Room id: 001
[Room] Channel id: 004
[Room] Room name: 'Terra dos mortos!!'
[Room] Room type: Team_DeathMatch
[Room] Room special: None
[Room] Room weapons: Grenade, Melee, Secondary, Primary
[Room] Map name: 'TD_BURNINGHALL'
[Room] Actual players count: 0
[Room] Started battle.
[Room] ;------------------;
[Room] Battle is finished.
[Room] Tech id: 1060864
[Room] Used spawn count: 36
[Room] End Players count: 4
[Room] ;------------------;
[Room] Room result info.
[Room] Player (Id: 5759; Slot: 0) Exp: 1; Gp: 1; KD: 0/0; Score: 0
[Room] Player (Id: 5763; Slot: 1) Exp: 403; Gp: 340; KD: 14/7; Score: 83
[Room] Player (Id: 5762; Slot: 2) Exp: 350; Gp: 310; KD: 14/17; Score: 79
[Room] Player (Id: 5760; Slot: 3) Exp: 321; Gp: 262; KD: 3/7; Score: 15
