[Room] Tech id: 1060864
[Room] Room id: 001
[Room] Channel id: 004
[Room] Room name: 'Terra dos mortos!!'
[Room] Room type: Team_DeathMatch
[Room] Room special: None
[Room] Room weapons: Grenade, Melee, Secondary
[Room] Map name: 'TD_BURNINGHALL'
[Room] Actual players count: 0
[Room] Started battle.
[Room] ;------------------;
[Room] Battle is finished.
[Room] Tech id: 1060864
[Room] Used spawn count: 40
[Room] End Players count: 3
[Room] ;------------------;
[Room] Room result info.
[Room] Player (Id: 5759; Slot: 0) Exp: 538; Gp: 470; KD: 24/14; Score: 183
[Room] Player (Id: 5760; Slot: 1) Exp: 297; Gp: 257; KD: 5/13; Score: 33
[Room] Player (Id: 5762; Slot: 3) Exp: 326; Gp: 285; KD: 9/11; Score: 65
