[Room] Tech id: 1060865
[Room] Room id: 002
[Room] Channel id: 004
[Room] Room name: 'Terra dos mortos!!'
[Room] Room type: Team_DeathMatch
[Room] Room special: None
[Room] Room weapons: Grenade, Melee, Secondary, Primary
[Room] Map name: 'TD_MSTATION'
[Room] Actual players count: 0
[Room] Started battle.
[Room] ;------------------;
[Room] Battle is finished.
[Room] Tech id: 1060865
[Room] Used spawn count: 70
[Room] End Players count: 4
[Room] ;------------------;
[Room] Room result info.
[Room] Player (Id: 5764; Slot: 0) Exp: 667; Gp: 593; KD: 41/7; Score: 303
[Room] Player (Id: 5761; Slot: 1) Exp: 302; Gp: 261; KD: 1/31; Score: 5
[Room] Player (Id: 5763; Slot: 2) Exp: 291; Gp: 246; KD: 12/5; Score: 60
[Room] Player (Id: 5765; Slot: 3) Exp: 355; Gp: 315; KD: 11/22; Score: 75
