[Room] Tech id: 1060864
[Room] Room id: 001
[Room] Channel id: 004
[Room] Room name: 'Entra aqui Noob!!'
[Room] Room type: Team_DeathMatch
[Room] Room special: None
[Room] Room weapons: Grenade, Melee, Secondary, Primary
[Room] Map name: 'TD_NEWLIBRARY'
[Room] Actual players count: 0
[Room] Started battle.
[Room] ;------------------;
[Room] Battle is finished.
[Room] Tech id: 1060864
[Room] Used spawn count: 50
[Room] End Players count: 3
[Room] ;------------------;
[Room] Room result info.
[Room] Player (Id: 5759; Slot: 0) Exp: 415; Gp: 375; KD: 20/25; Score: 130
[Room] Player (Id: 5760; Slot: 1) Exp: 336; Gp: 276; KD: 4/11; Score: 20
[Room] Player (Id: 5764; Slot: 3) Exp: 522; Gp: 454; KD: 20/11; Score: 175
