[Room] Tech id: 1060864
[Room] Room id: 001
[Room] Channel id: 004
[Room] Room name: 'Sinta o headshot!!'
[Room] Room type: Team_DeathMatch
[Room] Room special: None
[Room] Room weapons: Grenade, Melee, Secondary, Primary
[Room] Map name: 'TD_KICKPOINT'
[Room] Actual players count: 0
[Room] Started battle.
[Room] ;------------------;
[Room] Battle is finished.
[Room] Tech id: 1060864
[Room] Used spawn count: 29
[Room] End Players count: 3
[Room] ;------------------;
[Room] Room result info.
[Room] Player (Id: 5762; Slot: 1) Exp: 333; Gp: 273; KD: 5/4; Score: 30
[Room] Player (Id: 5759; Slot: 3) Exp: 398; Gp: 335; KD: 11/4; Score: 84
[Room] Player (Id: 5761; Slot: 4) Exp: 317; Gp: 277; KD: 8/18; Score: 44
