[Room] Tech id: 1060864
[Room] Room id: 001
[Room] Channel id: 004
[Room] Room name: 'Sinta o headshot!!'
[Room] Room type: Team_DeathMatch
[Room] Room special: None
[Room] Room weapons: Grenade, Melee, Secondary, Primary
[Room] Map name: 'TD_KICKPOINT'
[Room] Actual players count: 0
[Room] Started battle.
[Room] ;------------------;
[Room] Battle is finished.
[Room] Tech id: 1060864
[Room] Used spawn count: 34
[Room] End Players count: 3
[Room] ;------------------;
[Room] Room result info.
[Room] Player (Id: 5761; Slot: 0) Exp: 346; Gp: 306; KD: 10/22; Score: 66
[Room] Player (Id: 5762; Slot: 1) Exp: 418; Gp: 355; KD: 14/3; Score: 103
[Room] Player (Id: 5759; Slot: 3) Exp: 336; Gp: 278; KD: 8/7; Score: 45
