[Room] Tech id: 1060864
[Room] Room id: 001
[Room] Channel id: 004
[Room] Room name: 'Terra dos mortos!!'
[Room] Room type: Team_DeathMatch
[Room] Room special: None
[Room] Room weapons: Grenade, Melee, Primary
[Room] Map name: 'TD_BURNINGHALL'
[Room] Actual players count: 0
[Room] Started battle.
[Room] ;------------------;
[Room] Battle is finished.
[Room] Tech id: 1060864
[Room] Used spawn count: 43
[Room] End Players count: 3
[Room] ;------------------;
[Room] Room result info.
[Room] Player (Id: 5763; Slot: 1) Exp: 450; Gp: 385; KD: 23/4; Score: 127
[Room] Player (Id: 5760; Slot: 2) Exp: 357; Gp: 317; KD: 11/28; Score: 66
[Room] Player (Id: 5761; Slot: 3) Exp: 348; Gp: 287; KD: 5/8; Score: 35
