[Room] Tech id: 1060864
[Room] Room id: 001
[Room] Channel id: 004
[Room] Room name: 'Entra aqui Noob!!'
[Room] Room type: Team_DeathMatch
[Room] Room special: None
[Room] Room weapons: Grenade, Melee
[Room] Map name: 'TD_MSTATION'
[Room] Actual players count: 0
[Room] Started battle.
[Room] ;------------------;
[Room] Battle is finished.
[Room] Tech id: 1060864
[Room] Used spawn count: 48
[Room] End Players count: 3
[Room] ;------------------;
[Room] Room result info.
[Room] Player (Id: 5759; Slot: 0) Exp: 412; Gp: 372; KD: 19/25; Score: 127
[Room] Player (Id: 5760; Slot: 1) Exp: 399; Gp: 335; KD: 15/9; Score: 76
[Room] Player (Id: 5764; Slot: 3) Exp: 381; Gp: 319; KD: 10/11; Score: 58
