[Room] Tech id: 1060864
[Room] Room id: 001
[Room] Channel id: 004
[Room] Room name: 'Sinta o headshot!!'
[Room] Room type: Team_DeathMatch
[Room] Room special: SniperMode
[Room] Room weapons: Melee, Primary, Mode_SSG69
[Room] Map name: 'TD_BURNINGHALL'
[Room] Actual players count: 0
[Room] Started battle.
[Room] ;------------------;
[Room] Battle is finished.
[Room] Tech id: 1060864
[Room] Used spawn count: 71
[Room] End Players count: 5
[Room] ;------------------;
[Room] Room result info.
[Room] Player (Id: 5765; Slot: 0) Exp: 344; Gp: 304; KD: 9/25; Score: 59
[Room] Player (Id: 5759; Slot: 1) Exp: 360; Gp: 299; KD: 10/6; Score: 50
[Room] Player (Id: 5761; Slot: 2) Exp: 328; Gp: 288; KD: 6/26; Score: 41
[Room] Player (Id: 5760; Slot: 3) Exp: 322; Gp: 263; KD: 4/5; Score: 20
[Room] Player (Id: 5764; Slot: 5) Exp: 549; Gp: 479; KD: 37/4; Score: 210
