[Room] Tech id: 1060864
[Room] Room id: 001
[Room] Channel id: 004
[Room] Room name: 'Fuga intensa!'
[Room] Room type: Boss
[Room] Room special: 2
[Room] Room weapons: Grenade, Melee, Secondary, Primary
[Room] Map name: 'ES_BREEDINGNEST'
[Room] Actual players count: 0
[Room] Started battle.
[Room] ;------------------;
[Room] Battle is finished.
[Room] Tech id: 1060864
[Room] Used spawn count: 41
[Room] End Players count: 4
[Room] ;------------------;
[Room] Room result info.
[Room] Player (Id: 5761; Slot: 0) Exp: 296; Gp: 255; KD: 2/20; Score: 16
[Room] Player (Id: 5759; Slot: 1) Exp: 392; Gp: 328; KD: 12/7; Score: 70
[Room] Player (Id: 5760; Slot: 2) Exp: 285; Gp: 244; KD: 6/6; Score: 30
[Room] Player (Id: 5764; Slot: 3) Exp: 379; Gp: 316; KD: 14/1; Score: 70
