[Room] Tech id: 1060865
[Room] Room id: 002
[Room] Channel id: 004
[Room] Room name: 'Terra dos mortos!!'
[Room] Room type: Team_DeathMatch
[Room] Room special: None
[Room] Room weapons: Melee, Primary
[Room] Map name: 'TD_SAINTMANSION'
[Room] Actual players count: 0
[Room] Started battle.
[Room] ;------------------;
[Room] Battle is finished.
[Room] Tech id: 1060865
[Room] Used spawn count: 87
[Room] End Players count: 4
[Room] ;------------------;
[Room] Room result info.
[Room] Player (Id: 5007; Slot: 0) Exp: 507; Gp: 440; KD: 22/10; Score: 164
[Room] Player (Id: 5005; Slot: 1) Exp: 365; Gp: 325; KD: 13/30; Score: 70
[Room] Player (Id: 5013; Slot: 2) Exp: 559; Gp: 488; KD: 26/26; Score: 178
[Room] Player (Id: 5000; Slot: 3) Exp: 404; Gp: 364; KD: 22/18; Score: 131
