[Room] Tech id: 1060865
[Room] Room id: 002
[Room] Channel id: 004
[Room] Room name: 'Terra dos mortos!!'
[Room] Room type: Defense
[Room] Room special: None
[Room] Room weapons: Grenade, Melee, Primary
[Room] Map name: 'DF_BLACKPANTHER'
[Room] Actual players count: 0
[Room] Started battle.
[Room] Round 2 has been started.
[Room] Round 3 has been started.
[Room] Round 4 has been started.
[Room] Round 5 has been started.
[Room] Round 6 has been started.
[Room] Round 7 has been started.
[Room] Round 8 has been started.
[Room] Round 9 has been started.
[Room] Round 10 has been started.
[Room] Round 11 has been started.
[Room] ;------------------;
[Room] Battle is finished.
[Room] Tech id: 1060865
[Room] Used spawn count: 197
[Room] End Players count: 4
[Room] ;------------------;
[Room] Room result info.
[Room] Player (Id: 5005; Slot: 0) Exp: 1171; Gp: 948; KD: 24/46; Score: 133
[Room] Player (Id: 5007; Slot: 1) Exp: 951; Gp: 847; KD: 39/29; Score: 274
[Room] Player (Id: 5000; Slot: 2) Exp: 1358; Gp: 1128; KD: 43/44; Score: 293
[Room] Player (Id: 5013; Slot: 3) Exp: 1127; Gp: 1005; KD: 49/38; Score: 327
