[Room] Tech id: 1060864
[Room] Room id: 001
[Room] Channel id: 004
[Room] Room name: 'Go Go Go FireWay!'
[Room] Room type: Team_DeathMatch
[Room] Room special: SniperMode
[Room] Room weapons: Melee, Primary, Mode_SSG69
[Room] Map name: 'TD_TWOTOWERS'
[Room] Actual players count: 0
[Room] Started battle.
[Room] ;------------------;
[Room] Battle is finished.
[Room] Tech id: 1060864
[Room] Used spawn count: 140
[Room] End Players count: 4
[Room] ;------------------;
[Room] Room result info.
[Room] Player (Id: 5759; Slot: 0) Exp: 700; Gp: 620; KD: 29/29; Score: 167
[Room] Player (Id: 5767; Slot: 1) Exp: 898; Gp: 769; KD: 36/33; Score: 209
[Room] Player (Id: 5760; Slot: 3) Exp: 884; Gp: 755; KD: 37/29; Score: 204
[Room] Player (Id: 5765; Slot: 4) Exp: 662; Gp: 581; KD: 26/26; Score: 134
