[Room] Tech id: 1060864
[Room] Room id: 001
[Room] Channel id: 004
[Room] Room name: '@UP'
[Room] Room type: Explosion
[Room] Room special: None
[Room] Room weapons: Melee, Primary
[Room] Map name: 'BB_LUXVILLE'
[Room] Actual players count: 0
[Room] Started battle.
[Room] Round 2 has been started.
[Room] Round 3 has been started.
[Room] ;------------------;
[Room] Battle is finished.
[Room] Tech id: 1060864
[Room] Used spawn count: 25
[Room] End Players count: 9
[Room] ;------------------;
[Room] Room result info.
[Room] Player (Id: 5016; Slot: 0) Exp: 67; Gp: 58; KD: 1/3; Score: 5
[Room] Player (Id: 5001; Slot: 1) Exp: 99; Gp: 83; KD: 4/1; Score: 25
[Room] Player (Id: 5021; Slot: 2) Exp: 67; Gp: 58; KD: 1/3; Score: 5
[Room] Player (Id: 5014; Slot: 3) Exp: 74; Gp: 60; KD: 1/0; Score: 10
[Room] Player (Id: 5006; Slot: 6) Exp: 62; Gp: 53; KD: 0/3; Score: 0
[Room] Player (Id: 5000; Slot: 7) Exp: 87; Gp: 72; KD: 3/1; Score: 15
[Room] Player (Id: 5002; Slot: 8) Exp: 51; Gp: 43; KD: 0/2; Score: 0
[Room] Player (Id: 5017; Slot: 9) Exp: 85; Gp: 70; KD: 2/0; Score: 15
[Room] Player (Id: 5005; Slot: 11) Exp: 73; Gp: 58; KD: 1/0; Score: 5
