[Room] Tech id: 1060864
[Room] Room id: 001
[Room] Channel id: 004
[Room] Room name: '@UPZAO    SEM   BARRET'
[Room] Room type: Explosion
[Room] Room special: None
[Room] Room weapons: Grenade, Melee, Secondary, Primary
[Room] Map name: 'BB_LUXVILLE'
[Room] Actual players count: 0
[Room] Started battle.
[Room] Round 2 has been started.
[Room] Round 3 has been started.
[Room] Round 4 has been started.
[Room] Round 5 has been started.
[Room] ;------------------;
[Room] Battle is finished.
[Room] Tech id: 1060864
[Room] Used spawn count: 23
[Room] End Players count: 5
[Room] ;------------------;
[Room] Room result info.
[Room] Player (Id: 5001; Slot: 0) Exp: 60; Gp: 50; KD: 1/0; Score: 10
[Room] Player (Id: 5019; Slot: 2) Exp: 144; Gp: 121; KD: 6/0; Score: 35
[Room] Player (Id: 5007; Slot: 3) Exp: 106; Gp: 92; KD: 1/5; Score: 10
[Room] Player (Id: 5000; Slot: 4) Exp: 146; Gp: 124; KD: 3/1; Score: 15
[Room] Player (Id: 5012; Slot: 7) Exp: 96; Gp: 82; KD: 0/5; Score: 0
