[Room] Tech id: 1060864
[Room] Room id: 001
[Room] Channel id: 004
[Room] Room name: 'Entra aqui Noob!!'
[Room] Room type: Explosion
[Room] Room special: None
[Room] Room weapons: Grenade, Melee, Secondary, Primary
[Room] Map name: 'BB_LUXVILLE'
[Room] Actual players count: 0
[Room] Started battle.
[Room] Round 2 has been started.
[Room] Round 3 has been started.
[Room] Round 4 has been started.
[Room] Round 5 has been started.
[Room] Round 6 has been started.
[Room] ;------------------;
[Room] Battle is finished.
[Room] Tech id: 1060864
[Room] Used spawn count: 24
[Room] End Players count: 4
[Room] ;------------------;
[Room] Room result info.
[Room] Player (Id: 5008; Slot: 0) Exp: 201; Gp: 169; KD: 2/4; Score: 15
[Room] Player (Id: 5013; Slot: 1) Exp: 158; Gp: 137; KD: 3/6; Score: 20
[Room] Player (Id: 5001; Slot: 2) Exp: 231; Gp: 197; KD: 9/2; Score: 64
[Room] Player (Id: 5014; Slot: 3) Exp: 160; Gp: 140; KD: 3/5; Score: 25
