[Room] Tech id: 1060864
[Room] Room id: 001
[Room] Channel id: 004
[Room] Room name: '@UP'
[Room] Room type: Explosion
[Room] Room special: None
[Room] Room weapons: Grenade, Melee, Primary
[Room] Map name: 'BB_LUXVILLE'
[Room] Actual players count: 0
[Room] Started battle.
[Room] Round 2 has been started.
[Room] Round 3 has been started.
[Room] Round 4 has been started.
[Room] Round 5 has been started.
[Room] ;------------------;
[Room] Battle is finished.
[Room] Tech id: 1060864
[Room] Used spawn count: 30
[Room] End Players count: 6
[Room] ;------------------;
[Room] Room result info.
[Room] Player (Id: 5005; Slot: 0) Exp: 3; Gp: 2; KD: 0/0; Score: 0
[Room] Player (Id: 5016; Slot: 1) Exp: 157; Gp: 133; KD: 1/3; Score: 5
[Room] Player (Id: 5021; Slot: 2) Exp: 235; Gp: 197; KD: 5/3; Score: 44
[Room] Player (Id: 5014; Slot: 3) Exp: 79; Gp: 67; KD: 0/2; Score: 0
[Room] Player (Id: 5002; Slot: 4) Exp: 1; Gp: 1; KD: 0/0; Score: 0
[Room] Player (Id: 5001; Slot: 5) Exp: 189; Gp: 165; KD: 5/4; Score: 35
[Room] Player (Id: 5006; Slot: 6) Exp: 230; Gp: 193; KD: 7/3; Score: 40
[Room] Player (Id: 5000; Slot: 7) Exp: 4; Gp: 3; KD: 0/0; Score: 0
[Room] Player (Id: 5017; Slot: 9) Exp: 164; Gp: 140; KD: 2/4; Score: 10
