[Room] Tech id: 1060864
[Room] Room id: 001
[Room] Channel id: 004
[Room] Room name: 'LIGA UNCHARTED'
[Room] Room type: Explosion
[Room] Room special: None
[Room] Room weapons: Melee, Primary
[Room] Map name: 'BB_SANDSTORM'
[Room] Actual players count: 0
[Room] Started battle.
[Room] Round 2 has been started.
[Room] Round 3 has been started.
[Room] Round 4 has been started.
[Room] Round 5 has been started.
[Room] Round 6 has been started.
[Room] Round 7 has been started.
[Room] Round 8 has been started.
[Room] ;------------------;
[Room] Battle is finished.
[Room] Tech id: 1060864
[Room] Used spawn count: 63
[Room] End Players count: 8
[Room] ;------------------;
[Room] Room result info.
[Room] Player (Id: 5006; Slot: 0) Exp: 308; Gp: 262; KD: 7/5; Score: 73
[Room] Player (Id: 5001; Slot: 1) Exp: 241; Gp: 212; KD: 8/6; Score: 55
[Room] Player (Id: 5017; Slot: 2) Exp: 258; Gp: 213; KD: 7/3; Score: 35
[Room] Player (Id: 5013; Slot: 3) Exp: 199; Gp: 170; KD: 2/5; Score: 15
[Room] Player (Id: 5007; Slot: 4) Exp: 210; Gp: 170; KD: 2/3; Score: 10
[Room] Player (Id: 5016; Slot: 5) Exp: 199; Gp: 170; KD: 2/5; Score: 15
[Room] Player (Id: 5019; Slot: 6) Exp: 271; Gp: 226; KD: 6/4; Score: 44
[Room] Player (Id: 5022; Slot: 7) Exp: 201; Gp: 172; KD: 3/6; Score: 15
