[Room] Tech id: 1060864
[Room] Room id: 001
[Room] Channel id: 004
[Room] Room name: 'Entra aqui Noob!!'
[Room] Room type: Team_DeathMatch
[Room] Room special: SniperMode
[Room] Room weapons: Grenade, Melee, Primary, Mode_SSG69
[Room] Map name: 'TD_DESERTCAMP'
[Room] Actual players count: 0
[Room] Started battle.
[Room] ;------------------;
[Room] Battle is finished.
[Room] Tech id: 1060864
[Room] Used spawn count: 77
[Room] End Players count: 5
[Room] ;------------------;
[Room] Room result info.
[Room] Player (Id: 5759; Slot: 0) Exp: 335; Gp: 295; KD: 10/14; Score: 70
[Room] Player (Id: 5761; Slot: 1) Exp: 392; Gp: 330; KD: 10/19; Score: 53
[Room] Player (Id: 5767; Slot: 2) Exp: 317; Gp: 276; KD: 9/12; Score: 55
[Room] Player (Id: 5765; Slot: 3) Exp: 532; Gp: 463; KD: 27/17; Score: 173
[Room] Player (Id: 5760; Slot: 6) Exp: 361; Gp: 321; KD: 17/11; Score: 101
