[Room] Tech id: 1060864
[Room] Room id: 001
[Room] Channel id: 004
[Room] Room name: 'Entra aqui Noob!!'
[Room] Room type: Explosion
[Room] Room special: None
[Room] Room weapons: Melee, Secondary, Primary
[Room] Map name: 'BB_SHOPPINGCENTER'
[Room] Actual players count: 0
[Room] Started battle.
[Room] Round 2 has been started.
[Room] Round 3 has been started.
[Room] Round 4 has been started.
[Room] Round 5 has been started.
[Room] Round 6 has been started.
[Room] ;------------------;
[Room] Battle is finished.
[Room] Tech id: 1060864
[Room] Used spawn count: 24
[Room] End Players count: 4
[Room] ;------------------;
[Room] Room result info.
[Room] Player (Id: 5784; Slot: 0) Exp: 354; Gp: 308; KD: 5/1; Score: 30
[Room] Player (Id: 5785; Slot: 1) Exp: 181; Gp: 154; KD: 1/6; Score: 5
[Room] Player (Id: 5802; Slot: 2) Exp: 272; Gp: 230; KD: 6/2; Score: 40
[Room] Player (Id: 5801; Slot: 3) Exp: 218; Gp: 191; KD: 2/5; Score: 24
