[Room] Tech id: 1060864
[Room] Room id: 001
[Room] Channel id: 004
[Room] Room name: 'Entra aqui Noob!!'
[Room] Room type: Team_DeathMatch
[Room] Room special: None
[Room] Room weapons: Melee
[Room] Map name: 'TD_SANDSTORM'
[Room] Actual players count: 0
[Room] Started battle.
[Room] ;------------------;
[Room] Battle is finished.
[Room] Tech id: 1060864
[Room] Used spawn count: 25
[Room] End Players count: 3
[Room] ;------------------;
[Room] Room result info.
[Room] Player (Id: 5760; Slot: 0) Exp: 387; Gp: 325; KD: 12/10; Score: 65
[Room] Player (Id: 5794; Slot: 1) Exp: 323; Gp: 283; KD: 10/6; Score: 72
[Room] Player (Id: 5784; Slot: 3) Exp: 251; Gp: 211; KD: 0/6; Score: 0
