[Room] Tech id: 1060864
[Room] Room id: 001
[Room] Channel id: 004
[Room] Room name: '@up'
[Room] Room type: Team_DeathMatch
[Room] Room special: None
[Room] Room weapons: Melee, Secondary, Primary
[Room] Map name: 'TD_MSTATION'
[Room] Actual players count: 0
[Room] Started battle.
[Room] ;------------------;
[Room] Battle is finished.
[Room] Tech id: 1060864
[Room] Used spawn count: 56
[Room] End Players count: 3
[Room] ;------------------;
[Room] Room result info.
[Room] Player (Id: 5016; Slot: 0) Exp: 483; Gp: 416; KD: 16/14; Score: 137
[Room] Player (Id: 5022; Slot: 1) Exp: 513; Gp: 473; KD: 22/31; Score: 217
[Room] Player (Id: 5001; Slot: 2) Exp: 434; Gp: 376; KD: 15/8; Score: 136
