[Room] Tech id: 1060865
[Room] Room id: 002
[Room] Channel id: 004
[Room] Room name: 'Go Go Go FireWay!'
[Room] Room type: Annihilation
[Room] Room special: None
[Room] Room weapons: Melee, Primary
[Room] Map name: 'TD_NEWLIBRARY'
[Room] Actual players count: 0
[Room] Started battle.
[Room] Round 2 has been started.
[Room] Round 3 has been started.
[Room] Round 4 has been started.
[Room] Round 5 has been started.
[Room] ;------------------;
[Room] Battle is finished.
[Room] Tech id: 1060865
[Room] Used spawn count: 20
[Room] End Players count: 4
[Room] ;------------------;
[Room] Room result info.
[Room] Player (Id: 5763; Slot: 0) Exp: 70; Gp: 59; KD: 3/1; Score: 15
[Room] Player (Id: 5802; Slot: 2) Exp: 56; Gp: 46; KD: 1/0; Score: 5
[Room] Player (Id: 5759; Slot: 3) Exp: 58; Gp: 51; KD: 1/5; Score: 5
[Room] Player (Id: 5760; Slot: 4) Exp: 56; Gp: 46; KD: 1/0; Score: 5
