[Room] Tech id: 1060864
[Room] Room id: 001
[Room] Channel id: 004
[Room] Room name: 'Entra aqui Noob!!'
[Room] Room type: Team_DeathMatch
[Room] Room special: None
[Room] Room weapons: Grenade, Melee, Secondary, Primary
[Room] Map name: 'TD_MSTATION'
[Room] Actual players count: 0
[Room] Started battle.
[Room] ;------------------;
[Room] Battle is finished.
[Room] Tech id: 1060864
[Room] Used spawn count: 54
[Room] End Players count: 3
[Room] ;------------------;
[Room] Room result info.
[Room] Player (Id: 5803; Slot: 0) Exp: 440; Gp: 400; KD: 22/28; Score: 149
[Room] Player (Id: 5797; Slot: 1) Exp: 489; Gp: 423; KD: 19/11; Score: 148
[Room] Player (Id: 5759; Slot: 3) Exp: 373; Gp: 315; KD: 9/12; Score: 65
