[Room] Tech id: 1060864
[Room] Room id: 001
[Room] Channel id: 004
[Room] Room name: 'Terra dos mortos!!'
[Room] Room type: Team_DeathMatch
[Room] Room special: SniperMode
[Room] Room weapons: Grenade, Melee, Primary, Mode_SSG69
[Room] Map name: 'TD_LIBRARY'
[Room] Actual players count: 0
[Room] Started battle.
[Room] ;------------------;
[Room] Battle is finished.
[Room] Tech id: 1060864
[Room] Used spawn count: 98
[Room] End Players count: 4
[Room] ;------------------;
[Room] Room result info.
[Room] Player (Id: 5007; Slot: 0) Exp: 585; Gp: 492; KD: 14/23; Score: 87
[Room] Player (Id: 5005; Slot: 1) Exp: 510; Gp: 450; KD: 18/28; Score: 100
[Room] Player (Id: 5000; Slot: 2) Exp: 721; Gp: 621; KD: 37/22; Score: 201
[Room] Player (Id: 5002; Slot: 3) Exp: 563; Gp: 503; KD: 27/23; Score: 162
