[Room] Tech id: 1060864
[Room] Room id: 001
[Room] Channel id: 004
[Room] Room name: 'Terra dos mortos!!'
[Room] Room type: Team_DeathMatch
[Room] Room special: None
[Room] Room weapons: Grenade, Melee, Secondary, Primary
[Room] Map name: 'TD_MSTATION'
[Room] Actual players count: 0
[Room] Started battle.
[Room] ;------------------;
[Room] Battle is finished.
[Room] Tech id: 1060864
[Room] Used spawn count: 44
[Room] End Players count: 3
[Room] ;------------------;
[Room] Room result info.
[Room] Player (Id: 5784; Slot: 0) Exp: 493; Gp: 426; KD: 21/20; Score: 135
[Room] Player (Id: 5817; Slot: 1) Exp: 279; Gp: 239; KD: 2/13; Score: 15
[Room] Player (Id: 5760; Slot: 3) Exp: 372; Gp: 332; KD: 18/8; Score: 117
