[Room] Tech id: 1060864
[Room] Room id: 001
[Room] Channel id: 004
[Room] Room name: 'Terra dos mortos!!'
[Room] Room type: Team_DeathMatch
[Room] Room special: SniperMode
[Room] Room weapons: Melee, Primary, Mode_SSG69
[Room] Map name: 'TD_LIBRARY'
[Room] Actual players count: 0
[Room] Started battle.
[Room] ;------------------;
[Room] Battle is finished.
[Room] Tech id: 1060864
[Room] Used spawn count: 71
[Room] End Players count: 4
[Room] ;------------------;
[Room] Room result info.
[Room] Player (Id: 5007; Slot: 0) Exp: 473; Gp: 412; KD: 11/28; Score: 61
[Room] Player (Id: 5002; Slot: 1) Exp: 734; Gp: 634; KD: 32/14; Score: 226
[Room] Player (Id: 5000; Slot: 2) Exp: 294; Gp: 263; KD: 15/13; Score: 83
[Room] Player (Id: 5005; Slot: 5) Exp: 316; Gp: 266; KD: 9/13; Score: 51
