[Room] Tech id: 1060865
[Room] Room id: 002
[Room] Channel id: 004
[Room] Room name: 'Go Go Go FireWay!'
[Room] Room type: Explosion
[Room] Room special: None
[Room] Room weapons: Melee, Secondary, Primary
[Room] Map name: 'BB_LUXVILLE'
[Room] Actual players count: 0
[Room] Started battle.
[Room] Round 2 has been started.
[Room] Round 3 has been started.
[Room] Round 4 has been started.
[Room] Round 5 has been started.
[Room] Round 6 has been started.
[Room] Round 7 has been started.
[Room] ;------------------;
[Room] Battle is finished.
[Room] Tech id: 1060865
[Room] Used spawn count: 28
[Room] End Players count: 4
[Room] ;------------------;
[Room] Room result info.
[Room] Player (Id: 5784; Slot: 0) Exp: 277; Gp: 247; KD: 4/6; Score: 25
[Room] Player (Id: 5799; Slot: 1) Exp: 266; Gp: 220; KD: 2/4; Score: 15
[Room] Player (Id: 5806; Slot: 2) Exp: 199; Gp: 170; KD: 2/5; Score: 10
[Room] Player (Id: 5804; Slot: 3) Exp: 309; Gp: 262; KD: 9/2; Score: 55
