[Room] Tech id: 1060864
[Room] Room id: 001
[Room] Channel id: 004
[Room] Room name: 'SÓ TRABALHO EM HS'
[Room] Room type: Team_DeathMatch
[Room] Room special: None
[Room] Room weapons: Melee
[Room] Map name: 'TD_CRACKDOWN'
[Room] Actual players count: 0
[Room] Started battle.
[Room] ;------------------;
[Room] Battle is finished.
[Room] Tech id: 1060864
[Room] Used spawn count: 47
[Room] End Players count: 4
[Room] ;------------------;
[Room] Room result info.
[Room] Player (Id: 5013; Slot: 0) Exp: 265; Gp: 231; KD: 13/12; Score: 79
[Room] Player (Id: 5016; Slot: 1) Exp: 186; Gp: 166; KD: 8/13; Score: 42
[Room] Player (Id: 5001; Slot: 2) Exp: 253; Gp: 219; KD: 13/8; Score: 76
[Room] Player (Id: 5014; Slot: 3) Exp: 210; Gp: 190; KD: 12/13; Score: 66
