[Room] Tech id: 1060864
[Room] Room id: 001
[Room] Channel id: 004
[Room] Room name: '@up s/sc/pindad/arco'
[Room] Room type: Team_DeathMatch
[Room] Room special: None
[Room] Room weapons: Melee, Secondary, Primary
[Room] Map name: 'TD_CRACKDOWN'
[Room] Actual players count: 0
[Room] Started battle.
[Room] ;------------------;
[Room] Battle is finished.
[Room] Tech id: 1060864
[Room] Used spawn count: 99
[Room] End Players count: 4
[Room] ;------------------;
[Room] Room result info.
[Room] Player (Id: 5022; Slot: 0) Exp: 639; Gp: 566; KD: 31/31; Score: 237
[Room] Player (Id: 5025; Slot: 1) Exp: 457; Gp: 417; KD: 28/21; Score: 179
[Room] Player (Id: 5000; Slot: 2) Exp: 392; Gp: 340; KD: 18/16; Score: 113
[Room] Player (Id: 5016; Slot: 3) Exp: 414; Gp: 376; KD: 19/28; Score: 136
