[Room] Tech id: 1060864
[Room] Room id: 001
[Room] Channel id: 004
[Room] Room name: 'LIGA UNCHARTED'
[Room] Room type: Explosion
[Room] Room special: None
[Room] Room weapons: Melee, Primary
[Room] Map name: 'BB_LUXVILLE'
[Room] Actual players count: 0
[Room] Started battle.
[Room] Round 2 has been started.
[Room] Round 3 has been started.
[Room] Round 4 has been started.
[Room] ;------------------;
[Room] Battle is finished.
[Room] Tech id: 1060864
[Room] Used spawn count: 20
[Room] End Players count: 5
[Room] ;------------------;
[Room] Room result info.
[Room] Player (Id: 5019; Slot: 0) Exp: 75; Gp: 66; KD: 2/3; Score: 15
[Room] Player (Id: 5014; Slot: 1) Exp: 87; Gp: 73; KD: 2/2; Score: 15
[Room] Player (Id: 5007; Slot: 2) Exp: 70; Gp: 61; KD: 2/3; Score: 10
[Room] Player (Id: 5016; Slot: 3) Exp: 84; Gp: 70; KD: 3/1; Score: 15
[Room] Player (Id: 5001; Slot: 5) Exp: 72; Gp: 58; KD: 1/1; Score: 5
