[Room] Tech id: 1060864
[Room] Room id: 001
[Room] Channel id: 004
[Room] Room name: 'Terra dos mortos!!'
[Room] Room type: Team_DeathMatch
[Room] Room special: None
[Room] Room weapons: Grenade, Melee, Secondary, Primary
[Room] Map name: 'TD_AMPERA'
[Room] Actual players count: 0
[Room] Started battle.
[Room] ;------------------;
[Room] Battle is finished.
[Room] Tech id: 1060864
[Room] Used spawn count: 37
[Room] End Players count: 3
[Room] ;------------------;
[Room] Room result info.
[Room] Player (Id: 5784; Slot: 0) Exp: 352; Gp: 312; KD: 10/23; Score: 70
[Room] Player (Id: 5797; Slot: 1) Exp: 426; Gp: 362; KD: 14/6; Score: 104
[Room] Player (Id: 5763; Slot: 3) Exp: 298; Gp: 248; KD: 9/5; Score: 45
