[Room] Tech id: 1060864
[Room] Room id: 001
[Room] Channel id: 004
[Room] Room name: 'Sinta o headshot!!'
[Room] Room type: Team_DeathMatch
[Room] Room special: None
[Room] Room weapons: Grenade, Melee, Secondary, Primary
[Room] Map name: 'TD_SLUMAREA'
[Room] Actual players count: 0
[Room] Started battle.
[Room] ;------------------;
[Room] Battle is finished.
[Room] Tech id: 1060864
[Room] Used spawn count: 35
[Room] End Players count: 3
[Room] ;------------------;
[Room] Room result info.
[Room] Player (Id: 5784; Slot: 0) Exp: 343; Gp: 302; KD: 10/22; Score: 63
[Room] Player (Id: 5760; Slot: 1) Exp: 441; Gp: 376; KD: 21/7; Score: 115
[Room] Player (Id: 5769; Slot: 3) Exp: 76; Gp: 63; KD: 1/3; Score: 5
