[Room] Tech id: 1060864
[Room] Room id: 001
[Room] Channel id: 004
[Room] Room name: 'Terra dos mortos!!'
[Room] Room type: Team_DeathMatch
[Room] Room special: None
[Room] Room weapons: Grenade, Melee, Secondary, Primary
[Room] Map name: 'TD_SAINTMANSION'
[Room] Actual players count: 0
[Room] Started battle.
[Room] ;------------------;
[Room] Battle is finished.
[Room] Tech id: 1060864
[Room] Used spawn count: 37
[Room] End Players count: 3
[Room] ;------------------;
[Room] Room result info.
[Room] Player (Id: 5787; Slot: 0) Exp: 314; Gp: 278; KD: 22/12; Score: 120
[Room] Player (Id: 5784; Slot: 1) Exp: 141; Gp: 126; KD: 7/8; Score: 40
[Room] Player (Id: 5789; Slot: 3) Exp: 176; Gp: 155; KD: 4/14; Score: 30
