[Room] Tech id: 1060865
[Room] Room id: 002
[Room] Channel id: 004
[Room] Room name: 'Entra aqui Noob!!'
[Room] Room type: Team_DeathMatch
[Room] Room special: None
[Room] Room weapons: Melee, Secondary
[Room] Map name: 'TD_NEWLIBRARY'
[Room] Actual players count: 0
[Room] Started battle.
[Room] ;------------------;
[Room] Battle is finished.
[Room] Tech id: 1060865
[Room] Used spawn count: 63
[Room] End Players count: 4
[Room] ;------------------;
[Room] Room result info.
[Room] Player (Id: 5013; Slot: 0) Exp: 380; Gp: 340; KD: 13/25; Score: 95
[Room] Player (Id: 5005; Slot: 1) Exp: 405; Gp: 341; KD: 14/14; Score: 72
[Room] Player (Id: 5007; Slot: 2) Exp: 265; Gp: 236; KD: 8/12; Score: 72
[Room] Player (Id: 5000; Slot: 3) Exp: 456; Gp: 391; KD: 23/7; Score: 127
