[Room] Tech id: 1060865
[Room] Room id: 002
[Room] Channel id: 004
[Room] Room name: 'Terra dos mortos!!'
[Room] Room type: Explosion
[Room] Room special: None
[Room] Room weapons: Grenade, Melee, Secondary, Primary
[Room] Map name: 'BB_MIHAWK'
[Room] Actual players count: 0
[Room] Started battle.
[Room] Round 2 has been started.
[Room] Round 3 has been started.
[Room] Round 4 has been started.
[Room] Round 5 has been started.
[Room] Round 6 has been started.
[Room] Round 7 has been started.
[Room] Round 8 has been started.
[Room] ;------------------;
[Room] Battle is finished.
[Room] Tech id: 1060865
[Room] Used spawn count: 32
[Room] End Players count: 4
[Room] ;------------------;
[Room] Room result info.
[Room] Player (Id: 5791; Slot: 0) Exp: 289; Gp: 242; KD: 5/2; Score: 35
[Room] Player (Id: 5784; Slot: 1) Exp: 213; Gp: 183; KD: 3/5; Score: 20
[Room] Player (Id: 5760; Slot: 2) Exp: 294; Gp: 247; KD: 6/5; Score: 32
[Room] Player (Id: 5780; Slot: 5) Exp: 255; Gp: 225; KD: 4/6; Score: 40
