[Room] Tech id: 1060865
[Room] Room id: 002
[Room] Channel id: 004
[Room] Room name: 'Go Go Go FireWay!'
[Room] Room type: Explosion
[Room] Room special: None
[Room] Room weapons: Grenade, Melee, Secondary, Primary
[Room] Map name: 'BB_BALLISTIC'
[Room] Actual players count: 0
[Room] Started battle.
[Room] Round 2 has been started.
[Room] Round 3 has been started.
[Room] Round 4 has been started.
[Room] Round 5 has been started.
[Room] Round 6 has been started.
[Room] ;------------------;
[Room] Battle is finished.
[Room] Tech id: 1060865
[Room] Used spawn count: 12
[Room] End Players count: 2
[Room] ;------------------;
[Room] Room result info.
[Room] Player (Id: 5784; Slot: 0) Exp: 286; Gp: 247; KD: 4/1; Score: 35
[Room] Player (Id: 5785; Slot: 1) Exp: 160; Gp: 137; KD: 1/4; Score: 10
