[Room] Tech id: 1060865
[Room] Room id: 002
[Room] Channel id: 004
[Room] Room name: 'Terra dos mortos!!'
[Room] Room type: Team_DeathMatch
[Room] Room special: None
[Room] Room weapons: Melee
[Room] Map name: 'TD_NEWLIBRARY'
[Room] Actual players count: 0
[Room] Started battle.
[Room] ;------------------;
[Room] Battle is finished.
[Room] Tech id: 1060865
[Room] Used spawn count: 41
[Room] End Players count: 3
[Room] ;------------------;
[Room] Room result info.
[Room] Player (Id: 5784; Slot: 0) Exp: 362; Gp: 322; KD: 14/8; Score: 107
[Room] Player (Id: 5780; Slot: 2) Exp: 286; Gp: 245; KD: 3/11; Score: 25
[Room] Player (Id: 5760; Slot: 3) Exp: 367; Gp: 327; KD: 17/19; Score: 92
