[Room] Tech id: 1060864
[Room] Room id: 001
[Room] Channel id: 004
[Room] Room name: 'Entra aqui Noob!!'
[Room] Room type: Explosion
[Room] Room special: None
[Room] Room weapons: Melee
[Room] Map name: 'BB_DOWNTOWN2'
[Room] Actual players count: 0
[Room] Started battle.
[Room] Round 2 has been started.
[Room] Round 3 has been started.
[Room] Round 4 has been started.
[Room] Round 5 has been started.
[Room] Round 6 has been started.
[Room] Round 7 has been started.
[Room] Round 8 has been started.
[Room] ;------------------;
[Room] Battle is finished.
[Room] Tech id: 1060864
[Room] Used spawn count: 32
[Room] End Players count: 5
[Room] ;------------------;
[Room] Room result info.
[Room] Player (Id: 5802; Slot: 2) Exp: 214; Gp: 182; KD: 5/4; Score: 27
[Room] Player (Id: 5780; Slot: 4) Exp: 218; Gp: 185; KD: 5/5; Score: 27
[Room] Player (Id: 5760; Slot: 5) Exp: 176; Gp: 155; KD: 6/5; Score: 41
[Room] Player (Id: 5763; Slot: 6) Exp: 22; Gp: 19; KD: 1/0; Score: 5
[Room] Player (Id: 5804; Slot: 7) Exp: 157; Gp: 136; KD: 3/6; Score: 20
