[Room] Tech id: 1060864
[Room] Room id: 001
[Room] Channel id: 004
[Room] Room name: 'Go Go Go FireWay!'
[Room] Room type: Explosion
[Room] Room special: None
[Room] Room weapons: Grenade, Melee, Secondary, Primary
[Room] Map name: 'BB_OUTPOST'
[Room] Actual players count: 0
[Room] Started battle.
[Room] Round 2 has been started.
[Room] Round 3 has been started.
[Room] Round 4 has been started.
[Room] Round 5 has been started.
[Room] Round 6 has been started.
[Room] ;------------------;
[Room] Battle is finished.
[Room] Tech id: 1060864
[Room] Used spawn count: 36
[Room] End Players count: 6
[Room] ;------------------;
[Room] Room result info.
[Room] Player (Id: 5784; Slot: 0) Exp: 145; Gp: 120; KD: 0/2; Score: 0
[Room] Player (Id: 5798; Slot: 1) Exp: 117; Gp: 101; KD: 2/5; Score: 10
[Room] Player (Id: 5760; Slot: 2) Exp: 145; Gp: 120; KD: 3/2; Score: 20
[Room] Player (Id: 5808; Slot: 3) Exp: 135; Gp: 119; KD: 4/5; Score: 28
[Room] Player (Id: 5809; Slot: 4) Exp: 139; Gp: 115; KD: 2/2; Score: 15
[Room] Player (Id: 5804; Slot: 6) Exp: 148; Gp: 123; KD: 5/1; Score: 25
