[Room] Tech id: 1060864
[Room] Room id: 001
[Room] Channel id: 004
[Room] Room name: 'LIGA UNCHARTED'
[Room] Room type: Team_DeathMatch
[Room] Room special: None
[Room] Room weapons: Melee, Primary
[Room] Map name: 'TD_CRACKDOWN'
[Room] Actual players count: 0
[Room] Started battle.
[Room] ;------------------;
[Room] Battle is finished.
[Room] Tech id: 1060864
[Room] Used spawn count: 31
[Room] End Players count: 3
[Room] ;------------------;
[Room] Room result info.
[Room] Player (Id: 5016; Slot: 0) Exp: 198; Gp: 170; KD: 6/5; Score: 54
[Room] Player (Id: 5001; Slot: 1) Exp: 262; Gp: 241; KD: 13/14; Score: 116
[Room] Player (Id: 5019; Slot: 2) Exp: 127; Gp: 109; KD: 6/2; Score: 35
