[Room] Tech id: 1060864
[Room] Room id: 001
[Room] Channel id: 004
[Room] Room name: '@'
[Room] Room type: Explosion
[Room] Room special: None
[Room] Room weapons: Melee, Secondary, Primary
[Room] Map name: 'BB_DOWNTOWN'
[Room] Actual players count: 0
[Room] Started battle.
[Room] Round 2 has been started.
[Room] Round 3 has been started.
[Room] Round 4 has been started.
[Room] Round 5 has been started.
[Room] Round 6 has been started.
[Room] Round 7 has been started.
[Room] Round 8 has been started.
[Room] ;------------------;
[Room] Battle is finished.
[Room] Tech id: 1060864
[Room] Used spawn count: 32
[Room] End Players count: 4
[Room] ;------------------;
[Room] Room result info.
[Room] Player (Id: 5007; Slot: 0) Exp: 380; Gp: 319; KD: 2/6; Score: 10
[Room] Player (Id: 5001; Slot: 1) Exp: 333; Gp: 294; KD: 9/4; Score: 70
[Room] Player (Id: 5006; Slot: 2) Exp: 418; Gp: 356; KD: 8/5; Score: 64
[Room] Player (Id: 5002; Slot: 5) Exp: 267; Gp: 228; KD: 2/6; Score: 20
