[Room] Tech id: 1060864
[Room] Room id: 001
[Room] Channel id: 004
[Room] Room name: 'Go Go Go FireWay!'
[Room] Room type: Team_DeathMatch
[Room] Room special: None
[Room] Room weapons: Melee, Secondary, Primary
[Room] Map name: 'TD_BURNINGHALL'
[Room] Actual players count: 0
[Room] Started battle.
[Room] ;------------------;
[Room] Battle is finished.
[Room] Tech id: 1060864
[Room] Used spawn count: 27
[Room] End Players count: 3
[Room] ;------------------;
[Room] Room result info.
[Room] Player (Id: 5025; Slot: 0) Exp: 197; Gp: 177; KD: 8/16; Score: 48
[Room] Player (Id: 5020; Slot: 1) Exp: 204; Gp: 174; KD: 11/3; Score: 55
[Room] Player (Id: 5022; Slot: 3) Exp: 218; Gp: 186; KD: 5/5; Score: 53
