[Room] Tech id: 1060864
[Room] Room id: 001
[Room] Channel id: 004
[Room] Room name: 'Sinta o headshot!!'
[Room] Room type: Team_DeathMatch
[Room] Room special: SniperMode
[Room] Room weapons: Melee, Primary, Mode_SSG69
[Room] Map name: 'TD_EASTERNROAD'
[Room] Actual players count: 0
[Room] Started battle.
[Room] ;------------------;
[Room] Battle is finished.
[Room] Tech id: 1060864
[Room] Used spawn count: 35
[Room] End Players count: 3
[Room] ;------------------;
[Room] Room result info.
[Room] Player (Id: 5804; Slot: 1) Exp: 380; Gp: 317; KD: 11/6; Score: 65
[Room] Player (Id: 5802; Slot: 2) Exp: 366; Gp: 326; KD: 13/19; Score: 91
[Room] Player (Id: 5760; Slot: 3) Exp: 352; Gp: 292; KD: 8/7; Score: 41
