[Room] Tech id: 1060864
[Room] Room id: 001
[Room] Channel id: 004
[Room] Room name: 'Go Go Go FireWay!'
[Room] Room type: Explosion
[Room] Room special: None
[Room] Room weapons: Grenade, Melee, Secondary, Primary
[Room] Map name: 'BB_LUXVILLE'
[Room] Actual players count: 0
[Room] Started battle.
[Room] Round 2 has been started.
[Room] Round 3 has been started.
[Room] Round 4 has been started.
[Room] Round 5 has been started.
[Room] Round 6 has been started.
[Room] Round 7 has been started.
[Room] ;------------------;
[Room] Battle is finished.
[Room] Tech id: 1060864
[Room] Used spawn count: 28
[Room] End Players count: 4
[Room] ;------------------;
[Room] Room result info.
[Room] Player (Id: 5036; Slot: 0) Exp: 166; Gp: 143; KD: 3/5; Score: 20
[Room] Player (Id: 5007; Slot: 1) Exp: 217; Gp: 182; KD: 3/3; Score: 20
[Room] Player (Id: 5013; Slot: 2) Exp: 226; Gp: 203; KD: 2/5; Score: 20
[Room] Player (Id: 5001; Slot: 3) Exp: 232; Gp: 197; KD: 7/2; Score: 35
