[Room] Tech id: 1060864
[Room] Room id: 001
[Room] Channel id: 004
[Room] Room name: 'Terra dos mortos!!'
[Room] Room type: Team_DeathMatch
[Room] Room special: None
[Room] Room weapons: Grenade, Melee, Secondary, Primary
[Room] Map name: 'TD_NEWLIBRARY'
[Room] Actual players count: 0
[Room] Started battle.
[Room] ;------------------;
[Room] Battle is finished.
[Room] Tech id: 1060864
[Room] Used spawn count: 43
[Room] End Players count: 3
[Room] ;------------------;
[Room] Room result info.
[Room] Player (Id: 5759; Slot: 0) Exp: 413; Gp: 373; KD: 19/20; Score: 137
[Room] Player (Id: 5760; Slot: 1) Exp: 364; Gp: 303; KD: 6/13; Score: 40
[Room] Player (Id: 5777; Slot: 3) Exp: 418; Gp: 355; KD: 14/7; Score: 96
