[Room] Tech id: 1060864
[Room] Room id: 001
[Room] Channel id: 004
[Room] Room name: 'Sinta o headshot!!'
[Room] Room type: Team_DeathMatch
[Room] Room special: None
[Room] Room weapons: Grenade, Melee, Secondary, Primary
[Room] Map name: 'TD_SAFARI2'
[Room] Actual players count: 0
[Room] Started battle.
[Room] ;------------------;
[Room] Battle is finished.
[Room] Tech id: 1060864
[Room] Used spawn count: 38
[Room] End Players count: 3
[Room] ;------------------;
[Room] Room result info.
[Room] Player (Id: 5784; Slot: 0) Exp: 498; Gp: 431; KD: 19/16; Score: 146
[Room] Player (Id: 5760; Slot: 1) Exp: 328; Gp: 288; KD: 12/11; Score: 68
[Room] Player (Id: 5767; Slot: 3) Exp: 275; Gp: 235; KD: 4/8; Score: 20
