[Room] Tech id: 1060864
[Room] Room id: 001
[Room] Channel id: 004
[Room] Room name: 'Sinta o headshot!!'
[Room] Room type: Team_DeathMatch
[Room] Room special: None
[Room] Room weapons: Grenade, Melee, Secondary, Primary
[Room] Map name: 'TD_MSTATION'
[Room] Actual players count: 0
[Room] Started battle.
[Room] ;------------------;
[Room] Battle is finished.
[Room] Tech id: 1060864
[Room] Used spawn count: 37
[Room] End Players count: 6
[Room] ;------------------;
[Room] Room result info.
[Room] Player (Id: 5780; Slot: 0) Exp: 187; Gp: 164; KD: 5/21; Score: 39
[Room] Player (Id: 5794; Slot: 1) Exp: 223; Gp: 209; KD: 12/18; Score: 111
[Room] Player (Id: 5801; Slot: 2) Exp: 259; Gp: 233; KD: 13/16; Score: 108
[Room] Player (Id: 5805; Slot: 3) Exp: 25; Gp: 24; KD: 0/11; Score: 0
[Room] Player (Id: 5808; Slot: 4) Exp: 1035; Gp: 991; KD: 88/24; Score: 880
[Room] Player (Id: 5759; Slot: 5) Exp: 165; Gp: 152; KD: 3/35; Score: 25
