[Room] Tech id: 1060864
[Room] Room id: 001
[Room] Channel id: 004
[Room] Room name: '@UPZAO    SEM   BARRET'
[Room] Room type: Team_DeathMatch
[Room] Room special: None
[Room] Room weapons: Grenade, Melee, Secondary, Primary
[Room] Map name: 'TD_BURNINGHALL'
[Room] Actual players count: 0
[Room] Started battle.
[Room] ;------------------;
[Room] Battle is finished.
[Room] Tech id: 1060864
[Room] Used spawn count: 93
[Room] End Players count: 5
[Room] ;------------------;
[Room] Room result info.
[Room] Player (Id: 5001; Slot: 0) Exp: 480; Gp: 414; KD: 19/7; Score: 147
[Room] Player (Id: 5019; Slot: 2) Exp: 538; Gp: 470; KD: 29/13; Score: 185
[Room] Player (Id: 5007; Slot: 3) Exp: 374; Gp: 333; KD: 13/26; Score: 86
[Room] Player (Id: 5000; Slot: 4) Exp: 376; Gp: 315; KD: 10/10; Score: 55
[Room] Player (Id: 5012; Slot: 5) Exp: 414; Gp: 374; KD: 17/32; Score: 116
