[Room] Tech id: 1060865
[Room] Room id: 002
[Room] Channel id: 004
[Room] Room name: 'Terra dos mortos!!'
[Room] Room type: Team_DeathMatch
[Room] Room special: None
[Room] Room weapons: Melee, Secondary, Primary
[Room] Map name: 'TD_CRACKDOWN'
[Room] Actual players count: 0
[Room] Started battle.
[Room] ;------------------;
[Room] Battle is finished.
[Room] Tech id: 1060865
[Room] Used spawn count: 40
[Room] End Players count: 3
[Room] ;------------------;
[Room] Room result info.
[Room] Player (Id: 5780; Slot: 0) Exp: 183; Gp: 163; KD: 4/15; Score: 36
[Room] Player (Id: 5762; Slot: 1) Exp: 517; Gp: 472; KD: 29/8; Score: 297
[Room] Player (Id: 5759; Slot: 2) Exp: 173; Gp: 153; KD: 4/14; Score: 28
