[Room] Tech id: 1060864
[Room] Room id: 001
[Room] Channel id: 004
[Room] Room name: 'Sinta o headshot!!'
[Room] Room type: Team_DeathMatch
[Room] Room special: None
[Room] Room weapons: Grenade, Melee, Secondary, Primary
[Room] Map name: 'TD_REDROCK'
[Room] Actual players count: 0
[Room] Started battle.
[Room] ;------------------;
[Room] Battle is finished.
[Room] Tech id: 1060864
[Room] Used spawn count: 44
[Room] End Players count: 3
[Room] ;------------------;
[Room] Room result info.
[Room] Player (Id: 5804; Slot: 0) Exp: 606; Gp: 534; KD: 25/17; Score: 234
[Room] Player (Id: 5784; Slot: 1) Exp: 354; Gp: 314; KD: 10/17; Score: 83
[Room] Player (Id: 5802; Slot: 3) Exp: 268; Gp: 234; KD: 7/8; Score: 50
