[Room] Tech id: 1060864
[Room] Room id: 001
[Room] Channel id: 004
[Room] Room name: '@UP '
[Room] Room type: Team_DeathMatch
[Room] Room special: None
[Room] Room weapons: Grenade, Melee, Secondary, Primary
[Room] Map name: 'TD_BURNINGHALL'
[Room] Actual players count: 0
[Room] Started battle.
[Room] ;------------------;
[Room] Battle is finished.
[Room] Tech id: 1060864
[Room] Used spawn count: 55
[Room] End Players count: 3
[Room] ;------------------;
[Room] Room result info.
[Room] Player (Id: 5019; Slot: 0) Exp: 477; Gp: 411; KD: 19/16; Score: 129
[Room] Player (Id: 5000; Slot: 6) Exp: 321; Gp: 269; KD: 10/7; Score: 55
[Room] Player (Id: 5021; Slot: 7) Exp: 389; Gp: 349; KD: 15/13; Score: 125
