[Room] Tech id: 1060865
[Room] Room id: 002
[Room] Channel id: 004
[Room] Room name: 'Sinta o headshot!!'
[Room] Room type: Team_DeathMatch
[Room] Room special: None
[Room] Room weapons: Grenade, Melee
[Room] Map name: 'TD_SENTRYBASE'
[Room] Actual players count: 0
[Room] Started battle.
[Room] ;------------------;
[Room] Battle is finished.
[Room] Tech id: 1060865
[Room] Used spawn count: 28
[Room] End Players count: 3
[Room] ;------------------;
[Room] Room result info.
[Room] Player (Id: 5760; Slot: 1) Exp: 298; Gp: 258; KD: 8/5; Score: 49
[Room] Player (Id: 5763; Slot: 2) Exp: 417; Gp: 354; KD: 12/12; Score: 86
[Room] Player (Id: 5759; Slot: 3) Exp: 254; Gp: 218; KD: 3/8; Score: 20
