[Room] Tech id: 1060864
[Room] Room id: 001
[Room] Channel id: 004
[Room] Room name: 'Terra dos mortos!!'
[Room] Room type: Team_DeathMatch
[Room] Room special: None
[Room] Room weapons: Grenade, Melee, Secondary, Primary
[Room] Map name: 'TD_REDROCK'
[Room] Actual players count: 0
[Room] Started battle.
[Room] ;------------------;
[Room] Battle is finished.
[Room] Tech id: 1060864
[Room] Used spawn count: 74
[Room] End Players count: 4
[Room] ;------------------;
[Room] Room result info.
[Room] Player (Id: 5760; Slot: 0) Exp: 343; Gp: 307; KD: 14/18; Score: 93
[Room] Player (Id: 5804; Slot: 1) Exp: 492; Gp: 425; KD: 19/12; Score: 148
[Room] Player (Id: 5759; Slot: 2) Exp: 404; Gp: 363; KD: 19/19; Score: 129
[Room] Player (Id: 5780; Slot: 5) Exp: 471; Gp: 405; KD: 18/21; Score: 115
