[Room] Tech id: 1060864
[Room] Room id: 001
[Room] Channel id: 004
[Room] Room name: 'HEROI DE GUERRA'
[Room] Room type: Annihilation
[Room] Room special: None
[Room] Room weapons: Melee, Primary
[Room] Map name: 'TD_CRACKDOWN'
[Room] Actual players count: 0
[Room] Started battle.
[Room] Round 2 has been started.
[Room] Round 3 has been started.
[Room] ;------------------;
[Room] Battle is finished.
[Room] Tech id: 1060864
[Room] Used spawn count: 14
[Room] End Players count: 5
[Room] ;------------------;
[Room] Room result info.
[Room] Player (Id: 5019; Slot: 0) Exp: 48; Gp: 42; KD: 3/1; Score: 20
[Room] Player (Id: 5016; Slot: 1) Exp: 48; Gp: 45; KD: 2/3; Score: 24
[Room] Player (Id: 5007; Slot: 2) Exp: 20; Gp: 17; KD: 0/1; Score: 0
[Room] Player (Id: 5018; Slot: 3) Exp: 24; Gp: 21; KD: 0/3; Score: 0
[Room] Player (Id: 5001; Slot: 4) Exp: 45; Gp: 40; KD: 3/0; Score: 20
