[Room] Tech id: 1060864
[Room] Room id: 001
[Room] Channel id: 004
[Room] Room name: 'LIGA UNCHARTED'
[Room] Room type: Explosion
[Room] Room special: None
[Room] Room weapons: Melee, Primary
[Room] Map name: 'BB_DOWNTOWN2'
[Room] Actual players count: 0
[Room] Started battle.
[Room] Round 2 has been started.
[Room] Round 3 has been started.
[Room] ;------------------;
[Room] Battle is finished.
[Room] Tech id: 1060864
[Room] Used spawn count: 15
[Room] End Players count: 5
[Room] ;------------------;
[Room] Room result info.
[Room] Player (Id: 5019; Slot: 0) Exp: 62; Gp: 55; KD: 2/3; Score: 15
[Room] Player (Id: 5014; Slot: 1) Exp: 78; Gp: 67; KD: 3/0; Score: 25
[Room] Player (Id: 5007; Slot: 2) Exp: 47; Gp: 40; KD: 0/3; Score: 0
[Room] Player (Id: 5016; Slot: 3) Exp: 60; Gp: 50; KD: 2/0; Score: 10
[Room] Player (Id: 5001; Slot: 5) Exp: 66; Gp: 55; KD: 1/2; Score: 10
