[Room] Tech id: 1060864
[Room] Room id: 001
[Room] Channel id: 004
[Room] Room name: 'Go Go Go FireWay!'
[Room] Room type: Explosion
[Room] Room special: None
[Room] Room weapons: Grenade, Melee, Secondary, Primary
[Room] Map name: 'BB_LUXVILLE'
[Room] Actual players count: 0
[Room] Started battle.
[Room] Round 2 has been started.
[Room] Round 3 has been started.
[Room] Round 4 has been started.
[Room] Round 5 has been started.
[Room] ;------------------;
[Room] Battle is finished.
[Room] Tech id: 1060864
[Room] Used spawn count: 20
[Room] End Players count: 4
[Room] ;------------------;
[Room] Room result info.
[Room] Player (Id: 5784; Slot: 0) Exp: 89; Gp: 78; KD: 1/5; Score: 10
[Room] Player (Id: 5798; Slot: 1) Exp: 186; Gp: 165; KD: 8/2; Score: 83
[Room] Player (Id: 5760; Slot: 2) Exp: 109; Gp: 98; KD: 2/5; Score: 10
[Room] Player (Id: 5808; Slot: 3) Exp: 120; Gp: 102; KD: 2/1; Score: 10
