[Room] Tech id: 1060864
[Room] Room id: 001
[Room] Channel id: 004
[Room] Room name: 'Luta entre humanos e d'
[Room] Room type: Boss
[Room] Room special: 2
[Room] Room weapons: Grenade, Melee, Secondary, Primary
[Room] Map name: 'ES_BREEDINGNEST'
[Room] Actual players count: 0
[Room] Started battle.
[Room] ;------------------;
[Room] Battle is finished.
[Room] Tech id: 1060864
[Room] Used spawn count: 38
[Room] End Players count: 4
[Room] ;------------------;
[Room] Room result info.
[Room] Player (Id: 5760; Slot: 0) Exp: 316; Gp: 275; KD: 11/9; Score: 55
[Room] Player (Id: 5759; Slot: 1) Exp: 363; Gp: 301; KD: 8/10; Score: 40
[Room] Player (Id: 5763; Slot: 2) Exp: 147; Gp: 125; KD: 1/7; Score: 5
[Room] Player (Id: 5780; Slot: 3) Exp: 350; Gp: 288; KD: 7/4; Score: 40
