[Room] Tech id: 1060864
[Room] Room id: 001
[Room] Channel id: 004
[Room] Room name: 'Entra aqui Noob!!'
[Room] Room type: Team_DeathMatch
[Room] Room special: None
[Room] Room weapons: Grenade, Melee, Secondary, Primary
[Room] Map name: 'TD_MSTATION'
[Room] Actual players count: 0
[Room] Started battle.
[Room] ;------------------;
[Room] Battle is finished.
[Room] Tech id: 1060864
[Room] Used spawn count: 39
[Room] End Players count: 3
[Room] ;------------------;
[Room] Room result info.
[Room] Player (Id: 5760; Slot: 0) Exp: 360; Gp: 320; KD: 13/23; Score: 78
[Room] Player (Id: 5772; Slot: 1) Exp: 517; Gp: 448; KD: 17/9; Score: 174
[Room] Player (Id: 5759; Slot: 3) Exp: 300; Gp: 246; KD: 6/4; Score: 30
