[Room] Tech id: 1060864
[Room] Room id: 001
[Room] Channel id: 004
[Room] Room name: '@LAN'
[Room] Room type: Team_DeathMatch
[Room] Room special: None
[Room] Room weapons: Melee, Secondary, Primary
[Room] Map name: 'TD_CRACKDOWN'
[Room] Actual players count: 0
[Room] Started battle.
[Room] ;------------------;
[Room] Battle is finished.
[Room] Tech id: 1060864
[Room] Used spawn count: 169
[Room] End Players count: 6
[Room] ;------------------;
[Room] Room result info.
[Room] Player (Id: 5014; Slot: 0) Exp: 558; Gp: 488; KD: 18/22; Score: 185
[Room] Player (Id: 5001; Slot: 1) Exp: 792; Gp: 751; KD: 44/44; Score: 472
[Room] Player (Id: 5022; Slot: 2) Exp: 736; Gp: 660; KD: 30/31; Score: 318
[Room] Player (Id: 5002; Slot: 3) Exp: 267; Gp: 242; KD: 9/20; Score: 80
[Room] Player (Id: 5021; Slot: 4) Exp: 940; Gp: 861; KD: 43/19; Score: 537
[Room] Player (Id: 5017; Slot: 7) Exp: 404; Gp: 364; KD: 20/28; Score: 113
