[Room] Tech id: 1060864
[Room] Room id: 001
[Room] Channel id: 004
[Room] Room name: 'lek'
[Room] Room type: Team_DeathMatch
[Room] Room special: None
[Room] Room weapons: Melee, Secondary, Primary
[Room] Map name: 'TD_BURNINGHALL'
[Room] Actual players count: 0
[Room] Started battle.
[Room] ;------------------;
[Room] Battle is finished.
[Room] Tech id: 1060864
[Room] Used spawn count: 26
[Room] End Players count: 3
[Room] ;------------------;
[Room] Room result info.
[Room] Player (Id: 5804; Slot: 0) Exp: 232; Gp: 200; KD: 10/3; Score: 69
[Room] Player (Id: 5759; Slot: 2) Exp: 187; Gp: 156; KD: 4/6; Score: 25
[Room] Player (Id: 5762; Slot: 3) Exp: 190; Gp: 170; KD: 9/14; Score: 45
