[Room] Tech id: 1060864
[Room] Room id: 001
[Room] Channel id: 004
[Room] Room name: 'Sinta o headshot!!'
[Room] Room type: Annihilation
[Room] Room special: None
[Room] Room weapons: Melee, Secondary, Primary
[Room] Map name: 'TD_CRACKDOWN'
[Room] Actual players count: 0
[Room] Started battle.
[Room] Round 2 has been started.
[Room] Round 3 has been started.
[Room] ;------------------;
[Room] Battle is finished.
[Room] Tech id: 1060864
[Room] Used spawn count: 12
[Room] End Players count: 4
[Room] ;------------------;
[Room] Room result info.
[Room] Player (Id: 5780; Slot: 0) Exp: 39; Gp: 33; KD: 1/2; Score: 5
[Room] Player (Id: 5794; Slot: 1) Exp: 50; Gp: 46; KD: 2/3; Score: 20
[Room] Player (Id: 5784; Slot: 3) Exp: 30; Gp: 26; KD: 0/3; Score: 0
[Room] Player (Id: 5801; Slot: 4) Exp: 58; Gp: 51; KD: 5/0; Score: 25
