[Room] Tech id: 1060864
[Room] Room id: 001
[Room] Channel id: 004
[Room] Room name: 'Go Go Go FireWay!'
[Room] Room type: Annihilation
[Room] Room special: None
[Room] Room weapons: Melee, Secondary, Primary
[Room] Map name: 'TD_CRACKDOWN'
[Room] Actual players count: 0
[Room] Started battle.
[Room] Round 2 has been started.
[Room] Round 3 has been started.
[Room] ;------------------;
[Room] Battle is finished.
[Room] Tech id: 1060864
[Room] Used spawn count: 6
[Room] End Players count: 2
[Room] ;------------------;
[Room] Room result info.
[Room] Player (Id: 5794; Slot: 0) Exp: 50; Gp: 43; KD: 3/0; Score: 20
[Room] Player (Id: 5784; Slot: 1) Exp: 28; Gp: 24; KD: 0/3; Score: 0
