[Room] Tech id: 1060864
[Room] Room id: 001
[Room] Channel id: 004
[Room] Room name: 'Sinta o headshot!!'
[Room] Room type: Team_DeathMatch
[Room] Room special: None
[Room] Room weapons: Grenade, Melee, Secondary, Primary
[Room] Map name: 'TD_METRO'
[Room] Actual players count: 0
[Room] Started battle.
[Room] ;------------------;
[Room] Battle is finished.
[Room] Tech id: 1060864
[Room] Used spawn count: 41
[Room] End Players count: 3
[Room] ;------------------;
[Room] Room result info.
[Room] Player (Id: 5007; Slot: 1) Exp: 302; Gp: 261; KD: 6/15; Score: 33
[Room] Player (Id: 5000; Slot: 2) Exp: 410; Gp: 353; KD: 22/11; Score: 115
[Room] Player (Id: 5005; Slot: 3) Exp: 221; Gp: 192; KD: 6/10; Score: 33
