[Room] Tech id: 1060864
[Room] Room id: 001
[Room] Channel id: 004
[Room] Room name: 'Go Go Go FireWay!'
[Room] Room type: Explosion
[Room] Room special: None
[Room] Room weapons: Grenade, Melee, Secondary, Primary
[Room] Map name: 'BB_LUXVILLE'
[Room] Actual players count: 0
[Room] Started battle.
[Room] Round 2 has been started.
[Room] Round 3 has been started.
[Room] Round 4 has been started.
[Room] Round 5 has been started.
[Room] Round 6 has been started.
[Room] Round 7 has been started.
[Room] Round 8 has been started.
[Room] ;------------------;
[Room] Battle is finished.
[Room] Tech id: 1060864
[Room] Used spawn count: 32
[Room] End Players count: 4
[Room] ;------------------;
[Room] Room result info.
[Room] Player (Id: 5019; Slot: 1) Exp: 214; Gp: 186; KD: 5/5; Score: 35
[Room] Player (Id: 5001; Slot: 2) Exp: 288; Gp: 243; KD: 8/4; Score: 64
[Room] Player (Id: 5007; Slot: 3) Exp: 196; Gp: 168; KD: 2/6; Score: 15
[Room] Player (Id: 5002; Slot: 4) Exp: 286; Gp: 242; KD: 3/3; Score: 25
