[Room] Tech id: 1060864
[Room] Room id: 001
[Room] Channel id: 004
[Room] Room name: 'Terra dos mortos!!'
[Room] Room type: Team_DeathMatch
[Room] Room special: None
[Room] Room weapons: Grenade, Melee, Secondary, Primary
[Room] Map name: 'TD_NEWLIBRARY'
[Room] Actual players count: 0
[Room] Started battle.
[Room] ;------------------;
[Room] Battle is finished.
[Room] Tech id: 1060864
[Room] Used spawn count: 101
[Room] End Players count: 5
[Room] ;------------------;
[Room] Room result info.
[Room] Player (Id: 5037; Slot: 0) Exp: 452; Gp: 412; KD: 25/22; Score: 172
[Room] Player (Id: 5016; Slot: 1) Exp: 411; Gp: 350; KD: 17/10; Score: 96
[Room] Player (Id: 5005; Slot: 2) Exp: 422; Gp: 382; KD: 22/28; Score: 131
[Room] Player (Id: 5013; Slot: 3) Exp: 480; Gp: 414; KD: 14/25; Score: 114
[Room] Player (Id: 5000; Slot: 5) Exp: 402; Gp: 341; KD: 17/12; Score: 85
