[Room] Tech id: 1060864
[Room] Room id: 001
[Room] Channel id: 004
[Room] Room name: 'Terra dos mortos!!'
[Room] Room type: Team_DeathMatch
[Room] Room special: SniperMode
[Room] Room weapons: Melee, Primary, Mode_SSG69
[Room] Map name: 'TD_NEWLIBRARY'
[Room] Actual players count: 0
[Room] Started battle.
[Room] ;------------------;
[Room] Battle is finished.
[Room] Tech id: 1060864
[Room] Used spawn count: 57
[Room] End Players count: 3
[Room] ;------------------;
[Room] Room result info.
[Room] Player (Id: 5007; Slot: 0) Exp: 529; Gp: 469; KD: 16/38; Score: 100
[Room] Player (Id: 5019; Slot: 1) Exp: 584; Gp: 489; KD: 20/9; Score: 110
[Room] Player (Id: 5001; Slot: 5) Exp: 434; Gp: 368; KD: 18/7; Score: 101
