[Room] Tech id: 1060865
[Room] Room id: 002
[Room] Channel id: 004
[Room] Room name: 'Terra dos mortos!!'
[Room] Room type: Team_DeathMatch
[Room] Room special: None
[Room] Room weapons: Melee, Secondary, Primary
[Room] Map name: 'TD_MSTATION'
[Room] Actual players count: 0
[Room] Started battle.
[Room] ;------------------;
[Room] Battle is finished.
[Room] Tech id: 1060865
[Room] Used spawn count: 61
[Room] End Players count: 3
[Room] ;------------------;
[Room] Room result info.
[Room] Player (Id: 5816; Slot: 0) Exp: 670; Gp: 596; KD: 33/25; Score: 274
[Room] Player (Id: 5815; Slot: 1) Exp: 381; Gp: 340; KD: 13/14; Score: 115
[Room] Player (Id: 5784; Slot: 3) Exp: 378; Gp: 337; KD: 12/19; Score: 103
