[Room] Tech id: 1060864
[Room] Room id: 001
[Room] Channel id: 004
[Room] Room name: 'Go Go Go FireWay!'
[Room] Room type: Explosion
[Room] Room special: None
[Room] Room weapons: Grenade, Melee, Secondary, Primary
[Room] Map name: 'BB_LUXVILLE'
[Room] Actual players count: 0
[Room] Started battle.
[Room] Round 2 has been started.
[Room] Round 3 has been started.
[Room] Round 4 has been started.
[Room] Round 5 has been started.
[Room] Round 6 has been started.
[Room] Round 7 has been started.
[Room] ;------------------;
[Room] Battle is finished.
[Room] Tech id: 1060864
[Room] Used spawn count: 28
[Room] End Players count: 4
[Room] ;------------------;
[Room] Room result info.
[Room] Player (Id: 5780; Slot: 0) Exp: 220; Gp: 184; KD: 2/4; Score: 15
[Room] Player (Id: 5797; Slot: 1) Exp: 200; Gp: 177; KD: 5/5; Score: 49
[Room] Player (Id: 5799; Slot: 2) Exp: 290; Gp: 250; KD: 8/3; Score: 55
[Room] Player (Id: 5784; Slot: 3) Exp: 191; Gp: 168; KD: 2/5; Score: 20
