[Room] Tech id: 1060864
[Room] Room id: 001
[Room] Channel id: 004
[Room] Room name: 'Go Go Go FireWay!'
[Room] Room type: Team_DeathMatch
[Room] Room special: SniperMode
[Room] Room weapons: Melee, Primary, Mode_SSG69
[Room] Map name: 'TD_LIBRARY'
[Room] Actual players count: 0
[Room] Started battle.
[Room] ;------------------;
[Room] Battle is finished.
[Room] Tech id: 1060864
[Room] Used spawn count: 107
[Room] End Players count: 3
[Room] ;------------------;
[Room] Room result info.
[Room] Player (Id: 5780; Slot: 0) Exp: 816; Gp: 736; KD: 34/70; Score: 210
[Room] Player (Id: 5802; Slot: 1) Exp: 735; Gp: 612; KD: 21/10; Score: 115
[Room] Player (Id: 5799; Slot: 3) Exp: 927; Gp: 796; KD: 49/24; Score: 250
