[Room] Tech id: 1060864
[Room] Room id: 001
[Room] Channel id: 004
[Room] Room name: 'SEM SLADE'
[Room] Room type: Explosion
[Room] Room special: ShotgunMode
[Room] Room weapons: Grenade, Melee, Primary, Mode_870MCS
[Room] Map name: 'BB_OUTPOST'
[Room] Actual players count: 0
[Room] Started battle.
[Room] Round 2 has been started.
[Room] Round 3 has been started.
[Room] Round 4 has been started.
[Room] Round 5 has been started.
[Room] Round 6 has been started.
[Room] Round 7 has been started.
[Room] ;------------------;
[Room] Battle is finished.
[Room] Tech id: 1060864
[Room] Used spawn count: 14
[Room] End Players count: 2
[Room] ;------------------;
[Room] Room result info.
[Room] Player (Id: 5759; Slot: 0) Exp: 440; Gp: 371; KD: 3/2; Score: 15
[Room] Player (Id: 5760; Slot: 3) Exp: 275; Gp: 230; KD: 0/3; Score: 0
