[Room] Tech id: 1060864
[Room] Room id: 001
[Room] Channel id: 004
[Room] Room name: 'Terra dos mortos!!'
[Room] Room type: Explosion
[Room] Room special: None
[Room] Room weapons: Grenade, Melee, Secondary, Primary
[Room] Map name: 'BB_LUXVILLE'
[Room] Actual players count: 0
[Room] Started battle.
[Room] Round 2 has been started.
[Room] Round 3 has been started.
[Room] Round 4 has been started.
[Room] Round 5 has been started.
[Room] Round 6 has been started.
[Room] Round 7 has been started.
[Room] Round 8 has been started.
[Room] Round 9 has been started.
[Room] Round 10 has been started.
[Room] ;------------------;
[Room] Battle is finished.
[Room] Tech id: 1060864
[Room] Used spawn count: 45
[Room] End Players count: 5
[Room] ;------------------;
[Room] Room result info.
[Room] Player (Id: 5780; Slot: 0) Exp: 183; Gp: 156; KD: 0/10; Score: 0
[Room] Player (Id: 5798; Slot: 1) Exp: 307; Gp: 263; KD: 12/2; Score: 70
[Room] Player (Id: 5759; Slot: 2) Exp: 251; Gp: 224; KD: 5/9; Score: 30
[Room] Player (Id: 5794; Slot: 3) Exp: 247; Gp: 205; KD: 7/2; Score: 40
[Room] Player (Id: 5804; Slot: 5) Exp: 109; Gp: 87; KD: 0/1; Score: 0
