[Room] Tech id: 1060864
[Room] Room id: 001
[Room] Channel id: 004
[Room] Room name: 'Entra aqui Noob!!'
[Room] Room type: Explosion
[Room] Room special: None
[Room] Room weapons: Grenade, Melee, Secondary, Primary
[Room] Map name: 'BB_LUXVILLE'
[Room] Actual players count: 0
[Room] Started battle.
[Room] Round 2 has been started.
[Room] Round 3 has been started.
[Room] Round 4 has been started.
[Room] Round 5 has been started.
[Room] ;------------------;
[Room] Battle is finished.
[Room] Tech id: 1060864
[Room] Used spawn count: 15
[Room] End Players count: 3
[Room] ;------------------;
[Room] Room result info.
[Room] Player (Id: 5797; Slot: 0) Exp: 64; Gp: 52; KD: 1/0; Score: 5
[Room] Player (Id: 5780; Slot: 2) Exp: 94; Gp: 81; KD: 4/0; Score: 30
[Room] Player (Id: 5759; Slot: 5) Exp: 60; Gp: 52; KD: 0/5; Score: 0
