[Room] Tech id: 1060864
[Room] Room id: 001
[Room] Channel id: 004
[Room] Room name: 'Terra dos mortos!!'
[Room] Room type: Explosion
[Room] Room special: None
[Room] Room weapons: Melee, Secondary, Primary
[Room] Map name: 'BB_LUXVILLE'
[Room] Actual players count: 0
[Room] Started battle.
[Room] Round 2 has been started.
[Room] Round 3 has been started.
[Room] Round 4 has been started.
[Room] Round 5 has been started.
[Room] Round 6 has been started.
[Room] ;------------------;
[Room] Battle is finished.
[Room] Tech id: 1060864
[Room] Used spawn count: 26
[Room] End Players count: 4
[Room] ;------------------;
[Room] Room result info.
[Room] Player (Id: 5803; Slot: 0) Exp: 161; Gp: 136; KD: 0/6; Score: 0
[Room] Player (Id: 5784; Slot: 1) Exp: 188; Gp: 152; KD: 1/2; Score: 5
[Room] Player (Id: 5798; Slot: 3) Exp: 264; Gp: 224; KD: 12/1; Score: 70
[Room] Player (Id: 5780; Slot: 4) Exp: 179; Gp: 154; KD: 3/5; Score: 20
