[Room] Tech id: 1060864
[Room] Room id: 001
[Room] Channel id: 004
[Room] Room name: '@UP'
[Room] Room type: Team_DeathMatch
[Room] Room special: None
[Room] Room weapons: Grenade, Melee, Secondary, Primary
[Room] Map name: 'TD_MSTATION'
[Room] Actual players count: 0
[Room] Started battle.
[Room] ;------------------;
[Room] Battle is finished.
[Room] Tech id: 1060864
[Room] Used spawn count: 100
[Room] End Players count: 4
[Room] ;------------------;
[Room] Room result info.
[Room] Player (Id: 5025; Slot: 0) Exp: 412; Gp: 376; KD: 29/24; Score: 155
[Room] Player (Id: 5022; Slot: 1) Exp: 704; Gp: 629; KD: 35/24; Score: 303
[Room] Player (Id: 5002; Slot: 2) Exp: 385; Gp: 345; KD: 12/30; Score: 90
[Room] Player (Id: 5016; Slot: 3) Exp: 493; Gp: 426; KD: 20/17; Score: 140
