[Room] Tech id: 1060864
[Room] Room id: 001
[Room] Channel id: 004
[Room] Room name: 'Terra dos mortos!!'
[Room] Room type: Team_DeathMatch
[Room] Room special: None
[Room] Room weapons: Grenade, Melee, Secondary, Primary
[Room] Map name: 'TD_MSTATION'
[Room] Actual players count: 0
[Room] Started battle.
[Room] ;------------------;
[Room] Battle is finished.
[Room] Tech id: 1060864
[Room] Used spawn count: 63
[Room] End Players count: 4
[Room] ;------------------;
[Room] Room result info.
[Room] Player (Id: 5780; Slot: 0) Exp: 411; Gp: 371; KD: 19/32; Score: 113
[Room] Player (Id: 5798; Slot: 1) Exp: 550; Gp: 481; KD: 28/12; Score: 197
[Room] Player (Id: 5794; Slot: 3) Exp: 384; Gp: 324; KD: 10/9; Score: 75
[Room] Player (Id: 5759; Slot: 4) Exp: 97; Gp: 86; KD: 2/6; Score: 20
