[Room] Tech id: 1060864
[Room] Room id: 001
[Room] Channel id: 004
[Room] Room name: '@camp'
[Room] Room type: Explosion
[Room] Room special: None
[Room] Room weapons: Melee, Secondary, Primary
[Room] Map name: 'BB_LUXVILLE'
[Room] Actual players count: 0
[Room] Started battle.
[Room] Round 2 has been started.
[Room] Round 3 has been started.
[Room] Round 4 has been started.
[Room] Round 5 has been started.
[Room] Round 6 has been started.
[Room] Round 7 has been started.
[Room] Round 8 has been started.
[Room] ;------------------;
[Room] Battle is finished.
[Room] Tech id: 1060864
[Room] Used spawn count: 39
[Room] End Players count: 5
[Room] ;------------------;
[Room] Room result info.
[Room] Player (Id: 5001; Slot: 0) Exp: 358; Gp: 301; KD: 6/6; Score: 63
[Room] Player (Id: 5020; Slot: 1) Exp: 258; Gp: 223; KD: 5/6; Score: 35
[Room] Player (Id: 5017; Slot: 2) Exp: 486; Gp: 423; KD: 12/4; Score: 93
[Room] Player (Id: 5014; Slot: 3) Exp: 266; Gp: 229; KD: 2/6; Score: 10
[Room] Player (Id: 5022; Slot: 5) Exp: 285; Gp: 248; KD: 3/6; Score: 29
