[Room] Tech id: 1060864
[Room] Room id: 001
[Room] Channel id: 004
[Room] Room name: 'Luta entre humanos e d'
[Room] Room type: Boss
[Room] Room special: 2
[Room] Room weapons: Grenade, Melee, Secondary, Primary
[Room] Map name: 'ES_DUPTOWN'
[Room] Actual players count: 0
[Room] Started battle.
[Room] ;------------------;
[Room] Battle is finished.
[Room] Tech id: 1060864
[Room] Used spawn count: 33
[Room] End Players count: 4
[Room] ;------------------;
[Room] Room result info.
[Room] Player (Id: 5760; Slot: 0) Exp: 340; Gp: 279; KD: 5/8; Score: 25
[Room] Player (Id: 5780; Slot: 1) Exp: 291; Gp: 250; KD: 5/12; Score: 25
[Room] Player (Id: 5784; Slot: 2) Exp: 372; Gp: 309; KD: 11/3; Score: 60
[Room] Player (Id: 5791; Slot: 3) Exp: 269; Gp: 231; KD: 6/4; Score: 35
