[Room] Tech id: 1060864
[Room] Room id: 001
[Room] Channel id: 004
[Room] Room name: 'Terra dos mortos!!'
[Room] Room type: Team_DeathMatch
[Room] Room special: None
[Room] Room weapons: Grenade, Melee, Secondary, Primary
[Room] Map name: 'TD_MSTATION'
[Room] Actual players count: 0
[Room] Started battle.
[Room] ;------------------;
[Room] Battle is finished.
[Room] Tech id: 1060864
[Room] Used spawn count: 41
[Room] End Players count: 3
[Room] ;------------------;
[Room] Room result info.
[Room] Player (Id: 5784; Slot: 0) Exp: 371; Gp: 331; KD: 13/25; Score: 86
[Room] Player (Id: 5817; Slot: 1) Exp: 385; Gp: 323; KD: 11/6; Score: 70
[Room] Player (Id: 5760; Slot: 3) Exp: 399; Gp: 336; KD: 14/7; Score: 80
