[Room] Tech id: 1060864
[Room] Room id: 001
[Room] Channel id: 004
[Room] Room name: 'Entra aqui Noob!!'
[Room] Room type: Team_DeathMatch
[Room] Room special: None
[Room] Room weapons: Grenade, Melee, Secondary, Primary
[Room] Map name: 'TD_BURNINGHALL'
[Room] Actual players count: 0
[Room] Started battle.
[Room] ;------------------;
[Room] Battle is finished.
[Room] Tech id: 1060864
[Room] Used spawn count: 48
[Room] End Players count: 3
[Room] ;------------------;
[Room] Room result info.
[Room] Player (Id: 5784; Slot: 0) Exp: 499; Gp: 431; KD: 26/6; Score: 164
[Room] Player (Id: 5767; Slot: 1) Exp: 372; Gp: 332; KD: 13/32; Score: 74
[Room] Player (Id: 5760; Slot: 2) Exp: 342; Gp: 281; KD: 6/8; Score: 30
