[Room] Tech id: 1060864
[Room] Room id: 001
[Room] Channel id: 004
[Room] Room name: '@LAN'
[Room] Room type: Explosion
[Room] Room special: None
[Room] Room weapons: Grenade, Melee, Secondary, Primary
[Room] Map name: 'BB_LUXVILLE'
[Room] Actual players count: 0
[Room] Started battle.
[Room] Round 2 has been started.
[Room] Round 3 has been started.
[Room] Round 4 has been started.
[Room] Round 5 has been started.
[Room] ;------------------;
[Room] Battle is finished.
[Room] Tech id: 1060864
[Room] Used spawn count: 20
[Room] End Players count: 4
[Room] ;------------------;
[Room] Room result info.
[Room] Player (Id: 5007; Slot: 0) Exp: 112; Gp: 97; KD: 2/5; Score: 10
[Room] Player (Id: 5001; Slot: 1) Exp: 150; Gp: 126; KD: 5/2; Score: 30
[Room] Player (Id: 5006; Slot: 4) Exp: 102; Gp: 87; KD: 0/5; Score: 0
[Room] Player (Id: 5002; Slot: 5) Exp: 168; Gp: 143; KD: 5/0; Score: 49
