[Room] Tech id: 1060864
[Room] Room id: 001
[Room] Channel id: 004
[Room] Room name: 'Go Go Go FireWay!'
[Room] Room type: Team_DeathMatch
[Room] Room special: None
[Room] Room weapons: Melee, Primary
[Room] Map name: 'TD_LIBRARY'
[Room] Actual players count: 0
[Room] Started battle.
[Room] ;------------------;
[Room] Battle is finished.
[Room] Tech id: 1060864
[Room] Used spawn count: 30
[Room] End Players count: 3
[Room] ;------------------;
[Room] Room result info.
[Room] Player (Id: 5007; Slot: 0) Exp: 375; Gp: 334; KD: 13/14; Score: 109
[Room] Player (Id: 5005; Slot: 1) Exp: 417; Gp: 354; KD: 14/12; Score: 86
[Room] Player (Id: 5000; Slot: 3) Exp: 27; Gp: 21; KD: 0/1; Score: 0
