[Room] Tech id: 1060864
[Room] Room id: 001
[Room] Channel id: 004
[Room] Room name: 'Go Go Go FireWay!'
[Room] Room type: Explosion
[Room] Room special: None
[Room] Room weapons: Melee, Primary
[Room] Map name: 'BB_DOWNTOWN2'
[Room] Actual players count: 0
[Room] Started battle.
[Room] Round 2 has been started.
[Room] Round 3 has been started.
[Room] Round 4 has been started.
[Room] Round 5 has been started.
[Room] Round 6 has been started.
[Room] ;------------------;
[Room] Battle is finished.
[Room] Tech id: 1060864
[Room] Used spawn count: 28
[Room] End Players count: 5
[Room] ;------------------;
[Room] Room result info.
[Room] Player (Id: 5007; Slot: 0) Exp: 224; Gp: 194; KD: 2/5; Score: 15
[Room] Player (Id: 5019; Slot: 1) Exp: 314; Gp: 266; KD: 8/2; Score: 60
[Room] Player (Id: 5016; Slot: 2) Exp: 214; Gp: 184; KD: 1/5; Score: 5
[Room] Player (Id: 5001; Slot: 4) Exp: 145; Gp: 123; KD: 1/4; Score: 5
[Room] Player (Id: 5014; Slot: 7) Exp: 312; Gp: 264; KD: 6/2; Score: 58
