[Room] Tech id: 1060864
[Room] Room id: 001
[Room] Channel id: 004
[Room] Room name: 'Sinta o headshot!!'
[Room] Room type: Team_DeathMatch
[Room] Room special: None
[Room] Room weapons: Melee, Primary
[Room] Map name: 'TD_NEWLIBRARY'
[Room] Actual players count: 0
[Room] Started battle.
[Room] ;------------------;
[Room] Battle is finished.
[Room] Tech id: 1060864
[Room] Used spawn count: 49
[Room] End Players count: 3
[Room] ;------------------;
[Room] Room result info.
[Room] Player (Id: 5780; Slot: 0) Exp: 399; Gp: 358; KD: 17/29; Score: 106
[Room] Player (Id: 5798; Slot: 1) Exp: 538; Gp: 470; KD: 28/15; Score: 182
[Room] Player (Id: 5760; Slot: 3) Exp: 87; Gp: 71; KD: 1/2; Score: 5
