[Room] Tech id: 1060864
[Room] Room id: 001
[Room] Channel id: 004
[Room] Room name: 'Terra dos mortos!!'
[Room] Room type: Team_DeathMatch
[Room] Room special: None
[Room] Room weapons: Melee
[Room] Map name: 'TD_CRACKDOWN'
[Room] Actual players count: 0
[Room] Started battle.
[Room] ;------------------;
[Room] Battle is finished.
[Room] Tech id: 1060864
[Room] Used spawn count: 84
[Room] End Players count: 3
[Room] ;------------------;
[Room] Room result info.
[Room] Player (Id: 5763; Slot: 0) Exp: 1027; Gp: 891; KD: 50/27; Score: 326
[Room] Player (Id: 5760; Slot: 1) Exp: 40; Gp: 36; KD: 2/1; Score: 11
[Room] Player (Id: 5759; Slot: 3) Exp: 648; Gp: 568; KD: 19/26; Score: 120
