[Room] Tech id: 1060864
[Room] Room id: 001
[Room] Channel id: 004
[Room] Room name: 'HEROI DE GUERRA'
[Room] Room type: Annihilation
[Room] Room special: None
[Room] Room weapons: Grenade, Melee, Secondary, Primary
[Room] Map name: 'TD_CRACKDOWN'
[Room] Actual players count: 0
[Room] Started battle.
[Room] Round 2 has been started.
[Room] Round 3 has been started.
[Room] Round 4 has been started.
[Room] Round 5 has been started.
[Room] ;------------------;
[Room] Battle is finished.
[Room] Tech id: 1060864
[Room] Used spawn count: 20
[Room] End Players count: 4
[Room] ;------------------;
[Room] Room result info.
[Room] Player (Id: 5016; Slot: 0) Exp: 118; Gp: 105; KD: 4/3; Score: 39
[Room] Player (Id: 5001; Slot: 1) Exp: 124; Gp: 104; KD: 3/3; Score: 25
[Room] Player (Id: 5007; Slot: 2) Exp: 86; Gp: 74; KD: 1/4; Score: 5
[Room] Player (Id: 5019; Slot: 3) Exp: 127; Gp: 108; KD: 4/2; Score: 30
