[Room] Tech id: 1060864
[Room] Room id: 001
[Room] Channel id: 004
[Room] Room name: 'Entra aqui Noob!!'
[Room] Room type: Team_DeathMatch
[Room] Room special: None
[Room] Room weapons: Grenade, Melee, Secondary, Primary
[Room] Map name: 'TD_BATTLESHIP'
[Room] Actual players count: 0
[Room] Started battle.
[Room] ;------------------;
[Room] Battle is finished.
[Room] Tech id: 1060864
[Room] Used spawn count: 29
[Room] End Players count: 3
[Room] ;------------------;
[Room] Room result info.
[Room] Player (Id: 5760; Slot: 0) Exp: 420; Gp: 355; KD: 14/11; Score: 89
[Room] Player (Id: 5794; Slot: 1) Exp: 187; Gp: 160; KD: 3/3; Score: 23
[Room] Player (Id: 5784; Slot: 3) Exp: 311; Gp: 271; KD: 6/9; Score: 54
