[Room] Tech id: 1060865
[Room] Room id: 002
[Room] Channel id: 004
[Room] Room name: 'Go Go Go FireWay!'
[Room] Room type: Team_DeathMatch
[Room] Room special: None
[Room] Room weapons: Melee
[Room] Map name: 'TD_BURNINGHALL'
[Room] Actual players count: 0
[Room] Started battle.
[Room] ;------------------;
[Room] Battle is finished.
[Room] Tech id: 1060865
[Room] Used spawn count: 40
[Room] End Players count: 3
[Room] ;------------------;
[Room] Room result info.
[Room] Player (Id: 5791; Slot: 1) Exp: 152; Gp: 125; KD: 3/2; Score: 16
[Room] Player (Id: 5760; Slot: 2) Exp: 339; Gp: 299; KD: 8/27; Score: 50
[Room] Player (Id: 5780; Slot: 3) Exp: 621; Gp: 549; KD: 23/6; Score: 267
