[Room] Tech id: 1060864
[Room] Room id: 001
[Room] Channel id: 004
[Room] Room name: 'Sinta o headshot!!'
[Room] Room type: Team_DeathMatch
[Room] Room special: None
[Room] Room weapons: Melee, Secondary, Primary
[Room] Map name: 'TD_MSTATION'
[Room] Actual players count: 0
[Room] Started battle.
[Room] ;------------------;
[Room] Battle is finished.
[Room] Tech id: 1060864
[Room] Used spawn count: 8
[Room] End Players count: 5
[Room] ;------------------;
[Room] Room result info.
[Room] Player (Id: 5780; Slot: 0) Exp: 36; Gp: 33; KD: 0/13; Score: 0
[Room] Player (Id: 5794; Slot: 1) Exp: 27; Gp: 27; KD: 0/13; Score: 0
[Room] Player (Id: 5805; Slot: 3) Exp: 30; Gp: 29; KD: 0/13; Score: 0
[Room] Player (Id: 5806; Slot: 4) Exp: 1240; Gp: 1187; KD: 101/13; Score: 1014
[Room] Player (Id: 5801; Slot: 5) Exp: 30; Gp: 29; KD: 0/13; Score: 0
[Room] ;------------------;
[Room] Battle is finished.
[Room] Tech id: 1060864
[Room] Used spawn count: 0
[Room] End Players count: 0
[Room] ;------------------;
[Room] Room result info.
[Room] ;------------------;
[Room] Battle is finished.
[Room] Tech id: 1060864
[Room] Used spawn count: 0
[Room] End Players count: 0
[Room] ;------------------;
[Room] Room result info.
