[Room] Tech id: 1060864
[Room] Room id: 001
[Room] Channel id: 004
[Room] Room name: 'Entra aqui Noob!!'
[Room] Room type: Explosion
[Room] Room special: None
[Room] Room weapons: Grenade, Melee, Secondary, Primary
[Room] Map name: 'BB_LUXVILLE'
[Room] Actual players count: 0
[Room] Started battle.
[Room] Round 2 has been started.
[Room] Round 3 has been started.
[Room] Round 4 has been started.
[Room] Round 5 has been started.
[Room] Round 6 has been started.
[Room] Round 7 has been started.
[Room] Round 8 has been started.
[Room] Round 9 has been started.
[Room] Round 10 has been started.
[Room] ;------------------;
[Room] Battle is finished.
[Room] Tech id: 1060864
[Room] Used spawn count: 40
[Room] End Players count: 4
[Room] ;------------------;
[Room] Room result info.
[Room] Player (Id: 5780; Slot: 0) Exp: 297; Gp: 250; KD: 6/4; Score: 40
[Room] Player (Id: 5802; Slot: 1) Exp: 210; Gp: 180; KD: 3/7; Score: 15
[Room] Player (Id: 5804; Slot: 2) Exp: 307; Gp: 259; KD: 9/3; Score: 50
[Room] Player (Id: 5760; Slot: 5) Exp: 217; Gp: 187; KD: 4/8; Score: 20
