[Room] Tech id: 1060865
[Room] Room id: 002
[Room] Channel id: 004
[Room] Room name: 'Go Go Go FireWay!'
[Room] Room type: Team_DeathMatch
[Room] Room special: SniperMode
[Room] Room weapons: Melee, Primary, Mode_SSG69
[Room] Map name: 'TD_NEWLIBRARY'
[Room] Actual players count: 0
[Room] Started battle.
[Room] ;------------------;
[Room] Battle is finished.
[Room] Tech id: 1060865
[Room] Used spawn count: 36
[Room] End Players count: 3
[Room] ;------------------;
[Room] Room result info.
[Room] Player (Id: 5760; Slot: 1) Exp: 28; Gp: 24; KD: 1/1; Score: 5
[Room] Player (Id: 5804; Slot: 2) Exp: 433; Gp: 369; KD: 17/14; Score: 95
[Room] Player (Id: 5759; Slot: 3) Exp: 333; Gp: 293; KD: 12/15; Score: 65
