[Room] Tech id: 1060864
[Room] Room id: 001
[Room] Channel id: 004
[Room] Room name: 'SÓ TRABALHO EM HS'
[Room] Room type: Explosion
[Room] Room special: None
[Room] Room weapons: Melee, Secondary, Primary
[Room] Map name: 'BB_DOWNTOWN2'
[Room] Actual players count: 0
[Room] Started battle.
[Room] Round 2 has been started.
[Room] Round 3 has been started.
[Room] Round 4 has been started.
[Room] Round 5 has been started.
[Room] Round 6 has been started.
[Room] Round 7 has been started.
[Room] Round 8 has been started.
[Room] ;------------------;
[Room] Battle is finished.
[Room] Tech id: 1060864
[Room] Used spawn count: 32
[Room] End Players count: 4
[Room] ;------------------;
[Room] Room result info.
[Room] Player (Id: 5013; Slot: 0) Exp: 305; Gp: 276; KD: 7/5; Score: 59
[Room] Player (Id: 5014; Slot: 1) Exp: 313; Gp: 266; KD: 6/5; Score: 55
[Room] Player (Id: 5007; Slot: 3) Exp: 303; Gp: 256; KD: 6/4; Score: 49
[Room] Player (Id: 5016; Slot: 4) Exp: 205; Gp: 176; KD: 2/7; Score: 15
