[Room] Tech id: 1060864
[Room] Room id: 001
[Room] Channel id: 004
[Room] Room name: 'Terra dos mortos!!'
[Room] Room type: Team_DeathMatch
[Room] Room special: None
[Room] Room weapons: Grenade, Melee, Secondary, Primary
[Room] Map name: 'TD_UPTOWN'
[Room] Actual players count: 0
[Room] Started battle.
[Room] ;------------------;
[Room] Battle is finished.
[Room] Tech id: 1060864
[Room] Used spawn count: 48
[Room] End Players count: 4
[Room] ;------------------;
[Room] Room result info.
[Room] Player (Id: 5037; Slot: 0) Exp: 463; Gp: 397; KD: 16/5; Score: 137
[Room] Player (Id: 5005; Slot: 2) Exp: 307; Gp: 248; KD: 1/6; Score: 5
[Room] Player (Id: 5013; Slot: 3) Exp: 396; Gp: 356; KD: 12/31; Score: 100
[Room] Player (Id: 5000; Slot: 4) Exp: 379; Gp: 317; KD: 14/3; Score: 70
