[Room] Tech id: 1060864
[Room] Room id: 001
[Room] Channel id: 004
[Room] Room name: '@Camp s pindad e sc'
[Room] Room type: Team_DeathMatch
[Room] Room special: None
[Room] Room weapons: Grenade, Melee, Secondary, Primary
[Room] Map name: 'TD_MSTATION'
[Room] Actual players count: 0
[Room] Started battle.
[Room] ;------------------;
[Room] Battle is finished.
[Room] Tech id: 1060864
[Room] Used spawn count: 49
[Room] End Players count: 4
[Room] ;------------------;
[Room] Room result info.
[Room] Player (Id: 5022; Slot: 0) Exp: 450; Gp: 410; KD: 19/21; Score: 172
[Room] Player (Id: 5025; Slot: 1) Exp: 609; Gp: 537; KD: 23/19; Score: 233
[Room] Player (Id: 5016; Slot: 2) Exp: 65; Gp: 59; KD: 3/3; Score: 25
[Room] Player (Id: 5026; Slot: 3) Exp: 61; Gp: 50; KD: 1/3; Score: 5
