[Room] Tech id: 1060864
[Room] Room id: 001
[Room] Channel id: 004
[Room] Room name: 'Sinta o headshot!!'
[Room] Room type: Team_DeathMatch
[Room] Room special: None
[Room] Room weapons: Grenade, Melee, Secondary, Primary
[Room] Map name: 'TD_SANDSTORM'
[Room] Actual players count: 0
[Room] Started battle.
[Room] ;------------------;
[Room] Battle is finished.
[Room] Tech id: 1060864
[Room] Used spawn count: 25
[Room] End Players count: 3
[Room] ;------------------;
[Room] Room result info.
[Room] Player (Id: 5779; Slot: 0) Exp: 208; Gp: 187; KD: 6/17; Score: 57
[Room] Player (Id: 5777; Slot: 1) Exp: 384; Gp: 345; KD: 16/4; Score: 193
[Room] Player (Id: 5760; Slot: 3) Exp: 112; Gp: 92; KD: 1/2; Score: 5
