[Room] Tech id: 1060864
[Room] Room id: 001
[Room] Channel id: 004
[Room] Room name: 'Terra dos mortos!!'
[Room] Room type: Team_DeathMatch
[Room] Room special: SniperMode
[Room] Room weapons: Grenade, Melee, Primary, Mode_SSG69
[Room] Map name: 'TD_FACEROCK'
[Room] Actual players count: 0
[Room] Started battle.
[Room] ;------------------;
[Room] Battle is finished.
[Room] Tech id: 1060864
[Room] Used spawn count: 25
[Room] End Players count: 3
[Room] ;------------------;
[Room] Room result info.
[Room] Player (Id: 5767; Slot: 0) Exp: 315; Gp: 275; KD: 9/13; Score: 51
[Room] Player (Id: 5760; Slot: 1) Exp: 358; Gp: 297; KD: 10/4; Score: 51
[Room] Player (Id: 5765; Slot: 3) Exp: 216; Gp: 177; KD: 3/5; Score: 15
