[Room] Tech id: 1060864
[Room] Room id: 001
[Room] Channel id: 004
[Room] Room name: 'Terra dos mortos!!'
[Room] Room type: Team_DeathMatch
[Room] Room special: ShotgunMode
[Room] Room weapons: Melee, Primary, Mode_870MCS
[Room] Map name: 'TD_BURNINGHALL'
[Room] Actual players count: 0
[Room] Started battle.
[Room] ;------------------;
[Room] Battle is finished.
[Room] Tech id: 1060864
[Room] Used spawn count: 15
[Room] End Players count: 3
[Room] ;------------------;
[Room] Room result info.
[Room] Player (Id: 5000; Slot: 0) Exp: 207; Gp: 174; KD: 7/4; Score: 45
[Room] Player (Id: 5005; Slot: 1) Exp: 33; Gp: 28; KD: 0/2; Score: 0
[Room] Player (Id: 5007; Slot: 3) Exp: 151; Gp: 131; KD: 4/6; Score: 20
