[Room] Tech id: 1060864
[Room] Room id: 001
[Room] Channel id: 004
[Room] Room name: 'Entra aqui Noob!!'
[Room] Room type: Team_DeathMatch
[Room] Room special: SniperMode
[Room] Room weapons: Melee, Primary, Mode_SSG69
[Room] Map name: 'TD_NEWLIBRARY'
[Room] Actual players count: 0
[Room] Started battle.
[Room] ;------------------;
[Room] Battle is finished.
[Room] Tech id: 1060864
[Room] Used spawn count: 63
[Room] End Players count: 4
[Room] ;------------------;
[Room] Room result info.
[Room] Player (Id: 5007; Slot: 0) Exp: 335; Gp: 295; KD: 12/14; Score: 69
[Room] Player (Id: 5005; Slot: 1) Exp: 409; Gp: 345; KD: 16/11; Score: 80
[Room] Player (Id: 5013; Slot: 2) Exp: 330; Gp: 290; KD: 10/22; Score: 50
[Room] Player (Id: 5000; Slot: 3) Exp: 441; Gp: 376; KD: 20/11; Score: 107
