[Room] Tech id: 1060864
[Room] Room id: 001
[Room] Channel id: 004
[Room] Room name: 'HEROI DE GUERRA'
[Room] Room type: Team_DeathMatch
[Room] Room special: None
[Room] Room weapons: Melee
[Room] Map name: 'TD_BURNINGHALL'
[Room] Actual players count: 0
[Room] Started battle.
[Room] ;------------------;
[Room] Battle is finished.
[Room] Tech id: 1060864
[Room] Used spawn count: 21
[Room] End Players count: 3
[Room] ;------------------;
[Room] Room result info.
[Room] Player (Id: 5016; Slot: 0) Exp: 242; Gp: 209; KD: 11/8; Score: 68
[Room] Player (Id: 5001; Slot: 1) Exp: 187; Gp: 167; KD: 8/11; Score: 47
[Room] Player (Id: 5018; Slot: 3) Exp: 1; Gp: 1; KD: 0/0; Score: 0
