[Room] Tech id: 1060864
[Room] Room id: 001
[Room] Channel id: 004
[Room] Room name: 'Entra aqui Noob!!'
[Room] Room type: Team_DeathMatch
[Room] Room special: None
[Room] Room weapons: Grenade, Melee, Secondary, Primary
[Room] Map name: 'TD_MSTATION'
[Room] Actual players count: 0
[Room] Started battle.
[Room] ;------------------;
[Room] Battle is finished.
[Room] Tech id: 1060864
[Room] Used spawn count: 26
[Room] End Players count: 3
[Room] ;------------------;
[Room] Room result info.
[Room] Player (Id: 5760; Slot: 0) Exp: 216; Gp: 195; KD: 11/12; Score: 74
[Room] Player (Id: 5772; Slot: 1) Exp: 217; Gp: 185; KD: 8/6; Score: 50
[Room] Player (Id: 5759; Slot: 3) Exp: 184; Gp: 154; KD: 4/5; Score: 25
