[Room] Tech id: 1060864
[Room] Room id: 001
[Room] Channel id: 004
[Room] Room name: 'Terra dos mortos!!'
[Room] Room type: Explosion
[Room] Room special: None
[Room] Room weapons: Grenade, Melee, Secondary, Primary
[Room] Map name: 'BB_LUXVILLE'
[Room] Actual players count: 0
[Room] Started battle.
[Room] Round 2 has been started.
[Room] Round 3 has been started.
[Room] Round 4 has been started.
[Room] Round 5 has been started.
[Room] Round 6 has been started.
[Room] Round 7 has been started.
[Room] Round 8 has been started.
[Room] Round 9 has been started.
[Room] Round 10 has been started.
[Room] ;------------------;
[Room] Battle is finished.
[Room] Tech id: 1060864
[Room] Used spawn count: 40
[Room] End Players count: 4
[Room] ;------------------;
[Room] Room result info.
[Room] Player (Id: 5780; Slot: 0) Exp: 322; Gp: 278; KD: 6/8; Score: 40
[Room] Player (Id: 5804; Slot: 1) Exp: 440; Gp: 370; KD: 10/6; Score: 69
[Room] Player (Id: 5759; Slot: 2) Exp: 472; Gp: 428; KD: 4/8; Score: 30
[Room] Player (Id: 5760; Slot: 3) Exp: 465; Gp: 395; KD: 6/4; Score: 35
