[Room] Tech id: 1060864
[Room] Room id: 001
[Room] Channel id: 004
[Room] Room name: 'Entra aqui Noob!!'
[Room] Room type: Team_DeathMatch
[Room] Room special: None
[Room] Room weapons: Grenade, Melee, Secondary, Primary
[Room] Map name: 'TD_SANDSTORM'
[Room] Actual players count: 0
[Room] Started battle.
[Room] ;------------------;
[Room] Battle is finished.
[Room] Tech id: 1060864
[Room] Used spawn count: 31
[Room] End Players count: 3
[Room] ;------------------;
[Room] Room result info.
[Room] Player (Id: 5760; Slot: 0) Exp: 404; Gp: 341; KD: 14/13; Score: 73
[Room] Player (Id: 5794; Slot: 1) Exp: 337; Gp: 297; KD: 9/10; Score: 79
[Room] Player (Id: 5784; Slot: 3) Exp: 202; Gp: 176; KD: 4/5; Score: 35
