[Room] Tech id: 1060864
[Room] Room id: 001
[Room] Channel id: 004
[Room] Room name: '@UP '
[Room] Room type: Explosion
[Room] Room special: None
[Room] Room weapons: Grenade, Melee, Secondary, Primary
[Room] Map name: 'BB_DOWNTOWN2'
[Room] Actual players count: 0
[Room] Started battle.
[Room] Round 2 has been started.
[Room] Round 3 has been started.
[Room] Round 4 has been started.
[Room] Round 5 has been started.
[Room] Round 6 has been started.
[Room] ;------------------;
[Room] Battle is finished.
[Room] Tech id: 1060864
[Room] Used spawn count: 44
[Room] End Players count: 7
[Room] ;------------------;
[Room] Room result info.
[Room] Player (Id: 5001; Slot: 0) Exp: 325; Gp: 277; KD: 7/3; Score: 45
[Room] Player (Id: 5016; Slot: 2) Exp: 231; Gp: 187; KD: 1/4; Score: 5
[Room] Player (Id: 5030; Slot: 3) Exp: 213; Gp: 183; KD: 5/4; Score: 25
[Room] Player (Id: 5002; Slot: 4) Exp: 248; Gp: 204; KD: 1/5; Score: 5
[Room] Player (Id: 5022; Slot: 5) Exp: 235; Gp: 205; KD: 6/2; Score: 53
[Room] Player (Id: 5000; Slot: 6) Exp: 291; Gp: 244; KD: 6/4; Score: 35
[Room] Player (Id: 5019; Slot: 7) Exp: 235; Gp: 205; KD: 5/5; Score: 45
