[Room] Tech id: 1060864
[Room] Room id: 001
[Room] Channel id: 004
[Room] Room name: 'Go Go Go FireWay!'
[Room] Room type: Explosion
[Room] Room special: None
[Room] Room weapons: Melee
[Room] Map name: 'BB_LUXVILLE'
[Room] Actual players count: 0
[Room] Started battle.
[Room] Round 2 has been started.
[Room] Round 3 has been started.
[Room] Round 4 has been started.
[Room] Round 5 has been started.
[Room] Round 6 has been started.
[Room] Round 7 has been started.
[Room] Round 8 has been started.
[Room] ;------------------;
[Room] Battle is finished.
[Room] Tech id: 1060864
[Room] Used spawn count: 46
[Room] End Players count: 6
[Room] ;------------------;
[Room] Room result info.
[Room] Player (Id: 5760; Slot: 0) Exp: 355; Gp: 308; KD: 11/4; Score: 60
[Room] Player (Id: 5797; Slot: 1) Exp: 242; Gp: 214; KD: 7/6; Score: 42
[Room] Player (Id: 5784; Slot: 2) Exp: 236; Gp: 195; KD: 5/4; Score: 28
[Room] Player (Id: 5780; Slot: 3) Exp: 190; Gp: 163; KD: 2/6; Score: 15
[Room] Player (Id: 5798; Slot: 4) Exp: 244; Gp: 202; KD: 2/3; Score: 10
[Room] Player (Id: 5799; Slot: 5) Exp: 190; Gp: 162; KD: 2/6; Score: 10
