[Room] Tech id: 1060865
[Room] Room id: 002
[Room] Channel id: 004
[Room] Room name: 'Go Go Go FireWay!'
[Room] Room type: Explosion
[Room] Room special: ShotgunMode
[Room] Room weapons: Melee, Primary, Mode_870MCS
[Room] Map name: 'BB_DOWNTOWN2'
[Room] Actual players count: 0
[Room] Started battle.
[Room] Round 2 has been started.
[Room] Round 3 has been started.
[Room] Round 4 has been started.
[Room] Round 5 has been started.
[Room] ;------------------;
[Room] Battle is finished.
[Room] Tech id: 1060865
[Room] Used spawn count: 12
[Room] End Players count: 3
[Room] ;------------------;
[Room] Room result info.
[Room] Player (Id: 5763; Slot: 0) Exp: 226; Gp: 198; KD: 5/2; Score: 30
[Room] Player (Id: 5780; Slot: 1) Exp: 116; Gp: 100; KD: 2/3; Score: 15
[Room] Player (Id: 5760; Slot: 3) Exp: 51; Gp: 43; KD: 0/2; Score: 0
