[Room] Tech id: 1060864
[Room] Room id: 001
[Room] Channel id: 004
[Room] Room name: '@LAN mpv'
[Room] Room type: Team_DeathMatch
[Room] Room special: None
[Room] Room weapons: Melee, Primary
[Room] Map name: 'TD_CRACKDOWN'
[Room] Actual players count: 0
[Room] Started battle.
[Room] ;------------------;
[Room] Battle is finished.
[Room] Tech id: 1060864
[Room] Used spawn count: 181
[Room] End Players count: 8
[Room] ;------------------;
[Room] Room result info.
[Room] Player (Id: 5001; Slot: 0) Exp: 577; Gp: 544; KD: 31/31; Score: 328
[Room] Player (Id: 5014; Slot: 1) Exp: 501; Gp: 443; KD: 23/18; Score: 193
[Room] Player (Id: 5022; Slot: 2) Exp: 441; Gp: 409; KD: 26/40; Score: 176
[Room] Player (Id: 5016; Slot: 3) Exp: 711; Gp: 645; KD: 35/30; Score: 346
[Room] Player (Id: 5000; Slot: 4) Exp: 322; Gp: 290; KD: 15/24; Score: 86
[Room] Player (Id: 5021; Slot: 5) Exp: 847; Gp: 775; KD: 40/23; Score: 472
[Room] Player (Id: 5006; Slot: 6) Exp: 56; Gp: 50; KD: 2/5; Score: 10
[Room] Player (Id: 5002; Slot: 7) Exp: 159; Gp: 131; KD: 2/3; Score: 15
