[Room] Tech id: 1060864
[Room] Room id: 001
[Room] Channel id: 004
[Room] Room name: 'Terra dos mortos!!'
[Room] Room type: Team_DeathMatch
[Room] Room special: None
[Room] Room weapons: Melee, Secondary, Primary
[Room] Map name: 'TD_CRACKDOWN'
[Room] Actual players count: 0
[Room] Started battle.
[Room] ;------------------;
[Room] Battle is finished.
[Room] Tech id: 1060864
[Room] Used spawn count: 54
[Room] End Players count: 4
[Room] ;------------------;
[Room] Room result info.
[Room] Player (Id: 5001; Slot: 1) Exp: 333; Gp: 295; KD: 14/7; Score: 145
[Room] Player (Id: 5002; Slot: 2) Exp: 286; Gp: 266; KD: 14/18; Score: 134
[Room] Player (Id: 5006; Slot: 3) Exp: 247; Gp: 213; KD: 11/9; Score: 70
[Room] Player (Id: 5007; Slot: 5) Exp: 134; Gp: 115; KD: 5/4; Score: 35
