[Room] Tech id: 1060865
[Room] Room id: 002
[Room] Channel id: 004
[Room] Room name: 'Go Go Go FireWay!'
[Room] Room type: Explosion
[Room] Room special: None
[Room] Room weapons: Grenade, Melee, Secondary, Primary
[Room] Map name: 'BB_OUTPOST'
[Room] Actual players count: 0
[Room] Started battle.
[Room] Round 2 has been started.
[Room] Round 3 has been started.
[Room] Round 4 has been started.
[Room] Round 5 has been started.
[Room] ;------------------;
[Room] Battle is finished.
[Room] Tech id: 1060865
[Room] Used spawn count: 20
[Room] End Players count: 4
[Room] ;------------------;
[Room] Room result info.
[Room] Player (Id: 5759; Slot: 0) Exp: 355; Gp: 300; KD: 4/3; Score: 20
[Room] Player (Id: 5761; Slot: 1) Exp: 228; Gp: 193; KD: 2/4; Score: 10
[Room] Player (Id: 5767; Slot: 3) Exp: 231; Gp: 196; KD: 3/3; Score: 15
[Room] Player (Id: 5760; Slot: 4) Exp: 271; Gp: 219; KD: 2/3; Score: 10
