[Room] Tech id: 1060864
[Room] Room id: 001
[Room] Channel id: 004
[Room] Room name: 'Go Go Go FireWay!'
[Room] Room type: Explosion
[Room] Room special: None
[Room] Room weapons: Grenade, Melee, Secondary, Primary
[Room] Map name: 'BB_LUXVILLE'
[Room] Actual players count: 0
[Room] Started battle.
[Room] Round 2 has been started.
[Room] Round 3 has been started.
[Room] Round 4 has been started.
[Room] Round 5 has been started.
[Room] Round 6 has been started.
[Room] Round 7 has been started.
[Room] Round 8 has been started.
[Room] ;------------------;
[Room] Battle is finished.
[Room] Tech id: 1060864
[Room] Used spawn count: 33
[Room] End Players count: 4
[Room] ;------------------;
[Room] Room result info.
[Room] Player (Id: 5798; Slot: 0) Exp: 291; Gp: 249; KD: 8/5; Score: 55
[Room] Player (Id: 5784; Slot: 1) Exp: 195; Gp: 169; KD: 5/5; Score: 30
[Room] Player (Id: 5808; Slot: 2) Exp: 241; Gp: 200; KD: 4/4; Score: 35
[Room] Player (Id: 5760; Slot: 3) Exp: 188; Gp: 162; KD: 4/5; Score: 20
