[Room] Tech id: 1060864
[Room] Room id: 001
[Room] Channel id: 004
[Room] Room name: 'Go Go Go FireWay!'
[Room] Room type: Explosion
[Room] Room special: None
[Room] Room weapons: Grenade, Melee, Secondary, Primary
[Room] Map name: 'BB_LUXVILLE'
[Room] Actual players count: 0
[Room] Started battle.
[Room] Round 2 has been started.
[Room] Round 3 has been started.
[Room] Round 4 has been started.
[Room] Round 5 has been started.
[Room] Round 6 has been started.
[Room] ;------------------;
[Room] Battle is finished.
[Room] Tech id: 1060864
[Room] Used spawn count: 29
[Room] End Players count: 5
[Room] ;------------------;
[Room] Room result info.
[Room] Player (Id: 5798; Slot: 0) Exp: 240; Gp: 202; KD: 8/2; Score: 50
[Room] Player (Id: 5784; Slot: 1) Exp: 154; Gp: 130; KD: 0/5; Score: 0
[Room] Player (Id: 5808; Slot: 2) Exp: 303; Gp: 263; KD: 8/1; Score: 65
[Room] Player (Id: 5760; Slot: 3) Exp: 164; Gp: 140; KD: 1/6; Score: 5
[Room] Player (Id: 5804; Slot: 5) Exp: 192; Gp: 168; KD: 2/5; Score: 15
