[Room] Tech id: 1060864
[Room] Room id: 001
[Room] Channel id: 004
[Room] Room name: 'HEROI DE GUERRA'
[Room] Room type: Annihilation
[Room] Room special: None
[Room] Room weapons: Melee, Secondary, Primary
[Room] Map name: 'TD_CRACKDOWN'
[Room] Actual players count: 0
[Room] Started battle.
[Room] Round 2 has been started.
[Room] Round 3 has been started.
[Room] Round 4 has been started.
[Room] Round 5 has been started.
[Room] ;------------------;
[Room] Battle is finished.
[Room] Tech id: 1060864
[Room] Used spawn count: 20
[Room] End Players count: 4
[Room] ;------------------;
[Room] Room result info.
[Room] Player (Id: 5019; Slot: 0) Exp: 122; Gp: 102; KD: 3/2; Score: 20
[Room] Player (Id: 5016; Slot: 1) Exp: 114; Gp: 101; KD: 5/3; Score: 30
[Room] Player (Id: 5018; Slot: 3) Exp: 88; Gp: 75; KD: 0/5; Score: 0
[Room] Player (Id: 5001; Slot: 4) Exp: 160; Gp: 139; KD: 5/3; Score: 50
