[Room] Tech id: 1060864
[Room] Room id: 001
[Room] Channel id: 004
[Room] Room name: 'LIGA UNCHARTED'
[Room] Room type: Explosion
[Room] Room special: None
[Room] Room weapons: Melee, Secondary, Primary
[Room] Map name: 'BB_DOWNTOWN2'
[Room] Actual players count: 0
[Room] Started battle.
[Room] Round 2 has been started.
[Room] Round 3 has been started.
[Room] Round 4 has been started.
[Room] Round 5 has been started.
[Room] ;------------------;
[Room] Battle is finished.
[Room] Tech id: 1060864
[Room] Used spawn count: 47
[Room] End Players count: 9
[Room] ;------------------;
[Room] Room result info.
[Room] Player (Id: 5006; Slot: 0) Exp: 165; Gp: 138; KD: 4/3; Score: 25
[Room] Player (Id: 5020; Slot: 1) Exp: 143; Gp: 125; KD: 3/5; Score: 25
[Room] Player (Id: 5017; Slot: 2) Exp: 145; Gp: 118; KD: 2/2; Score: 10
[Room] Player (Id: 5007; Slot: 4) Exp: 165; Gp: 140; KD: 0/1; Score: 0
[Room] Player (Id: 5016; Slot: 5) Exp: 133; Gp: 115; KD: 2/5; Score: 15
[Room] Player (Id: 5019; Slot: 6) Exp: 184; Gp: 156; KD: 9/1; Score: 45
[Room] Player (Id: 5022; Slot: 7) Exp: 128; Gp: 110; KD: 1/5; Score: 10
[Room] Player (Id: 5021; Slot: 8) Exp: 253; Gp: 221; KD: 8/1; Score: 82
[Room] Player (Id: 5002; Slot: 9) Exp: 118; Gp: 101; KD: 2/4; Score: 10
