[Room] Tech id: 1060864
[Room] Room id: 001
[Room] Channel id: 004
[Room] Room name: 'Sinta o headshot!!'
[Room] Room type: Team_DeathMatch
[Room] Room special: None
[Room] Room weapons: Melee, Secondary, Primary
[Room] Map name: 'TD_CRACKDOWN'
[Room] Actual players count: 0
[Room] Started battle.
[Room] ;------------------;
[Room] Battle is finished.
[Room] Tech id: 1060864
[Room] Used spawn count: 73
[Room] End Players count: 3
[Room] ;------------------;
[Room] Room result info.
[Room] Player (Id: 5001; Slot: 0) Exp: 612; Gp: 572; KD: 35/35; Score: 309
[Room] Player (Id: 5022; Slot: 1) Exp: 431; Gp: 390; KD: 17/19; Score: 156
[Room] Player (Id: 5006; Slot: 3) Exp: 377; Gp: 337; KD: 18/16; Score: 108
