[Room] Tech id: 1060864
[Room] Room id: 001
[Room] Channel id: 004
[Room] Room name: 'Sinta o headshot!!'
[Room] Room type: Team_DeathMatch
[Room] Room special: SniperMode
[Room] Room weapons: Melee, Primary, Mode_SSG69
[Room] Map name: 'TD_EASTERNROAD'
[Room] Actual players count: 0
[Room] Started battle.
[Room] ;------------------;
[Room] Battle is finished.
[Room] Tech id: 1060864
[Room] Used spawn count: 18
[Room] End Players count: 3
[Room] ;------------------;
[Room] Room result info.
[Room] Player (Id: 5767; Slot: 0) Exp: 311; Gp: 270; KD: 7/9; Score: 54
[Room] Player (Id: 5759; Slot: 1) Exp: 337; Gp: 277; KD: 4/6; Score: 30
[Room] Player (Id: 5760; Slot: 3) Exp: 248; Gp: 203; KD: 5/1; Score: 26
