[Room] Tech id: 1060865
[Room] Room id: 002
[Room] Channel id: 004
[Room] Room name: 'Terra dos mortos!!'
[Room] Room type: Team_DeathMatch
[Room] Room special: None
[Room] Room weapons: Melee, Secondary, Primary
[Room] Map name: 'TD_CRACKDOWN'
[Room] Actual players count: 0
[Room] Started battle.
[Room] ;------------------;
[Room] Battle is finished.
[Room] Tech id: 1060865
[Room] Used spawn count: 36
[Room] End Players count: 3
[Room] ;------------------;
[Room] Room result info.
[Room] Player (Id: 5780; Slot: 0) Exp: 259; Gp: 239; KD: 12/21; Score: 101
[Room] Player (Id: 5762; Slot: 1) Exp: 324; Gp: 288; KD: 16/4; Score: 150
[Room] Player (Id: 5759; Slot: 3) Exp: 198; Gp: 166; KD: 5/8; Score: 30
