[Room] Tech id: 1060864
[Room] Room id: 001
[Room] Channel id: 004
[Room] Room name: '@LAN GO'
[Room] Room type: Explosion
[Room] Room special: None
[Room] Room weapons: Grenade, Melee, Secondary, Primary
[Room] Map name: 'BB_DOWNTOWN2'
[Room] Actual players count: 0
[Room] Started battle.
[Room] Round 2 has been started.
[Room] Round 3 has been started.
[Room] Round 4 has been started.
[Room] Round 5 has been started.
[Room] Round 6 has been started.
[Room] Round 7 has been started.
[Room] Round 8 has been started.
[Room] Round 9 has been started.
[Room] ;------------------;
[Room] Battle is finished.
[Room] Tech id: 1060864
[Room] Used spawn count: 19
[Room] End Players count: 3
[Room] ;------------------;
[Room] Room result info.
[Room] Player (Id: 5007; Slot: 0) Exp: 381; Gp: 332; KD: 4/4; Score: 35
[Room] Player (Id: 5001; Slot: 1) Exp: 250; Gp: 221; KD: 4/5; Score: 25
[Room] Player (Id: 5006; Slot: 2) Exp: 49; Gp: 40; KD: 1/0; Score: 5
[Room] Player (Id: 5002; Slot: 3) Exp: 6; Gp: 5; KD: 0/0; Score: 0
