[Room] Tech id: 1060864
[Room] Room id: 001
[Room] Channel id: 004
[Room] Room name: 'Entra aqui Noob!!'
[Room] Room type: Team_DeathMatch
[Room] Room special: SniperMode
[Room] Room weapons: Melee, Primary, Mode_SSG69
[Room] Map name: 'TD_BURNINGHALL'
[Room] Actual players count: 0
[Room] Started battle.
[Room] ;------------------;
[Room] Battle is finished.
[Room] Tech id: 1060864
[Room] Used spawn count: 64
[Room] End Players count: 3
[Room] ;------------------;
[Room] Room result info.
[Room] Player (Id: 5797; Slot: 0) Exp: 697; Gp: 599; KD: 31/29; Score: 168
[Room] Player (Id: 5801; Slot: 1) Exp: 431; Gp: 371; KD: 9/14; Score: 45
[Room] Player (Id: 5784; Slot: 3) Exp: 514; Gp: 454; KD: 20/19; Score: 119
