[Room] Tech id: 1060865
[Room] Room id: 002
[Room] Channel id: 004
[Room] Room name: 'Go Go Go FireWay!'
[Room] Room type: Annihilation
[Room] Room special: None
[Room] Room weapons: Grenade, Melee, Secondary, Primary
[Room] Map name: 'TD_CRACKDOWN'
[Room] Actual players count: 0
[Room] Started battle.
[Room] Round 2 has been started.
[Room] Round 3 has been started.
[Room] Round 4 has been started.
[Room] Round 5 has been started.
[Room] Round 6 has been started.
[Room] Round 7 has been started.
[Room] ;------------------;
[Room] Battle is finished.
[Room] Tech id: 1060865
[Room] Used spawn count: 28
[Room] End Players count: 4
[Room] ;------------------;
[Room] Room result info.
[Room] Player (Id: 5799; Slot: 0) Exp: 243; Gp: 209; KD: 10/3; Score: 74
[Room] Player (Id: 5806; Slot: 1) Exp: 175; Gp: 154; KD: 4/6; Score: 39
[Room] Player (Id: 5784; Slot: 2) Exp: 171; Gp: 141; KD: 2/5; Score: 10
[Room] Player (Id: 5804; Slot: 3) Exp: 156; Gp: 135; KD: 4/6; Score: 20
