[Room] Tech id: 1060865
[Room] Room id: 002
[Room] Channel id: 004
[Room] Room name: 'Terra dos mortos!!'
[Room] Room type: Team_DeathMatch
[Room] Room special: None
[Room] Room weapons: Melee, Secondary, Primary
[Room] Map name: 'TD_CRACKDOWN'
[Room] Actual players count: 0
[Room] Started battle.
[Room] ;------------------;
[Room] Battle is finished.
[Room] Tech id: 1060865
[Room] Used spawn count: 41
[Room] End Players count: 3
[Room] ;------------------;
[Room] Room result info.
[Room] Player (Id: 5780; Slot: 0) Exp: 193; Gp: 173; KD: 7/10; Score: 55
[Room] Player (Id: 5762; Slot: 1) Exp: 432; Gp: 391; KD: 22/16; Score: 211
[Room] Player (Id: 5759; Slot: 2) Exp: 205; Gp: 184; KD: 9/12; Score: 63
