[Room] Tech id: 1060864
[Room] Room id: 001
[Room] Channel id: 004
[Room] Room name: 'SÓ TRABALHO EM HS'
[Room] Room type: Explosion
[Room] Room special: None
[Room] Room weapons: Melee, Secondary, Primary
[Room] Map name: 'BB_OUTPOST'
[Room] Actual players count: 0
[Room] Started battle.
[Room] Round 2 has been started.
[Room] Round 3 has been started.
[Room] Round 4 has been started.
[Room] Round 5 has been started.
[Room] Round 6 has been started.
[Room] Round 7 has been started.
[Room] Round 8 has been started.
[Room] Round 9 has been started.
[Room] ;------------------;
[Room] Battle is finished.
[Room] Tech id: 1060864
[Room] Used spawn count: 38
[Room] End Players count: 5
[Room] ;------------------;
[Room] Room result info.
[Room] Player (Id: 5016; Slot: 0) Exp: 369; Gp: 315; KD: 7/6; Score: 54
[Room] Player (Id: 5013; Slot: 1) Exp: 254; Gp: 220; KD: 3/6; Score: 20
[Room] Player (Id: 5014; Slot: 2) Exp: 222; Gp: 184; KD: 2/2; Score: 10
[Room] Player (Id: 5007; Slot: 3) Exp: 280; Gp: 247; KD: 6/5; Score: 49
[Room] Player (Id: 5001; Slot: 4) Exp: 172; Gp: 142; KD: 2/2; Score: 20
