[Room] Tech id: 1060864
[Room] Room id: 001
[Room] Channel id: 004
[Room] Room name: 'LIGA UNCHARTED'
[Room] Room type: Explosion
[Room] Room special: None
[Room] Room weapons: Melee, Secondary, Primary
[Room] Map name: 'BB_LUXVILLE'
[Room] Actual players count: 0
[Room] Started battle.
[Room] Round 2 has been started.
[Room] Round 3 has been started.
[Room] Round 4 has been started.
[Room] Round 5 has been started.
[Room] ;------------------;
[Room] Battle is finished.
[Room] Tech id: 1060864
[Room] Used spawn count: 25
[Room] End Players count: 5
[Room] ;------------------;
[Room] Room result info.
[Room] Player (Id: 5014; Slot: 0) Exp: 148; Gp: 127; KD: 5/2; Score: 44
[Room] Player (Id: 5019; Slot: 1) Exp: 109; Gp: 97; KD: 4/4; Score: 25
[Room] Player (Id: 5016; Slot: 2) Exp: 108; Gp: 88; KD: 1/2; Score: 10
[Room] Player (Id: 5007; Slot: 3) Exp: 104; Gp: 92; KD: 3/4; Score: 20
[Room] Player (Id: 5001; Slot: 4) Exp: 116; Gp: 96; KD: 2/3; Score: 15
