[Room] Tech id: 1060864
[Room] Room id: 001
[Room] Channel id: 004
[Room] Room name: 'LIGA UNCHARTED'
[Room] Room type: Explosion
[Room] Room special: None
[Room] Room weapons: Melee, Primary
[Room] Map name: 'BB_LUXVILLE'
[Room] Actual players count: 0
[Room] Started battle.
[Room] Round 2 has been started.
[Room] Round 3 has been started.
[Room] ;------------------;
[Room] Battle is finished.
[Room] Tech id: 1060864
[Room] Used spawn count: 17
[Room] End Players count: 7
[Room] ;------------------;
[Room] Room result info.
[Room] Player (Id: 5001; Slot: 0) Exp: 114; Gp: 99; KD: 3/3; Score: 20
[Room] Player (Id: 5006; Slot: 1) Exp: 128; Gp: 105; KD: 2/2; Score: 15
[Room] Player (Id: 5013; Slot: 2) Exp: 85; Gp: 71; KD: 0/2; Score: 0
[Room] Player (Id: 5017; Slot: 3) Exp: 142; Gp: 120; KD: 4/1; Score: 30
[Room] Player (Id: 5016; Slot: 4) Exp: 99; Gp: 84; KD: 1/3; Score: 5
[Room] Player (Id: 5007; Slot: 5) Exp: 110; Gp: 90; KD: 1/1; Score: 10
[Room] Player (Id: 5019; Slot: 7) Exp: 64; Gp: 52; KD: 1/0; Score: 5
