[Room] Tech id: 1060864
[Room] Room id: 001
[Room] Channel id: 004
[Room] Room name: 'Terra dos mortos!!'
[Room] Room type: Team_DeathMatch
[Room] Room special: SniperMode
[Room] Room weapons: Melee, Primary, Mode_SSG69
[Room] Map name: 'TD_SANDSTORM'
[Room] Actual players count: 0
[Room] Started battle.
[Room] ;------------------;
[Room] Battle is finished.
[Room] Tech id: 1060864
[Room] Used spawn count: 33
[Room] End Players count: 3
[Room] ;------------------;
[Room] Room result info.
[Room] Player (Id: 5794; Slot: 0) Exp: 436; Gp: 372; KD: 17/13; Score: 100
[Room] Player (Id: 5759; Slot: 1) Exp: 290; Gp: 250; KD: 7/8; Score: 35
[Room] Player (Id: 5760; Slot: 3) Exp: 227; Gp: 197; KD: 6/9; Score: 30
