[Room] Tech id: 1060864
[Room] Room id: 001
[Room] Channel id: 004
[Room] Room name: 'Go Go Go FireWay!'
[Room] Room type: Defense
[Room] Room special: None
[Room] Room weapons: Melee, Primary
[Room] Map name: 'DF_BLACKPANTHER'
[Room] Actual players count: 0
[Room] Started battle.
[Room] Round 2 has been started.
[Room] Round 3 has been started.
[Room] ;------------------;
[Room] Battle is finished.
[Room] Tech id: 1060864
[Room] Used spawn count: 22
[Room] End Players count: 2
[Room] ;------------------;
[Room] Room result info.
[Room] Player (Id: 5784; Slot: 0) Exp: 347; Gp: 243; KD: 6/10; Score: 35
[Room] Player (Id: 5760; Slot: 1) Exp: 262; Gp: 230; KD: 10/6; Score: 60
