[Room] Tech id: 1060864
[Room] Room id: 001
[Room] Channel id: 004
[Room] Room name: 'Sinta o headshot!!'
[Room] Room type: Team_DeathMatch
[Room] Room special: None
[Room] Room weapons: Melee, Primary
[Room] Map name: 'TD_BURNINGHALL'
[Room] Actual players count: 0
[Room] Started battle.
[Room] ;------------------;
[Room] Battle is finished.
[Room] Tech id: 1060864
[Room] Used spawn count: 42
[Room] End Players count: 3
[Room] ;------------------;
[Room] Room result info.
[Room] Player (Id: 5784; Slot: 0) Exp: 504; Gp: 437; KD: 21/19; Score: 145
[Room] Player (Id: 5780; Slot: 1) Exp: 289; Gp: 249; KD: 5/13; Score: 25
[Room] Player (Id: 5794; Slot: 3) Exp: 357; Gp: 317; KD: 14/8; Score: 102
