[Room] Tech id: 1060864
[Room] Room id: 001
[Room] Channel id: 004
[Room] Room name: 'Go Go Go FireWay!'
[Room] Room type: Team_DeathMatch
[Room] Room special: SniperMode
[Room] Room weapons: Melee, Primary, Mode_SSG69
[Room] Map name: 'TD_TWOTOWERS'
[Room] Actual players count: 0
[Room] Started battle.
[Room] ;------------------;
[Room] Battle is finished.
[Room] Tech id: 1060864
[Room] Used spawn count: 154
[Room] End Players count: 5
[Room] ;------------------;
[Room] Room result info.
[Room] Player (Id: 5759; Slot: 0) Exp: 854; Gp: 774; KD: 50/48; Score: 287
[Room] Player (Id: 5760; Slot: 1) Exp: 568; Gp: 485; KD: 23/19; Score: 127
[Room] Player (Id: 5761; Slot: 2) Exp: 628; Gp: 548; KD: 12/38; Score: 79
[Room] Player (Id: 5767; Slot: 3) Exp: 776; Gp: 652; KD: 25/15; Score: 140
[Room] Player (Id: 5765; Slot: 5) Exp: 807; Gp: 681; KD: 26/22; Score: 153
