[Room] Tech id: 1060865
[Room] Room id: 002
[Room] Channel id: 004
[Room] Room name: 'Terra dos mortos!!'
[Room] Room type: Team_DeathMatch
[Room] Room special: None
[Room] Room weapons: Melee
[Room] Map name: 'TD_MSTATION'
[Room] Actual players count: 0
[Room] Started battle.
[Room] ;------------------;
[Room] Battle is finished.
[Room] Tech id: 1060865
[Room] Used spawn count: 52
[Room] End Players count: 3
[Room] ;------------------;
[Room] Room result info.
[Room] Player (Id: 5801; Slot: 1) Exp: 446; Gp: 381; KD: 20/6; Score: 121
[Room] Player (Id: 5815; Slot: 3) Exp: 391; Gp: 328; KD: 12/11; Score: 66
[Room] Player (Id: 5816; Slot: 4) Exp: 406; Gp: 366; KD: 17/32; Score: 108
