[Room] Tech id: 1060865
[Room] Room id: 002
[Room] Channel id: 004
[Room] Room name: 'Go Go Go FireWay!'
[Room] Room type: Explosion
[Room] Room special: None
[Room] Room weapons: Grenade, Melee, Secondary, Primary
[Room] Map name: 'BB_LUXVILLE'
[Room] Actual players count: 0
[Room] Started battle.
[Room] Round 2 has been started.
[Room] Round 3 has been started.
[Room] Round 4 has been started.
[Room] Round 5 has been started.
[Room] Round 6 has been started.
[Room] ;------------------;
[Room] Battle is finished.
[Room] Tech id: 1060865
[Room] Used spawn count: 24
[Room] End Players count: 4
[Room] ;------------------;
[Room] Room result info.
[Room] Player (Id: 5759; Slot: 0) Exp: 380; Gp: 326; KD: 2/2; Score: 15
[Room] Player (Id: 5761; Slot: 1) Exp: 233; Gp: 200; KD: 1/5; Score: 5
[Room] Player (Id: 5767; Slot: 3) Exp: 221; Gp: 188; KD: 3/4; Score: 15
[Room] Player (Id: 5760; Slot: 4) Exp: 308; Gp: 257; KD: 7/2; Score: 35
