[Room] Tech id: 1060864
[Room] Room id: 001
[Room] Channel id: 004
[Room] Room name: '@UP'
[Room] Room type: Explosion
[Room] Room special: None
[Room] Room weapons: Melee, Primary
[Room] Map name: 'BB_LUXVILLE'
[Room] Actual players count: 0
[Room] Started battle.
[Room] Round 2 has been started.
[Room] Round 3 has been started.
[Room] ;------------------;
[Room] Battle is finished.
[Room] Tech id: 1060864
[Room] Used spawn count: 17
[Room] End Players count: 6
[Room] ;------------------;
[Room] Room result info.
[Room] Player (Id: 5016; Slot: 0) Exp: 47; Gp: 40; KD: 0/3; Score: 0
[Room] Player (Id: 5000; Slot: 1) Exp: 62; Gp: 52; KD: 2/0; Score: 15
[Room] Player (Id: 5005; Slot: 2) Exp: 52; Gp: 45; KD: 1/3; Score: 5
[Room] Player (Id: 5014; Slot: 3) Exp: 104; Gp: 92; KD: 5/1; Score: 44
[Room] Player (Id: 5001; Slot: 4) Exp: 52; Gp: 45; KD: 1/3; Score: 5
[Room] Player (Id: 5002; Slot: 6) Exp: 0; Gp: 0; KD: 0/0; Score: 0
[Room] Player (Id: 5017; Slot: 9) Exp: 69; Gp: 58; KD: 2/1; Score: 15
