[Room] Tech id: 1060864
[Room] Room id: 001
[Room] Channel id: 004
[Room] Room name: 'Go Go Go FireWay!'
[Room] Room type: Team_DeathMatch
[Room] Room special: SniperMode
[Room] Room weapons: Grenade, Melee, Secondary, Primary, Mode_SSG69
[Room] Map name: 'TD_LIBRARY'
[Room] Actual players count: 0
[Room] Started battle.
[Room] ;------------------;
[Room] Battle is finished.
[Room] Tech id: 1060864
[Room] Used spawn count: 69
[Room] End Players count: 3
[Room] ;------------------;
[Room] Room result info.
[Room] Player (Id: 5799; Slot: 0) Exp: 598; Gp: 526; KD: 41/16; Score: 229
[Room] Player (Id: 5806; Slot: 1) Exp: 311; Gp: 271; KD: 3/29; Score: 18
[Room] Player (Id: 5784; Slot: 3) Exp: 366; Gp: 326; KD: 14/19; Score: 91
