[Room] Tech id: 1060864
[Room] Room id: 001
[Room] Channel id: 004
[Room] Room name: 'Sinta o headshot!!'
[Room] Room type: Team_DeathMatch
[Room] Room special: None
[Room] Room weapons: Grenade, Melee, Secondary, Primary
[Room] Map name: 'TD_EASTERNROAD'
[Room] Actual players count: 0
[Room] Started battle.
[Room] ;------------------;
[Room] Battle is finished.
[Room] Tech id: 1060864
[Room] Used spawn count: 31
[Room] End Players count: 3
[Room] ;------------------;
[Room] Room result info.
[Room] Player (Id: 5759; Slot: 0) Exp: 331; Gp: 271; KD: 3/7; Score: 23
[Room] Player (Id: 5767; Slot: 1) Exp: 337; Gp: 297; KD: 14/15; Score: 70
[Room] Player (Id: 5760; Slot: 2) Exp: 379; Gp: 317; KD: 12/7; Score: 63
