[Room] Tech id: 1060864
[Room] Room id: 001
[Room] Channel id: 004
[Room] Room name: 'Entra aqui Noob!!'
[Room] Room type: Explosion
[Room] Room special: None
[Room] Room weapons: Grenade, Melee, Primary
[Room] Map name: 'BB_LUXVILLE'
[Room] Actual players count: 0
[Room] Started battle.
[Room] Round 2 has been started.
[Room] Round 3 has been started.
[Room] Round 4 has been started.
[Room] Round 5 has been started.
[Room] Round 6 has been started.
[Room] ;------------------;
[Room] Battle is finished.
[Room] Tech id: 1060864
[Room] Used spawn count: 24
[Room] End Players count: 4
[Room] ;------------------;
[Room] Room result info.
[Room] Player (Id: 5785; Slot: 0) Exp: 235; Gp: 196; KD: 4/3; Score: 25
[Room] Player (Id: 5801; Slot: 1) Exp: 175; Gp: 151; KD: 4/5; Score: 20
[Room] Player (Id: 5784; Slot: 2) Exp: 291; Gp: 251; KD: 5/4; Score: 30
[Room] Player (Id: 5802; Slot: 3) Exp: 173; Gp: 149; KD: 3/4; Score: 20
