[Room] Tech id: 1060864
[Room] Room id: 001
[Room] Channel id: 004
[Room] Room name: 'HEROI DE GUERRA'
[Room] Room type: Annihilation
[Room] Room special: None
[Room] Room weapons: Melee, Secondary, Primary
[Room] Map name: 'TD_CRACKDOWN'
[Room] Actual players count: 0
[Room] Started battle.
[Room] Round 2 has been started.
[Room] Round 3 has been started.
[Room] Round 4 has been started.
[Room] ;------------------;
[Room] Battle is finished.
[Room] Tech id: 1060864
[Room] Used spawn count: 16
[Room] End Players count: 4
[Room] ;------------------;
[Room] Room result info.
[Room] Player (Id: 5016; Slot: 0) Exp: 97; Gp: 86; KD: 5/1; Score: 44
[Room] Player (Id: 5019; Slot: 1) Exp: 56; Gp: 50; KD: 2/3; Score: 15
[Room] Player (Id: 5018; Slot: 3) Exp: 44; Gp: 38; KD: 0/4; Score: 0
[Room] Player (Id: 5001; Slot: 4) Exp: 68; Gp: 58; KD: 2/1; Score: 20
