[Room] Tech id: 1060864
[Room] Room id: 001
[Room] Channel id: 004
[Room] Room name: 'Terra dos mortos!!'
[Room] Room type: Team_DeathMatch
[Room] Room special: None
[Room] Room weapons: Melee, Primary
[Room] Map name: 'TD_LIBRARY'
[Room] Actual players count: 0
[Room] Started battle.
[Room] ;------------------;
[Room] Battle is finished.
[Room] Tech id: 1060864
[Room] Used spawn count: 48
[Room] End Players count: 3
[Room] ;------------------;
[Room] Room result info.
[Room] Player (Id: 5760; Slot: 1) Exp: 155; Gp: 134; KD: 2/8; Score: 16
[Room] Player (Id: 5804; Slot: 2) Exp: 529; Gp: 461; KD: 32/12; Score: 179
[Room] Player (Id: 5780; Slot: 5) Exp: 316; Gp: 276; KD: 8/18; Score: 43
