[Room] Tech id: 1060864
[Room] Room id: 001
[Room] Channel id: 004
[Room] Room name: 'Sinta o headshot!!'
[Room] Room type: Team_DeathMatch
[Room] Room special: None
[Room] Room weapons: Grenade, Melee, Secondary, Primary
[Room] Map name: 'TD_REDROCK'
[Room] Actual players count: 0
[Room] Started battle.
[Room] ;------------------;
[Room] Battle is finished.
[Room] Tech id: 1060864
[Room] Used spawn count: 41
[Room] End Players count: 3
[Room] ;------------------;
[Room] Room result info.
[Room] Player (Id: 5804; Slot: 0) Exp: 559; Gp: 489; KD: 21/17; Score: 195
[Room] Player (Id: 5784; Slot: 1) Exp: 412; Gp: 372; KD: 14/15; Score: 145
[Room] Player (Id: 5802; Slot: 3) Exp: 183; Gp: 159; KD: 3/6; Score: 25
