[Room] Tech id: 1060864
[Room] Room id: 001
[Room] Channel id: 004
[Room] Room name: 'Terra dos mortos!!'
[Room] Room type: Team_DeathMatch
[Room] Room special: ShotgunMode
[Room] Room weapons: Melee, Primary, Mode_870MCS
[Room] Map name: 'TD_CRACKDOWN'
[Room] Actual players count: 0
[Room] Started battle.
[Room] ;------------------;
[Room] Battle is finished.
[Room] Tech id: 1060864
[Room] Used spawn count: 31
[Room] End Players count: 3
[Room] ;------------------;
[Room] Room result info.
[Room] Player (Id: 5760; Slot: 0) Exp: 321; Gp: 281; KD: 6/22; Score: 41
[Room] Player (Id: 5772; Slot: 1) Exp: 441; Gp: 376; KD: 22/6; Score: 116
[Room] Player (Id: 5759; Slot: 2) Exp: 18; Gp: 15; KD: 0/0; Score: 0
