[Room] Tech id: 1060864
[Room] Room id: 001
[Room] Channel id: 004
[Room] Room name: 'Go Go Go FireWay!'
[Room] Room type: Team_DeathMatch
[Room] Room special: None
[Room] Room weapons: Grenade, Melee, Secondary, Primary
[Room] Map name: 'TD_BURNINGHALL'
[Room] Actual players count: 0
[Room] Started battle.
[Room] ;------------------;
[Room] Battle is finished.
[Room] Tech id: 1060864
[Room] Used spawn count: 69
[Room] End Players count: 3
[Room] ;------------------;
[Room] Room result info.
[Room] Player (Id: 5019; Slot: 0) Exp: 492; Gp: 424; KD: 20/11; Score: 149
[Room] Player (Id: 5001; Slot: 2) Exp: 523; Gp: 463; KD: 23/11; Score: 218
[Room] Player (Id: 5007; Slot: 3) Exp: 319; Gp: 279; KD: 4/24; Score: 35
