[Room] Tech id: 1060864
[Room] Room id: 001
[Room] Channel id: 004
[Room] Room name: 'Sinta o headshot!!'
[Room] Room type: Team_DeathMatch
[Room] Room special: None
[Room] Room weapons: Grenade, Melee, Secondary, Primary
[Room] Map name: 'TD_MSTATION'
[Room] Actual players count: 0
[Room] Started battle.
[Room] ;------------------;
[Room] Battle is finished.
[Room] Tech id: 1060864
[Room] Used spawn count: 3
[Room] End Players count: 4
[Room] ;------------------;
[Room] Room result info.
[Room] Player (Id: 5780; Slot: 0) Exp: 30; Gp: 28; KD: 0/13; Score: 0
[Room] Player (Id: 5801; Slot: 1) Exp: 25; Gp: 25; KD: 0/13; Score: 0
[Room] Player (Id: 5807; Slot: 2) Exp: 1218; Gp: 1167; KD: 101/13; Score: 1010
[Room] Player (Id: 5805; Slot: 3) Exp: 25; Gp: 25; KD: 0/13; Score: 0
[Room] ;------------------;
[Room] Battle is finished.
[Room] Tech id: 1060864
[Room] Used spawn count: 0
[Room] End Players count: 0
[Room] ;------------------;
[Room] Room result info.
