[Room] Tech id: 1060864
[Room] Room id: 001
[Room] Channel id: 004
[Room] Room name: 'HEROI DE GUERRA'
[Room] Room type: Team_DeathMatch
[Room] Room special: None
[Room] Room weapons: Melee, Primary
[Room] Map name: 'TD_BURNINGHALL'
[Room] Actual players count: 0
[Room] Started battle.
[Room] ;------------------;
[Room] Battle is finished.
[Room] Tech id: 1060864
[Room] Used spawn count: 18
[Room] End Players count: 3
[Room] ;------------------;
[Room] Room result info.
[Room] Player (Id: 5016; Slot: 0) Exp: 213; Gp: 180; KD: 8/7; Score: 45
[Room] Player (Id: 5001; Slot: 1) Exp: 172; Gp: 152; KD: 7/5; Score: 43
[Room] Player (Id: 5019; Slot: 2) Exp: 1; Gp: 1; KD: 0/0; Score: 0
