[Room] Tech id: 1060864
[Room] Room id: 001
[Room] Channel id: 004
[Room] Room name: 'Sinta o headshot!!'
[Room] Room type: Team_DeathMatch
[Room] Room special: None
[Room] Room weapons: Melee
[Room] Map name: 'TD_METRO'
[Room] Actual players count: 0
[Room] Started battle.
[Room] ;------------------;
[Room] Battle is finished.
[Room] Tech id: 1060864
[Room] Used spawn count: 33
[Room] End Players count: 3
[Room] ;------------------;
[Room] Room result info.
[Room] Player (Id: 5784; Slot: 0) Exp: 357; Gp: 317; KD: 14/16; Score: 88
[Room] Player (Id: 5760; Slot: 1) Exp: 381; Gp: 319; KD: 11/7; Score: 65
[Room] Player (Id: 5769; Slot: 3) Exp: 336; Gp: 276; KD: 5/7; Score: 27
