[Room] Tech id: 1060865
[Room] Room id: 002
[Room] Channel id: 004
[Room] Room name: 'Terra dos mortos!!'
[Room] Room type: Explosion
[Room] Room special: None
[Room] Room weapons: Melee, Primary
[Room] Map name: 'BB_OUTPOST'
[Room] Actual players count: 0
[Room] Started battle.
[Room] Round 2 has been started.
[Room] Round 3 has been started.
[Room] Round 4 has been started.
[Room] Round 5 has been started.
[Room] Round 6 has been started.
[Room] Round 7 has been started.
[Room] Round 8 has been started.
[Room] Round 9 has been started.
[Room] Round 10 has been started.
[Room] ;------------------;
[Room] Battle is finished.
[Room] Tech id: 1060865
[Room] Used spawn count: 40
[Room] End Players count: 4
[Room] ;------------------;
[Room] Room result info.
[Room] Player (Id: 5005; Slot: 0) Exp: 327; Gp: 276; KD: 8/5; Score: 45
[Room] Player (Id: 5007; Slot: 1) Exp: 225; Gp: 192; KD: 2/8; Score: 10
[Room] Player (Id: 5000; Slot: 2) Exp: 315; Gp: 264; KD: 7/5; Score: 35
[Room] Player (Id: 5013; Slot: 3) Exp: 280; Gp: 247; KD: 8/8; Score: 45
