[Room] Tech id: 1060864
[Room] Room id: 001
[Room] Channel id: 004
[Room] Room name: 'Go Go Go FireWay!'
[Room] Room type: Head_Hunter
[Room] Room special: HeadHunter
[Room] Room weapons: Melee, Primary
[Room] Map name: 'TD_AMPERA'
[Room] Actual players count: 0
[Room] Started battle.
[Room] ;------------------;
[Room] Battle is finished.
[Room] Tech id: 1060864
[Room] Used spawn count: 33
[Room] End Players count: 3
[Room] ;------------------;
[Room] Room result info.
[Room] Player (Id: 5760; Slot: 0) Exp: 374; Gp: 334; KD: 10/20; Score: 98
[Room] Player (Id: 5794; Slot: 1) Exp: 541; Gp: 472; KD: 16/6; Score: 200
[Room] Player (Id: 5759; Slot: 3) Exp: 141; Gp: 123; KD: 4/3; Score: 44
