[Room] Tech id: 1060864
[Room] Room id: 001
[Room] Channel id: 004
[Room] Room name: 'Go Go Go FireWay!'
[Room] Room type: Team_DeathMatch
[Room] Room special: None
[Room] Room weapons: Grenade, Melee, Secondary
[Room] Map name: 'TD_NEWLIBRARY'
[Room] Actual players count: 0
[Room] Started battle.
[Room] ;------------------;
[Room] Battle is finished.
[Room] Tech id: 1060864
[Room] Used spawn count: 85
[Room] End Players count: 4
[Room] ;------------------;
[Room] Room result info.
[Room] Player (Id: 5000; Slot: 0) Exp: 369; Gp: 328; KD: 20/11; Score: 108
[Room] Player (Id: 5001; Slot: 1) Exp: 609; Gp: 538; KD: 22/13; Score: 244
[Room] Player (Id: 5007; Slot: 2) Exp: 439; Gp: 398; KD: 19/31; Score: 142
[Room] Player (Id: 5006; Slot: 3) Exp: 314; Gp: 271; KD: 12/12; Score: 83
