[Room] Tech id: 1060864
[Room] Room id: 001
[Room] Channel id: 004
[Room] Room name: '@Camp'
[Room] Room type: Explosion
[Room] Room special: None
[Room] Room weapons: Melee, Secondary, Primary
[Room] Map name: 'BB_LUXVILLE'
[Room] Actual players count: 0
[Room] Started battle.
[Room] Round 2 has been started.
[Room] Round 3 has been started.
[Room] Round 4 has been started.
[Room] Round 5 has been started.
[Room] Round 6 has been started.
[Room] ;------------------;
[Room] Battle is finished.
[Room] Tech id: 1060864
[Room] Used spawn count: 18
[Room] End Players count: 3
[Room] ;------------------;
[Room] Room result info.
[Room] Player (Id: 5022; Slot: 0) Exp: 165; Gp: 146; KD: 3/5; Score: 20
[Room] Player (Id: 5025; Slot: 1) Exp: 165; Gp: 136; KD: 3/2; Score: 20
[Room] Player (Id: 5016; Slot: 3) Exp: 157; Gp: 128; KD: 2/1; Score: 15
