[Room] Tech id: 1060864
[Room] Room id: 001
[Room] Channel id: 004
[Room] Room name: 'Sinta o headshot!!'
[Room] Room type: Team_DeathMatch
[Room] Room special: SniperMode
[Room] Room weapons: Melee, Primary, Mode_SSG69
[Room] Map name: 'TD_NEWLIBRARY'
[Room] Actual players count: 0
[Room] Started battle.
[Room] ;------------------;
[Room] Battle is finished.
[Room] Tech id: 1060864
[Room] Used spawn count: 49
[Room] End Players count: 3
[Room] ;------------------;
[Room] Room result info.
[Room] Player (Id: 5007; Slot: 0) Exp: 319; Gp: 279; KD: 10/13; Score: 55
[Room] Player (Id: 5019; Slot: 1) Exp: 495; Gp: 428; KD: 24/22; Score: 133
[Room] Player (Id: 5001; Slot: 2) Exp: 242; Gp: 216; KD: 12/11; Score: 63
