[Room] Tech id: 1060864
[Room] Room id: 001
[Room] Channel id: 004
[Room] Room name: 'Sinta o headshot!!'
[Room] Room type: Team_DeathMatch
[Room] Room special: None
[Room] Room weapons: Grenade, Melee, Secondary, Primary
[Room] Map name: 'TD_REDROCK'
[Room] Actual players count: 0
[Room] Started battle.
[Room] ;------------------;
[Room] Battle is finished.
[Room] Tech id: 1060864
[Room] Used spawn count: 68
[Room] End Players count: 4
[Room] ;------------------;
[Room] Room result info.
[Room] Player (Id: 5804; Slot: 0) Exp: 619; Gp: 546; KD: 31/16; Score: 246
[Room] Player (Id: 5784; Slot: 1) Exp: 455; Gp: 415; KD: 21/18; Score: 182
[Room] Player (Id: 5806; Slot: 2) Exp: 283; Gp: 236; KD: 4/14; Score: 28
[Room] Player (Id: 5802; Slot: 3) Exp: 344; Gp: 304; KD: 9/17; Score: 73
