[Room] Tech id: 1060864
[Room] Room id: 001
[Room] Channel id: 004
[Room] Room name: 'Entra aqui Noob!!'
[Room] Room type: Team_DeathMatch
[Room] Room special: None
[Room] Room weapons: Melee, Primary
[Room] Map name: 'TD_SAINTMANSION'
[Room] Actual players count: 0
[Room] Started battle.
[Room] ;------------------;
[Room] Battle is finished.
[Room] Tech id: 1060864
[Room] Used spawn count: 48
[Room] End Players count: 4
[Room] ;------------------;
[Room] Room result info.
[Room] Player (Id: 5785; Slot: 0) Exp: 373; Gp: 333; KD: 13/27; Score: 84
[Room] Player (Id: 5769; Slot: 1) Exp: 360; Gp: 299; KD: 7/11; Score: 40
[Room] Player (Id: 5784; Slot: 2) Exp: 52; Gp: 46; KD: 2/0; Score: 18
[Room] Player (Id: 5763; Slot: 3) Exp: 458; Gp: 393; KD: 20/6; Score: 131
