[Room] Tech id: 1060864
[Room] Room id: 001
[Room] Channel id: 004
[Room] Room name: '@Camp s/dual'
[Room] Room type: Team_DeathMatch
[Room] Room special: None
[Room] Room weapons: Melee, Secondary, Primary
[Room] Map name: 'TD_REDROCK'
[Room] Actual players count: 0
[Room] Started battle.
[Room] ;------------------;
[Room] Battle is finished.
[Room] Tech id: 1060864
[Room] Used spawn count: 54
[Room] End Players count: 3
[Room] ;------------------;
[Room] Room result info.
[Room] Player (Id: 5014; Slot: 0) Exp: 726; Gp: 649; KD: 29/22; Score: 325
[Room] Player (Id: 5013; Slot: 1) Exp: 309; Gp: 269; KD: 4/17; Score: 38
[Room] Player (Id: 5001; Slot: 3) Exp: 429; Gp: 393; KD: 18/12; Score: 190
