[Room] Tech id: 1060864
[Room] Room id: 001
[Room] Channel id: 004
[Room] Room name: 'Entra aqui Noob!!'
[Room] Room type: Team_DeathMatch
[Room] Room special: SniperMode
[Room] Room weapons: Grenade, Melee, Primary, Mode_SSG69
[Room] Map name: 'TD_TWOTOWERS'
[Room] Actual players count: 0
[Room] Started battle.
[Room] ;------------------;
[Room] Battle is finished.
[Room] Tech id: 1060864
[Room] Used spawn count: 81
[Room] End Players count: 5
[Room] ;------------------;
[Room] Room result info.
[Room] Player (Id: 5765; Slot: 0) Exp: 350; Gp: 295; KD: 10/14; Score: 55
[Room] Player (Id: 5761; Slot: 1) Exp: 298; Gp: 258; KD: 5/17; Score: 28
[Room] Player (Id: 5759; Slot: 5) Exp: 401; Gp: 361; KD: 23/15; Score: 133
[Room] Player (Id: 5760; Slot: 6) Exp: 517; Gp: 449; KD: 30/18; Score: 158
[Room] Player (Id: 5767; Slot: 7) Exp: 2; Gp: 2; KD: 0/0; Score: 0
