[Room] Tech id: 1060864
[Room] Room id: 001
[Room] Channel id: 004
[Room] Room name: '@LAN'
[Room] Room type: Explosion
[Room] Room special: None
[Room] Room weapons: Grenade, Melee, Secondary, Primary
[Room] Map name: 'BB_LUXVILLE'
[Room] Actual players count: 0
[Room] Started battle.
[Room] Round 2 has been started.
[Room] Round 3 has been started.
[Room] Round 4 has been started.
[Room] Round 5 has been started.
[Room] ;------------------;
[Room] Battle is finished.
[Room] Tech id: 1060864
[Room] Used spawn count: 23
[Room] End Players count: 5
[Room] ;------------------;
[Room] Room result info.
[Room] Player (Id: 5001; Slot: 1) Exp: 124; Gp: 106; KD: 4/1; Score: 35
[Room] Player (Id: 5014; Slot: 2) Exp: 78; Gp: 67; KD: 0/5; Score: 0
[Room] Player (Id: 5022; Slot: 3) Exp: 51; Gp: 42; KD: 1/0; Score: 5
[Room] Player (Id: 5017; Slot: 4) Exp: 83; Gp: 72; KD: 1/5; Score: 5
[Room] Player (Id: 5021; Slot: 5) Exp: 139; Gp: 120; KD: 5/0; Score: 49
