[Room] Tech id: 1060864
[Room] Room id: 001
[Room] Channel id: 004
[Room] Room name: 'Go Go Go FireWay!'
[Room] Room type: Explosion
[Room] Room special: None
[Room] Room weapons: Grenade, Melee, Secondary, Primary
[Room] Map name: 'BB_LUXVILLE'
[Room] Actual players count: 0
[Room] Started battle.
[Room] Round 2 has been started.
[Room] Round 3 has been started.
[Room] Round 4 has been started.
[Room] Round 5 has been started.
[Room] Round 6 has been started.
[Room] Round 7 has been started.
[Room] ;------------------;
[Room] Battle is finished.
[Room] Tech id: 1060864
[Room] Used spawn count: 31
[Room] End Players count: 5
[Room] ;------------------;
[Room] Room result info.
[Room] Player (Id: 5784; Slot: 0) Exp: 162; Gp: 139; KD: 3/6; Score: 15
[Room] Player (Id: 5798; Slot: 1) Exp: 246; Gp: 210; KD: 12/3; Score: 65
[Room] Player (Id: 5760; Slot: 2) Exp: 162; Gp: 139; KD: 2/6; Score: 15
[Room] Player (Id: 5808; Slot: 3) Exp: 192; Gp: 158; KD: 3/3; Score: 20
[Room] Player (Id: 5809; Slot: 4) Exp: 48; Gp: 41; KD: 1/1; Score: 5
