[Room] Tech id: 1060864
[Room] Room id: 001
[Room] Channel id: 004
[Room] Room name: 'Go Go Go FireWay!'
[Room] Room type: Team_DeathMatch
[Room] Room special: None
[Room] Room weapons: Grenade, Melee, Secondary, Primary
[Room] Map name: 'TD_REDROCK'
[Room] Actual players count: 0
[Room] Started battle.
[Room] ;------------------;
[Room] Battle is finished.
[Room] Tech id: 1060864
[Room] Used spawn count: 56
[Room] End Players count: 5
[Room] ;------------------;
[Room] Room result info.
[Room] Player (Id: 5798; Slot: 0) Exp: 604; Gp: 532; KD: 28/6; Score: 252
[Room] Player (Id: 5784; Slot: 1) Exp: 71; Gp: 62; KD: 1/3; Score: 10
[Room] Player (Id: 5808; Slot: 2) Exp: 430; Gp: 365; KD: 11/6; Score: 107
[Room] Player (Id: 5760; Slot: 3) Exp: 202; Gp: 178; KD: 4/17; Score: 25
[Room] Player (Id: 5804; Slot: 5) Exp: 101; Gp: 89; KD: 2/5; Score: 18
