[Room] Tech id: 1060864
[Room] Room id: 001
[Room] Channel id: 004
[Room] Room name: 'Entra aqui Noob!!'
[Room] Room type: Team_DeathMatch
[Room] Room special: SniperMode
[Room] Room weapons: Melee, Primary, Mode_SSG69
[Room] Map name: 'TD_BURNINGHALL'
[Room] Actual players count: 0
[Room] Started battle.
[Room] ;------------------;
[Room] Battle is finished.
[Room] Tech id: 1060864
[Room] Used spawn count: 126
[Room] End Players count: 5
[Room] ;------------------;
[Room] Room result info.
[Room] Player (Id: 5797; Slot: 0) Exp: 666; Gp: 569; KD: 29/19; Score: 160
[Room] Player (Id: 5801; Slot: 1) Exp: 471; Gp: 411; KD: 9/34; Score: 49
[Room] Player (Id: 5800; Slot: 2) Exp: 847; Gp: 742; KD: 55/20; Score: 309
[Room] Player (Id: 5784; Slot: 3) Exp: 577; Gp: 517; KD: 26/34; Score: 155
[Room] Player (Id: 5802; Slot: 5) Exp: 259; Gp: 224; KD: 4/16; Score: 23
