[Room] Tech id: 1060864
[Room] Room id: 001
[Room] Channel id: 004
[Room] Room name: 'Entra aqui Noob!!'
[Room] Room type: Team_DeathMatch
[Room] Room special: None
[Room] Room weapons: Grenade, Melee, Secondary, Primary
[Room] Map name: 'TD_SAINTMANSION'
[Room] Actual players count: 0
[Room] Started battle.
[Room] ;------------------;
[Room] Battle is finished.
[Room] Tech id: 1060864
[Room] Used spawn count: 37
[Room] End Players count: 3
[Room] ;------------------;
[Room] Room result info.
[Room] Player (Id: 5787; Slot: 0) Exp: 367; Gp: 328; KD: 25/10; Score: 168
[Room] Player (Id: 5789; Slot: 1) Exp: 167; Gp: 146; KD: 4/12; Score: 25
[Room] Player (Id: 5784; Slot: 3) Exp: 184; Gp: 164; KD: 6/13; Score: 41
