[Room] Tech id: 1060864
[Room] Room id: 001
[Room] Channel id: 004
[Room] Room name: '@LAN'
[Room] Room type: Explosion
[Room] Room special: None
[Room] Room weapons: Grenade, Melee, Secondary, Primary
[Room] Map name: 'BB_LUXVILLE'
[Room] Actual players count: 0
[Room] Started battle.
[Room] Round 2 has been started.
[Room] Round 3 has been started.
[Room] Round 4 has been started.
[Room] Round 5 has been started.
[Room] Round 6 has been started.
[Room] Round 7 has been started.
[Room] Round 8 has been started.
[Room] ;------------------;
[Room] Battle is finished.
[Room] Tech id: 1060864
[Room] Used spawn count: 32
[Room] End Players count: 4
[Room] ;------------------;
[Room] Room result info.
[Room] Player (Id: 5007; Slot: 0) Exp: 153; Gp: 133; KD: 3/6; Score: 20
[Room] Player (Id: 5001; Slot: 1) Exp: 242; Gp: 209; KD: 8/4; Score: 73
[Room] Player (Id: 5006; Slot: 4) Exp: 151; Gp: 131; KD: 4/5; Score: 20
[Room] Player (Id: 5002; Slot: 5) Exp: 170; Gp: 139; KD: 3/3; Score: 15
