[Room] Tech id: 1060864
[Room] Room id: 001
[Room] Channel id: 004
[Room] Room name: 'Entra aqui Noob!!'
[Room] Room type: Explosion
[Room] Room special: None
[Room] Room weapons: Grenade, Melee, Primary
[Room] Map name: 'BB_DOWNTOWN2'
[Room] Actual players count: 0
[Room] Started battle.
[Room] Round 2 has been started.
[Room] Round 3 has been started.
[Room] Round 4 has been started.
[Room] Round 5 has been started.
[Room] ;------------------;
[Room] Battle is finished.
[Room] Tech id: 1060864
[Room] Used spawn count: 20
[Room] End Players count: 4
[Room] ;------------------;
[Room] Room result info.
[Room] Player (Id: 5802; Slot: 2) Exp: 63; Gp: 54; KD: 0/5; Score: 0
[Room] Player (Id: 5780; Slot: 4) Exp: 63; Gp: 54; KD: 0/5; Score: 0
[Room] Player (Id: 5760; Slot: 5) Exp: 98; Gp: 83; KD: 5/0; Score: 30
[Room] Player (Id: 5804; Slot: 7) Exp: 104; Gp: 89; KD: 5/0; Score: 35
