[Room] Tech id: 1060864
[Room] Room id: 001
[Room] Channel id: 004
[Room] Room name: 'Terra dos mortos!!'
[Room] Room type: Explosion
[Room] Room special: None
[Room] Room weapons: Grenade, Melee, Secondary, Primary
[Room] Map name: 'BB_LUXVILLE'
[Room] Actual players count: 0
[Room] Started battle.
[Room] Round 2 has been started.
[Room] Round 3 has been started.
[Room] Round 4 has been started.
[Room] Round 5 has been started.
[Room] Round 6 has been started.
[Room] ;------------------;
[Room] Battle is finished.
[Room] Tech id: 1060864
[Room] Used spawn count: 21
[Room] End Players count: 4
[Room] ;------------------;
[Room] Room result info.
[Room] Player (Id: 5007; Slot: 0) Exp: 235; Gp: 200; KD: 3/4; Score: 20
[Room] Player (Id: 5001; Slot: 1) Exp: 193; Gp: 172; KD: 7/5; Score: 55
[Room] Player (Id: 5002; Slot: 2) Exp: 255; Gp: 220; KD: 4/3; Score: 40
[Room] Player (Id: 5010; Slot: 3) Exp: 83; Gp: 70; KD: 0/2; Score: 0
