[Room] Tech id: 1060865
[Room] Room id: 002
[Room] Channel id: 004
[Room] Room name: 'Entra aqui Noob!!'
[Room] Room type: Team_DeathMatch
[Room] Room special: ShotgunMode
[Room] Room weapons: Melee, Primary, Mode_870MCS
[Room] Map name: 'TD_BURNINGHALL'
[Room] Actual players count: 0
[Room] Started battle.
[Room] ;------------------;
[Room] Battle is finished.
[Room] Tech id: 1060865
[Room] Used spawn count: 35
[Room] End Players count: 3
[Room] ;------------------;
[Room] Room result info.
[Room] Player (Id: 5005; Slot: 0) Exp: 201; Gp: 173; KD: 2/10; Score: 13
[Room] Player (Id: 5007; Slot: 2) Exp: 346; Gp: 306; KD: 9/11; Score: 86
[Room] Player (Id: 5000; Slot: 3) Exp: 484; Gp: 418; KD: 20/11; Score: 144
