[Room] Tech id: 1060864
[Room] Room id: 001
[Room] Channel id: 004
[Room] Room name: 'Terra dos mortos!!'
[Room] Room type: Team_DeathMatch
[Room] Room special: None
[Room] Room weapons: Melee
[Room] Map name: 'TD_NEWLIBRARY'
[Room] Actual players count: 0
[Room] Started battle.
[Room] ;------------------;
[Room] Battle is finished.
[Room] Tech id: 1060864
[Room] Used spawn count: 38
[Room] End Players count: 3
[Room] ;------------------;
[Room] Room result info.
[Room] Player (Id: 5000; Slot: 1) Exp: 421; Gp: 357; KD: 17/7; Score: 98
[Room] Player (Id: 5005; Slot: 2) Exp: 352; Gp: 311; KD: 12/24; Score: 68
[Room] Player (Id: 5013; Slot: 3) Exp: 294; Gp: 244; KD: 7/5; Score: 41
