[Room] Tech id: 1060864
[Room] Room id: 001
[Room] Channel id: 004
[Room] Room name: 'Sinta o headshot!!'
[Room] Room type: Team_DeathMatch
[Room] Room special: None
[Room] Room weapons: Grenade, Melee, Primary
[Room] Map name: 'TD_EASTERNROAD'
[Room] Actual players count: 0
[Room] Started battle.
[Room] ;------------------;
[Room] Battle is finished.
[Room] Tech id: 1060864
[Room] Used spawn count: 34
[Room] End Players count: 3
[Room] ;------------------;
[Room] Room result info.
[Room] Player (Id: 5767; Slot: 0) Exp: 122; Gp: 106; KD: 4/4; Score: 20
[Room] Player (Id: 5760; Slot: 2) Exp: 300; Gp: 259; KD: 8/9; Score: 43
[Room] Player (Id: 5759; Slot: 3) Exp: 378; Gp: 338; KD: 15/15; Score: 111
