[Room] Tech id: 1060864
[Room] Room id: 001
[Room] Channel id: 004
[Room] Room name: 'Sinta o headshot!!'
[Room] Room type: Team_DeathMatch
[Room] Room special: None
[Room] Room weapons: Grenade, Melee, Secondary, Primary
[Room] Map name: 'TD_REDROCK'
[Room] Actual players count: 0
[Room] Started battle.
[Room] ;------------------;
[Room] Battle is finished.
[Room] Tech id: 1060864
[Room] Used spawn count: 84
[Room] End Players count: 4
[Room] ;------------------;
[Room] Room result info.
[Room] Player (Id: 5804; Slot: 0) Exp: 589; Gp: 518; KD: 30/16; Score: 222
[Room] Player (Id: 5784; Slot: 1) Exp: 524; Gp: 484; KD: 25/23; Score: 242
[Room] Player (Id: 5802; Slot: 2) Exp: 487; Gp: 420; KD: 17/17; Score: 135
[Room] Player (Id: 5806; Slot: 5) Exp: 333; Gp: 293; KD: 8/25; Score: 48
