[Room] Tech id: 1060864
[Room] Room id: 001
[Room] Channel id: 004
[Room] Room name: 'Terra dos mortos!!'
[Room] Room type: Team_DeathMatch
[Room] Room special: None
[Room] Room weapons: Melee, Primary
[Room] Map name: 'TD_MSTATION'
[Room] Actual players count: 0
[Room] Started battle.
[Room] ;------------------;
[Room] Battle is finished.
[Room] Tech id: 1060864
[Room] Used spawn count: 54
[Room] End Players count: 6
[Room] ;------------------;
[Room] Room result info.
[Room] Player (Id: 5020; Slot: 0) Exp: 312; Gp: 274; KD: 16/7; Score: 127
[Room] Player (Id: 5005; Slot: 1) Exp: 178; Gp: 158; KD: 5/14; Score: 33
[Room] Player (Id: 5022; Slot: 3) Exp: 211; Gp: 192; KD: 10/18; Score: 61
[Room] Player (Id: 5019; Slot: 4) Exp: 28; Gp: 26; KD: 2/0; Score: 15
[Room] Player (Id: 5025; Slot: 5) Exp: 40; Gp: 33; KD: 0/0; Score: 0
[Room] Player (Id: 5000; Slot: 6) Exp: 196; Gp: 165; KD: 7/5; Score: 35
