[Room] Tech id: 1060864
[Room] Room id: 001
[Room] Channel id: 004
[Room] Room name: 'Entra aqui Noob!!'
[Room] Room type: Team_DeathMatch
[Room] Room special: SniperMode
[Room] Room weapons: Melee, Secondary, Primary, Mode_SSG69
[Room] Map name: 'TD_MSTATION'
[Room] Actual players count: 0
[Room] Started battle.
[Room] ;------------------;
[Room] Battle is finished.
[Room] Tech id: 1060864
[Room] Used spawn count: 55
[Room] End Players count: 4
[Room] ;------------------;
[Room] Room result info.
[Room] Player (Id: 5785; Slot: 0) Exp: 294; Gp: 259; KD: 8/19; Score: 51
[Room] Player (Id: 5801; Slot: 1) Exp: 380; Gp: 317; KD: 10/12; Score: 55
[Room] Player (Id: 5784; Slot: 2) Exp: 93; Gp: 83; KD: 5/4; Score: 30
[Room] Player (Id: 5802; Slot: 5) Exp: 435; Gp: 371; KD: 19/10; Score: 105
