[Room] Tech id: 1060864
[Room] Room id: 001
[Room] Channel id: 004
[Room] Room name: 'Go Go Go FireWay!'
[Room] Room type: Team_DeathMatch
[Room] Room special: None
[Room] Room weapons: Melee, Secondary, Primary
[Room] Map name: 'TD_BURNINGHALL'
[Room] Actual players count: 0
[Room] Started battle.
[Room] ;------------------;
[Room] Battle is finished.
[Room] Tech id: 1060864
[Room] Used spawn count: 39
[Room] End Players count: 4
[Room] ;------------------;
[Room] Room result info.
[Room] Player (Id: 5036; Slot: 0) Exp: 157; Gp: 136; KD: 4/9; Score: 20
[Room] Player (Id: 5007; Slot: 1) Exp: 193; Gp: 162; KD: 5/6; Score: 30
[Room] Player (Id: 5013; Slot: 2) Exp: 206; Gp: 185; KD: 8/14; Score: 60
[Room] Player (Id: 5001; Slot: 3) Exp: 316; Gp: 280; KD: 17/6; Score: 133
