[Room] Tech id: 1060865
[Room] Room id: 002
[Room] Channel id: 004
[Room] Room name: 'Go Go Go FireWay!'
[Room] Room type: Team_DeathMatch
[Room] Room special: SniperMode
[Room] Room weapons: Melee, Primary, Mode_SSG69
[Room] Map name: 'TD_BREAKDOWN'
[Room] Actual players count: 0
[Room] Started battle.
[Room] ;------------------;
[Room] Battle is finished.
[Room] Tech id: 1060865
[Room] Used spawn count: 22
[Room] End Players count: 3
[Room] ;------------------;
[Room] Room result info.
[Room] Player (Id: 5760; Slot: 0) Exp: 261; Gp: 221; KD: 2/6; Score: 10
[Room] Player (Id: 5804; Slot: 1) Exp: 399; Gp: 335; KD: 12/7; Score: 80
[Room] Player (Id: 5802; Slot: 2) Exp: 281; Gp: 241; KD: 5/6; Score: 30
