[Room] Tech id: 1060865
[Room] Room id: 002
[Room] Channel id: 004
[Room] Room name: 'Terra dos mortos!!'
[Room] Room type: Team_DeathMatch
[Room] Room special: SniperMode
[Room] Room weapons: Grenade, Melee, Primary, Mode_SSG69
[Room] Map name: 'TD_SAINTMANSION'
[Room] Actual players count: 0
[Room] Started battle.
[Room] ;------------------;
[Room] Battle is finished.
[Room] Tech id: 1060865
[Room] Used spawn count: 42
[Room] End Players count: 3
[Room] ;------------------;
[Room] Room result info.
[Room] Player (Id: 5763; Slot: 0) Exp: 490; Gp: 424; KD: 27/12; Score: 147
[Room] Player (Id: 5759; Slot: 1) Exp: 343; Gp: 303; KD: 10/23; Score: 61
[Room] Player (Id: 5760; Slot: 3) Exp: 97; Gp: 84; KD: 2/4; Score: 10
