[Room] Tech id: 1060865
[Room] Room id: 002
[Room] Channel id: 004
[Room] Room name: 'Go Go Go FireWay!'
[Room] Room type: Explosion
[Room] Room special: None
[Room] Room weapons: Grenade, Melee, Secondary, Primary
[Room] Map name: 'BB_LUXVILLE'
[Room] Actual players count: 0
[Room] Started battle.
[Room] Round 2 has been started.
[Room] Round 3 has been started.
[Room] Round 4 has been started.
[Room] Round 5 has been started.
[Room] Round 6 has been started.
[Room] Round 7 has been started.
[Room] Round 8 has been started.
[Room] Round 9 has been started.
[Room] Round 10 has been started.
[Room] Round 11 has been started.
[Room] ;------------------;
[Room] Battle is finished.
[Room] Tech id: 1060865
[Room] Used spawn count: 63
[Room] End Players count: 6
[Room] ;------------------;
[Room] Room result info.
[Room] Player (Id: 5780; Slot: 0) Exp: 417; Gp: 350; KD: 7/10; Score: 50
[Room] Player (Id: 5802; Slot: 1) Exp: 288; Gp: 245; KD: 2/10; Score: 10
[Room] Player (Id: 5763; Slot: 2) Exp: 454; Gp: 387; KD: 16/4; Score: 95
[Room] Player (Id: 5804; Slot: 3) Exp: 352; Gp: 309; KD: 12/8; Score: 79
[Room] Player (Id: 5760; Slot: 4) Exp: 302; Gp: 247; KD: 3/7; Score: 15
[Room] Player (Id: 5759; Slot: 5) Exp: 318; Gp: 275; KD: 7/8; Score: 45
