[Room] Tech id: 1060864
[Room] Room id: 001
[Room] Channel id: 004
[Room] Room name: '@LAN'
[Room] Room type: Team_DeathMatch
[Room] Room special: None
[Room] Room weapons: Melee, Secondary, Primary
[Room] Map name: 'TD_CRACKDOWN'
[Room] Actual players count: 0
[Room] Started battle.
[Room] ;------------------;
[Room] Battle is finished.
[Room] Tech id: 1060864
[Room] Used spawn count: 167
[Room] End Players count: 6
[Room] ;------------------;
[Room] Room result info.
[Room] Player (Id: 5014; Slot: 0) Exp: 495; Gp: 458; KD: 24/24; Score: 232
[Room] Player (Id: 5001; Slot: 1) Exp: 964; Gp: 879; KD: 44/24; Score: 526
[Room] Player (Id: 5022; Slot: 2) Exp: 444; Gp: 404; KD: 17/46; Score: 126
[Room] Player (Id: 5002; Slot: 3) Exp: 501; Gp: 439; KD: 16/26; Score: 153
[Room] Player (Id: 5017; Slot: 4) Exp: 452; Gp: 413; KD: 23/30; Score: 163
[Room] Player (Id: 5021; Slot: 5) Exp: 798; Gp: 719; KD: 40/14; Score: 405
