[Room] Tech id: 1060864
[Room] Room id: 001
[Room] Channel id: 004
[Room] Room name: 'Terra dos mortos!!'
[Room] Room type: Explosion
[Room] Room special: None
[Room] Room weapons: Grenade, Melee, Secondary, Primary
[Room] Map name: 'BB_LUXVILLE'
[Room] Actual players count: 0
[Room] Started battle.
[Room] Round 2 has been started.
[Room] Round 3 has been started.
[Room] Round 4 has been started.
[Room] Round 5 has been started.
[Room] Round 6 has been started.
[Room] Round 7 has been started.
[Room] Round 8 has been started.
[Room] Round 9 has been started.
[Room] Round 10 has been started.
[Room] Round 11 has been started.
[Room] Round 12 has been started.
[Room] Round 13 has been started.
[Room] Round 14 has been started.
[Room] ;------------------;
[Room] Battle is finished.
[Room] Tech id: 1060864
[Room] Used spawn count: 69
[Room] End Players count: 6
[Room] ;------------------;
[Room] Room result info.
[Room] Player (Id: 5798; Slot: 0) Exp: 710; Gp: 611; KD: 25/6; Score: 164
[Room] Player (Id: 5804; Slot: 1) Exp: 414; Gp: 354; KD: 5/11; Score: 35
[Room] Player (Id: 5799; Slot: 2) Exp: 448; Gp: 378; KD: 7/6; Score: 35
[Room] Player (Id: 5780; Slot: 3) Exp: 448; Gp: 388; KD: 5/11; Score: 49
[Room] Player (Id: 5802; Slot: 4) Exp: 163; Gp: 131; KD: 0/3; Score: 0
[Room] Player (Id: 5759; Slot: 5) Exp: 419; Gp: 360; KD: 4/10; Score: 25
