[Room] Tech id: 1060864
[Room] Room id: 001
[Room] Channel id: 004
[Room] Room name: 'Terra dos mortos!!'
[Room] Room type: Explosion
[Room] Room special: None
[Room] Room weapons: Grenade, Melee, Secondary, Primary
[Room] Map name: 'BB_DOWNTOWN2'
[Room] Actual players count: 0
[Room] Started battle.
[Room] Round 2 has been started.
[Room] Round 3 has been started.
[Room] Round 4 has been started.
[Room] Round 5 has been started.
[Room] Round 6 has been started.
[Room] Round 7 has been started.
[Room] ;------------------;
[Room] Battle is finished.
[Room] Tech id: 1060864
[Room] Used spawn count: 35
[Room] End Players count: 5
[Room] ;------------------;
[Room] Room result info.
[Room] Player (Id: 5799; Slot: 0) Exp: 255; Gp: 212; KD: 3/5; Score: 15
[Room] Player (Id: 5802; Slot: 1) Exp: 276; Gp: 248; KD: 10/4; Score: 80
[Room] Player (Id: 5780; Slot: 2) Exp: 225; Gp: 184; KD: 2/3; Score: 15
[Room] Player (Id: 5759; Slot: 3) Exp: 193; Gp: 165; KD: 3/5; Score: 15
[Room] Player (Id: 5797; Slot: 4) Exp: 309; Gp: 264; KD: 4/5; Score: 20
