[Room] Tech id: 1060864
[Room] Room id: 001
[Room] Channel id: 004
[Room] Room name: '@camp sem pindad e sc'
[Room] Room type: Explosion
[Room] Room special: None
[Room] Room weapons: Melee, Secondary, Primary
[Room] Map name: 'BB_LUXVILLE'
[Room] Actual players count: 0
[Room] Started battle.
[Room] Round 2 has been started.
[Room] Round 3 has been started.
[Room] Round 4 has been started.
[Room] Round 5 has been started.
[Room] Round 6 has been started.
[Room] Round 7 has been started.
[Room] ;------------------;
[Room] Battle is finished.
[Room] Tech id: 1060864
[Room] Used spawn count: 21
[Room] End Players count: 3
[Room] ;------------------;
[Room] Room result info.
[Room] Player (Id: 5001; Slot: 0) Exp: 384; Gp: 324; KD: 5/2; Score: 50
[Room] Player (Id: 5022; Slot: 1) Exp: 307; Gp: 269; KD: 8/5; Score: 50
[Room] Player (Id: 5007; Slot: 2) Exp: 310; Gp: 254; KD: 0/6; Score: 0
