[Room] Tech id: 1060864
[Room] Room id: 001
[Room] Channel id: 004
[Room] Room name: 'Terra dos mortos!!'
[Room] Room type: Team_DeathMatch
[Room] Room special: None
[Room] Room weapons: Grenade, Melee
[Room] Map name: 'TD_NEWLIBRARY'
[Room] Actual players count: 0
[Room] Started battle.
[Room] ;------------------;
[Room] Battle is finished.
[Room] Tech id: 1060864
[Room] Used spawn count: 36
[Room] End Players count: 3
[Room] ;------------------;
[Room] Room result info.
[Room] Player (Id: 5013; Slot: 0) Exp: 283; Gp: 242; KD: 4/9; Score: 26
[Room] Player (Id: 5000; Slot: 1) Exp: 460; Gp: 395; KD: 23/10; Score: 126
[Room] Player (Id: 5005; Slot: 2) Exp: 297; Gp: 257; KD: 6/15; Score: 30
