[Room] Tech id: 1060865
[Room] Room id: 002
[Room] Channel id: 004
[Room] Room name: 'Terra dos mortos!!'
[Room] Room type: Team_DeathMatch
[Room] Room special: None
[Room] Room weapons: Grenade, Melee, Secondary, Primary
[Room] Map name: 'TD_CRACKDOWN'
[Room] Actual players count: 0
[Room] Started battle.
[Room] ;------------------;
[Room] Battle is finished.
[Room] Tech id: 1060865
[Room] Used spawn count: 83
[Room] End Players count: 4
[Room] ;------------------;
[Room] Room result info.
[Room] Player (Id: 5759; Slot: 0) Exp: 412; Gp: 372; KD: 15/25; Score: 126
[Room] Player (Id: 5762; Slot: 1) Exp: 795; Gp: 716; KD: 36/12; Score: 401
[Room] Player (Id: 5804; Slot: 2) Exp: 429; Gp: 389; KD: 17/23; Score: 147
[Room] Player (Id: 5780; Slot: 3) Exp: 363; Gp: 319; KD: 12/20; Score: 118
