[Room] Tech id: 1060864
[Room] Room id: 001
[Room] Channel id: 004
[Room] Room name: 'Terra dos mortos!!'
[Room] Room type: Team_DeathMatch
[Room] Room special: None
[Room] Room weapons: Grenade, Melee, Secondary, Primary
[Room] Map name: 'TD_AMPERA'
[Room] Actual players count: 0
[Room] Started battle.
[Room] ;------------------;
[Room] Battle is finished.
[Room] Tech id: 1060864
[Room] Used spawn count: 15
[Room] End Players count: 3
[Room] ;------------------;
[Room] Room result info.
[Room] Player (Id: 5759; Slot: 0) Exp: 360; Gp: 299; KD: 7/5; Score: 50
[Room] Player (Id: 5760; Slot: 1) Exp: 112; Gp: 95; KD: 1/1; Score: 5
[Room] Player (Id: 5791; Slot: 3) Exp: 286; Gp: 245; KD: 4/6; Score: 34
