[Room] Tech id: 1060864
[Room] Room id: 001
[Room] Channel id: 004
[Room] Room name: '@camp'
[Room] Room type: Explosion
[Room] Room special: None
[Room] Room weapons: Melee, Secondary, Primary
[Room] Map name: 'BB_DOWNTOWN'
[Room] Actual players count: 0
[Room] Started battle.
[Room] Round 2 has been started.
[Room] Round 3 has been started.
[Room] Round 4 has been started.
[Room] Round 5 has been started.
[Room] ;------------------;
[Room] Battle is finished.
[Room] Tech id: 1060864
[Room] Used spawn count: 18
[Room] End Players count: 4
[Room] ;------------------;
[Room] Room result info.
[Room] Player (Id: 5001; Slot: 0) Exp: 109; Gp: 89; KD: 1/1; Score: 10
[Room] Player (Id: 5014; Slot: 2) Exp: 102; Gp: 85; KD: 0/1; Score: 0
[Room] Player (Id: 5006; Slot: 4) Exp: 153; Gp: 132; KD: 3/2; Score: 25
[Room] Player (Id: 5022; Slot: 5) Exp: 127; Gp: 113; KD: 4/4; Score: 39
