[Room] Tech id: 1060864
[Room] Room id: 001
[Room] Channel id: 004
[Room] Room name: 'Sinta o headshot!!'
[Room] Room type: Team_DeathMatch
[Room] Room special: None
[Room] Room weapons: Grenade, Melee, Primary
[Room] Map name: 'TD_NEWLIBRARY'
[Room] Actual players count: 0
[Room] Started battle.
[Room] ;------------------;
[Room] Battle is finished.
[Room] Tech id: 1060864
[Room] Used spawn count: 36
[Room] End Players count: 4
[Room] ;------------------;
[Room] Room result info.
[Room] Player (Id: 5001; Slot: 0) Exp: 411; Gp: 348; KD: 14/10; Score: 85
[Room] Player (Id: 5005; Slot: 1) Exp: 340; Gp: 300; KD: 10/22; Score: 60
[Room] Player (Id: 5000; Slot: 2) Exp: 147; Gp: 126; KD: 8/0; Score: 45
[Room] Player (Id: 5002; Slot: 3) Exp: 2; Gp: 2; KD: 0/0; Score: 0
