[Room] Tech id: 1060864
[Room] Room id: 001
[Room] Channel id: 004
[Room] Room name: 'Entra aqui Noob!!'
[Room] Room type: Team_DeathMatch
[Room] Room special: None
[Room] Room weapons: Grenade, Melee, Secondary, Primary
[Room] Map name: 'TD_AMPERA'
[Room] Actual players count: 0
[Room] Started battle.
[Room] ;------------------;
[Room] Battle is finished.
[Room] Tech id: 1060864
[Room] Used spawn count: 61
[Room] End Players count: 4
[Room] ;------------------;
[Room] Room result info.
[Room] Player (Id: 5759; Slot: 0) Exp: 394; Gp: 354; KD: 16/15; Score: 126
[Room] Player (Id: 5802; Slot: 1) Exp: 459; Gp: 394; KD: 13/14; Score: 117
[Room] Player (Id: 5760; Slot: 2) Exp: 293; Gp: 260; KD: 12/15; Score: 68
[Room] Player (Id: 5804; Slot: 3) Exp: 477; Gp: 417; KD: 17/14; Score: 164
