[Room] Tech id: 1060864
[Room] Room id: 001
[Room] Channel id: 004
[Room] Room name: 'Go Go Go FireWay!'
[Room] Room type: Team_DeathMatch
[Room] Room special: SniperMode
[Room] Room weapons: Melee, Primary, Mode_SSG69
[Room] Map name: 'TD_TWOTOWERS'
[Room] Actual players count: 0
[Room] Started battle.
[Room] ;------------------;
[Room] Battle is finished.
[Room] Tech id: 1060864
[Room] Used spawn count: 41
[Room] End Players count: 5
[Room] ;------------------;
[Room] Room result info.
[Room] Player (Id: 5759; Slot: 0) Exp: 133; Gp: 113; KD: 6/6; Score: 30
[Room] Player (Id: 5760; Slot: 1) Exp: 89; Gp: 79; KD: 5/3; Score: 25
[Room] Player (Id: 5761; Slot: 2) Exp: 397; Gp: 334; KD: 12/13; Score: 67
[Room] Player (Id: 5767; Slot: 3) Exp: 297; Gp: 256; KD: 7/9; Score: 40
[Room] Player (Id: 5765; Slot: 5) Exp: 202; Gp: 175; KD: 5/6; Score: 30
