[Room] Tech id: 1060864
[Room] Room id: 001
[Room] Channel id: 004
[Room] Room name: 'Go Go Go FireWay!'
[Room] Room type: Team_DeathMatch
[Room] Room special: SniperMode
[Room] Room weapons: Melee, Primary, Mode_SSG69
[Room] Map name: 'TD_NEWLIBRARY'
[Room] Actual players count: 0
[Room] Started battle.
[Room] ;------------------;
[Room] Battle is finished.
[Room] Tech id: 1060864
[Room] Used spawn count: 54
[Room] End Players count: 3
[Room] ;------------------;
[Room] Room result info.
[Room] Player (Id: 5780; Slot: 0) Exp: 420; Gp: 380; KD: 20/32; Score: 122
[Room] Player (Id: 5802; Slot: 1) Exp: 464; Gp: 399; KD: 26/9; Score: 130
[Room] Player (Id: 5759; Slot: 3) Exp: 349; Gp: 287; KD: 6/11; Score: 30
