[Room] Tech id: 1060864
[Room] Room id: 001
[Room] Channel id: 004
[Room] Room name: '@LAN'
[Room] Room type: Explosion
[Room] Room special: None
[Room] Room weapons: Grenade, Melee, Secondary, Primary
[Room] Map name: 'BB_LUXVILLE'
[Room] Actual players count: 0
[Room] Started battle.
[Room] Round 2 has been started.
[Room] Round 3 has been started.
[Room] Round 4 has been started.
[Room] Round 5 has been started.
[Room] Round 6 has been started.
[Room] Round 7 has been started.
[Room] Round 8 has been started.
[Room] ;------------------;
[Room] Battle is finished.
[Room] Tech id: 1060864
[Room] Used spawn count: 32
[Room] End Players count: 4
[Room] ;------------------;
[Room] Room result info.
[Room] Player (Id: 5007; Slot: 0) Exp: 253; Gp: 209; KD: 4/6; Score: 25
[Room] Player (Id: 5001; Slot: 1) Exp: 221; Gp: 192; KD: 5/6; Score: 35
[Room] Player (Id: 5006; Slot: 4) Exp: 348; Gp: 300; KD: 8/3; Score: 50
[Room] Player (Id: 5002; Slot: 5) Exp: 216; Gp: 187; KD: 4/6; Score: 30
