[Room] Tech id: 1060864
[Room] Room id: 001
[Room] Channel id: 004
[Room] Room name: 'Terra dos mortos!!'
[Room] Room type: Explosion
[Room] Room special: None
[Room] Room weapons: Melee, Secondary, Primary
[Room] Map name: 'BB_LUXVILLE'
[Room] Actual players count: 0
[Room] Started battle.
[Room] Round 2 has been started.
[Room] Round 3 has been started.
[Room] Round 4 has been started.
[Room] Round 5 has been started.
[Room] Round 6 has been started.
[Room] ;------------------;
[Room] Battle is finished.
[Room] Tech id: 1060864
[Room] Used spawn count: 27
[Room] End Players count: 5
[Room] ;------------------;
[Room] Room result info.
[Room] Player (Id: 5780; Slot: 0) Exp: 124; Gp: 108; KD: 3/5; Score: 20
[Room] Player (Id: 5803; Slot: 1) Exp: 154; Gp: 131; KD: 4/3; Score: 30
[Room] Player (Id: 5784; Slot: 2) Exp: 119; Gp: 103; KD: 2/5; Score: 15
[Room] Player (Id: 5798; Slot: 3) Exp: 146; Gp: 123; KD: 4/2; Score: 25
[Room] Player (Id: 5797; Slot: 5) Exp: 68; Gp: 57; KD: 2/0; Score: 15
