[Room] Tech id: 1060864
[Room] Room id: 001
[Room] Channel id: 004
[Room] Room name: 'Sinta o headshot!!'
[Room] Room type: Team_DeathMatch
[Room] Room special: SniperMode
[Room] Room weapons: Melee, Primary, Mode_SSG69
[Room] Map name: 'TD_EASTERNROAD'
[Room] Actual players count: 0
[Room] Started battle.
[Room] ;------------------;
[Room] Battle is finished.
[Room] Tech id: 1060864
[Room] Used spawn count: 20
[Room] End Players count: 3
[Room] ;------------------;
[Room] Room result info.
[Room] Player (Id: 5767; Slot: 0) Exp: 297; Gp: 256; KD: 8/9; Score: 40
[Room] Player (Id: 5759; Slot: 1) Exp: 2; Gp: 1; KD: 0/0; Score: 0
[Room] Player (Id: 5760; Slot: 3) Exp: 376; Gp: 315; KD: 9/8; Score: 59
