[Room] Tech id: 1060864
[Room] Room id: 001
[Room] Channel id: 004
[Room] Room name: 'Terra dos mortos!!'
[Room] Room type: Team_DeathMatch
[Room] Room special: None
[Room] Room weapons: Grenade, Melee, Secondary, Primary
[Room] Map name: 'TD_NEWLIBRARY'
[Room] Actual players count: 0
[Room] Started battle.
[Room] ;------------------;
[Room] Battle is finished.
[Room] Tech id: 1060864
[Room] Used spawn count: 61
[Room] End Players count: 3
[Room] ;------------------;
[Room] Room result info.
[Room] Player (Id: 5814; Slot: 0) Exp: 312; Gp: 276; KD: 13/16; Score: 68
[Room] Player (Id: 5794; Slot: 1) Exp: 498; Gp: 431; KD: 19/10; Score: 156
[Room] Player (Id: 5760; Slot: 4) Exp: 341; Gp: 301; KD: 12/17; Score: 70
