[Room] Tech id: 1060865
[Room] Room id: 002
[Room] Channel id: 004
[Room] Room name: 'Terra dos mortos!!'
[Room] Room type: Explosion
[Room] Room special: None
[Room] Room weapons: Melee
[Room] Map name: 'BB_LUXVILLE'
[Room] Actual players count: 0
[Room] Started battle.
[Room] Round 2 has been started.
[Room] Round 3 has been started.
[Room] Round 4 has been started.
[Room] Round 5 has been started.
[Room] Round 6 has been started.
[Room] Round 7 has been started.
[Room] Round 8 has been started.
[Room] ;------------------;
[Room] Battle is finished.
[Room] Tech id: 1060865
[Room] Used spawn count: 31
[Room] End Players count: 4
[Room] ;------------------;
[Room] Room result info.
[Room] Player (Id: 5005; Slot: 0) Exp: 238; Gp: 198; KD: 6/4; Score: 31
[Room] Player (Id: 5007; Slot: 1) Exp: 205; Gp: 178; KD: 4/7; Score: 30
[Room] Player (Id: 5000; Slot: 2) Exp: 302; Gp: 258; KD: 5/3; Score: 26
[Room] Player (Id: 5013; Slot: 3) Exp: 169; Gp: 148; KD: 3/3; Score: 15
