[Room] Tech id: 1060865
[Room] Room id: 002
[Room] Channel id: 004
[Room] Room name: 'Entra aqui Noob!!'
[Room] Room type: Explosion
[Room] Room special: ShotgunMode
[Room] Room weapons: Grenade, Melee, Secondary, Primary, Mode_870MCS
[Room] Map name: 'BB_LUXVILLE'
[Room] Actual players count: 0
[Room] Started battle.
[Room] Round 2 has been started.
[Room] Round 3 has been started.
[Room] Round 4 has been started.
[Room] Round 5 has been started.
[Room] Round 6 has been started.
[Room] ;------------------;
[Room] Battle is finished.
[Room] Tech id: 1060865
[Room] Used spawn count: 24
[Room] End Players count: 4
[Room] ;------------------;
[Room] Room result info.
[Room] Player (Id: 5759; Slot: 0) Exp: 214; Gp: 192; KD: 5/5; Score: 30
[Room] Player (Id: 5800; Slot: 1) Exp: 258; Gp: 221; KD: 8/1; Score: 40
[Room] Player (Id: 5780; Slot: 2) Exp: 144; Gp: 122; KD: 0/5; Score: 0
[Room] Player (Id: 5802; Slot: 3) Exp: 182; Gp: 148; KD: 2/4; Score: 10
