[Room] Tech id: 1060864
[Room] Room id: 001
[Room] Channel id: 004
[Room] Room name: '@'
[Room] Room type: Annihilation
[Room] Room special: None
[Room] Room weapons: Melee, Secondary, Primary
[Room] Map name: 'TD_CRACKDOWN'
[Room] Actual players count: 0
[Room] Started battle.
[Room] Round 2 has been started.
[Room] Round 3 has been started.
[Room] ;------------------;
[Room] Battle is finished.
[Room] Tech id: 1060864
[Room] Used spawn count: 8
[Room] End Players count: 3
[Room] ;------------------;
[Room] Room result info.
[Room] Player (Id: 5011; Slot: 0) Exp: 45; Gp: 39; KD: 2/0; Score: 15
[Room] Player (Id: 5001; Slot: 1) Exp: 57; Gp: 52; KD: 2/3; Score: 20
[Room] Player (Id: 5006; Slot: 2) Exp: 48; Gp: 40; KD: 1/2; Score: 5
