[Room] Tech id: 1060865
[Room] Room id: 002
[Room] Channel id: 004
[Room] Room name: 'Go Go Go FireWay!'
[Room] Room type: Team_DeathMatch
[Room] Room special: SniperMode
[Room] Room weapons: Grenade, Melee, Secondary, Primary, Mode_SSG69
[Room] Map name: 'TD_TWOTOWERS'
[Room] Actual players count: 0
[Room] Started battle.
[Room] ;------------------;
[Room] Battle is finished.
[Room] Tech id: 1060865
[Room] Used spawn count: 80
[Room] End Players count: 4
[Room] ;------------------;
[Room] Room result info.
[Room] Player (Id: 5784; Slot: 0) Exp: 376; Gp: 336; KD: 12/24; Score: 92
[Room] Player (Id: 5798; Slot: 1) Exp: 481; Gp: 415; KD: 27/13; Score: 137
[Room] Player (Id: 5799; Slot: 3) Exp: 457; Gp: 392; KD: 22/14; Score: 115
[Room] Player (Id: 5780; Slot: 4) Exp: 382; Gp: 342; KD: 15/25; Score: 96
