[Room] Tech id: 1060864
[Room] Room id: 001
[Room] Channel id: 004
[Room] Room name: '@UP'
[Room] Room type: Explosion
[Room] Room special: None
[Room] Room weapons: Melee, Secondary
[Room] Map name: 'BB_LUXVILLE'
[Room] Actual players count: 0
[Room] Started battle.
[Room] Round 2 has been started.
[Room] Round 3 has been started.
[Room] Round 4 has been started.
[Room] Round 5 has been started.
[Room] Round 6 has been started.
[Room] Round 7 has been started.
[Room] Round 8 has been started.
[Room] Round 9 has been started.
[Room] Round 10 has been started.
[Room] Round 11 has been started.
[Room] ;------------------;
[Room] Battle is finished.
[Room] Tech id: 1060864
[Room] Used spawn count: 63
[Room] End Players count: 5
[Room] ;------------------;
[Room] Room result info.
[Room] Player (Id: 5016; Slot: 0) Exp: 368; Gp: 324; KD: 8/10; Score: 83
[Room] Player (Id: 5021; Slot: 3) Exp: 534; Gp: 461; KD: 15/5; Score: 151
[Room] Player (Id: 5000; Slot: 5) Exp: 363; Gp: 299; KD: 6/5; Score: 30
[Room] Player (Id: 5006; Slot: 7) Exp: 390; Gp: 323; KD: 5/6; Score: 49
[Room] Player (Id: 5017; Slot: 8) Exp: 375; Gp: 331; KD: 6/8; Score: 54
