[Room] Tech id: 1060865
[Room] Room id: 002
[Room] Channel id: 004
[Room] Room name: 'Sinta o headshot!!'
[Room] Room type: Team_DeathMatch
[Room] Room special: None
[Room] Room weapons: Grenade, Melee, Secondary, Primary
[Room] Map name: 'TD_REDROCK'
[Room] Actual players count: 0
[Room] Started battle.
[Room] ;------------------;
[Room] Battle is finished.
[Room] Tech id: 1060865
[Room] Used spawn count: 97
[Room] End Players count: 5
[Room] ;------------------;
[Room] Room result info.
[Room] Player (Id: 5784; Slot: 0) Exp: 530; Gp: 461; KD: 20/19; Score: 167
[Room] Player (Id: 5760; Slot: 1) Exp: 355; Gp: 314; KD: 14/19; Score: 80
[Room] Player (Id: 5804; Slot: 2) Exp: 639; Gp: 566; KD: 32/21; Score: 255
[Room] Player (Id: 5802; Slot: 3) Exp: 325; Gp: 286; KD: 7/15; Score: 64
[Room] Player (Id: 5780; Slot: 5) Exp: 407; Gp: 366; KD: 19/19; Score: 132
