[Room] Tech id: 1060864
[Room] Room id: 001
[Room] Channel id: 004
[Room] Room name: '@UP '
[Room] Room type: Team_DeathMatch
[Room] Room special: None
[Room] Room weapons: Grenade, Melee, Secondary, Primary
[Room] Map name: 'TD_BURNINGHALL'
[Room] Actual players count: 0
[Room] Started battle.
[Room] ;------------------;
[Room] Battle is finished.
[Room] Tech id: 1060864
[Room] Used spawn count: 89
[Room] End Players count: 6
[Room] ;------------------;
[Room] Room result info.
[Room] Player (Id: 5019; Slot: 0) Exp: 482; Gp: 416; KD: 19/11; Score: 142
[Room] Player (Id: 5030; Slot: 1) Exp: 215; Gp: 194; KD: 9/15; Score: 64
[Room] Player (Id: 5025; Slot: 2) Exp: 408; Gp: 353; KD: 18/12; Score: 126
[Room] Player (Id: 5002; Slot: 3) Exp: 339; Gp: 299; KD: 9/20; Score: 63
[Room] Player (Id: 5022; Slot: 5) Exp: 189; Gp: 173; KD: 8/12; Score: 71
[Room] Player (Id: 5000; Slot: 6) Exp: 428; Gp: 364; KD: 18/5; Score: 108
