[Room] Tech id: 1060865
[Room] Room id: 002
[Room] Channel id: 004
[Room] Room name: 'Go Go Go FireWay!'
[Room] Room type: Team_DeathMatch
[Room] Room special: None
[Room] Room weapons: Grenade, Melee, Secondary, Primary
[Room] Map name: 'TD_BURNINGHALL'
[Room] Actual players count: 0
[Room] Started battle.
[Room] ;------------------;
[Room] Battle is finished.
[Room] Tech id: 1060865
[Room] Used spawn count: 77
[Room] End Players count: 4
[Room] ;------------------;
[Room] Room result info.
[Room] Player (Id: 5799; Slot: 0) Exp: 419; Gp: 379; KD: 28/20; Score: 143
[Room] Player (Id: 5806; Slot: 2) Exp: 323; Gp: 285; KD: 6/19; Score: 59
[Room] Player (Id: 5804; Slot: 3) Exp: 442; Gp: 378; KD: 17/16; Score: 100
[Room] Player (Id: 5784; Slot: 5) Exp: 487; Gp: 420; KD: 22/18; Score: 133
