[Room] Tech id: 1060864
[Room] Room id: 001
[Room] Channel id: 004
[Room] Room name: 'Terra dos mortos!!'
[Room] Room type: Team_DeathMatch
[Room] Room special: None
[Room] Room weapons: Grenade, Melee, Secondary, Primary
[Room] Map name: 'TD_REDROCK'
[Room] Actual players count: 0
[Room] Started battle.
[Room] ;------------------;
[Room] Battle is finished.
[Room] Tech id: 1060864
[Room] Used spawn count: 81
[Room] End Players count: 4
[Room] ;------------------;
[Room] Room result info.
[Room] Player (Id: 5037; Slot: 0) Exp: 908; Gp: 824; KD: 40/6; Score: 506
[Room] Player (Id: 5013; Slot: 3) Exp: 403; Gp: 362; KD: 10/39; Score: 92
[Room] Player (Id: 5000; Slot: 4) Exp: 463; Gp: 397; KD: 26/6; Score: 135
[Room] Player (Id: 5005; Slot: 5) Exp: 305; Gp: 265; KD: 2/27; Score: 16
