[Room] Tech id: 1060864
[Room] Room id: 001
[Room] Channel id: 004
[Room] Room name: 'Terra dos mortos!!'
[Room] Room type: Team_DeathMatch
[Room] Room special: None
[Room] Room weapons: Grenade, Melee, Secondary, Primary
[Room] Map name: 'TD_NEWLIBRARY'
[Room] Actual players count: 0
[Room] Started battle.
[Room] ;------------------;
[Room] Battle is finished.
[Room] Tech id: 1060864
[Room] Used spawn count: 44
[Room] End Players count: 3
[Room] ;------------------;
[Room] Room result info.
[Room] Player (Id: 5817; Slot: 1) Exp: 283; Gp: 243; KD: 5/10; Score: 25
[Room] Player (Id: 5760; Slot: 2) Exp: 490; Gp: 424; KD: 23/18; Score: 137
[Room] Player (Id: 5784; Slot: 3) Exp: 367; Gp: 327; KD: 13/13; Score: 104
