[Room] Tech id: 1060864
[Room] Room id: 001
[Room] Channel id: 004
[Room] Room name: 'Sinta o headshot!!'
[Room] Room type: Team_DeathMatch
[Room] Room special: None
[Room] Room weapons: Grenade, Melee, Secondary, Primary
[Room] Map name: 'TD_MSTATION'
[Room] Actual players count: 0
[Room] Started battle.
[Room] ;------------------;
[Room] Battle is finished.
[Room] Tech id: 1060864
[Room] Used spawn count: 80
[Room] End Players count: 3
[Room] ;------------------;
[Room] Room result info.
[Room] Player (Id: 5777; Slot: 0) Exp: 516; Gp: 458; KD: 19/23; Score: 129
[Room] Player (Id: 5779; Slot: 1) Exp: 948; Gp: 838; KD: 47/31; Score: 373
[Room] Player (Id: 5760; Slot: 2) Exp: 469; Gp: 409; KD: 12/24; Score: 65
