[Room] Tech id: 1060864
[Room] Room id: 001
[Room] Channel id: 004
[Room] Room name: 'LIGA UNCHARTED'
[Room] Room type: Team_DeathMatch
[Room] Room special: None
[Room] Room weapons: Melee, Secondary
[Room] Map name: 'TD_CRACKDOWN'
[Room] Actual players count: 0
[Room] Started battle.
[Room] ;------------------;
[Room] Battle is finished.
[Room] Tech id: 1060864
[Room] Used spawn count: 40
[Room] End Players count: 3
[Room] ;------------------;
[Room] Room result info.
[Room] Player (Id: 5016; Slot: 0) Exp: 180; Gp: 160; KD: 5/11; Score: 40
[Room] Player (Id: 5001; Slot: 1) Exp: 363; Gp: 343; KD: 19/19; Score: 209
[Room] Player (Id: 5019; Slot: 2) Exp: 297; Gp: 277; KD: 14/8; Score: 163
