[Room] Tech id: 1060864
[Room] Room id: 001
[Room] Channel id: 004
[Room] Room name: 'LIGA UNCHARTED'
[Room] Room type: Explosion
[Room] Room special: None
[Room] Room weapons: Melee, Primary
[Room] Map name: 'BB_LUXVILLE'
[Room] Actual players count: 0
[Room] Started battle.
[Room] Round 2 has been started.
[Room] Round 3 has been started.
[Room] Round 4 has been started.
[Room] Round 5 has been started.
[Room] ;------------------;
[Room] Battle is finished.
[Room] Tech id: 1060864
[Room] Used spawn count: 23
[Room] End Players count: 5
[Room] ;------------------;
[Room] Room result info.
[Room] Player (Id: 5001; Slot: 0) Exp: 133; Gp: 116; KD: 5/3; Score: 30
[Room] Player (Id: 5016; Slot: 1) Exp: 165; Gp: 139; KD: 2/3; Score: 15
[Room] Player (Id: 5013; Slot: 2) Exp: 168; Gp: 151; KD: 1/3; Score: 5
[Room] Player (Id: 5019; Slot: 3) Exp: 150; Gp: 125; KD: 4/2; Score: 25
[Room] Player (Id: 5007; Slot: 5) Exp: 72; Gp: 57; KD: 0/1; Score: 0
