[Room] Tech id: 1060864
[Room] Room id: 001
[Room] Channel id: 004
[Room] Room name: 'Go Go Go FireWay!'
[Room] Room type: Annihilation
[Room] Room special: None
[Room] Room weapons: Melee, Secondary, Primary
[Room] Map name: 'TD_CRACKDOWN'
[Room] Actual players count: 0
[Room] Started battle.
[Room] Round 2 has been started.
[Room] Round 3 has been started.
[Room] Round 4 has been started.
[Room] Round 5 has been started.
[Room] ;------------------;
[Room] Battle is finished.
[Room] Tech id: 1060864
[Room] Used spawn count: 15
[Room] End Players count: 3
[Room] ;------------------;
[Room] Room result info.
[Room] Player (Id: 5794; Slot: 0) Exp: 95; Gp: 87; KD: 5/3; Score: 44
[Room] Player (Id: 5784; Slot: 1) Exp: 87; Gp: 75; KD: 3/2; Score: 25
[Room] Player (Id: 5780; Slot: 3) Exp: 61; Gp: 49; KD: 0/3; Score: 0
