[Room] Tech id: 1060864
[Room] Room id: 001
[Room] Channel id: 004
[Room] Room name: 'Entra aqui Noob!!'
[Room] Room type: Team_DeathMatch
[Room] Room special: SniperMode
[Room] Room weapons: Grenade, Melee, Primary, Mode_SSG69
[Room] Map name: 'TD_EASTERNROAD'
[Room] Actual players count: 0
[Room] Started battle.
[Room] ;------------------;
[Room] Battle is finished.
[Room] Tech id: 1060864
[Room] Used spawn count: 65
[Room] End Players count: 5
[Room] ;------------------;
[Room] Room result info.
[Room] Player (Id: 5767; Slot: 0) Exp: 304; Gp: 265; KD: 8/13; Score: 51
[Room] Player (Id: 5761; Slot: 1) Exp: 358; Gp: 297; KD: 8/9; Score: 43
[Room] Player (Id: 5765; Slot: 3) Exp: 379; Gp: 316; KD: 12/7; Score: 63
[Room] Player (Id: 5759; Slot: 4) Exp: 391; Gp: 351; KD: 19/18; Score: 119
[Room] Player (Id: 5760; Slot: 7) Exp: 378; Gp: 317; KD: 11/13; Score: 60
