[Room] Tech id: 1060864
[Room] Room id: 001
[Room] Channel id: 004
[Room] Room name: 'Sinta o headshot!!'
[Room] Room type: Team_DeathMatch
[Room] Room special: None
[Room] Room weapons: Grenade, Melee, Secondary, Primary
[Room] Map name: 'TD_NEWLIBRARY'
[Room] Actual players count: 0
[Room] Started battle.
[Room] ;------------------;
[Room] Battle is finished.
[Room] Tech id: 1060864
[Room] Used spawn count: 29
[Room] End Players count: 3
[Room] ;------------------;
[Room] Room result info.
[Room] Player (Id: 5759; Slot: 0) Exp: 354; Gp: 293; KD: 7/5; Score: 45
[Room] Player (Id: 5791; Slot: 1) Exp: 329; Gp: 289; KD: 9/17; Score: 58
[Room] Player (Id: 5760; Slot: 2) Exp: 360; Gp: 299; KD: 10/5; Score: 50
