[Room] Tech id: 1060864
[Room] Room id: 001
[Room] Channel id: 004
[Room] Room name: 'Sinta o headshot!!'
[Room] Room type: Destroy
[Room] Room special: None
[Room] Room weapons: Grenade, Melee, Secondary, Primary
[Room] Map name: 'DS_BREAKDOWN'
[Room] Actual players count: 0
[Room] Started battle.
[Room] Round 2 has been started.
[Room] Round 3 has been started.
[Room] Round 4 has been started.
[Room] ;------------------;
[Room] Battle is finished.
[Room] Tech id: 1060864
[Room] Used spawn count: 18
[Room] End Players count: 3
[Room] ;------------------;
[Room] Room result info.
[Room] Player (Id: 5767; Slot: 1) Exp: 162; Gp: 119; KD: 2/2; Score: 10
[Room] Player (Id: 5759; Slot: 2) Exp: 158; Gp: 119; KD: 4/2; Score: 25
[Room] Player (Id: 5760; Slot: 3) Exp: 165; Gp: 108; KD: 0/2; Score: 0
