[Room] Tech id: 1060864
[Room] Room id: 001
[Room] Channel id: 004
[Room] Room name: 'Terra dos mortos!!'
[Room] Room type: Explosion
[Room] Room special: None
[Room] Room weapons: Melee, Secondary, Primary
[Room] Map name: 'BB_LUXVILLE'
[Room] Actual players count: 0
[Room] Started battle.
[Room] Round 2 has been started.
[Room] Round 3 has been started.
[Room] Round 4 has been started.
[Room] Round 5 has been started.
[Room] Round 6 has been started.
[Room] ;------------------;
[Room] Battle is finished.
[Room] Tech id: 1060864
[Room] Used spawn count: 29
[Room] End Players count: 5
[Room] ;------------------;
[Room] Room result info.
[Room] Player (Id: 5780; Slot: 0) Exp: 208; Gp: 172; KD: 0/4; Score: 0
[Room] Player (Id: 5803; Slot: 1) Exp: 224; Gp: 200; KD: 6/4; Score: 50
[Room] Player (Id: 5784; Slot: 2) Exp: 234; Gp: 196; KD: 1/3; Score: 5
[Room] Player (Id: 5798; Slot: 4) Exp: 266; Gp: 227; KD: 8/3; Score: 50
[Room] Player (Id: 5797; Slot: 5) Exp: 187; Gp: 162; KD: 4/5; Score: 30
