[Room] Tech id: 1060864
[Room] Room id: 001
[Room] Channel id: 004
[Room] Room name: 'Terra dos mortos!!'
[Room] Room type: Team_DeathMatch
[Room] Room special: None
[Room] Room weapons: Melee, Primary
[Room] Map name: 'TD_DESERTCAMP'
[Room] Actual players count: 0
[Room] Started battle.
[Room] ;------------------;
[Room] Battle is finished.
[Room] Tech id: 1060864
[Room] Used spawn count: 72
[Room] End Players count: 3
[Room] ;------------------;
[Room] Room result info.
[Room] Player (Id: 5005; Slot: 0) Exp: 530; Gp: 470; KD: 10/58; Score: 65
[Room] Player (Id: 5019; Slot: 1) Exp: 730; Gp: 631; KD: 23/5; Score: 239
[Room] Player (Id: 5000; Slot: 5) Exp: 745; Gp: 645; KD: 35/5; Score: 251
