[Room] Tech id: 1060865
[Room] Room id: 002
[Room] Channel id: 004
[Room] Room name: 'Terra dos mortos!!'
[Room] Room type: Team_DeathMatch
[Room] Room special: None
[Room] Room weapons: Melee, Secondary, Primary
[Room] Map name: 'TD_MSTATION'
[Room] Actual players count: 0
[Room] Started battle.
[Room] ;------------------;
[Room] Battle is finished.
[Room] Tech id: 1060865
[Room] Used spawn count: 48
[Room] End Players count: 3
[Room] ;------------------;
[Room] Room result info.
[Room] Player (Id: 5815; Slot: 0) Exp: 408; Gp: 368; KD: 16/28; Score: 117
[Room] Player (Id: 5816; Slot: 1) Exp: 430; Gp: 366; KD: 16/10; Score: 100
[Room] Player (Id: 5801; Slot: 3) Exp: 292; Gp: 253; KD: 12/6; Score: 88
