[Room] Tech id: 1060865
[Room] Room id: 002
[Room] Channel id: 004
[Room] Room name: 'Terra dos mortos!!'
[Room] Room type: Team_DeathMatch
[Room] Room special: None
[Room] Room weapons: Grenade, Melee, Secondary, Primary
[Room] Map name: 'TD_MSTATION'
[Room] Actual players count: 0
[Room] Started battle.
[Room] ;------------------;
[Room] Battle is finished.
[Room] Tech id: 1060865
[Room] Used spawn count: 64
[Room] End Players count: 3
[Room] ;------------------;
[Room] Room result info.
[Room] Player (Id: 5797; Slot: 0) Exp: 302; Gp: 274; KD: 14/17; Score: 104
[Room] Player (Id: 5799; Slot: 1) Exp: 516; Gp: 448; KD: 26/15; Score: 163
[Room] Player (Id: 5780; Slot: 3) Exp: 292; Gp: 248; KD: 9/10; Score: 55
