[Room] Tech id: 1060864
[Room] Room id: 001
[Room] Channel id: 004
[Room] Room name: 'LIGA UNCHARTED'
[Room] Room type: Explosion
[Room] Room special: None
[Room] Room weapons: Melee, Primary
[Room] Map name: 'BB_LUXVILLE'
[Room] Actual players count: 0
[Room] Started battle.
[Room] Round 2 has been started.
[Room] Round 3 has been started.
[Room] Round 4 has been started.
[Room] ;------------------;
[Room] Battle is finished.
[Room] Tech id: 1060864
[Room] Used spawn count: 19
[Room] End Players count: 5
[Room] ;------------------;
[Room] Room result info.
[Room] Player (Id: 5001; Slot: 0) Exp: 174; Gp: 147; KD: 4/2; Score: 35
[Room] Player (Id: 5016; Slot: 1) Exp: 118; Gp: 100; KD: 1/3; Score: 5
[Room] Player (Id: 5013; Slot: 2) Exp: 204; Gp: 175; KD: 3/2; Score: 20
[Room] Player (Id: 5006; Slot: 4) Exp: 52; Gp: 43; KD: 1/0; Score: 10
[Room] Player (Id: 5007; Slot: 5) Exp: 111; Gp: 93; KD: 0/3; Score: 0
