[Room] Tech id: 1060865
[Room] Room id: 002
[Room] Channel id: 004
[Room] Room name: 'Entra aqui Noob!!'
[Room] Room type: Team_DeathMatch
[Room] Room special: None
[Room] Room weapons: Melee, Secondary
[Room] Map name: 'TD_NEWLIBRARY'
[Room] Actual players count: 0
[Room] Started battle.
[Room] ;------------------;
[Room] Battle is finished.
[Room] Tech id: 1060865
[Room] Used spawn count: 148
[Room] End Players count: 4
[Room] ;------------------;
[Room] Room result info.
[Room] Player (Id: 5013; Slot: 0) Exp: 844; Gp: 764; KD: 35/50; Score: 274
[Room] Player (Id: 5005; Slot: 1) Exp: 883; Gp: 753; KD: 37/37; Score: 189
[Room] Player (Id: 5007; Slot: 2) Exp: 743; Gp: 663; KD: 23/35; Score: 200
[Room] Player (Id: 5000; Slot: 3) Exp: 987; Gp: 853; KD: 48/22; Score: 303
