[Room] Tech id: 1060864
[Room] Room id: 001
[Room] Channel id: 004
[Room] Room name: 'Go Go Go FireWay!'
[Room] Room type: Team_DeathMatch
[Room] Room special: None
[Room] Room weapons: Grenade, Melee, Secondary, Primary
[Room] Map name: 'TD_NEWLIBRARY'
[Room] Actual players count: 0
[Room] Started battle.
[Room] ;------------------;
[Room] Battle is finished.
[Room] Tech id: 1060864
[Room] Used spawn count: 52
[Room] End Players count: 4
[Room] ;------------------;
[Room] Room result info.
[Room] Player (Id: 5780; Slot: 0) Exp: 506; Gp: 439; KD: 26/16; Score: 153
[Room] Player (Id: 5797; Slot: 1) Exp: 350; Gp: 309; KD: 12/24; Score: 66
[Room] Player (Id: 5799; Slot: 2) Exp: 74; Gp: 63; KD: 3/3; Score: 15
[Room] Player (Id: 5784; Slot: 3) Exp: 144; Gp: 129; KD: 7/5; Score: 43
