[Room] Tech id: 1060865
[Room] Room id: 002
[Room] Channel id: 004
[Room] Room name: 'Terra dos mortos!!'
[Room] Room type: Team_DeathMatch
[Room] Room special: SniperMode
[Room] Room weapons: Grenade, Melee, Secondary, Primary, Mode_SSG69
[Room] Map name: 'TD_REDROCK'
[Room] Actual players count: 0
[Room] Started battle.
[Room] ;------------------;
[Room] Battle is finished.
[Room] Tech id: 1060865
[Room] Used spawn count: 43
[Room] End Players count: 3
[Room] ;------------------;
[Room] Room result info.
[Room] Player (Id: 5804; Slot: 0) Exp: 519; Gp: 451; KD: 27/13; Score: 169
[Room] Player (Id: 5784; Slot: 1) Exp: 329; Gp: 288; KD: 8/16; Score: 59
[Room] Player (Id: 5802; Slot: 3) Exp: 286; Gp: 245; KD: 5/11; Score: 25
