[Room] Tech id: 1060865
[Room] Room id: 002
[Room] Channel id: 004
[Room] Room name: 'Go Go Go FireWay!'
[Room] Room type: Team_DeathMatch
[Room] Room special: SniperMode
[Room] Room weapons: Grenade, Melee, Secondary, Primary, Mode_SSG69
[Room] Map name: 'TD_TWOTOWERS'
[Room] Actual players count: 0
[Room] Started battle.
[Room] ;------------------;
[Room] Battle is finished.
[Room] Tech id: 1060865
[Room] Used spawn count: 35
[Room] End Players count: 3
[Room] ;------------------;
[Room] Room result info.
[Room] Player (Id: 5780; Slot: 0) Exp: 335; Gp: 294; KD: 9/24; Score: 51
[Room] Player (Id: 5798; Slot: 1) Exp: 363; Gp: 301; KD: 9/4; Score: 55
[Room] Player (Id: 5784; Slot: 5) Exp: 400; Gp: 338; KD: 15/5; Score: 85
