[Room] Tech id: 1060864
[Room] Room id: 001
[Room] Channel id: 004
[Room] Room name: '@Camp s pindad e sc'
[Room] Room type: Team_DeathMatch
[Room] Room special: None
[Room] Room weapons: Melee, Primary
[Room] Map name: 'TD_MSTATION'
[Room] Actual players count: 0
[Room] Started battle.
[Room] ;------------------;
[Room] Battle is finished.
[Room] Tech id: 1060864
[Room] Used spawn count: 68
[Room] End Players count: 3
[Room] ;------------------;
[Room] Room result info.
[Room] Player (Id: 5022; Slot: 0) Exp: 458; Gp: 393; KD: 16/15; Score: 115
[Room] Player (Id: 5025; Slot: 1) Exp: 584; Gp: 544; KD: 32/33; Score: 284
[Room] Player (Id: 5016; Slot: 2) Exp: 500; Gp: 433; KD: 17/17; Score: 146
