[Room] Tech id: 1060864
[Room] Room id: 001
[Room] Channel id: 004
[Room] Room name: 'Entra aqui Noob!!'
[Room] Room type: Team_DeathMatch
[Room] Room special: SniperMode
[Room] Room weapons: Grenade, Melee, Primary, Mode_SSG69
[Room] Map name: 'TD_MSTATION'
[Room] Actual players count: 0
[Room] Started battle.
[Room] ;------------------;
[Room] Battle is finished.
[Room] Tech id: 1060864
[Room] Used spawn count: 76
[Room] End Players count: 4
[Room] ;------------------;
[Room] Room result info.
[Room] Player (Id: 5785; Slot: 0) Exp: 360; Gp: 320; KD: 16/19; Score: 85
[Room] Player (Id: 5801; Slot: 1) Exp: 456; Gp: 391; KD: 17/22; Score: 100
[Room] Player (Id: 5784; Slot: 2) Exp: 370; Gp: 330; KD: 17/19; Score: 95
[Room] Player (Id: 5802; Slot: 5) Exp: 457; Gp: 392; KD: 21/12; Score: 119
