[Room] Tech id: 1060864
[Room] Room id: 001
[Room] Channel id: 004
[Room] Room name: '@'
[Room] Room type: Explosion
[Room] Room special: None
[Room] Room weapons: Melee, Secondary, Primary
[Room] Map name: 'BB_SANDSTORM'
[Room] Actual players count: 0
[Room] Started battle.
[Room] Round 2 has been started.
[Room] Round 3 has been started.
[Room] ;------------------;
[Room] Battle is finished.
[Room] Tech id: 1060864
[Room] Used spawn count: 6
[Room] End Players count: 2
[Room] ;------------------;
[Room] Room result info.
[Room] Player (Id: 5007; Slot: 0) Exp: 73; Gp: 65; KD: 0/2; Score: 0
[Room] Player (Id: 5001; Slot: 1) Exp: 93; Gp: 80; KD: 2/0; Score: 10
[Room] Player (Id: 5006; Slot: 2) Exp: 8; Gp: 7; KD: 0/0; Score: 0
