[Room] Tech id: 1060865
[Room] Room id: 002
[Room] Channel id: 004
[Room] Room name: 'Entra aqui Noob!!'
[Room] Room type: Team_DeathMatch
[Room] Room special: None
[Room] Room weapons: Melee, Secondary, Primary
[Room] Map name: 'TD_REDROCK'
[Room] Actual players count: 0
[Room] Started battle.
[Room] ;------------------;
[Room] Battle is finished.
[Room] Tech id: 1060865
[Room] Used spawn count: 72
[Room] End Players count: 4
[Room] ;------------------;
[Room] Room result info.
[Room] Player (Id: 5784; Slot: 0) Exp: 454; Gp: 413; KD: 23/22; Score: 174
[Room] Player (Id: 5794; Slot: 1) Exp: 598; Gp: 527; KD: 25/11; Score: 239
[Room] Player (Id: 5780; Slot: 2) Exp: 301; Gp: 261; KD: 5/20; Score: 25
[Room] Player (Id: 5760; Slot: 5) Exp: 439; Gp: 373; KD: 17/17; Score: 95
