[Room] Tech id: 1060864
[Room] Room id: 001
[Room] Channel id: 004
[Room] Room name: 'LIGA UNCHARTED'
[Room] Room type: Explosion
[Room] Room special: None
[Room] Room weapons: Melee, Primary
[Room] Map name: 'BB_LUXVILLE'
[Room] Actual players count: 0
[Room] Started battle.
[Room] Round 2 has been started.
[Room] Round 3 has been started.
[Room] Round 4 has been started.
[Room] Round 5 has been started.
[Room] ;------------------;
[Room] Battle is finished.
[Room] Tech id: 1060864
[Room] Used spawn count: 33
[Room] End Players count: 7
[Room] ;------------------;
[Room] Room result info.
[Room] Player (Id: 5006; Slot: 0) Exp: 159; Gp: 128; KD: 0/4; Score: 0
[Room] Player (Id: 5001; Slot: 1) Exp: 211; Gp: 190; KD: 8/4; Score: 78
[Room] Player (Id: 5017; Slot: 2) Exp: 199; Gp: 166; KD: 3/3; Score: 15
[Room] Player (Id: 5013; Slot: 3) Exp: 126; Gp: 107; KD: 0/4; Score: 0
[Room] Player (Id: 5007; Slot: 4) Exp: 172; Gp: 142; KD: 4/1; Score: 25
[Room] Player (Id: 5016; Slot: 5) Exp: 166; Gp: 145; KD: 3/3; Score: 15
[Room] Player (Id: 5019; Slot: 6) Exp: 234; Gp: 200; KD: 4/3; Score: 44
