[Room] Tech id: 1060864
[Room] Room id: 001
[Room] Channel id: 004
[Room] Room name: 'Terra dos mortos!!'
[Room] Room type: Team_DeathMatch
[Room] Room special: None
[Room] Room weapons: Melee
[Room] Map name: 'TD_SAINTMANSION'
[Room] Actual players count: 0
[Room] Started battle.
[Room] ;------------------;
[Room] Battle is finished.
[Room] Tech id: 1060864
[Room] Used spawn count: 61
[Room] End Players count: 3
[Room] ;------------------;
[Room] Room result info.
[Room] Player (Id: 5763; Slot: 0) Exp: 733; Gp: 633; KD: 34/23; Score: 209
[Room] Player (Id: 5760; Slot: 1) Exp: 459; Gp: 399; KD: 12/20; Score: 62
[Room] Player (Id: 5759; Slot: 3) Exp: 458; Gp: 398; KD: 11/15; Score: 70
