[Room] Tech id: 1060864
[Room] Room id: 001
[Room] Channel id: 004
[Room] Room name: 'Sinta o headshot!!'
[Room] Room type: Team_DeathMatch
[Room] Room special: None
[Room] Room weapons: Grenade, Melee, Secondary, Primary
[Room] Map name: 'TD_CRACKDOWN'
[Room] Actual players count: 0
[Room] Started battle.
[Room] ;------------------;
[Room] Battle is finished.
[Room] Tech id: 1060864
[Room] Used spawn count: 43
[Room] End Players count: 3
[Room] ;------------------;
[Room] Room result info.
[Room] Player (Id: 5003; Slot: 0) Exp: 348; Gp: 308; KD: 7/31; Score: 52
[Room] Player (Id: 5001; Slot: 1) Exp: 463; Gp: 396; KD: 18/4; Score: 138
[Room] Player (Id: 5000; Slot: 3) Exp: 411; Gp: 349; KD: 16/3; Score: 104
