[Room] Tech id: 1060864
[Room] Room id: 001
[Room] Channel id: 004
[Room] Room name: 'LIGA UNCHARTED'
[Room] Room type: Explosion
[Room] Room special: None
[Room] Room weapons: Melee, Secondary, Primary
[Room] Map name: 'BB_DOWNTOWN2'
[Room] Actual players count: 0
[Room] Started battle.
[Room] Round 2 has been started.
[Room] Round 3 has been started.
[Room] Round 4 has been started.
[Room] Round 5 has been started.
[Room] ;------------------;
[Room] Battle is finished.
[Room] Tech id: 1060864
[Room] Used spawn count: 44
[Room] End Players count: 10
[Room] ;------------------;
[Room] Room result info.
[Room] Player (Id: 5006; Slot: 0) Exp: 177; Gp: 150; KD: 3/1; Score: 25
[Room] Player (Id: 5020; Slot: 1) Exp: 42; Gp: 35; KD: 0/1; Score: 0
[Room] Player (Id: 5017; Slot: 2) Exp: 168; Gp: 141; KD: 6/2; Score: 35
[Room] Player (Id: 5013; Slot: 3) Exp: 112; Gp: 96; KD: 1/4; Score: 10
[Room] Player (Id: 5007; Slot: 4) Exp: 110; Gp: 88; KD: 0/2; Score: 0
[Room] Player (Id: 5016; Slot: 5) Exp: 131; Gp: 115; KD: 2/5; Score: 20
[Room] Player (Id: 5019; Slot: 6) Exp: 192; Gp: 164; KD: 3/2; Score: 15
[Room] Player (Id: 5022; Slot: 7) Exp: 136; Gp: 120; KD: 4/5; Score: 25
[Room] Player (Id: 5021; Slot: 8) Exp: 250; Gp: 220; KD: 8/3; Score: 82
[Room] Player (Id: 5001; Slot: 9) Exp: 126; Gp: 110; KD: 3/5; Score: 15
