[Room] Tech id: 1060864
[Room] Room id: 001
[Room] Channel id: 004
[Room] Room name: 'Entra aqui Noob!!'
[Room] Room type: Team_DeathMatch
[Room] Room special: None
[Room] Room weapons: Grenade, Melee, Secondary, Primary
[Room] Map name: 'TD_SAFARI'
[Room] Actual players count: 0
[Room] Started battle.
[Room] ;------------------;
[Room] Battle is finished.
[Room] Tech id: 1060864
[Room] Used spawn count: 43
[Room] End Players count: 3
[Room] ;------------------;
[Room] Room result info.
[Room] Player (Id: 5767; Slot: 1) Exp: 344; Gp: 284; KD: 5/12; Score: 25
[Room] Player (Id: 5760; Slot: 2) Exp: 392; Gp: 351; KD: 20/22; Score: 113
[Room] Player (Id: 5784; Slot: 3) Exp: 457; Gp: 392; KD: 17/8; Score: 131
