[Room] Tech id: 1060864
[Room] Room id: 001
[Room] Channel id: 004
[Room] Room name: '@UP'
[Room] Room type: Annihilation
[Room] Room special: None
[Room] Room weapons: Melee, Secondary
[Room] Map name: 'TD_CRACKDOWN'
[Room] Actual players count: 0
[Room] Started battle.
[Room] Round 2 has been started.
[Room] Round 3 has been started.
[Room] Round 4 has been started.
[Room] Round 5 has been started.
[Room] ;------------------;
[Room] Battle is finished.
[Room] Tech id: 1060864
[Room] Used spawn count: 10
[Room] End Players count: 2
[Room] ;------------------;
[Room] Room result info.
[Room] Player (Id: 5017; Slot: 0) Exp: 53; Gp: 46; KD: 2/3; Score: 10
[Room] Player (Id: 5001; Slot: 1) Exp: 72; Gp: 62; KD: 3/2; Score: 20
