[Room] Tech id: 1060865
[Room] Room id: 002
[Room] Channel id: 004
[Room] Room name: 'Terra dos mortos!!'
[Room] Room type: Team_DeathMatch
[Room] Room special: None
[Room] Room weapons: Melee
[Room] Map name: 'TD_BURNINGHALL'
[Room] Actual players count: 0
[Room] Started battle.
[Room] ;------------------;
[Room] Battle is finished.
[Room] Tech id: 1060865
[Room] Used spawn count: 50
[Room] End Players count: 3
[Room] ;------------------;
[Room] Room result info.
[Room] Player (Id: 5760; Slot: 0) Exp: 424; Gp: 361; KD: 15/11; Score: 94
[Room] Player (Id: 5786; Slot: 1) Exp: 352; Gp: 312; KD: 12/17; Score: 81
[Room] Player (Id: 5784; Slot: 2) Exp: 309; Gp: 265; KD: 12/9; Score: 81
