[Room] Tech id: 1060864
[Room] Room id: 001
[Room] Channel id: 004
[Room] Room name: 'Terra dos mortos!!'
[Room] Room type: Team_DeathMatch
[Room] Room special: None
[Room] Room weapons: Grenade, Melee, Secondary, Primary
[Room] Map name: 'TD_REDROCK'
[Room] Actual players count: 0
[Room] Started battle.
[Room] ;------------------;
[Room] Battle is finished.
[Room] Tech id: 1060864
[Room] Used spawn count: 55
[Room] End Players count: 4
[Room] ;------------------;
[Room] Room result info.
[Room] Player (Id: 5005; Slot: 1) Exp: 319; Gp: 279; KD: 10/16; Score: 50
[Room] Player (Id: 5020; Slot: 2) Exp: 373; Gp: 325; KD: 16/8; Score: 128
[Room] Player (Id: 5000; Slot: 3) Exp: 319; Gp: 283; KD: 12/13; Score: 82
[Room] Player (Id: 5019; Slot: 4) Exp: 426; Gp: 361; KD: 13/14; Score: 89
