[Room] Tech id: 1060864
[Room] Room id: 001
[Room] Channel id: 004
[Room] Room name: 'HEROI DE GUERRA'
[Room] Room type: Team_DeathMatch
[Room] Room special: None
[Room] Room weapons: Melee, Primary
[Room] Map name: 'TD_BURNINGHALL'
[Room] Actual players count: 0
[Room] Started battle.
[Room] ;------------------;
[Room] Battle is finished.
[Room] Tech id: 1060864
[Room] Used spawn count: 45
[Room] End Players count: 5
[Room] ;------------------;
[Room] Room result info.
[Room] Player (Id: 5019; Slot: 0) Exp: 80; Gp: 69; KD: 3/1; Score: 25
[Room] Player (Id: 5016; Slot: 1) Exp: 223; Gp: 203; KD: 11/13; Score: 80
[Room] Player (Id: 5007; Slot: 2) Exp: 225; Gp: 193; KD: 6/5; Score: 59
[Room] Player (Id: 5018; Slot: 3) Exp: 160; Gp: 140; KD: 2/14; Score: 15
[Room] Player (Id: 5001; Slot: 4) Exp: 326; Gp: 288; KD: 18/7; Score: 139
