[Room] Tech id: 1064960
[Room] Room id: 001
[Room] Channel id: 005
[Room] Room name: 'Go Go Go AzurePB!'
[Room] Room type: Team_DeathMatch
[Room] Room special: None
[Room] Room weapons: Grenade, Melee, Secondary, Primary
[Room] Map name: 'TD_FACEROCK'
[Room] Actual players count: 0
[Room] Started battle.
[Room] ;------------------;
[Room] Battle is finished.
[Room] Tech id: 1064960
[Room] Used spawn count: 19
[Room] End Players count: 3
[Room] ;------------------;
[Room] Room result info.
[Room] Player (Id: 19; Slot: 0) Exp: 372; Gp: 310; KD: 8/8; Score: 55
[Room] Player (Id: 670; Slot: 1) Exp: 238; Gp: 200; KD: 1/1; Score: 10
[Room] Player (Id: 680; Slot: 3) Exp: 286; Gp: 246; KD: 4/8; Score: 31
