[Room] Tech id: 1060865
[Room] Room id: 002
[Room] Channel id: 004
[Room] Room name: 'Luta entre humanos e d'
[Room] Room type: Boss
[Room] Room special: 2
[Room] Room weapons: Grenade, Melee, Secondary, Primary
[Room] Map name: 'ES_BREEDINGNEST'
[Room] Actual players count: 0
[Room] Started battle.
[Room] ;------------------;
[Room] Battle is finished.
[Room] Tech id: 1060865
[Room] Used spawn count: 19
[Room] End Players count: 3
[Room] ;------------------;
[Room] Room result info.
[Room] Player (Id: 5759; Slot: 0) Exp: 290; Gp: 235; KD: 1/8; Score: 5
[Room] Player (Id: 5769; Slot: 1) Exp: 257; Gp: 216; KD: 2/1; Score: 10
[Room] Player (Id: 5760; Slot: 3) Exp: 228; Gp: 195; KD: 6/2; Score: 30
