[Room] Tech id: 1060864
[Room] Room id: 001
[Room] Channel id: 004
[Room] Room name: '@'
[Room] Room type: Team_DeathMatch
[Room] Room special: None
[Room] Room weapons: Melee, Secondary, Primary
[Room] Map name: 'TD_BURNINGHALL'
[Room] Actual players count: 0
[Room] Started battle.
[Room] ;------------------;
[Room] Battle is finished.
[Room] Tech id: 1060864
[Room] Used spawn count: 109
[Room] End Players count: 5
[Room] ;------------------;
[Room] Room result info.
[Room] Player (Id: 5007; Slot: 0) Exp: 110; Gp: 94; KD: 3/3; Score: 29
[Room] Player (Id: 5022; Slot: 2) Exp: 438; Gp: 382; KD: 16/21; Score: 133
[Room] Player (Id: 5002; Slot: 3) Exp: 306; Gp: 276; KD: 12/14; Score: 102
[Room] Player (Id: 5021; Slot: 4) Exp: 813; Gp: 733; KD: 40/18; Score: 405
[Room] Player (Id: 5017; Slot: 7) Exp: 316; Gp: 276; KD: 9/17; Score: 45
