[Room] Tech id: 1060864
[Room] Room id: 001
[Room] Channel id: 004
[Room] Room name: 'Terra dos mortos!!'
[Room] Room type: Explosion
[Room] Room special: None
[Room] Room weapons: Grenade, Melee, Secondary, Primary
[Room] Map name: 'BB_HOSPITAL'
[Room] Actual players count: 0
[Room] Started battle.
[Room] Round 2 has been started.
[Room] Round 3 has been started.
[Room] Round 4 has been started.
[Room] Round 5 has been started.
[Room] Round 6 has been started.
[Room] Round 7 has been started.
[Room] ;------------------;
[Room] Battle is finished.
[Room] Tech id: 1060864
[Room] Used spawn count: 34
[Room] End Players count: 5
[Room] ;------------------;
[Room] Room result info.
[Room] Player (Id: 5802; Slot: 0) Exp: 243; Gp: 212; KD: 4/5; Score: 25
[Room] Player (Id: 5799; Slot: 1) Exp: 271; Gp: 223; KD: 5/4; Score: 30
[Room] Player (Id: 5759; Slot: 2) Exp: 303; Gp: 272; KD: 8/5; Score: 45
[Room] Player (Id: 5780; Slot: 3) Exp: 285; Gp: 238; KD: 2/5; Score: 20
[Room] Player (Id: 5797; Slot: 5) Exp: 264; Gp: 219; KD: 3/3; Score: 20
