[Room] Tech id: 1060864
[Room] Room id: 001
[Room] Channel id: 004
[Room] Room name: '@UP '
[Room] Room type: Team_DeathMatch
[Room] Room special: None
[Room] Room weapons: Grenade, Melee, Secondary, Primary
[Room] Map name: 'TD_BURNINGHALL'
[Room] Actual players count: 0
[Room] Started battle.
[Room] ;------------------;
[Room] Battle is finished.
[Room] Tech id: 1060864
[Room] Used spawn count: 126
[Room] End Players count: 7
[Room] ;------------------;
[Room] Room result info.
[Room] Player (Id: 5019; Slot: 0) Exp: 470; Gp: 407; KD: 22/17; Score: 136
[Room] Player (Id: 5001; Slot: 1) Exp: 465; Gp: 425; KD: 21/32; Score: 167
[Room] Player (Id: 5016; Slot: 2) Exp: 522; Gp: 454; KD: 27/23; Score: 156
[Room] Player (Id: 5002; Slot: 3) Exp: 162; Gp: 145; KD: 6/11; Score: 41
[Room] Player (Id: 5030; Slot: 4) Exp: 16; Gp: 12; KD: 0/0; Score: 0
[Room] Player (Id: 5022; Slot: 5) Exp: 433; Gp: 393; KD: 22/25; Score: 150
[Room] Player (Id: 5000; Slot: 6) Exp: 427; Gp: 363; KD: 19/10; Score: 98
