[Room] Tech id: 1060864
[Room] Room id: 001
[Room] Channel id: 004
[Room] Room name: 'Terra dos mortos!!'
[Room] Room type: Team_DeathMatch
[Room] Room special: None
[Room] Room weapons: Melee
[Room] Map name: 'TD_TWOTOWERS'
[Room] Actual players count: 0
[Room] Started battle.
[Room] ;------------------;
[Room] Battle is finished.
[Room] Tech id: 1060864
[Room] Used spawn count: 93
[Room] End Players count: 4
[Room] ;------------------;
[Room] Room result info.
[Room] Player (Id: 5005; Slot: 0) Exp: 639; Gp: 542; KD: 23/24; Score: 129
[Room] Player (Id: 5019; Slot: 1) Exp: 392; Gp: 353; KD: 15/13; Score: 134
[Room] Player (Id: 5000; Slot: 2) Exp: 640; Gp: 545; KD: 24/17; Score: 143
[Room] Player (Id: 5025; Slot: 3) Exp: 611; Gp: 551; KD: 26/31; Score: 195
