[Room] Tech id: 1060864
[Room] Room id: 001
[Room] Channel id: 004
[Room] Room name: '@camp'
[Room] Room type: Explosion
[Room] Room special: None
[Room] Room weapons: Melee, Secondary, Primary
[Room] Map name: 'BB_DOWNTOWN'
[Room] Actual players count: 0
[Room] Started battle.
[Room] Round 2 has been started.
[Room] Round 3 has been started.
[Room] Round 4 has been started.
[Room] Round 5 has been started.
[Room] Round 6 has been started.
[Room] ;------------------;
[Room] Battle is finished.
[Room] Tech id: 1060864
[Room] Used spawn count: 21
[Room] End Players count: 4
[Room] ;------------------;
[Room] Room result info.
[Room] Player (Id: 5014; Slot: 2) Exp: 214; Gp: 185; KD: 3/2; Score: 30
[Room] Player (Id: 5006; Slot: 4) Exp: 184; Gp: 156; KD: 3/2; Score: 25
[Room] Player (Id: 5022; Slot: 5) Exp: 133; Gp: 116; KD: 2/4; Score: 20
[Room] Player (Id: 5001; Slot: 9) Exp: 73; Gp: 64; KD: 2/2; Score: 15
