[Room] Tech id: 1060864
[Room] Room id: 001
[Room] Channel id: 004
[Room] Room name: 'Terra dos mortos!!'
[Room] Room type: Team_DeathMatch
[Room] Room special: None
[Room] Room weapons: Grenade, Melee, Secondary, Primary
[Room] Map name: 'TD_SAINTMANSION'
[Room] Actual players count: 0
[Room] Started battle.
[Room] ;------------------;
[Room] Battle is finished.
[Room] Tech id: 1060864
[Room] Used spawn count: 31
[Room] End Players count: 3
[Room] ;------------------;
[Room] Room result info.
[Room] Player (Id: 5787; Slot: 0) Exp: 301; Gp: 265; KD: 21/8; Score: 117
[Room] Player (Id: 5784; Slot: 1) Exp: 132; Gp: 115; KD: 2/12; Score: 10
[Room] Player (Id: 5789; Slot: 3) Exp: 179; Gp: 159; KD: 6/9; Score: 43
