[Room] Tech id: 1060864
[Room] Room id: 001
[Room] Channel id: 004
[Room] Room name: 'Go Go Go FireWay!'
[Room] Room type: Team_DeathMatch
[Room] Room special: None
[Room] Room weapons: Melee, Secondary, Primary
[Room] Map name: 'TD_CRACKDOWN'
[Room] Actual players count: 0
[Room] Started battle.
[Room] ;------------------;
[Room] Battle is finished.
[Room] Tech id: 1060864
[Room] Used spawn count: 31
[Room] End Players count: 3
[Room] ;------------------;
[Room] Room result info.
[Room] Player (Id: 5036; Slot: 0) Exp: 175; Gp: 144; KD: 3/6; Score: 15
[Room] Player (Id: 5013; Slot: 1) Exp: 239; Gp: 218; KD: 10/19; Score: 84
[Room] Player (Id: 5001; Slot: 2) Exp: 338; Gp: 300; KD: 16/4; Score: 154
