[Room] Tech id: 1060864
[Room] Room id: 001
[Room] Channel id: 004
[Room] Room name: 'Go Go Go FireWay!'
[Room] Room type: Team_DeathMatch
[Room] Room special: None
[Room] Room weapons: Grenade, Melee, Secondary, Primary
[Room] Map name: 'TD_MSTATION'
[Room] Actual players count: 0
[Room] Started battle.
[Room] ;------------------;
[Room] Battle is finished.
[Room] Tech id: 1060864
[Room] Used spawn count: 85
[Room] End Players count: 4
[Room] ;------------------;
[Room] Room result info.
[Room] Player (Id: 5798; Slot: 0) Exp: 637; Gp: 563; KD: 35/16; Score: 261
[Room] Player (Id: 5784; Slot: 1) Exp: 354; Gp: 314; KD: 10/24; Score: 70
[Room] Player (Id: 5808; Slot: 2) Exp: 480; Gp: 412; KD: 19/11; Score: 139
[Room] Player (Id: 5760; Slot: 3) Exp: 402; Gp: 362; KD: 17/30; Score: 107
