[Room] Tech id: 1060864
[Room] Room id: 001
[Room] Channel id: 004
[Room] Room name: 'Go Go Go FireWay!'
[Room] Room type: Explosion
[Room] Room special: None
[Room] Room weapons: Grenade, Melee, Secondary, Primary
[Room] Map name: 'BB_ROADSIDE'
[Room] Actual players count: 0
[Room] Started battle.
[Room] Round 2 has been started.
[Room] Round 3 has been started.
[Room] Round 4 has been started.
[Room] Round 5 has been started.
[Room] Round 6 has been started.
[Room] Round 7 has been started.
[Room] ;------------------;
[Room] Battle is finished.
[Room] Tech id: 1060864
[Room] Used spawn count: 28
[Room] End Players count: 4
[Room] ;------------------;
[Room] Room result info.
[Room] Player (Id: 5784; Slot: 0) Exp: 101; Gp: 87; KD: 1/6; Score: 5
[Room] Player (Id: 5798; Slot: 1) Exp: 154; Gp: 132; KD: 6/3; Score: 40
[Room] Player (Id: 5809; Slot: 3) Exp: 152; Gp: 129; KD: 6/2; Score: 40
[Room] Player (Id: 5804; Slot: 6) Exp: 116; Gp: 102; KD: 4/6; Score: 20
