[Room] Tech id: 1060864
[Room] Room id: 001
[Room] Channel id: 004
[Room] Room name: 'LIGA UNCHARTED'
[Room] Room type: Explosion
[Room] Room special: None
[Room] Room weapons: Melee, Secondary, Primary
[Room] Map name: 'BB_LUXVILLE'
[Room] Actual players count: 0
[Room] Started battle.
[Room] Round 2 has been started.
[Room] Round 3 has been started.
[Room] Round 4 has been started.
[Room] Round 5 has been started.
[Room] Round 6 has been started.
[Room] ;------------------;
[Room] Battle is finished.
[Room] Tech id: 1060864
[Room] Used spawn count: 40
[Room] End Players count: 8
[Room] ;------------------;
[Room] Room result info.
[Room] Player (Id: 5006; Slot: 0) Exp: 156; Gp: 134; KD: 2/5; Score: 15
[Room] Player (Id: 5016; Slot: 1) Exp: 172; Gp: 140; KD: 2/2; Score: 10
[Room] Player (Id: 5017; Slot: 2) Exp: 161; Gp: 139; KD: 4/5; Score: 20
[Room] Player (Id: 5021; Slot: 3) Exp: 205; Gp: 171; KD: 4/1; Score: 39
[Room] Player (Id: 5022; Slot: 4) Exp: 135; Gp: 115; KD: 0/5; Score: 0
[Room] Player (Id: 5019; Slot: 5) Exp: 193; Gp: 159; KD: 5/3; Score: 25
[Room] Player (Id: 5002; Slot: 6) Exp: 26; Gp: 21; KD: 0/0; Score: 0
[Room] Player (Id: 5001; Slot: 7) Exp: 117; Gp: 98; KD: 4/0; Score: 25
