[Room] Tech id: 1060864
[Room] Room id: 001
[Room] Channel id: 004
[Room] Room name: 'Entra aqui Noob!!'
[Room] Room type: Team_DeathMatch
[Room] Room special: None
[Room] Room weapons: Grenade, Melee, Secondary, Primary
[Room] Map name: 'TD_NEWLIBRARY'
[Room] Actual players count: 0
[Room] Started battle.
[Room] ;------------------;
[Room] Battle is finished.
[Room] Tech id: 1060864
[Room] Used spawn count: 26
[Room] End Players count: 3
[Room] ;------------------;
[Room] Room result info.
[Room] Player (Id: 5780; Slot: 2) Exp: 327; Gp: 286; KD: 11/12; Score: 65
[Room] Player (Id: 5797; Slot: 3) Exp: 402; Gp: 339; KD: 11/11; Score: 75
[Room] Player (Id: 5759; Slot: 5) Exp: 81; Gp: 66; KD: 1/1; Score: 5
