[Room] Tech id: 1060865
[Room] Room id: 002
[Room] Channel id: 004
[Room] Room name: 'Sinta o headshot!!'
[Room] Room type: Team_DeathMatch
[Room] Room special: ShotgunMode
[Room] Room weapons: Melee, Primary, Mode_870MCS
[Room] Map name: 'TD_MSTATION'
[Room] Actual players count: 0
[Room] Started battle.
[Room] ;------------------;
[Room] Battle is finished.
[Room] Tech id: 1060865
[Room] Used spawn count: 41
[Room] End Players count: 3
[Room] ;------------------;
[Room] Room result info.
[Room] Player (Id: 5804; Slot: 0) Exp: 510; Gp: 441; KD: 25/14; Score: 159
[Room] Player (Id: 5760; Slot: 1) Exp: 318; Gp: 278; KD: 8/18; Score: 45
[Room] Player (Id: 5802; Slot: 3) Exp: 197; Gp: 173; KD: 6/7; Score: 40
