[Room] Tech id: 1060865
[Room] Room id: 002
[Room] Channel id: 004
[Room] Room name: 'Luta entre humanos e d'
[Room] Room type: Boss
[Room] Room special: 2
[Room] Room weapons: Grenade, Melee, Secondary, Primary
[Room] Map name: 'ES_BREEDINGNEST'
[Room] Actual players count: 0
[Room] Started battle.
[Room] ;------------------;
[Room] Battle is finished.
[Room] Tech id: 1060865
[Room] Used spawn count: 27
[Room] End Players count: 3
[Room] ;------------------;
[Room] Room result info.
[Room] Player (Id: 5760; Slot: 0) Exp: 294; Gp: 253; KD: 5/12; Score: 28
[Room] Player (Id: 5759; Slot: 1) Exp: 366; Gp: 303; KD: 9/3; Score: 55
[Room] Player (Id: 5767; Slot: 3) Exp: 295; Gp: 239; KD: 3/3; Score: 15
