[Room] Tech id: 1060864
[Room] Room id: 001
[Room] Channel id: 004
[Room] Room name: '@LAN'
[Room] Room type: Explosion
[Room] Room special: None
[Room] Room weapons: Grenade, Melee, Secondary, Primary
[Room] Map name: 'BB_LUXVILLE'
[Room] Actual players count: 0
[Room] Started battle.
[Room] Round 2 has been started.
[Room] Round 3 has been started.
[Room] Round 4 has been started.
[Room] Round 5 has been started.
[Room] Round 6 has been started.
[Room] Round 7 has been started.
[Room] ;------------------;
[Room] Battle is finished.
[Room] Tech id: 1060864
[Room] Used spawn count: 34
[Room] End Players count: 5
[Room] ;------------------;
[Room] Room result info.
[Room] Player (Id: 5014; Slot: 0) Exp: 163; Gp: 141; KD: 3/4; Score: 20
[Room] Player (Id: 5001; Slot: 1) Exp: 230; Gp: 194; KD: 5/3; Score: 49
[Room] Player (Id: 5022; Slot: 2) Exp: 149; Gp: 126; KD: 0/6; Score: 0
[Room] Player (Id: 5017; Slot: 4) Exp: 167; Gp: 144; KD: 3/5; Score: 20
[Room] Player (Id: 5021; Slot: 5) Exp: 249; Gp: 212; KD: 10/3; Score: 65
