[Room] Tech id: 1060865
[Room] Room id: 002
[Room] Channel id: 004
[Room] Room name: 'Go Go Go FireWay!'
[Room] Room type: Team_DeathMatch
[Room] Room special: None
[Room] Room weapons: Grenade, Melee, Secondary, Primary
[Room] Map name: 'TD_NEWLIBRARY'
[Room] Actual players count: 0
[Room] Started battle.
[Room] ;------------------;
[Room] Battle is finished.
[Room] Tech id: 1060865
[Room] Used spawn count: 181
[Room] End Players count: 6
[Room] ;------------------;
[Room] Room result info.
[Room] Player (Id: 5804; Slot: 0) Exp: 386; Gp: 348; KD: 17/21; Score: 125
[Room] Player (Id: 5809; Slot: 1) Exp: 948; Gp: 839; KD: 58/20; Score: 398
[Room] Player (Id: 5759; Slot: 3) Exp: 667; Gp: 570; KD: 21/29; Score: 148
[Room] Player (Id: 5763; Slot: 4) Exp: 518; Gp: 458; KD: 20/29; Score: 110
[Room] Player (Id: 5760; Slot: 5) Exp: 538; Gp: 458; KD: 21/22; Score: 111
[Room] Player (Id: 5780; Slot: 6) Exp: 598; Gp: 538; KD: 29/45; Score: 161
