[Room] Tech id: 1060864
[Room] Room id: 001
[Room] Channel id: 004
[Room] Room name: 'Sinta o headshot!!'
[Room] Room type: Team_DeathMatch
[Room] Room special: None
[Room] Room weapons: Grenade, Melee
[Room] Map name: 'TD_SAINTMANSION'
[Room] Actual players count: 0
[Room] Started battle.
[Room] ;------------------;
[Room] Battle is finished.
[Room] Tech id: 1060864
[Room] Used spawn count: 42
[Room] End Players count: 4
[Room] ;------------------;
[Room] Room result info.
[Room] Player (Id: 5763; Slot: 0) Exp: 453; Gp: 387; KD: 21/14; Score: 112
[Room] Player (Id: 5784; Slot: 1) Exp: 272; Gp: 236; KD: 6/11; Score: 33
[Room] Player (Id: 5788; Slot: 2) Exp: 21; Gp: 17; KD: 0/2; Score: 0
[Room] Player (Id: 5787; Slot: 3) Exp: 315; Gp: 275; KD: 9/11; Score: 55
