[Room] Tech id: 1060864
[Room] Room id: 001
[Room] Channel id: 004
[Room] Room name: '@camp'
[Room] Room type: Team_DeathMatch
[Room] Room special: None
[Room] Room weapons: Grenade, Melee, Secondary, Primary
[Room] Map name: 'TD_MSTATION'
[Room] Actual players count: 0
[Room] Started battle.
[Room] ;------------------;
[Room] Battle is finished.
[Room] Tech id: 1060864
[Room] Used spawn count: 56
[Room] End Players count: 3
[Room] ;------------------;
[Room] Room result info.
[Room] Player (Id: 5022; Slot: 0) Exp: 607; Gp: 535; KD: 32/22; Score: 226
[Room] Player (Id: 5025; Slot: 1) Exp: 343; Gp: 307; KD: 11/14; Score: 101
[Room] Player (Id: 5002; Slot: 3) Exp: 365; Gp: 325; KD: 11/18; Score: 92
