[Room] Tech id: 1060864
[Room] Room id: 001
[Room] Channel id: 004
[Room] Room name: 'Entra aqui Noob!!'
[Room] Room type: Explosion
[Room] Room special: None
[Room] Room weapons: Melee, Secondary, Primary
[Room] Map name: 'BB_LUXVILLE'
[Room] Actual players count: 0
[Room] Started battle.
[Room] Round 2 has been started.
[Room] Round 3 has been started.
[Room] Round 4 has been started.
[Room] Round 5 has been started.
[Room] Round 6 has been started.
[Room] Round 7 has been started.
[Room] Round 8 has been started.
[Room] ;------------------;
[Room] Battle is finished.
[Room] Tech id: 1060864
[Room] Used spawn count: 32
[Room] End Players count: 4
[Room] ;------------------;
[Room] Room result info.
[Room] Player (Id: 5784; Slot: 0) Exp: 297; Gp: 266; KD: 6/5; Score: 40
[Room] Player (Id: 5785; Slot: 1) Exp: 312; Gp: 263; KD: 8/4; Score: 45
[Room] Player (Id: 5802; Slot: 2) Exp: 231; Gp: 200; KD: 2/7; Score: 10
[Room] Player (Id: 5801; Slot: 3) Exp: 318; Gp: 269; KD: 4/4; Score: 30
