[Room] Tech id: 1060864
[Room] Room id: 001
[Room] Channel id: 004
[Room] Room name: 'Luta entre humanos e d'
[Room] Room type: Boss
[Room] Room special: 2
[Room] Room weapons: Grenade, Melee, Secondary, Primary
[Room] Map name: 'ES_DUPTOWN'
[Room] Actual players count: 0
[Room] Started battle.
[Room] ;------------------;
[Room] Battle is finished.
[Room] Tech id: 1060864
[Room] Used spawn count: 27
[Room] End Players count: 3
[Room] ;------------------;
[Room] Room result info.
[Room] Player (Id: 5780; Slot: 1) Exp: 272; Gp: 231; KD: 3/7; Score: 15
[Room] Player (Id: 5760; Slot: 2) Exp: 370; Gp: 308; KD: 10/6; Score: 55
[Room] Player (Id: 5791; Slot: 3) Exp: 269; Gp: 228; KD: 2/8; Score: 10
