[Room] Tech id: 1060864
[Room] Room id: 001
[Room] Channel id: 004
[Room] Room name: 'Entra aqui Noob!!'
[Room] Room type: Explosion
[Room] Room special: None
[Room] Room weapons: Grenade, Melee, Secondary, Primary
[Room] Map name: 'BB_LUXVILLE'
[Room] Actual players count: 0
[Room] Started battle.
[Room] Round 2 has been started.
[Room] Round 3 has been started.
[Room] Round 4 has been started.
[Room] ;------------------;
[Room] Battle is finished.
[Room] Tech id: 1060864
[Room] Used spawn count: 10
[Room] End Players count: 3
[Room] ;------------------;
[Room] Room result info.
[Room] Player (Id: 5001; Slot: 1) Exp: 90; Gp: 73; KD: 1/2; Score: 5
[Room] Player (Id: 5007; Slot: 2) Exp: 88; Gp: 76; KD: 2/3; Score: 15
[Room] Player (Id: 5016; Slot: 3) Exp: 62; Gp: 51; KD: 2/0; Score: 10
