[Room] Tech id: 1060864
[Room] Room id: 001
[Room] Channel id: 004
[Room] Room name: 'Entra aqui Noob!!'
[Room] Room type: Team_DeathMatch
[Room] Room special: SniperMode
[Room] Room weapons: Melee, Primary, Mode_SSG69
[Room] Map name: 'TD_BURNINGHALL'
[Room] Actual players count: 0
[Room] Started battle.
[Room] ;------------------;
[Room] Battle is finished.
[Room] Tech id: 1060864
[Room] Used spawn count: 33
[Room] End Players count: 3
[Room] ;------------------;
[Room] Room result info.
[Room] Player (Id: 5797; Slot: 0) Exp: 552; Gp: 460; KD: 16/8; Score: 85
[Room] Player (Id: 5801; Slot: 1) Exp: 454; Gp: 394; KD: 9/21; Score: 56
[Room] Player (Id: 5784; Slot: 2) Exp: 182; Gp: 150; KD: 5/1; Score: 26
