[Room] Tech id: 1060864
[Room] Room id: 001
[Room] Channel id: 004
[Room] Room name: 'Entra aqui Noob!!'
[Room] Room type: Explosion
[Room] Room special: None
[Room] Room weapons: Grenade, Melee, Secondary, Primary
[Room] Map name: 'BB_OUTPOST'
[Room] Actual players count: 0
[Room] Started battle.
[Room] Round 2 has been started.
[Room] Round 3 has been started.
[Room] Round 4 has been started.
[Room] Round 5 has been started.
[Room] Round 6 has been started.
[Room] Round 7 has been started.
[Room] Round 8 has been started.
[Room] ;------------------;
[Room] Battle is finished.
[Room] Tech id: 1060864
[Room] Used spawn count: 39
[Room] End Players count: 5
[Room] ;------------------;
[Room] Room result info.
[Room] Player (Id: 5759; Slot: 0) Exp: 366; Gp: 330; KD: 12/5; Score: 80
[Room] Player (Id: 5802; Slot: 1) Exp: 259; Gp: 207; KD: 0/1; Score: 0
[Room] Player (Id: 5780; Slot: 3) Exp: 289; Gp: 235; KD: 2/5; Score: 15
[Room] Player (Id: 5760; Slot: 5) Exp: 274; Gp: 221; KD: 1/4; Score: 5
[Room] Player (Id: 5804; Slot: 7) Exp: 278; Gp: 225; KD: 2/3; Score: 10
