[Room] Tech id: 1060865
[Room] Room id: 002
[Room] Channel id: 004
[Room] Room name: 'Terra dos mortos!!'
[Room] Room type: Team_DeathMatch
[Room] Room special: None
[Room] Room weapons: Grenade, Melee, Secondary, Primary
[Room] Map name: 'TD_MSTATION'
[Room] Actual players count: 0
[Room] Started battle.
[Room] ;------------------;
[Room] Battle is finished.
[Room] Tech id: 1060865
[Room] Used spawn count: 66
[Room] End Players count: 4
[Room] ;------------------;
[Room] Room result info.
[Room] Player (Id: 5799; Slot: 0) Exp: 681; Gp: 607; KD: 32/29; Score: 275
[Room] Player (Id: 5798; Slot: 1) Exp: 448; Gp: 408; KD: 28/18; Score: 175
[Room] Player (Id: 5780; Slot: 2) Exp: 22; Gp: 18; KD: 0/1; Score: 0
[Room] Player (Id: 5807; Slot: 3) Exp: 142; Gp: 121; KD: 1/7; Score: 5
