[Room] Tech id: 1060864
[Room] Room id: 001
[Room] Channel id: 004
[Room] Room name: 'LIGA UNCHARTED'
[Room] Room type: Explosion
[Room] Room special: None
[Room] Room weapons: Melee, Primary
[Room] Map name: 'BB_LUXVILLE'
[Room] Actual players count: 0
[Room] Started battle.
[Room] Round 2 has been started.
[Room] Round 3 has been started.
[Room] Round 4 has been started.
[Room] Round 5 has been started.
[Room] ;------------------;
[Room] Battle is finished.
[Room] Tech id: 1060864
[Room] Used spawn count: 33
[Room] End Players count: 7
[Room] ;------------------;
[Room] Room result info.
[Room] Player (Id: 5001; Slot: 0) Exp: 258; Gp: 224; KD: 9/4; Score: 69
[Room] Player (Id: 5006; Slot: 1) Exp: 136; Gp: 116; KD: 1/4; Score: 10
[Room] Player (Id: 5013; Slot: 2) Exp: 152; Gp: 124; KD: 2/3; Score: 10
[Room] Player (Id: 5017; Slot: 3) Exp: 133; Gp: 114; KD: 2/3; Score: 10
[Room] Player (Id: 5016; Slot: 4) Exp: 165; Gp: 136; KD: 2/3; Score: 15
[Room] Player (Id: 5007; Slot: 5) Exp: 140; Gp: 122; KD: 4/3; Score: 25
[Room] Player (Id: 5019; Slot: 7) Exp: 143; Gp: 124; KD: 3/3; Score: 20
