[Room] Tech id: 1060864
[Room] Room id: 001
[Room] Channel id: 004
[Room] Room name: 'Terra dos mortos!!'
[Room] Room type: Explosion
[Room] Room special: None
[Room] Room weapons: Grenade, Melee, Secondary, Primary
[Room] Map name: 'BB_LUXVILLE'
[Room] Actual players count: 0
[Room] Started battle.
[Room] Round 2 has been started.
[Room] Round 3 has been started.
[Room] Round 4 has been started.
[Room] Round 5 has been started.
[Room] Round 6 has been started.
[Room] Round 7 has been started.
[Room] Round 8 has been started.
[Room] Round 9 has been started.
[Room] Round 10 has been started.
[Room] ;------------------;
[Room] Battle is finished.
[Room] Tech id: 1060864
[Room] Used spawn count: 33
[Room] End Players count: 4
[Room] ;------------------;
[Room] Room result info.
[Room] Player (Id: 5804; Slot: 1) Exp: 261; Gp: 217; KD: 6/2; Score: 40
[Room] Player (Id: 5802; Slot: 2) Exp: 242; Gp: 213; KD: 3/9; Score: 29
[Room] Player (Id: 5769; Slot: 3) Exp: 146; Gp: 117; KD: 0/1; Score: 0
[Room] Player (Id: 5760; Slot: 5) Exp: 145; Gp: 119; KD: 3/0; Score: 15
