[Room] Tech id: 1060864
[Room] Room id: 001
[Room] Channel id: 004
[Room] Room name: 'SÓ TRABALHO EM HS'
[Room] Room type: Annihilation
[Room] Room special: None
[Room] Room weapons: Melee, Secondary, Primary
[Room] Map name: 'TD_CRACKDOWN'
[Room] Actual players count: 0
[Room] Started battle.
[Room] Round 2 has been started.
[Room] Round 3 has been started.
[Room] ;------------------;
[Room] Battle is finished.
[Room] Tech id: 1060864
[Room] Used spawn count: 9
[Room] End Players count: 3
[Room] ;------------------;
[Room] Room result info.
[Room] Player (Id: 5016; Slot: 0) Exp: 33; Gp: 28; KD: 1/0; Score: 10
[Room] Player (Id: 5014; Slot: 2) Exp: 45; Gp: 40; KD: 2/0; Score: 20
[Room] Player (Id: 5001; Slot: 3) Exp: 25; Gp: 22; KD: 0/3; Score: 0
