[Room] Tech id: 1060864
[Room] Room id: 001
[Room] Channel id: 004
[Room] Room name: 'Entra aqui Noob!!'
[Room] Room type: Team_DeathMatch
[Room] Room special: None
[Room] Room weapons: Grenade, Melee, Secondary, Primary
[Room] Map name: 'TD_MSTATION'
[Room] Actual players count: 0
[Room] Started battle.
[Room] ;------------------;
[Room] Battle is finished.
[Room] Tech id: 1060864
[Room] Used spawn count: 17
[Room] End Players count: 3
[Room] ;------------------;
[Room] Room result info.
[Room] Player (Id: 5760; Slot: 0) Exp: 161; Gp: 141; KD: 4/9; Score: 25
[Room] Player (Id: 5772; Slot: 1) Exp: 30; Gp: 24; KD: 0/1; Score: 0
[Room] Player (Id: 5759; Slot: 3) Exp: 198; Gp: 166; KD: 8/3; Score: 40
