[Room] Tech id: 1060865
[Room] Room id: 002
[Room] Channel id: 004
[Room] Room name: 'Entra aqui Noob!!'
[Room] Room type: Team_DeathMatch
[Room] Room special: ShotgunMode
[Room] Room weapons: Melee, Primary, Mode_870MCS
[Room] Map name: 'TD_AMPERA'
[Room] Actual players count: 0
[Room] Started battle.
[Room] ;------------------;
[Room] Battle is finished.
[Room] Tech id: 1060865
[Room] Used spawn count: 47
[Room] End Players count: 3
[Room] ;------------------;
[Room] Room result info.
[Room] Player (Id: 5000; Slot: 0) Exp: 411; Gp: 348; KD: 18/7; Score: 90
[Room] Player (Id: 5005; Slot: 1) Exp: 364; Gp: 324; KD: 11/33; Score: 64
[Room] Player (Id: 5007; Slot: 2) Exp: 399; Gp: 336; KD: 15/4; Score: 85
