[Room] Tech id: 1060864
[Room] Room id: 001
[Room] Channel id: 004
[Room] Room name: 'Entra aqui Noob!!'
[Room] Room type: Explosion
[Room] Room special: None
[Room] Room weapons: Melee, Secondary, Primary
[Room] Map name: 'BB_LUXVILLE'
[Room] Actual players count: 0
[Room] Started battle.
[Room] Round 2 has been started.
[Room] Round 3 has been started.
[Room] Round 4 has been started.
[Room] Round 5 has been started.
[Room] Round 6 has been started.
[Room] ;------------------;
[Room] Battle is finished.
[Room] Tech id: 1060864
[Room] Used spawn count: 24
[Room] End Players count: 4
[Room] ;------------------;
[Room] Room result info.
[Room] Player (Id: 5784; Slot: 0) Exp: 216; Gp: 186; KD: 7/1; Score: 35
[Room] Player (Id: 5785; Slot: 1) Exp: 123; Gp: 106; KD: 2/5; Score: 10
[Room] Player (Id: 5802; Slot: 2) Exp: 148; Gp: 123; KD: 3/3; Score: 15
[Room] Player (Id: 5801; Slot: 3) Exp: 128; Gp: 111; KD: 2/5; Score: 15
