[Room] Tech id: 1060864
[Room] Room id: 001
[Room] Channel id: 004
[Room] Room name: 'Sinta o headshot!!'
[Room] Room type: Team_DeathMatch
[Room] Room special: None
[Room] Room weapons: Melee, Primary
[Room] Map name: 'TD_BURNINGHALL'
[Room] Actual players count: 0
[Room] Started battle.
[Room] ;------------------;
[Room] Battle is finished.
[Room] Tech id: 1060864
[Room] Used spawn count: 44
[Room] End Players count: 3
[Room] ;------------------;
[Room] Room result info.
[Room] Player (Id: 5784; Slot: 0) Exp: 328; Gp: 288; KD: 10/12; Score: 66
[Room] Player (Id: 5794; Slot: 1) Exp: 544; Gp: 476; KD: 28/13; Score: 190
[Room] Player (Id: 5780; Slot: 2) Exp: 287; Gp: 247; KD: 3/16; Score: 18
