[Room] Tech id: 1060864
[Room] Room id: 001
[Room] Channel id: 004
[Room] Room name: 'Terra dos mortos!!'
[Room] Room type: Team_DeathMatch
[Room] Room special: None
[Room] Room weapons: Melee, Secondary, Primary
[Room] Map name: 'TD_MSTATION'
[Room] Actual players count: 0
[Room] Started battle.
[Room] ;------------------;
[Room] Battle is finished.
[Room] Tech id: 1060864
[Room] Used spawn count: 50
[Room] End Players count: 3
[Room] ;------------------;
[Room] Room result info.
[Room] Player (Id: 5803; Slot: 0) Exp: 595; Gp: 524; KD: 25/22; Score: 216
[Room] Player (Id: 5797; Slot: 1) Exp: 415; Gp: 375; KD: 17/21; Score: 137
[Room] Player (Id: 5784; Slot: 3) Exp: 130; Gp: 115; KD: 5/4; Score: 35
