[Room] Tech id: 1069056
[Room] Room id: 001
[Room] Channel id: 006
[Room] Room name: 'Terra dos mortos!!'
[Room] Room type: Team_DeathMatch
[Room] Room special: None
[Room] Room weapons: Melee, Primary
[Room] Map name: 'TD_BURNINGHALL'
[Room] Actual players count: 0
[Room] Started battle.
[Room] ;------------------;
[Room] Battle is finished.
[Room] Tech id: 1069056
[Room] Used spawn count: 60
[Room] End Players count: 3
[Room] ;------------------;
[Room] Room result info.
[Room] Player (Id: 5803; Slot: 0) Exp: 422; Gp: 358; KD: 17/9; Score: 95
[Room] Player (Id: 5797; Slot: 1) Exp: 423; Gp: 383; KD: 20/28; Score: 132
[Room] Player (Id: 5798; Slot: 2) Exp: 464; Gp: 399; KD: 17/13; Score: 123
