[Room] Tech id: 1060864
[Room] Room id: 001
[Room] Channel id: 004
[Room] Room name: 'Entra aqui Noob!!'
[Room] Room type: Explosion
[Room] Room special: None
[Room] Room weapons: Melee, Secondary, Primary
[Room] Map name: 'BB_LUXVILLE'
[Room] Actual players count: 0
[Room] Started battle.
[Room] Round 2 has been started.
[Room] Round 3 has been started.
[Room] Round 4 has been started.
[Room] Round 5 has been started.
[Room] Round 6 has been started.
[Room] ;------------------;
[Room] Battle is finished.
[Room] Tech id: 1060864
[Room] Used spawn count: 20
[Room] End Players count: 3
[Room] ;------------------;
[Room] Room result info.
[Room] Player (Id: 5801; Slot: 0) Exp: 184; Gp: 157; KD: 1/2; Score: 10
[Room] Player (Id: 5785; Slot: 1) Exp: 150; Gp: 134; KD: 4/5; Score: 20
[Room] Player (Id: 5802; Slot: 2) Exp: 171; Gp: 144; KD: 5/2; Score: 39
