[Room] Tech id: 1060865
[Room] Room id: 002
[Room] Channel id: 004
[Room] Room name: 'Go Go Go FireWay!'
[Room] Room type: Team_DeathMatch
[Room] Room special: None
[Room] Room weapons: Grenade, Melee, Secondary, Primary
[Room] Map name: 'TD_MSTATION'
[Room] Actual players count: 0
[Room] Started battle.
[Room] ;------------------;
[Room] Battle is finished.
[Room] Tech id: 1060865
[Room] Used spawn count: 71
[Room] End Players count: 4
[Room] ;------------------;
[Room] Room result info.
[Room] Player (Id: 5799; Slot: 0) Exp: 410; Gp: 370; KD: 23/20; Score: 133
[Room] Player (Id: 5806; Slot: 2) Exp: 320; Gp: 286; KD: 10/14; Score: 88
[Room] Player (Id: 5804; Slot: 3) Exp: 475; Gp: 409; KD: 21/17; Score: 125
[Room] Player (Id: 5784; Slot: 5) Exp: 414; Gp: 349; KD: 13/16; Score: 75
