[Room] Tech id: 1060864
[Room] Room id: 001
[Room] Channel id: 004
[Room] Room name: 'Go Go Go FireWay!'
[Room] Room type: Team_DeathMatch
[Room] Room special: None
[Room] Room weapons: Melee
[Room] Map name: 'TD_BURNINGHALL'
[Room] Actual players count: 0
[Room] Started battle.
[Room] ;------------------;
[Room] Battle is finished.
[Room] Tech id: 1060864
[Room] Used spawn count: 38
[Room] End Players count: 3
[Room] ;------------------;
[Room] Room result info.
[Room] Player (Id: 5802; Slot: 0) Exp: 314; Gp: 273; KD: 7/19; Score: 39
[Room] Player (Id: 5760; Slot: 1) Exp: 472; Gp: 407; KD: 24/12; Score: 132
[Room] Player (Id: 5804; Slot: 2) Exp: 148; Gp: 130; KD: 4/6; Score: 30
