[Room] Tech id: 1060864
[Room] Room id: 001
[Room] Channel id: 004
[Room] Room name: '@Camp s/dual'
[Room] Room type: Team_DeathMatch
[Room] Room special: None
[Room] Room weapons: Melee, Secondary, Primary
[Room] Map name: 'TD_REDROCK'
[Room] Actual players count: 0
[Room] Started battle.
[Room] ;------------------;
[Room] Battle is finished.
[Room] Tech id: 1060864
[Room] Used spawn count: 42
[Room] End Players count: 3
[Room] ;------------------;
[Room] Room result info.
[Room] Player (Id: 5014; Slot: 0) Exp: 578; Gp: 508; KD: 21/18; Score: 209
[Room] Player (Id: 5013; Slot: 1) Exp: 312; Gp: 272; KD: 6/8; Score: 57
[Room] Player (Id: 5006; Slot: 3) Exp: 339; Gp: 299; KD: 12/13; Score: 75
