[Room] Tech id: 1060864
[Room] Room id: 001
[Room] Channel id: 004
[Room] Room name: '@UP'
[Room] Room type: Explosion
[Room] Room special: None
[Room] Room weapons: Melee, Primary
[Room] Map name: 'BB_LUXVILLE'
[Room] Actual players count: 0
[Room] Started battle.
[Room] Round 2 has been started.
[Room] Round 3 has been started.
[Room] Round 4 has been started.
[Room] Round 5 has been started.
[Room] Round 6 has been started.
[Room] Round 7 has been started.
[Room] Round 8 has been started.
[Room] Round 9 has been started.
[Room] Round 10 has been started.
[Room] Round 11 has been started.
[Room] Round 12 has been started.
[Room] ;------------------;
[Room] Battle is finished.
[Room] Tech id: 1060864
[Room] Used spawn count: 95
[Room] End Players count: 8
[Room] ;------------------;
[Room] Room result info.
[Room] Player (Id: 5014; Slot: 0) Exp: 332; Gp: 289; KD: 10/7; Score: 60
[Room] Player (Id: 5001; Slot: 1) Exp: 392; Gp: 326; KD: 10/7; Score: 55
[Room] Player (Id: 5016; Slot: 2) Exp: 344; Gp: 301; KD: 4/8; Score: 30
[Room] Player (Id: 5022; Slot: 3) Exp: 370; Gp: 305; KD: 5/8; Score: 35
[Room] Player (Id: 5021; Slot: 4) Exp: 376; Gp: 333; KD: 14/9; Score: 99
[Room] Player (Id: 5000; Slot: 5) Exp: 344; Gp: 280; KD: 3/7; Score: 15
[Room] Player (Id: 5002; Slot: 6) Exp: 84; Gp: 70; KD: 0/0; Score: 0
[Room] Player (Id: 5006; Slot: 7) Exp: 372; Gp: 307; KD: 6/6; Score: 40
