[Room] Tech id: 1060864
[Room] Room id: 001
[Room] Channel id: 004
[Room] Room name: 'Pipoco em Dó Maior'
[Room] Room type: Explosion
[Room] Room special: None
[Room] Room weapons: Grenade, Melee, Secondary, Primary
[Room] Map name: 'BB_LUXVILLE'
[Room] Actual players count: 0
[Room] Started battle.
[Room] Round 2 has been started.
[Room] Round 3 has been started.
[Room] Round 4 has been started.
[Room] Round 5 has been started.
[Room] Round 6 has been started.
[Room] ;------------------;
[Room] Battle is finished.
[Room] Tech id: 1060864
[Room] Used spawn count: 18
[Room] End Players count: 3
[Room] ;------------------;
[Room] Room result info.
[Room] Player (Id: 5772; Slot: 0) Exp: 190; Gp: 155; KD: 2/2; Score: 10
[Room] Player (Id: 5759; Slot: 1) Exp: 181; Gp: 157; KD: 4/5; Score: 25
[Room] Player (Id: 5760; Slot: 2) Exp: 196; Gp: 161; KD: 3/2; Score: 15
