[Room] Tech id: 1060864
[Room] Room id: 001
[Room] Channel id: 004
[Room] Room name: 'Sinta o headshot!!'
[Room] Room type: Team_DeathMatch
[Room] Room special: None
[Room] Room weapons: Grenade, Melee, Secondary, Primary
[Room] Map name: 'TD_REDROCK'
[Room] Actual players count: 0
[Room] Started battle.
[Room] ;------------------;
[Room] Battle is finished.
[Room] Tech id: 1060864
[Room] Used spawn count: 47
[Room] End Players count: 3
[Room] ;------------------;
[Room] Room result info.
[Room] Player (Id: 5804; Slot: 0) Exp: 583; Gp: 512; KD: 26/18; Score: 213
[Room] Player (Id: 5784; Slot: 1) Exp: 394; Gp: 354; KD: 14/15; Score: 127
[Room] Player (Id: 5802; Slot: 3) Exp: 265; Gp: 229; KD: 4/11; Score: 30
