[Room] Tech id: 1060865
[Room] Room id: 002
[Room] Channel id: 004
[Room] Room name: 'Sinta o headshot!!'
[Room] Room type: Explosion
[Room] Room special: None
[Room] Room weapons: Grenade, Melee, Secondary, Primary
[Room] Map name: 'BB_LUXVILLE'
[Room] Actual players count: 0
[Room] Started battle.
[Room] Round 2 has been started.
[Room] Round 3 has been started.
[Room] Round 4 has been started.
[Room] Round 5 has been started.
[Room] ;------------------;
[Room] Battle is finished.
[Room] Tech id: 1060865
[Room] Used spawn count: 20
[Room] End Players count: 4
[Room] ;------------------;
[Room] Room result info.
[Room] Player (Id: 5784; Slot: 0) Exp: 137; Gp: 123; KD: 0/5; Score: 0
[Room] Player (Id: 5804; Slot: 1) Exp: 214; Gp: 189; KD: 8/0; Score: 73
[Room] Player (Id: 5780; Slot: 2) Exp: 112; Gp: 98; KD: 2/5; Score: 15
[Room] Player (Id: 5760; Slot: 3) Exp: 145; Gp: 121; KD: 2/2; Score: 10
