[Room] Tech id: 1060865
[Room] Room id: 002
[Room] Channel id: 004
[Room] Room name: 'Terra dos mortos!!'
[Room] Room type: Team_DeathMatch
[Room] Room special: None
[Room] Room weapons: Grenade, Melee, Secondary, Primary
[Room] Map name: 'TD_REDROCK'
[Room] Actual players count: 0
[Room] Started battle.
[Room] ;------------------;
[Room] Battle is finished.
[Room] Tech id: 1060865
[Room] Used spawn count: 66
[Room] End Players count: 4
[Room] ;------------------;
[Room] Room result info.
[Room] Player (Id: 5780; Slot: 0) Exp: 326; Gp: 290; KD: 11/20; Score: 75
[Room] Player (Id: 5784; Slot: 1) Exp: 510; Gp: 442; KD: 22/14; Score: 159
[Room] Player (Id: 5760; Slot: 2) Exp: 350; Gp: 309; KD: 13/18; Score: 76
[Room] Player (Id: 5791; Slot: 3) Exp: 132; Gp: 113; KD: 5/3; Score: 39
