[Room] Tech id: 1060864
[Room] Room id: 001
[Room] Channel id: 004
[Room] Room name: 'Entra aqui Noob!!'
[Room] Room type: Team_DeathMatch
[Room] Room special: None
[Room] Room weapons: Grenade, Melee, Secondary, Primary
[Room] Map name: 'TD_SAINTMANSION'
[Room] Actual players count: 0
[Room] Started battle.
[Room] ;------------------;
[Room] Battle is finished.
[Room] Tech id: 1060864
[Room] Used spawn count: 36
[Room] End Players count: 3
[Room] ;------------------;
[Room] Room result info.
[Room] Player (Id: 5787; Slot: 0) Exp: 320; Gp: 282; KD: 19/14; Score: 121
[Room] Player (Id: 5789; Slot: 1) Exp: 167; Gp: 146; KD: 5/9; Score: 30
[Room] Player (Id: 5784; Slot: 3) Exp: 183; Gp: 163; KD: 9/10; Score: 45
