[Room] Tech id: 1060864
[Room] Room id: 001
[Room] Channel id: 004
[Room] Room name: 'Terra dos mortos!!'
[Room] Room type: Annihilation
[Room] Room special: None
[Room] Room weapons: Grenade, Melee
[Room] Map name: 'TD_CRACKDOWN'
[Room] Actual players count: 0
[Room] Started battle.
[Room] Round 2 has been started.
[Room] Round 3 has been started.
[Room] Round 4 has been started.
[Room] ;------------------;
[Room] Battle is finished.
[Room] Tech id: 1060864
[Room] Used spawn count: 8
[Room] End Players count: 2
[Room] ;------------------;
[Room] Room result info.
[Room] Player (Id: 5789; Slot: 0) Exp: 62; Gp: 52; KD: 3/1; Score: 15
[Room] Player (Id: 5784; Slot: 1) Exp: 46; Gp: 40; KD: 1/3; Score: 5
