[Room] Tech id: 1060864
[Room] Room id: 001
[Room] Channel id: 004
[Room] Room name: 'Luta entre humanos e d'
[Room] Room type: Boss
[Room] Room special: 2
[Room] Room weapons: Grenade, Melee, Secondary, Primary
[Room] Map name: 'ES_DUPTOWN'
[Room] Actual players count: 0
[Room] Started battle.
[Room] ;------------------;
[Room] Battle is finished.
[Room] Tech id: 1060864
[Room] Used spawn count: 18
[Room] End Players count: 3
[Room] ;------------------;
[Room] Room result info.
[Room] Player (Id: 5760; Slot: 0) Exp: 281; Gp: 240; KD: 3/10; Score: 18
[Room] Player (Id: 5772; Slot: 1) Exp: 16; Gp: 13; KD: 0/0; Score: 0
[Room] Player (Id: 5759; Slot: 3) Exp: 382; Gp: 319; KD: 10/3; Score: 69
