[Room] Tech id: 1060864
[Room] Room id: 001
[Room] Channel id: 004
[Room] Room name: 'Go Go Go FireWay!'
[Room] Room type: Explosion
[Room] Room special: None
[Room] Room weapons: Grenade, Melee, Secondary, Primary
[Room] Map name: 'BB_DOWNTOWN2'
[Room] Actual players count: 0
[Room] Started battle.
[Room] Round 2 has been started.
[Room] Round 3 has been started.
[Room] Round 4 has been started.
[Room] Round 5 has been started.
[Room] Round 6 has been started.
[Room] Round 7 has been started.
[Room] Round 8 has been started.
[Room] Round 9 has been started.
[Room] ;------------------;
[Room] Battle is finished.
[Room] Tech id: 1060864
[Room] Used spawn count: 36
[Room] End Players count: 5
[Room] ;------------------;
[Room] Room result info.
[Room] Player (Id: 5001; Slot: 0) Exp: 282; Gp: 235; KD: 1/3; Score: 10
[Room] Player (Id: 5019; Slot: 1) Exp: 301; Gp: 263; KD: 6/6; Score: 40
[Room] Player (Id: 5022; Slot: 2) Exp: 364; Gp: 305; KD: 7/5; Score: 45
[Room] Player (Id: 5007; Slot: 3) Exp: 251; Gp: 213; KD: 2/6; Score: 10
[Room] Player (Id: 5000; Slot: 4) Exp: 120; Gp: 100; KD: 4/0; Score: 20
