[Room] Tech id: 1060864
[Room] Room id: 001
[Room] Channel id: 004
[Room] Room name: 'Entra aqui Noob!!'
[Room] Room type: Explosion
[Room] Room special: None
[Room] Room weapons: Grenade, Melee, Secondary, Primary
[Room] Map name: 'BB_LUXVILLE'
[Room] Actual players count: 0
[Room] Started battle.
[Room] Round 2 has been started.
[Room] Round 3 has been started.
[Room] Round 4 has been started.
[Room] Round 5 has been started.
[Room] Round 6 has been started.
[Room] Round 7 has been started.
[Room] Round 8 has been started.
[Room] Round 9 has been started.
[Room] Round 10 has been started.
[Room] Round 11 has been started.
[Room] Round 12 has been started.
[Room] Round 13 has been started.
[Room] ;------------------;
[Room] Battle is finished.
[Room] Tech id: 1060864
[Room] Used spawn count: 52
[Room] End Players count: 4
[Room] ;------------------;
[Room] Room result info.
[Room] Player (Id: 5802; Slot: 1) Exp: 379; Gp: 317; KD: 5/10; Score: 30
[Room] Player (Id: 5760; Slot: 2) Exp: 367; Gp: 326; KD: 10/8; Score: 65
[Room] Player (Id: 5804; Slot: 3) Exp: 427; Gp: 362; KD: 10/8; Score: 74
[Room] Player (Id: 5780; Slot: 4) Exp: 300; Gp: 259; KD: 7/7; Score: 40
