[Room] Tech id: 1060864
[Room] Room id: 001
[Room] Channel id: 004
[Room] Room name: 'Entra aqui Noob!!'
[Room] Room type: Team_DeathMatch
[Room] Room special: SniperMode
[Room] Room weapons: Melee, Primary, Mode_SSG69
[Room] Map name: 'TD_NEWLIBRARY'
[Room] Actual players count: 0
[Room] Started battle.
[Room] ;------------------;
[Room] Battle is finished.
[Room] Tech id: 1060864
[Room] Used spawn count: 52
[Room] End Players count: 3
[Room] ;------------------;
[Room] Room result info.
[Room] Player (Id: 5007; Slot: 0) Exp: 518; Gp: 449; KD: 25/24; Score: 148
[Room] Player (Id: 5005; Slot: 1) Exp: 324; Gp: 284; KD: 12/13; Score: 60
[Room] Player (Id: 5000; Slot: 3) Exp: 327; Gp: 287; KD: 12/12; Score: 65
