[Room] Tech id: 1060864
[Room] Room id: 001
[Room] Channel id: 004
[Room] Room name: 'Go Go Go FireWay!'
[Room] Room type: Team_DeathMatch
[Room] Room special: None
[Room] Room weapons: Grenade, Melee, Secondary, Primary
[Room] Map name: 'TD_TRAININGCAMP'
[Room] Actual players count: 0
[Room] Started battle.
[Room] ;------------------;
[Room] Battle is finished.
[Room] Tech id: 1060864
[Room] Used spawn count: 40
[Room] End Players count: 3
[Room] ;------------------;
[Room] Room result info.
[Room] Player (Id: 5759; Slot: 0) Exp: 368; Gp: 328; KD: 14/22; Score: 88
[Room] Player (Id: 5760; Slot: 1) Exp: 368; Gp: 307; KD: 8/9; Score: 50
[Room] Player (Id: 5763; Slot: 3) Exp: 392; Gp: 328; KD: 14/6; Score: 75
