[Room] Tech id: 1060864
[Room] Room id: 001
[Room] Channel id: 004
[Room] Room name: 'Terra dos mortos!!'
[Room] Room type: Team_DeathMatch
[Room] Room special: SniperMode
[Room] Room weapons: Grenade, Melee, Secondary, Primary, Mode_SSG69
[Room] Map name: 'TD_NEWLIBRARY'
[Room] Actual players count: 0
[Room] Started battle.
[Room] ;------------------;
[Room] Battle is finished.
[Room] Tech id: 1060864
[Room] Used spawn count: 44
[Room] End Players count: 4
[Room] ;------------------;
[Room] Room result info.
[Room] Player (Id: 5784; Slot: 0) Exp: 94; Gp: 80; KD: 3/4; Score: 18
[Room] Player (Id: 5780; Slot: 1) Exp: 293; Gp: 253; KD: 5/14; Score: 28
[Room] Player (Id: 5760; Slot: 2) Exp: 439; Gp: 374; KD: 19/15; Score: 99
[Room] Player (Id: 5794; Slot: 5) Exp: 334; Gp: 294; KD: 14/8; Score: 80
