[Room] Tech id: 1060864
[Room] Room id: 001
[Room] Channel id: 004
[Room] Room name: 'SEM SLADE'
[Room] Room type: Explosion
[Room] Room special: ShotgunMode
[Room] Room weapons: Grenade, Melee, Primary, Mode_870MCS
[Room] Map name: 'BB_LUXVILLE'
[Room] Actual players count: 0
[Room] Started battle.
[Room] Round 2 has been started.
[Room] Round 3 has been started.
[Room] Round 4 has been started.
[Room] Round 5 has been started.
[Room] Round 6 has been started.
[Room] Round 7 has been started.
[Room] Round 8 has been started.
[Room] Round 9 has been started.
[Room] Round 10 has been started.
[Room] Round 11 has been started.
[Room] Round 12 has been started.
[Room] ;------------------;
[Room] Battle is finished.
[Room] Tech id: 1060864
[Room] Used spawn count: 36
[Room] End Players count: 3
[Room] ;------------------;
[Room] Room result info.
[Room] Player (Id: 5772; Slot: 0) Exp: 400; Gp: 358; KD: 8/9; Score: 45
[Room] Player (Id: 5759; Slot: 1) Exp: 368; Gp: 303; KD: 4/5; Score: 20
[Room] Player (Id: 5760; Slot: 3) Exp: 374; Gp: 309; KD: 5/3; Score: 30
