[Room] Tech id: 1060864
[Room] Room id: 001
[Room] Channel id: 004
[Room] Room name: 'Terra dos mortos!!'
[Room] Room type: Team_DeathMatch
[Room] Room special: SniperMode
[Room] Room weapons: Melee, Primary, Mode_SSG69
[Room] Map name: 'TD_TWOTOWERS'
[Room] Actual players count: 0
[Room] Started battle.
[Room] ;------------------;
[Room] Battle is finished.
[Room] Tech id: 1060864
[Room] Used spawn count: 40
[Room] End Players count: 3
[Room] ;------------------;
[Room] Room result info.
[Room] Player (Id: 5794; Slot: 0) Exp: 426; Gp: 362; KD: 17/11; Score: 95
[Room] Player (Id: 5759; Slot: 1) Exp: 323; Gp: 283; KD: 11/12; Score: 61
[Room] Player (Id: 5785; Slot: 2) Exp: 130; Gp: 112; KD: 6/3; Score: 34
