[Room] Tech id: 1060864
[Room] Room id: 001
[Room] Channel id: 004
[Room] Room name: 'Terra dos mortos!!'
[Room] Room type: Team_DeathMatch
[Room] Room special: SniperMode
[Room] Room weapons: Grenade, Melee, Secondary, Primary, Mode_SSG69
[Room] Map name: 'TD_BURNINGHALL'
[Room] Actual players count: 0
[Room] Started battle.
[Room] ;------------------;
[Room] Battle is finished.
[Room] Tech id: 1060864
[Room] Used spawn count: 39
[Room] End Players count: 3
[Room] ;------------------;
[Room] Room result info.
[Room] Player (Id: 5803; Slot: 0) Exp: 452; Gp: 387; KD: 18/16; Score: 108
[Room] Player (Id: 5801; Slot: 1) Exp: 277; Gp: 236; KD: 3/9; Score: 20
[Room] Player (Id: 5797; Slot: 3) Exp: 328; Gp: 288; KD: 13/11; Score: 68
