[Room] Tech id: 1060864
[Room] Room id: 001
[Room] Channel id: 004
[Room] Room name: 'LIGA UNCHARTED'
[Room] Room type: Explosion
[Room] Room special: None
[Room] Room weapons: Melee, Secondary, Primary
[Room] Map name: 'BB_DOWNTOWN2'
[Room] Actual players count: 0
[Room] Started battle.
[Room] Round 2 has been started.
[Room] Round 3 has been started.
[Room] Round 4 has been started.
[Room] Round 5 has been started.
[Room] Round 6 has been started.
[Room] ;------------------;
[Room] Battle is finished.
[Room] Tech id: 1060864
[Room] Used spawn count: 44
[Room] End Players count: 9
[Room] ;------------------;
[Room] Room result info.
[Room] Player (Id: 5006; Slot: 0) Exp: 183; Gp: 160; KD: 3/5; Score: 15
[Room] Player (Id: 5016; Slot: 1) Exp: 162; Gp: 129; KD: 0/1; Score: 0
[Room] Player (Id: 5017; Slot: 2) Exp: 160; Gp: 137; KD: 2/6; Score: 10
[Room] Player (Id: 5021; Slot: 3) Exp: 208; Gp: 173; KD: 5/1; Score: 35
[Room] Player (Id: 5007; Slot: 4) Exp: 141; Gp: 120; KD: 1/5; Score: 5
[Room] Player (Id: 5019; Slot: 5) Exp: 252; Gp: 215; KD: 9/2; Score: 69
[Room] Player (Id: 5002; Slot: 6) Exp: 20; Gp: 17; KD: 0/0; Score: 0
[Room] Player (Id: 5022; Slot: 7) Exp: 175; Gp: 141; KD: 1/2; Score: 5
[Room] Player (Id: 5001; Slot: 9) Exp: 85; Gp: 69; KD: 1/0; Score: 5
