[Room] Tech id: 1060865
[Room] Room id: 002
[Room] Channel id: 004
[Room] Room name: 'Desesperado para fugir'
[Room] Room type: Boss
[Room] Room special: 2
[Room] Room weapons: Grenade, Melee, Secondary, Primary
[Room] Map name: 'ES_BREEDINGNEST'
[Room] Actual players count: 0
[Room] Started battle.
[Room] ;------------------;
[Room] Battle is finished.
[Room] Tech id: 1060865
[Room] Used spawn count: 48
[Room] End Players count: 5
[Room] ;------------------;
[Room] Room result info.
[Room] Player (Id: 5769; Slot: 0) Exp: 276; Gp: 235; KD: 1/12; Score: 10
[Room] Player (Id: 5760; Slot: 1) Exp: 331; Gp: 270; KD: 4/6; Score: 20
[Room] Player (Id: 5804; Slot: 2) Exp: 332; Gp: 291; KD: 15/7; Score: 75
[Room] Player (Id: 5802; Slot: 3) Exp: 340; Gp: 279; KD: 6/5; Score: 30
[Room] Player (Id: 5759; Slot: 5) Exp: 320; Gp: 266; KD: 9/5; Score: 45
