[Room] Tech id: 1060865
[Room] Room id: 002
[Room] Channel id: 004
[Room] Room name: 'Terra dos mortos!!'
[Room] Room type: Team_DeathMatch
[Room] Room special: None
[Room] Room weapons: Grenade, Melee, Secondary, Primary
[Room] Map name: 'TD_TRAININGCAMP'
[Room] Actual players count: 0
[Room] Started battle.
[Room] ;------------------;
[Room] Battle is finished.
[Room] Tech id: 1060865
[Room] Used spawn count: 45
[Room] End Players count: 4
[Room] ;------------------;
[Room] Room result info.
[Room] Player (Id: 5791; Slot: 0) Exp: 438; Gp: 373; KD: 15/7; Score: 112
[Room] Player (Id: 5784; Slot: 1) Exp: 302; Gp: 261; KD: 8/9; Score: 45
[Room] Player (Id: 5760; Slot: 2) Exp: 382; Gp: 320; KD: 9/11; Score: 59
[Room] Player (Id: 5780; Slot: 5) Exp: 340; Gp: 300; KD: 10/15; Score: 73
