[Room] Tech id: 1060865
[Room] Room id: 002
[Room] Channel id: 004
[Room] Room name: 'Terra dos mortos!!'
[Room] Room type: Team_DeathMatch
[Room] Room special: None
[Room] Room weapons: Melee, Primary
[Room] Map name: 'TD_NEWLIBRARY'
[Room] Actual players count: 0
[Room] Started battle.
[Room] ;------------------;
[Room] Battle is finished.
[Room] Tech id: 1060865
[Room] Used spawn count: 37
[Room] End Players count: 3
[Room] ;------------------;
[Room] Room result info.
[Room] Player (Id: 5784; Slot: 0) Exp: 283; Gp: 240; KD: 6/5; Score: 63
[Room] Player (Id: 5780; Slot: 2) Exp: 468; Gp: 402; KD: 20/3; Score: 144
[Room] Player (Id: 5760; Slot: 3) Exp: 341; Gp: 300; KD: 7/26; Score: 53
