[Room] Tech id: 1060864
[Room] Room id: 001
[Room] Channel id: 004
[Room] Room name: 'Entra aqui Noob!!'
[Room] Room type: Team_DeathMatch
[Room] Room special: None
[Room] Room weapons: Grenade, Melee, Secondary, Primary
[Room] Map name: 'TD_CRACKDOWN'
[Room] Actual players count: 0
[Room] Started battle.
[Room] ;------------------;
[Room] Battle is finished.
[Room] Tech id: 1060864
[Room] Used spawn count: 55
[Room] End Players count: 3
[Room] ;------------------;
[Room] Room result info.
[Room] Player (Id: 5759; Slot: 0) Exp: 322; Gp: 282; KD: 8/15; Score: 55
[Room] Player (Id: 5794; Slot: 1) Exp: 579; Gp: 508; KD: 29/24; Score: 199
[Room] Player (Id: 5760; Slot: 4) Exp: 351; Gp: 310; KD: 15/14; Score: 85
