[Room] Tech id: 1060864
[Room] Room id: 001
[Room] Channel id: 004
[Room] Room name: 'Terra dos mortos!!'
[Room] Room type: Team_DeathMatch
[Room] Room special: None
[Room] Room weapons: Grenade, Melee, Secondary, Primary
[Room] Map name: 'TD_DESERTCAMP'
[Room] Actual players count: 0
[Room] Started battle.
[Room] ;------------------;
[Room] Battle is finished.
[Room] Tech id: 1060864
[Room] Used spawn count: 40
[Room] End Players count: 3
[Room] ;------------------;
[Room] Room result info.
[Room] Player (Id: 5013; Slot: 0) Exp: 393; Gp: 353; KD: 17/20; Score: 116
[Room] Player (Id: 5000; Slot: 1) Exp: 404; Gp: 340; KD: 17/6; Score: 85
[Room] Player (Id: 5005; Slot: 3) Exp: 250; Gp: 208; KD: 3/11; Score: 20
