[Room] Tech id: 1060864
[Room] Room id: 001
[Room] Channel id: 004
[Room] Room name: 'Sinta o headshot!!'
[Room] Room type: Explosion
[Room] Room special: None
[Room] Room weapons: Grenade, Melee, Secondary, Primary
[Room] Map name: 'BB_LUXVILLE'
[Room] Actual players count: 0
[Room] Started battle.
[Room] Round 2 has been started.
[Room] Round 3 has been started.
[Room] Round 4 has been started.
[Room] Round 5 has been started.
[Room] Round 6 has been started.
[Room] Round 7 has been started.
[Room] Round 8 has been started.
[Room] Round 9 has been started.
[Room] Round 10 has been started.
[Room] Round 11 has been started.
[Room] ;------------------;
[Room] Battle is finished.
[Room] Tech id: 1060864
[Room] Used spawn count: 51
[Room] End Players count: 6
[Room] ;------------------;
[Room] Room result info.
[Room] Player (Id: 5816; Slot: 0) Exp: 229; Gp: 198; KD: 6/3; Score: 40
[Room] Player (Id: 5794; Slot: 1) Exp: 530; Gp: 449; KD: 11/4; Score: 89
[Room] Player (Id: 5784; Slot: 2) Exp: 309; Gp: 275; KD: 2/6; Score: 10
[Room] Player (Id: 5760; Slot: 3) Exp: 430; Gp: 359; KD: 7/6; Score: 49
[Room] Player (Id: 5814; Slot: 4) Exp: 409; Gp: 358; KD: 7/9; Score: 45
[Room] Player (Id: 5815; Slot: 5) Exp: 230; Gp: 186; KD: 0/6; Score: 0
