[Room] Tech id: 1060864
[Room] Room id: 001
[Room] Channel id: 004
[Room] Room name: 'Sinta o headshot!!'
[Room] Room type: Team_DeathMatch
[Room] Room special: None
[Room] Room weapons: Grenade, Melee, Secondary, Primary
[Room] Map name: 'TD_TAIPEICITYMALL'
[Room] Actual players count: 0
[Room] Started battle.
[Room] ;------------------;
[Room] Battle is finished.
[Room] Tech id: 1060864
[Room] Used spawn count: 43
[Room] End Players count: 3
[Room] ;------------------;
[Room] Room result info.
[Room] Player (Id: 5784; Slot: 0) Exp: 537; Gp: 468; KD: 23/19; Score: 173
[Room] Player (Id: 5760; Slot: 1) Exp: 342; Gp: 302; KD: 15/12; Score: 80
[Room] Player (Id: 5769; Slot: 3) Exp: 285; Gp: 245; KD: 4/11; Score: 25
