[Room] Tech id: 1060864
[Room] Room id: 001
[Room] Channel id: 004
[Room] Room name: 'Go Go Go FireWay!'
[Room] Room type: Explosion
[Room] Room special: None
[Room] Room weapons: Grenade, Melee, Secondary, Primary
[Room] Map name: 'BB_BALLISTIC'
[Room] Actual players count: 0
[Room] Started battle.
[Room] Round 2 has been started.
[Room] Round 3 has been started.
[Room] Votekick has been started by 0 (Id: 5784; Nick: Donkey05), (To: 1; Motive: NoManner)
[Room] Round 4 has been started.
[Room] Votekick result: (Allies: 1; Enemys: 1); Total: (3/1)
[Room] Round 5 has been started.
[Room] Round 6 has been started.
[Room] Round 7 has been started.
[Room] Round 8 has been started.
[Room] Round 9 has been started.
[Room] ;------------------;
[Room] Battle is finished.
[Room] Tech id: 1060864
[Room] Used spawn count: 33
[Room] End Players count: 4
[Room] ;------------------;
[Room] Room result info.
[Room] Player (Id: 5784; Slot: 0) Exp: 189; Gp: 155; KD: 1/7; Score: 5
[Room] Player (Id: 5760; Slot: 1) Exp: 24; Gp: 21; KD: 1/1; Score: 5
[Room] Player (Id: 5809; Slot: 3) Exp: 199; Gp: 176; KD: 8/5; Score: 50
[Room] Player (Id: 5804; Slot: 6) Exp: 241; Gp: 204; KD: 7/4; Score: 54
