[Room] Tech id: 1060865
[Room] Room id: 002
[Room] Channel id: 004
[Room] Room name: 'Terra dos mortos!!'
[Room] Room type: Team_DeathMatch
[Room] Room special: None
[Room] Room weapons: Melee, Secondary, Primary
[Room] Map name: 'TD_BURNINGHALL'
[Room] Actual players count: 0
[Room] Started battle.
[Room] ;------------------;
[Room] Battle is finished.
[Room] Tech id: 1060865
[Room] Used spawn count: 69
[Room] End Players count: 4
[Room] ;------------------;
[Room] Room result info.
[Room] Player (Id: 5759; Slot: 0) Exp: 424; Gp: 361; KD: 13/20; Score: 78
[Room] Player (Id: 5762; Slot: 1) Exp: 380; Gp: 340; KD: 22/8; Score: 125
[Room] Player (Id: 5804; Slot: 2) Exp: 517; Gp: 449; KD: 21/13; Score: 167
[Room] Player (Id: 5780; Slot: 3) Exp: 359; Gp: 319; KD: 11/26; Score: 72
