[Room] Tech id: 1060864
[Room] Room id: 001
[Room] Channel id: 004
[Room] Room name: 'SÓ TRABALHO EM HS'
[Room] Room type: Explosion
[Room] Room special: None
[Room] Room weapons: Grenade, Melee
[Room] Map name: 'BB_LUXVILLE'
[Room] Actual players count: 0
[Room] Started battle.
[Room] Round 2 has been started.
[Room] Round 3 has been started.
[Room] Round 4 has been started.
[Room] Round 5 has been started.
[Room] Round 6 has been started.
[Room] ;------------------;
[Room] Battle is finished.
[Room] Tech id: 1060864
[Room] Used spawn count: 24
[Room] End Players count: 4
[Room] ;------------------;
[Room] Room result info.
[Room] Player (Id: 5016; Slot: 0) Exp: 332; Gp: 279; KD: 6/1; Score: 36
[Room] Player (Id: 5013; Slot: 1) Exp: 247; Gp: 214; KD: 3/4; Score: 20
[Room] Player (Id: 5014; Slot: 2) Exp: 313; Gp: 262; KD: 3/4; Score: 34
[Room] Player (Id: 5001; Slot: 3) Exp: 219; Gp: 186; KD: 2/5; Score: 10
