[Room] Tech id: 1060864
[Room] Room id: 001
[Room] Channel id: 004
[Room] Room name: 'Entra aqui Noob!!'
[Room] Room type: Team_DeathMatch
[Room] Room special: None
[Room] Room weapons: Melee, Secondary, Primary
[Room] Map name: 'TD_REDROCK'
[Room] Actual players count: 0
[Room] Started battle.
[Room] ;------------------;
[Room] Battle is finished.
[Room] Tech id: 1060864
[Room] Used spawn count: 124
[Room] End Players count: 7
[Room] ;------------------;
[Room] Room result info.
[Room] Player (Id: 5001; Slot: 0) Exp: 750; Gp: 672; KD: 30/20; Score: 349
[Room] Player (Id: 5021; Slot: 1) Exp: 346; Gp: 322; KD: 17/16; Score: 171
[Room] Player (Id: 5022; Slot: 2) Exp: 554; Gp: 485; KD: 21/26; Score: 175
[Room] Player (Id: 5016; Slot: 3) Exp: 445; Gp: 404; KD: 21/24; Score: 161
[Room] Player (Id: 5000; Slot: 4) Exp: 142; Gp: 124; KD: 9/3; Score: 50
[Room] Player (Id: 5002; Slot: 5) Exp: 80; Gp: 66; KD: 0/0; Score: 0
[Room] Player (Id: 5014; Slot: 7) Exp: 215; Gp: 193; KD: 6/12; Score: 63
