[Room] Tech id: 1060864
[Room] Room id: 001
[Room] Channel id: 004
[Room] Room name: '@UPZAO    SEM   BARRET'
[Room] Room type: Team_DeathMatch
[Room] Room special: None
[Room] Room weapons: Grenade, Melee, Secondary, Primary
[Room] Map name: 'TD_MSTATION'
[Room] Actual players count: 0
[Room] Started battle.
[Room] ;------------------;
[Room] Battle is finished.
[Room] Tech id: 1060864
[Room] Used spawn count: 47
[Room] End Players count: 4
[Room] ;------------------;
[Room] Room result info.
[Room] Player (Id: 5001; Slot: 0) Exp: 384; Gp: 343; KD: 13/17; Score: 113
[Room] Player (Id: 5033; Slot: 1) Exp: 435; Gp: 395; KD: 21/20; Score: 159
[Room] Player (Id: 5000; Slot: 2) Exp: 214; Gp: 188; KD: 8/4; Score: 53
[Room] Player (Id: 5007; Slot: 3) Exp: 36; Gp: 30; KD: 0/1; Score: 0
