[Room] Tech id: 1060864
[Room] Room id: 001
[Room] Channel id: 004
[Room] Room name: 'Terra dos mortos!!'
[Room] Room type: Team_DeathMatch
[Room] Room special: None
[Room] Room weapons: Grenade, Melee, Secondary, Primary
[Room] Map name: 'TD_NEWLIBRARY'
[Room] Actual players count: 0
[Room] Started battle.
[Room] ;------------------;
[Room] Battle is finished.
[Room] Tech id: 1060864
[Room] Used spawn count: 66
[Room] End Players count: 3
[Room] ;------------------;
[Room] Room result info.
[Room] Player (Id: 5005; Slot: 0) Exp: 66; Gp: 54; KD: 0/3; Score: 0
[Room] Player (Id: 5002; Slot: 1) Exp: 594; Gp: 533; KD: 20/36; Score: 168
[Room] Player (Id: 5025; Slot: 8) Exp: 646; Gp: 550; KD: 27/10; Score: 160
