[Room] Tech id: 1060864
[Room] Room id: 001
[Room] Channel id: 004
[Room] Room name: 'Sinta o headshot!!'
[Room] Room type: Team_DeathMatch
[Room] Room special: None
[Room] Room weapons: Grenade, Melee, Secondary
[Room] Map name: 'TD_SAINTMANSION'
[Room] Actual players count: 0
[Room] Started battle.
[Room] ;------------------;
[Room] Battle is finished.
[Room] Tech id: 1060864
[Room] Used spawn count: 97
[Room] End Players count: 6
[Room] ;------------------;
[Room] Room result info.
[Room] Player (Id: 5763; Slot: 0) Exp: 402; Gp: 362; KD: 24/20; Score: 126
[Room] Player (Id: 5789; Slot: 1) Exp: 309; Gp: 272; KD: 19/11; Score: 111
[Room] Player (Id: 5784; Slot: 2) Exp: 286; Gp: 265; KD: 18/18; Score: 124
[Room] Player (Id: 5787; Slot: 3) Exp: 477; Gp: 411; KD: 23/20; Score: 122
[Room] Player (Id: 5785; Slot: 4) Exp: 109; Gp: 95; KD: 1/11; Score: 5
[Room] Player (Id: 5788; Slot: 5) Exp: 166; Gp: 140; KD: 4/9; Score: 25
