[Room] Tech id: 1060864
[Room] Room id: 001
[Room] Channel id: 004
[Room] Room name: 'Go Go Go FireWay!'
[Room] Room type: Explosion
[Room] Room special: None
[Room] Room weapons: Grenade, Melee, Secondary, Primary
[Room] Map name: 'BB_LUXVILLE'
[Room] Actual players count: 0
[Room] Started battle.
[Room] Round 2 has been started.
[Room] Round 3 has been started.
[Room] Round 4 has been started.
[Room] Round 5 has been started.
[Room] Round 6 has been started.
[Room] Round 7 has been started.
[Room] ;------------------;
[Room] Battle is finished.
[Room] Tech id: 1060864
[Room] Used spawn count: 28
[Room] End Players count: 4
[Room] ;------------------;
[Room] Room result info.
[Room] Player (Id: 5780; Slot: 0) Exp: 201; Gp: 173; KD: 9/2; Score: 60
[Room] Player (Id: 5797; Slot: 1) Exp: 164; Gp: 147; KD: 6/5; Score: 49
[Room] Player (Id: 5799; Slot: 2) Exp: 162; Gp: 135; KD: 2/5; Score: 20
[Room] Player (Id: 5784; Slot: 3) Exp: 122; Gp: 105; KD: 1/6; Score: 5
