[Room] Tech id: 1060864
[Room] Room id: 001
[Room] Channel id: 004
[Room] Room name: '@UP S/12'
[Room] Room type: Explosion
[Room] Room special: None
[Room] Room weapons: Grenade, Melee, Secondary, Primary
[Room] Map name: 'BB_DOWNTOWN2'
[Room] Actual players count: 0
[Room] Started battle.
[Room] Round 2 has been started.
[Room] Round 3 has been started.
[Room] Round 4 has been started.
[Room] Round 5 has been started.
[Room] Round 6 has been started.
[Room] ;------------------;
[Room] Battle is finished.
[Room] Tech id: 1060864
[Room] Used spawn count: 46
[Room] End Players count: 8
[Room] ;------------------;
[Room] Room result info.
[Room] Player (Id: 5001; Slot: 0) Exp: 271; Gp: 231; KD: 7/3; Score: 54
[Room] Player (Id: 5029; Slot: 1) Exp: 156; Gp: 132; KD: 0/5; Score: 0
[Room] Player (Id: 5016; Slot: 2) Exp: 192; Gp: 155; KD: 2/2; Score: 10
[Room] Player (Id: 5030; Slot: 3) Exp: 161; Gp: 137; KD: 1/5; Score: 5
[Room] Player (Id: 5002; Slot: 4) Exp: 235; Gp: 198; KD: 1/4; Score: 10
[Room] Player (Id: 5022; Slot: 5) Exp: 162; Gp: 138; KD: 1/4; Score: 10
[Room] Player (Id: 5000; Slot: 6) Exp: 230; Gp: 193; KD: 9/1; Score: 45
[Room] Player (Id: 5019; Slot: 7) Exp: 206; Gp: 182; KD: 8/5; Score: 50
