[Room] Tech id: 1060864
[Room] Room id: 001
[Room] Channel id: 004
[Room] Room name: 'Entra aqui Noob!!'
[Room] Room type: Team_DeathMatch
[Room] Room special: None
[Room] Room weapons: Grenade, Melee, Secondary, Primary
[Room] Map name: 'TD_SAINTMANSION'
[Room] Actual players count: 0
[Room] Started battle.
[Room] ;------------------;
[Room] Battle is finished.
[Room] Tech id: 1060864
[Room] Used spawn count: 48
[Room] End Players count: 3
[Room] ;------------------;
[Room] Room result info.
[Room] Player (Id: 5787; Slot: 0) Exp: 553; Gp: 484; KD: 35/9; Score: 204
[Room] Player (Id: 5789; Slot: 1) Exp: 350; Gp: 310; KD: 7/32; Score: 52
[Room] Player (Id: 5784; Slot: 3) Exp: 49; Gp: 44; KD: 2/4; Score: 15
