[Room] Tech id: 1060864
[Room] Room id: 001
[Room] Channel id: 004
[Room] Room name: 'Sinta o headshot!!'
[Room] Room type: Destroy
[Room] Room special: None
[Room] Room weapons: Grenade, Melee, Secondary, Primary
[Room] Map name: 'DS_HELISPOT'
[Room] Actual players count: 0
[Room] Started battle.
[Room] Round 2 has been started.
[Room] Round 3 has been started.
[Room] ;------------------;
[Room] Battle is finished.
[Room] Tech id: 1060864
[Room] Used spawn count: 37
[Room] End Players count: 3
[Room] ;------------------;
[Room] Room result info.
[Room] Player (Id: 5767; Slot: 0) Exp: 357; Gp: 281; KD: 4/11; Score: 25
[Room] Player (Id: 5759; Slot: 1) Exp: 388; Gp: 307; KD: 16/7; Score: 95
[Room] Player (Id: 5760; Slot: 2) Exp: 410; Gp: 270; KD: 2/11; Score: 15
