[Room] Tech id: 1060864
[Room] Room id: 001
[Room] Channel id: 004
[Room] Room name: 'Entra aqui Noob!!'
[Room] Room type: Explosion
[Room] Room special: None
[Room] Room weapons: Melee, Secondary, Primary
[Room] Map name: 'BB_DOWNTOWN2'
[Room] Actual players count: 0
[Room] Started battle.
[Room] Round 2 has been started.
[Room] Round 3 has been started.
[Room] Round 4 has been started.
[Room] Round 5 has been started.
[Room] Round 6 has been started.
[Room] Round 7 has been started.
[Room] Round 8 has been started.
[Room] Round 9 has been started.
[Room] ;------------------;
[Room] Battle is finished.
[Room] Tech id: 1060864
[Room] Used spawn count: 33
[Room] End Players count: 4
[Room] ;------------------;
[Room] Room result info.
[Room] Player (Id: 5784; Slot: 0) Exp: 192; Gp: 164; KD: 3/1; Score: 15
[Room] Player (Id: 5785; Slot: 1) Exp: 217; Gp: 186; KD: 3/7; Score: 20
[Room] Player (Id: 5802; Slot: 2) Exp: 308; Gp: 261; KD: 9/5; Score: 65
[Room] Player (Id: 5801; Slot: 3) Exp: 212; Gp: 182; KD: 3/5; Score: 20
