[Room] Tech id: 1060865
[Room] Room id: 002
[Room] Channel id: 004
[Room] Room name: 'Sinta o headshot!!'
[Room] Room type: Team_DeathMatch
[Room] Room special: None
[Room] Room weapons: Grenade, Melee, Secondary, Primary
[Room] Map name: 'TD_REDROCK'
[Room] Actual players count: 0
[Room] Started battle.
[Room] ;------------------;
[Room] Battle is finished.
[Room] Tech id: 1060865
[Room] Used spawn count: 84
[Room] End Players count: 5
[Room] ;------------------;
[Room] Room result info.
[Room] Player (Id: 5784; Slot: 0) Exp: 364; Gp: 323; KD: 11/24; Score: 80
[Room] Player (Id: 5804; Slot: 1) Exp: 670; Gp: 596; KD: 29/11; Score: 299
[Room] Player (Id: 5760; Slot: 2) Exp: 400; Gp: 360; KD: 18/27; Score: 111
[Room] Player (Id: 5802; Slot: 3) Exp: 50; Gp: 42; KD: 2/1; Score: 10
[Room] Player (Id: 5780; Slot: 5) Exp: 469; Gp: 403; KD: 19/17; Score: 120
