[Room] Tech id: 1060864
[Room] Room id: 001
[Room] Channel id: 004
[Room] Room name: 'Go Go Go FireWay!'
[Room] Room type: Explosion
[Room] Room special: None
[Room] Room weapons: Melee, Secondary, Primary
[Room] Map name: 'BB_SANDSTORM'
[Room] Actual players count: 0
[Room] Started battle.
[Room] Round 2 has been started.
[Room] Round 3 has been started.
[Room] Round 4 has been started.
[Room] Round 5 has been started.
[Room] Round 6 has been started.
[Room] Round 7 has been started.
[Room] ;------------------;
[Room] Battle is finished.
[Room] Tech id: 1060864
[Room] Used spawn count: 34
[Room] End Players count: 5
[Room] ;------------------;
[Room] Room result info.
[Room] Player (Id: 5036; Slot: 0) Exp: 142; Gp: 121; KD: 1/5; Score: 5
[Room] Player (Id: 5007; Slot: 1) Exp: 236; Gp: 201; KD: 4/4; Score: 39
[Room] Player (Id: 5013; Slot: 2) Exp: 197; Gp: 176; KD: 2/6; Score: 15
[Room] Player (Id: 5001; Slot: 3) Exp: 284; Gp: 247; KD: 12/2; Score: 83
[Room] Player (Id: 5005; Slot: 6) Exp: 155; Gp: 134; KD: 3/5; Score: 15
