[Room] Tech id: 1060864
[Room] Room id: 001
[Room] Channel id: 004
[Room] Room name: '@UP'
[Room] Room type: Explosion
[Room] Room special: None
[Room] Room weapons: Melee, Primary
[Room] Map name: 'BB_LUXVILLE'
[Room] Actual players count: 0
[Room] Started battle.
[Room] Round 2 has been started.
[Room] Round 3 has been started.
[Room] Round 4 has been started.
[Room] ;------------------;
[Room] Battle is finished.
[Room] Tech id: 1060864
[Room] Used spawn count: 35
[Room] End Players count: 7
[Room] ;------------------;
[Room] Room result info.
[Room] Player (Id: 5016; Slot: 0) Exp: 117; Gp: 97; KD: 2/3; Score: 15
[Room] Player (Id: 5006; Slot: 1) Exp: 93; Gp: 80; KD: 2/3; Score: 10
[Room] Player (Id: 5000; Slot: 2) Exp: 116; Gp: 97; KD: 5/0; Score: 25
[Room] Player (Id: 5014; Slot: 3) Exp: 93; Gp: 80; KD: 1/3; Score: 10
[Room] Player (Id: 5001; Slot: 4) Exp: 148; Gp: 127; KD: 7/1; Score: 45
[Room] Player (Id: 5017; Slot: 9) Exp: 98; Gp: 85; KD: 3/3; Score: 15
[Room] Player (Id: 5005; Slot: 11) Exp: 83; Gp: 70; KD: 0/3; Score: 0
