[Room] Tech id: 1060864
[Room] Room id: 001
[Room] Channel id: 004
[Room] Room name: '@'
[Room] Room type: Team_DeathMatch
[Room] Room special: None
[Room] Room weapons: Melee, Secondary, Primary
[Room] Map name: 'TD_MSTATION'
[Room] Actual players count: 0
[Room] Started battle.
[Room] ;------------------;
[Room] Battle is finished.
[Room] Tech id: 1060864
[Room] Used spawn count: 48
[Room] End Players count: 3
[Room] ;------------------;
[Room] Room result info.
[Room] Player (Id: 5021; Slot: 0) Exp: 516; Gp: 448; KD: 19/6; Score: 179
[Room] Player (Id: 5001; Slot: 2) Exp: 390; Gp: 335; KD: 13/7; Score: 112
[Room] Player (Id: 5002; Slot: 3) Exp: 405; Gp: 365; KD: 13/32; Score: 107
