[Room] Tech id: 1060865
[Room] Room id: 002
[Room] Channel id: 004
[Room] Room name: 'Terra dos mortos!!'
[Room] Room type: Team_DeathMatch
[Room] Room special: None
[Room] Room weapons: Melee
[Room] Map name: 'TD_BURNINGHALL'
[Room] Actual players count: 0
[Room] Started battle.
[Room] ;------------------;
[Room] Battle is finished.
[Room] Tech id: 1060865
[Room] Used spawn count: 33
[Room] End Players count: 3
[Room] ;------------------;
[Room] Room result info.
[Room] Player (Id: 5760; Slot: 0) Exp: 352; Gp: 311; KD: 14/16; Score: 82
[Room] Player (Id: 5786; Slot: 1) Exp: 370; Gp: 308; KD: 8/6; Score: 57
[Room] Player (Id: 5784; Slot: 3) Exp: 288; Gp: 241; KD: 8/8; Score: 48
