[Room] Tech id: 1060865
[Room] Room id: 002
[Room] Channel id: 004
[Room] Room name: 'Entra aqui Noob!!'
[Room] Room type: Annihilation
[Room] Room special: None
[Room] Room weapons: Melee, Primary
[Room] Map name: 'TD_CRACKDOWN'
[Room] Actual players count: 0
[Room] Started battle.
[Room] Round 2 has been started.
[Room] Round 3 has been started.
[Room] ;------------------;
[Room] Battle is finished.
[Room] Tech id: 1060865
[Room] Used spawn count: 6
[Room] End Players count: 2
[Room] ;------------------;
[Room] Room result info.
[Room] Player (Id: 5001; Slot: 0) Exp: 48; Gp: 43; KD: 3/0; Score: 25
[Room] Player (Id: 5006; Slot: 1) Exp: 22; Gp: 19; KD: 0/3; Score: 0
