[Room] Tech id: 1060865
[Room] Room id: 002
[Room] Channel id: 004
[Room] Room name: 'Go Go Go FireWay!'
[Room] Room type: Team_DeathMatch
[Room] Room special: SniperMode
[Room] Room weapons: Melee, Primary, Mode_SSG69
[Room] Map name: 'TD_BURNINGHALL'
[Room] Actual players count: 0
[Room] Started battle.
[Room] ;------------------;
[Room] Battle is finished.
[Room] Tech id: 1060865
[Room] Used spawn count: 66
[Room] End Players count: 3
[Room] ;------------------;
[Room] Room result info.
[Room] Player (Id: 5767; Slot: 0) Exp: 454; Gp: 393; KD: 7/18; Score: 60
[Room] Player (Id: 5759; Slot: 1) Exp: 752; Gp: 652; KD: 39/25; Score: 221
[Room] Player (Id: 5760; Slot: 2) Exp: 503; Gp: 443; KD: 18/21; Score: 104
