[Room] Tech id: 1060864
[Room] Room id: 001
[Room] Channel id: 004
[Room] Room name: 'Terra dos mortos!!'
[Room] Room type: Team_DeathMatch
[Room] Room special: None
[Room] Room weapons: Grenade, Melee
[Room] Map name: 'TD_NEWLIBRARY'
[Room] Actual players count: 0
[Room] Started battle.
[Room] ;------------------;
[Room] Battle is finished.
[Room] Tech id: 1060864
[Room] Used spawn count: 21
[Room] End Players count: 3
[Room] ;------------------;
[Room] Room result info.
[Room] Player (Id: 5763; Slot: 0) Exp: 167; Gp: 146; KD: 7/4; Score: 39
[Room] Player (Id: 5759; Slot: 2) Exp: 139; Gp: 119; KD: 2/5; Score: 10
[Room] Player (Id: 5760; Slot: 3) Exp: 190; Gp: 169; KD: 9/9; Score: 53
