[Room] Tech id: 1060864
[Room] Room id: 001
[Room] Channel id: 004
[Room] Room name: 'Sinta o headshot!!'
[Room] Room type: Annihilation
[Room] Room special: None
[Room] Room weapons: Melee, Secondary, Primary
[Room] Map name: 'TD_CRACKDOWN'
[Room] Actual players count: 0
[Room] Started battle.
[Room] Round 2 has been started.
[Room] Round 3 has been started.
[Room] ;------------------;
[Room] Battle is finished.
[Room] Tech id: 1060864
[Room] Used spawn count: 12
[Room] End Players count: 4
[Room] ;------------------;
[Room] Room result info.
[Room] Player (Id: 5780; Slot: 0) Exp: 52; Gp: 46; KD: 2/3; Score: 15
[Room] Player (Id: 5794; Slot: 1) Exp: 56; Gp: 47; KD: 1/3; Score: 10
[Room] Player (Id: 5784; Slot: 2) Exp: 42; Gp: 36; KD: 1/3; Score: 5
[Room] Player (Id: 5801; Slot: 5) Exp: 105; Gp: 95; KD: 5/0; Score: 58
