[Room] Tech id: 1060864
[Room] Room id: 001
[Room] Channel id: 004
[Room] Room name: '@camp'
[Room] Room type: Explosion
[Room] Room special: None
[Room] Room weapons: Melee, Secondary, Primary
[Room] Map name: 'BB_LUXVILLE'
[Room] Actual players count: 0
[Room] Started battle.
[Room] Round 2 has been started.
[Room] Round 3 has been started.
[Room] Round 4 has been started.
[Room] Round 5 has been started.
[Room] Round 6 has been started.
[Room] ;------------------;
[Room] Battle is finished.
[Room] Tech id: 1060864
[Room] Used spawn count: 35
[Room] End Players count: 6
[Room] ;------------------;
[Room] Room result info.
[Room] Player (Id: 5001; Slot: 0) Exp: 170; Gp: 151; KD: 4/6; Score: 25
[Room] Player (Id: 5020; Slot: 1) Exp: 166; Gp: 138; KD: 4/1; Score: 25
[Room] Player (Id: 5014; Slot: 3) Exp: 141; Gp: 115; KD: 1/2; Score: 5
[Room] Player (Id: 5021; Slot: 4) Exp: 177; Gp: 158; KD: 6/5; Score: 54
[Room] Player (Id: 5022; Slot: 5) Exp: 165; Gp: 136; KD: 2/5; Score: 15
[Room] Player (Id: 5017; Slot: 7) Exp: 163; Gp: 134; KD: 4/2; Score: 20
