[Room] Tech id: 1060864
[Room] Room id: 001
[Room] Channel id: 004
[Room] Room name: 'Go Go Go FireWay!'
[Room] Room type: Team_DeathMatch
[Room] Room special: None
[Room] Room weapons: Melee, Secondary
[Room] Map name: 'TD_LIBRARY'
[Room] Actual players count: 0
[Room] Started battle.
[Room] ;------------------;
[Room] Battle is finished.
[Room] Tech id: 1060864
[Room] Used spawn count: 45
[Room] End Players count: 3
[Room] ;------------------;
[Room] Room result info.
[Room] Player (Id: 5007; Slot: 0) Exp: 479; Gp: 439; KD: 19/23; Score: 197
[Room] Player (Id: 5005; Slot: 1) Exp: 369; Gp: 308; KD: 8/12; Score: 46
[Room] Player (Id: 5000; Slot: 3) Exp: 405; Gp: 342; KD: 15/7; Score: 85
