[Room] Tech id: 1060864
[Room] Room id: 001
[Room] Channel id: 004
[Room] Room name: 'Entra aqui Noob!!'
[Room] Room type: Team_DeathMatch
[Room] Room special: None
[Room] Room weapons: Grenade, Melee, Primary
[Room] Map name: 'TD_SAINTMANSION'
[Room] Actual players count: 0
[Room] Started battle.
[Room] ;------------------;
[Room] Battle is finished.
[Room] Tech id: 1060864
[Room] Used spawn count: 77
[Room] End Players count: 3
[Room] ;------------------;
[Room] Room result info.
[Room] Player (Id: 5000; Slot: 0) Exp: 514; Gp: 447; KD: 29/14; Score: 163
[Room] Player (Id: 5005; Slot: 1) Exp: 431; Gp: 391; KD: 21/33; Score: 131
[Room] Player (Id: 5007; Slot: 2) Exp: 456; Gp: 391; KD: 15/17; Score: 109
