[Room] Tech id: 1060864
[Room] Room id: 001
[Room] Channel id: 004
[Room] Room name: 'Go Go Go FireWay!'
[Room] Room type: Team_DeathMatch
[Room] Room special: None
[Room] Room weapons: Melee, Secondary, Primary
[Room] Map name: 'TD_CRACKDOWN'
[Room] Actual players count: 0
[Room] Started battle.
[Room] ;------------------;
[Room] Battle is finished.
[Room] Tech id: 1060864
[Room] Used spawn count: 34
[Room] End Players count: 4
[Room] ;------------------;
[Room] Room result info.
[Room] Player (Id: 5036; Slot: 0) Exp: 165; Gp: 145; KD: 3/11; Score: 25
[Room] Player (Id: 5007; Slot: 1) Exp: 12; Gp: 10; KD: 0/1; Score: 0
[Room] Player (Id: 5013; Slot: 2) Exp: 221; Gp: 201; KD: 8/10; Score: 83
[Room] Player (Id: 5001; Slot: 3) Exp: 436; Gp: 395; KD: 21/10; Score: 226
