[Room] Tech id: 1060865
[Room] Room id: 002
[Room] Channel id: 004
[Room] Room name: 'Terra dos mortos!!'
[Room] Room type: Explosion
[Room] Room special: None
[Room] Room weapons: Grenade, Melee, Secondary, Primary
[Room] Map name: 'BB_FALLUCITY'
[Room] Actual players count: 0
[Room] Started battle.
[Room] Round 2 has been started.
[Room] Round 3 has been started.
[Room] Round 4 has been started.
[Room] Round 5 has been started.
[Room] ;------------------;
[Room] Battle is finished.
[Room] Tech id: 1060865
[Room] Used spawn count: 15
[Room] End Players count: 3
[Room] ;------------------;
[Room] Room result info.
[Room] Player (Id: 5784; Slot: 0) Exp: 160; Gp: 139; KD: 2/0; Score: 15
[Room] Player (Id: 5760; Slot: 2) Exp: 121; Gp: 101; KD: 3/1; Score: 20
[Room] Player (Id: 5780; Slot: 5) Exp: 100; Gp: 87; KD: 1/5; Score: 10
