[Room] Tech id: 1060864
[Room] Room id: 001
[Room] Channel id: 004
[Room] Room name: 'Sinta o headshot!!'
[Room] Room type: Team_DeathMatch
[Room] Room special: None
[Room] Room weapons: Melee, Primary
[Room] Map name: 'TD_BURNINGHALL'
[Room] Actual players count: 0
[Room] Started battle.
[Room] ;------------------;
[Room] Battle is finished.
[Room] Tech id: 1060864
[Room] Used spawn count: 60
[Room] End Players count: 4
[Room] ;------------------;
[Room] Room result info.
[Room] Player (Id: 5801; Slot: 0) Exp: 578; Gp: 507; KD: 44/6; Score: 230
[Room] Player (Id: 5780; Slot: 1) Exp: 320; Gp: 280; KD: 3/34; Score: 18
[Room] Player (Id: 5794; Slot: 2) Exp: 184; Gp: 159; KD: 5/2; Score: 62
[Room] Player (Id: 5784; Slot: 3) Exp: 165; Gp: 146; KD: 5/15; Score: 25
