[Room] Tech id: 1060864
[Room] Room id: 001
[Room] Channel id: 004
[Room] Room name: 'Terra dos mortos!!'
[Room] Room type: Team_DeathMatch
[Room] Room special: SniperMode
[Room] Room weapons: Grenade, Melee, Secondary, Primary, Mode_SSG69
[Room] Map name: 'TD_BURNINGHALL'
[Room] Actual players count: 0
[Room] Started battle.
[Room] ;------------------;
[Room] Battle is finished.
[Room] Tech id: 1060864
[Room] Used spawn count: 36
[Room] End Players count: 3
[Room] ;------------------;
[Room] Room result info.
[Room] Player (Id: 5801; Slot: 1) Exp: 289; Gp: 249; KD: 4/13; Score: 25
[Room] Player (Id: 5797; Slot: 2) Exp: 460; Gp: 395; KD: 21/13; Score: 120
[Room] Player (Id: 5803; Slot: 3) Exp: 288; Gp: 252; KD: 9/8; Score: 57
