[Room] Tech id: 1060864
[Room] Room id: 001
[Room] Channel id: 004
[Room] Room name: '@LAN'
[Room] Room type: Team_DeathMatch
[Room] Room special: None
[Room] Room weapons: Melee
[Room] Map name: 'TD_CRACKDOWN'
[Room] Actual players count: 0
[Room] Started battle.
[Room] ;------------------;
[Room] Battle is finished.
[Room] Tech id: 1060864
[Room] Used spawn count: 75
[Room] End Players count: 6
[Room] ;------------------;
[Room] Room result info.
[Room] Player (Id: 5014; Slot: 0) Exp: 314; Gp: 278; KD: 19/9; Score: 126
[Room] Player (Id: 5001; Slot: 1) Exp: 243; Gp: 223; KD: 16/18; Score: 91
[Room] Player (Id: 5022; Slot: 2) Exp: 308; Gp: 272; KD: 20/13; Score: 114
[Room] Player (Id: 5002; Slot: 3) Exp: 176; Gp: 157; KD: 8/11; Score: 43
[Room] Player (Id: 5021; Slot: 4) Exp: 9; Gp: 8; KD: 0/1; Score: 0
[Room] Player (Id: 5017; Slot: 7) Exp: 160; Gp: 140; KD: 2/14; Score: 15
