[Room] Tech id: 1060864
[Room] Room id: 001
[Room] Channel id: 004
[Room] Room name: 'Go Go Go FireWay!'
[Room] Room type: Explosion
[Room] Room special: None
[Room] Room weapons: Melee, Primary
[Room] Map name: 'BB_LUXVILLE'
[Room] Actual players count: 0
[Room] Started battle.
[Room] Round 2 has been started.
[Room] Round 3 has been started.
[Room] Round 4 has been started.
[Room] ;------------------;
[Room] Battle is finished.
[Room] Tech id: 1060864
[Room] Used spawn count: 16
[Room] End Players count: 4
[Room] ;------------------;
[Room] Room result info.
[Room] Player (Id: 5007; Slot: 0) Exp: 90; Gp: 77; KD: 1/3; Score: 10
[Room] Player (Id: 5019; Slot: 1) Exp: 102; Gp: 83; KD: 2/1; Score: 10
[Room] Player (Id: 5014; Slot: 2) Exp: 90; Gp: 77; KD: 1/3; Score: 10
[Room] Player (Id: 5000; Slot: 5) Exp: 120; Gp: 101; KD: 4/1; Score: 25
