[Room] Tech id: 1060864
[Room] Room id: 001
[Room] Channel id: 004
[Room] Room name: 'Go Go Go FireWay!'
[Room] Room type: Team_DeathMatch
[Room] Room special: SniperMode
[Room] Room weapons: Melee, Primary, Mode_SSG69
[Room] Map name: 'TD_NEWLIBRARY'
[Room] Actual players count: 0
[Room] Started battle.
[Room] ;------------------;
[Room] Battle is finished.
[Room] Tech id: 1060864
[Room] Used spawn count: 44
[Room] End Players count: 3
[Room] ;------------------;
[Room] Room result info.
[Room] Player (Id: 5780; Slot: 0) Exp: 377; Gp: 336; KD: 17/24; Score: 93
[Room] Player (Id: 5802; Slot: 1) Exp: 460; Gp: 395; KD: 22/17; Score: 113
[Room] Player (Id: 5800; Slot: 3) Exp: 55; Gp: 46; KD: 2/0; Score: 10
