[Room] Tech id: 1060865
[Room] Room id: 002
[Room] Channel id: 004
[Room] Room name: 'Terra dos mortos!!'
[Room] Room type: Explosion
[Room] Room special: None
[Room] Room weapons: Grenade, Melee, Secondary, Primary
[Room] Map name: 'BB_LUXVILLE'
[Room] Actual players count: 0
[Room] Started battle.
[Room] Round 2 has been started.
[Room] Round 3 has been started.
[Room] Round 4 has been started.
[Room] Round 5 has been started.
[Room] Round 6 has been started.
[Room] ;------------------;
[Room] Battle is finished.
[Room] Tech id: 1060865
[Room] Used spawn count: 24
[Room] End Players count: 4
[Room] ;------------------;
[Room] Room result info.
[Room] Player (Id: 5759; Slot: 0) Exp: 122; Gp: 105; KD: 1/5; Score: 10
[Room] Player (Id: 5762; Slot: 1) Exp: 212; Gp: 184; KD: 8/1; Score: 74
[Room] Player (Id: 5804; Slot: 2) Exp: 127; Gp: 110; KD: 3/5; Score: 15
[Room] Player (Id: 5780; Slot: 3) Exp: 147; Gp: 121; KD: 2/3; Score: 15
