[Room] Tech id: 1060864
[Room] Room id: 001
[Room] Channel id: 004
[Room] Room name: 'Sinta o headshot!!'
[Room] Room type: Team_DeathMatch
[Room] Room special: None
[Room] Room weapons: Melee, Secondary, Primary
[Room] Map name: 'TD_MSTATION'
[Room] Actual players count: 0
[Room] Started battle.
[Room] ;------------------;
[Room] Battle is finished.
[Room] Tech id: 1060864
[Room] Used spawn count: 43
[Room] End Players count: 3
[Room] ;------------------;
[Room] Room result info.
[Room] Player (Id: 5001; Slot: 0) Exp: 510; Gp: 442; KD: 24/17; Score: 154
[Room] Player (Id: 5022; Slot: 1) Exp: 402; Gp: 361; KD: 16/24; Score: 118
[Room] Player (Id: 5006; Slot: 3) Exp: 19; Gp: 18; KD: 1/0; Score: 10
