[Room] Tech id: 1060864
[Room] Room id: 001
[Room] Channel id: 004
[Room] Room name: 'Sinta o headshot!!'
[Room] Room type: Team_DeathMatch
[Room] Room special: None
[Room] Room weapons: Grenade, Melee, Secondary, Primary
[Room] Map name: 'TD_LIBRARY'
[Room] Actual players count: 0
[Room] Started battle.
[Room] ;------------------;
[Room] Battle is finished.
[Room] Tech id: 1060864
[Room] Used spawn count: 53
[Room] End Players count: 3
[Room] ;------------------;
[Room] Room result info.
[Room] Player (Id: 5006; Slot: 0) Exp: 426; Gp: 361; KD: 14/9; Score: 98
[Room] Player (Id: 5000; Slot: 2) Exp: 420; Gp: 356; KD: 16/8; Score: 95
[Room] Player (Id: 5005; Slot: 3) Exp: 383; Gp: 343; KD: 14/33; Score: 83
