[Room] Tech id: 1060864
[Room] Room id: 001
[Room] Channel id: 004
[Room] Room name: 'Go Go Go PB'
[Room] Room type: Team_DeathMatch
[Room] Room special: ShotgunMode
[Room] Room weapons: Grenade, Melee, Secondary, Primary, Mode_870MCS
[Room] Map name: 'TD_MSTATION'
[Room] Actual players count: 0
[Room] Started battle.
[Room] ;------------------;
[Room] Battle is finished.
[Room] Tech id: 1060864
[Room] Used spawn count: 35
[Room] End Players count: 3
[Room] ;------------------;
[Room] Room result info.
[Room] Player (Id: 5772; Slot: 0) Exp: 460; Gp: 394; KD: 23/9; Score: 127
[Room] Player (Id: 5759; Slot: 1) Exp: 310; Gp: 270; KD: 8/13; Score: 46
[Room] Player (Id: 5760; Slot: 3) Exp: 156; Gp: 134; KD: 1/10; Score: 8
