[Room] Tech id: 1060864
[Room] Room id: 001
[Room] Channel id: 004
[Room] Room name: 'Sinta o headshot!!'
[Room] Room type: Team_DeathMatch
[Room] Room special: None
[Room] Room weapons: Grenade, Melee, Secondary, Primary
[Room] Map name: 'TD_REDROCK'
[Room] Actual players count: 0
[Room] Started battle.
[Room] ;------------------;
[Room] Battle is finished.
[Room] Tech id: 1060864
[Room] Used spawn count: 53
[Room] End Players count: 3
[Room] ;------------------;
[Room] Room result info.
[Room] Player (Id: 5804; Slot: 0) Exp: 676; Gp: 601; KD: 35/16; Score: 294
[Room] Player (Id: 5784; Slot: 1) Exp: 352; Gp: 311; KD: 8/21; Score: 73
[Room] Player (Id: 5802; Slot: 3) Exp: 314; Gp: 274; KD: 8/14; Score: 48
