[Room] Tech id: 1060864
[Room] Room id: 001
[Room] Channel id: 004
[Room] Room name: 'Go Go Go FireWay!'
[Room] Room type: Explosion
[Room] Room special: None
[Room] Room weapons: Grenade, Melee, Secondary, Primary
[Room] Map name: 'BB_LUXVILLE'
[Room] Actual players count: 0
[Room] Started battle.
[Room] Round 2 has been started.
[Room] Round 3 has been started.
[Room] Round 4 has been started.
[Room] Round 5 has been started.
[Room] Round 6 has been started.
[Room] Round 7 has been started.
[Room] Round 8 has been started.
[Room] Round 9 has been started.
[Room] ;------------------;
[Room] Battle is finished.
[Room] Tech id: 1060864
[Room] Used spawn count: 42
[Room] End Players count: 5
[Room] ;------------------;
[Room] Room result info.
[Room] Player (Id: 5001; Slot: 0) Exp: 451; Gp: 376; KD: 12/5; Score: 70
[Room] Player (Id: 5019; Slot: 1) Exp: 378; Gp: 329; KD: 7/6; Score: 50
[Room] Player (Id: 5007; Slot: 3) Exp: 316; Gp: 266; KD: 1/7; Score: 5
[Room] Player (Id: 5002; Slot: 4) Exp: 522; Gp: 442; KD: 5/7; Score: 44
[Room] Player (Id: 5022; Slot: 5) Exp: 303; Gp: 264; KD: 4/4; Score: 39
