[Room] Tech id: 1060864
[Room] Room id: 001
[Room] Channel id: 004
[Room] Room name: 'Terra dos mortos!!'
[Room] Room type: Team_DeathMatch
[Room] Room special: SniperMode
[Room] Room weapons: Grenade, Melee, Secondary, Primary, Mode_SSG69
[Room] Map name: 'TD_MSTATION'
[Room] Actual players count: 0
[Room] Started battle.
[Room] ;------------------;
[Room] Battle is finished.
[Room] Tech id: 1060864
[Room] Used spawn count: 44
[Room] End Players count: 3
[Room] ;------------------;
[Room] Room result info.
[Room] Player (Id: 5799; Slot: 0) Exp: 489; Gp: 423; KD: 22/19; Score: 133
[Room] Player (Id: 5807; Slot: 1) Exp: 305; Gp: 265; KD: 5/20; Score: 28
[Room] Player (Id: 5798; Slot: 3) Exp: 145; Gp: 133; KD: 14/2; Score: 70
