[Room] Tech id: 1060864
[Room] Room id: 001
[Room] Channel id: 004
[Room] Room name: '@UP S/12'
[Room] Room type: Explosion
[Room] Room special: None
[Room] Room weapons: Grenade, Melee, Secondary, Primary
[Room] Map name: 'BB_DOWNTOWN2'
[Room] Actual players count: 0
[Room] Started battle.
[Room] Round 2 has been started.
[Room] Round 3 has been started.
[Room] Round 4 has been started.
[Room] Round 5 has been started.
[Room] ;------------------;
[Room] Battle is finished.
[Room] Tech id: 1060864
[Room] Used spawn count: 26
[Room] End Players count: 6
[Room] ;------------------;
[Room] Room result info.
[Room] Player (Id: 5001; Slot: 0) Exp: 222; Gp: 194; KD: 6/1; Score: 44
[Room] Player (Id: 5029; Slot: 1) Exp: 110; Gp: 94; KD: 0/5; Score: 0
[Room] Player (Id: 5002; Slot: 3) Exp: 42; Gp: 36; KD: 0/2; Score: 0
[Room] Player (Id: 5019; Slot: 4) Exp: 151; Gp: 126; KD: 4/1; Score: 25
[Room] Player (Id: 5022; Slot: 5) Exp: 125; Gp: 109; KD: 3/5; Score: 15
[Room] Player (Id: 5000; Slot: 6) Exp: 124; Gp: 102; KD: 2/1; Score: 10
