[Room] Tech id: 1060864
[Room] Room id: 001
[Room] Channel id: 004
[Room] Room name: 'Terra dos mortos!!'
[Room] Room type: Team_DeathMatch
[Room] Room special: None
[Room] Room weapons: Grenade, Melee, Secondary, Primary
[Room] Map name: 'TD_NEWLIBRARY'
[Room] Actual players count: 0
[Room] Started battle.
[Room] ;------------------;
[Room] Battle is finished.
[Room] Tech id: 1060864
[Room] Used spawn count: 22
[Room] End Players count: 3
[Room] ;------------------;
[Room] Room result info.
[Room] Player (Id: 5817; Slot: 1) Exp: 285; Gp: 245; KD: 5/11; Score: 25
[Room] Player (Id: 5760; Slot: 2) Exp: 378; Gp: 316; KD: 11/8; Score: 60
[Room] Player (Id: 5784; Slot: 3) Exp: 5; Gp: 4; KD: 0/0; Score: 0
