[Room] Tech id: 1060864
[Room] Room id: 001
[Room] Channel id: 004
[Room] Room name: 'LIGA UNCHARTED'
[Room] Room type: Team_DeathMatch
[Room] Room special: None
[Room] Room weapons: Melee
[Room] Map name: 'TD_CRACKDOWN'
[Room] Actual players count: 0
[Room] Started battle.
[Room] ;------------------;
[Room] Battle is finished.
[Room] Tech id: 1060864
[Room] Used spawn count: 23
[Room] End Players count: 3
[Room] ;------------------;
[Room] Room result info.
[Room] Player (Id: 5016; Slot: 0) Exp: 152; Gp: 132; KD: 4/6; Score: 21
[Room] Player (Id: 5001; Slot: 1) Exp: 237; Gp: 204; KD: 11/10; Score: 60
[Room] Player (Id: 5019; Slot: 2) Exp: 166; Gp: 146; KD: 6/5; Score: 37
