[Room] Tech id: 1060864
[Room] Room id: 001
[Room] Channel id: 004
[Room] Room name: 'Sinta o headshot!!'
[Room] Room type: Team_DeathMatch
[Room] Room special: None
[Room] Room weapons: Grenade, Melee, Secondary, Primary
[Room] Map name: 'TD_NEWLIBRARY'
[Room] Actual players count: 0
[Room] Started battle.
[Room] ;------------------;
[Room] Battle is finished.
[Room] Tech id: 1060864
[Room] Used spawn count: 51
[Room] End Players count: 3
[Room] ;------------------;
[Room] Room result info.
[Room] Player (Id: 5791; Slot: 1) Exp: 442; Gp: 377; KD: 13/9; Score: 112
[Room] Player (Id: 5760; Slot: 2) Exp: 415; Gp: 375; KD: 20/26; Score: 128
[Room] Player (Id: 5759; Slot: 3) Exp: 417; Gp: 354; KD: 13/13; Score: 84
