[Room] Tech id: 1060865
[Room] Room id: 002
[Room] Channel id: 004
[Room] Room name: 'Terra dos mortos!!'
[Room] Room type: Explosion
[Room] Room special: None
[Room] Room weapons: Grenade, Melee, Secondary, Primary
[Room] Map name: 'BB_HOSPITAL'
[Room] Actual players count: 0
[Room] Started battle.
[Room] Round 2 has been started.
[Room] Round 3 has been started.
[Room] Round 4 has been started.
[Room] Round 5 has been started.
[Room] Round 6 has been started.
[Room] Round 7 has been started.
[Room] Round 8 has been started.
[Room] Round 9 has been started.
[Room] ;------------------;
[Room] Battle is finished.
[Room] Tech id: 1060865
[Room] Used spawn count: 34
[Room] End Players count: 4
[Room] ;------------------;
[Room] Room result info.
[Room] Player (Id: 5791; Slot: 0) Exp: 122; Gp: 98; KD: 0/2; Score: 0
[Room] Player (Id: 5784; Slot: 1) Exp: 330; Gp: 291; KD: 8/2; Score: 69
[Room] Player (Id: 5760; Slot: 2) Exp: 477; Gp: 411; KD: 6/4; Score: 32
[Room] Player (Id: 5780; Slot: 5) Exp: 268; Gp: 228; KD: 2/5; Score: 20
