[Room] Tech id: 1060865
[Room] Room id: 002
[Room] Channel id: 004
[Room] Room name: '@camp'
[Room] Room type: Explosion
[Room] Room special: None
[Room] Room weapons: Grenade, Melee, Secondary, Primary
[Room] Map name: 'BB_SHOPPINGCENTER'
[Room] Actual players count: 0
[Room] Started battle.
[Room] Round 2 has been started.
[Room] Round 3 has been started.
[Room] Round 4 has been started.
[Room] Round 5 has been started.
[Room] ;------------------;
[Room] Battle is finished.
[Room] Tech id: 1060865
[Room] Used spawn count: 20
[Room] End Players count: 4
[Room] ;------------------;
[Room] Room result info.
[Room] Player (Id: 5801; Slot: 0) Exp: 174; Gp: 144; KD: 4/2; Score: 30
[Room] Player (Id: 5776; Slot: 1) Exp: 136; Gp: 118; KD: 2/5; Score: 15
[Room] Player (Id: 5759; Slot: 2) Exp: 261; Gp: 228; KD: 5/1; Score: 25
[Room] Player (Id: 5760; Slot: 3) Exp: 124; Gp: 106; KD: 1/4; Score: 5
