[Room] Tech id: 1060864
[Room] Room id: 001
[Room] Channel id: 004
[Room] Room name: 'Sinta o headshot!!'
[Room] Room type: Team_DeathMatch
[Room] Room special: SniperMode
[Room] Room weapons: Grenade, Melee, Secondary, Primary, Mode_SSG69
[Room] Map name: 'TD_BURNINGHALL'
[Room] Actual players count: 0
[Room] Started battle.
[Room] ;------------------;
[Room] Battle is finished.
[Room] Tech id: 1060864
[Room] Used spawn count: 43
[Room] End Players count: 4
[Room] ;------------------;
[Room] Room result info.
[Room] Player (Id: 5763; Slot: 0) Exp: 456; Gp: 391; KD: 24/8; Score: 125
[Room] Player (Id: 5780; Slot: 1) Exp: 301; Gp: 261; KD: 5/18; Score: 28
[Room] Player (Id: 5759; Slot: 2) Exp: 157; Gp: 135; KD: 6/2; Score: 49
[Room] Player (Id: 5760; Slot: 5) Exp: 236; Gp: 205; KD: 5/12; Score: 28
