[Room] Tech id: 1060864
[Room] Room id: 001
[Room] Channel id: 004
[Room] Room name: 'Sinta o headshot!!'
[Room] Room type: Team_DeathMatch
[Room] Room special: SniperMode
[Room] Room weapons: Melee, Primary, Mode_SSG69
[Room] Map name: 'TD_REDROCK'
[Room] Actual players count: 0
[Room] Started battle.
[Room] Votekick has been started by 0 (Id: 5804; Nick: Ch9pX_YT), (To: 2; Motive: NoManner)
[Room] Votekick result: (Allies: 0; Enemys: 1); Total: (2/1)
[Room] ;------------------;
[Room] Battle is finished.
[Room] Tech id: 1060864
[Room] Used spawn count: 13
[Room] End Players count: 2
[Room] ;------------------;
[Room] Room result info.
[Room] Player (Id: 5804; Slot: 0) Exp: 207; Gp: 189; KD: 9/0; Score: 122
[Room] Player (Id: 5802; Slot: 2) Exp: 32; Gp: 27; KD: 1/0; Score: 10
