[Room] Tech id: 1060865
[Room] Room id: 002
[Room] Channel id: 004
[Room] Room name: 'Go Go Go FireWay!'
[Room] Room type: Team_DeathMatch
[Room] Room special: None
[Room] Room weapons: Grenade, Melee, Secondary, Primary
[Room] Map name: 'TD_NEWLIBRARY'
[Room] Actual players count: 0
[Room] Started battle.
[Room] ;------------------;
[Room] Battle is finished.
[Room] Tech id: 1060865
[Room] Used spawn count: 171
[Room] End Players count: 6
[Room] ;------------------;
[Room] Room result info.
[Room] Player (Id: 5804; Slot: 0) Exp: 342; Gp: 312; KD: 20/17; Score: 131
[Room] Player (Id: 5759; Slot: 1) Exp: 115; Gp: 101; KD: 4/3; Score: 43
[Room] Player (Id: 5763; Slot: 3) Exp: 487; Gp: 420; KD: 26/15; Score: 137
[Room] Player (Id: 5760; Slot: 5) Exp: 624; Gp: 529; KD: 19/19; Score: 129
[Room] Player (Id: 5780; Slot: 6) Exp: 582; Gp: 522; KD: 21/59; Score: 119
[Room] Player (Id: 5802; Slot: 7) Exp: 177; Gp: 144; KD: 3/2; Score: 15
