[Room] Tech id: 1060864
[Room] Room id: 001
[Room] Channel id: 004
[Room] Room name: '@UP'
[Room] Room type: Explosion
[Room] Room special: None
[Room] Room weapons: Grenade, Melee, Primary
[Room] Map name: 'BB_LUXVILLE'
[Room] Actual players count: 0
[Room] Started battle.
[Room] Round 2 has been started.
[Room] Round 3 has been started.
[Room] Round 4 has been started.
[Room] ;------------------;
[Room] Battle is finished.
[Room] Tech id: 1060864
[Room] Used spawn count: 16
[Room] End Players count: 4
[Room] ;------------------;
[Room] Room result info.
[Room] Player (Id: 5016; Slot: 0) Exp: 122; Gp: 104; KD: 1/3; Score: 10
[Room] Player (Id: 5001; Slot: 1) Exp: 7; Gp: 5; KD: 0/0; Score: 0
[Room] Player (Id: 5021; Slot: 3) Exp: 138; Gp: 111; KD: 1/2; Score: 5
[Room] Player (Id: 5006; Slot: 7) Exp: 186; Gp: 157; KD: 6/2; Score: 45
[Room] Player (Id: 5017; Slot: 8) Exp: 129; Gp: 111; KD: 2/4; Score: 15
