[Room] Tech id: 1060864
[Room] Room id: 001
[Room] Channel id: 004
[Room] Room name: '@'
[Room] Room type: Annihilation
[Room] Room special: None
[Room] Room weapons: Melee, Secondary, Primary
[Room] Map name: 'TD_CRACKDOWN'
[Room] Actual players count: 0
[Room] Started battle.
[Room] Round 2 has been started.
[Room] Round 3 has been started.
[Room] ;------------------;
[Room] Battle is finished.
[Room] Tech id: 1060864
[Room] Used spawn count: 9
[Room] End Players count: 3
[Room] ;------------------;
[Room] Room result info.
[Room] Player (Id: 5011; Slot: 0) Exp: 36; Gp: 28; KD: 0/1; Score: 0
[Room] Player (Id: 5001; Slot: 1) Exp: 45; Gp: 40; KD: 1/3; Score: 10
[Room] Player (Id: 5006; Slot: 2) Exp: 51; Gp: 43; KD: 3/0; Score: 15
