[Room] Tech id: 1060865
[Room] Room id: 002
[Room] Channel id: 004
[Room] Room name: 'Sinta o headshot!!'
[Room] Room type: Team_DeathMatch
[Room] Room special: ShotgunMode
[Room] Room weapons: Melee, Primary, Mode_870MCS
[Room] Map name: 'TD_MSTATION'
[Room] Actual players count: 0
[Room] Started battle.
[Room] ;------------------;
[Room] Battle is finished.
[Room] Tech id: 1060865
[Room] Used spawn count: 58
[Room] End Players count: 3
[Room] ;------------------;
[Room] Room result info.
[Room] Player (Id: 5760; Slot: 1) Exp: 2; Gp: 2; KD: 0/0; Score: 0
[Room] Player (Id: 5802; Slot: 2) Exp: 441; Gp: 401; KD: 27/28; Score: 150
[Room] Player (Id: 5784; Slot: 3) Exp: 434; Gp: 370; KD: 15/16; Score: 93
