[Room] Tech id: 1060865
[Room] Room id: 002
[Room] Channel id: 004
[Room] Room name: 'Sinta o headshot!!'
[Room] Room type: Team_DeathMatch
[Room] Room special: None
[Room] Room weapons: Grenade, Melee
[Room] Map name: 'TD_NEWLIBRARY'
[Room] Actual players count: 0
[Room] Started battle.
[Room] ;------------------;
[Room] Battle is finished.
[Room] Tech id: 1060865
[Room] Used spawn count: 38
[Room] End Players count: 3
[Room] ;------------------;
[Room] Room result info.
[Room] Player (Id: 5760; Slot: 1) Exp: 291; Gp: 251; KD: 6/11; Score: 31
[Room] Player (Id: 5763; Slot: 2) Exp: 454; Gp: 389; KD: 18/15; Score: 112
[Room] Player (Id: 5759; Slot: 3) Exp: 289; Gp: 248; KD: 6/9; Score: 32
