[Room] Tech id: 1060864
[Room] Room id: 001
[Room] Channel id: 004
[Room] Room name: 'LIGA UNCHARTED'
[Room] Room type: Explosion
[Room] Room special: None
[Room] Room weapons: Melee, Primary
[Room] Map name: 'BB_LUXVILLE'
[Room] Actual players count: 0
[Room] Started battle.
[Room] Round 2 has been started.
[Room] Round 3 has been started.
[Room] Round 4 has been started.
[Room] ;------------------;
[Room] Battle is finished.
[Room] Tech id: 1060864
[Room] Used spawn count: 16
[Room] End Players count: 4
[Room] ;------------------;
[Room] Room result info.
[Room] Player (Id: 5016; Slot: 0) Exp: 90; Gp: 75; KD: 4/1; Score: 20
[Room] Player (Id: 5001; Slot: 1) Exp: 64; Gp: 55; KD: 1/3; Score: 5
[Room] Player (Id: 5019; Slot: 2) Exp: 80; Gp: 66; KD: 2/2; Score: 10
[Room] Player (Id: 5013; Slot: 3) Exp: 83; Gp: 74; KD: 2/3; Score: 24
