[Room] Tech id: 1060865
[Room] Room id: 002
[Room] Channel id: 004
[Room] Room name: 'Terra dos mortos!!'
[Room] Room type: Team_DeathMatch
[Room] Room special: None
[Room] Room weapons: Grenade, Melee, Secondary, Primary
[Room] Map name: 'TD_UNDER23'
[Room] Actual players count: 0
[Room] Started battle.
[Room] ;------------------;
[Room] Battle is finished.
[Room] Tech id: 1060865
[Room] Used spawn count: 52
[Room] End Players count: 4
[Room] ;------------------;
[Room] Room result info.
[Room] Player (Id: 5791; Slot: 0) Exp: 452; Gp: 387; KD: 17/7; Score: 124
[Room] Player (Id: 5784; Slot: 1) Exp: 340; Gp: 300; KD: 12/12; Score: 78
[Room] Player (Id: 5760; Slot: 2) Exp: 405; Gp: 342; KD: 10/15; Score: 70
[Room] Player (Id: 5780; Slot: 5) Exp: 361; Gp: 321; KD: 10/15; Score: 93
