[Room] Tech id: 1060865
[Room] Room id: 002
[Room] Channel id: 004
[Room] Room name: 'Sinta o headshot!!'
[Room] Room type: Explosion
[Room] Room special: None
[Room] Room weapons: Grenade, Melee, Secondary, Primary
[Room] Map name: 'BB_LUXVILLE'
[Room] Actual players count: 0
[Room] Started battle.
[Room] Round 2 has been started.
[Room] Round 3 has been started.
[Room] Round 4 has been started.
[Room] Round 5 has been started.
[Room] Round 6 has been started.
[Room] Round 7 has been started.
[Room] Round 8 has been started.
[Room] Round 9 has been started.
[Room] ;------------------;
[Room] Battle is finished.
[Room] Tech id: 1060865
[Room] Used spawn count: 31
[Room] End Players count: 4
[Room] ;------------------;
[Room] Room result info.
[Room] Player (Id: 5784; Slot: 0) Exp: 278; Gp: 244; KD: 0/6; Score: 0
[Room] Player (Id: 5804; Slot: 1) Exp: 360; Gp: 305; KD: 12/3; Score: 89
[Room] Player (Id: 5780; Slot: 2) Exp: 260; Gp: 226; KD: 4/7; Score: 40
[Room] Player (Id: 5760; Slot: 3) Exp: 73; Gp: 59; KD: 1/1; Score: 5
