[Room] Tech id: 1060864
[Room] Room id: 001
[Room] Channel id: 004
[Room] Room name: 'Terra dos mortos!!'
[Room] Room type: Team_DeathMatch
[Room] Room special: None
[Room] Room weapons: Grenade, Melee, Secondary, Primary
[Room] Map name: 'TD_NEWLIBRARY'
[Room] Actual players count: 0
[Room] Started battle.
[Room] ;------------------;
[Room] Battle is finished.
[Room] Tech id: 1060864
[Room] Used spawn count: 134
[Room] End Players count: 4
[Room] ;------------------;
[Room] Room result info.
[Room] Player (Id: 5000; Slot: 0) Exp: 1819; Gp: 1604; KD: 81/31; Score: 739
[Room] Player (Id: 5005; Slot: 1) Exp: 881; Gp: 761; KD: 8/62; Score: 49
[Room] Player (Id: 5020; Slot: 2) Exp: 288; Gp: 243; KD: 10/8; Score: 55
[Room] Player (Id: 5019; Slot: 3) Exp: 707; Gp: 630; KD: 31/29; Score: 197
