[Room] Tech id: 1060865
[Room] Room id: 002
[Room] Channel id: 004
[Room] Room name: 'Sinta o headshot!!'
[Room] Room type: Explosion
[Room] Room special: None
[Room] Room weapons: Melee
[Room] Map name: 'BB_SAFEHOUSE'
[Room] Actual players count: 0
[Room] Started battle.
[Room] Round 2 has been started.
[Room] Round 3 has been started.
[Room] Round 4 has been started.
[Room] Round 5 has been started.
[Room] Round 6 has been started.
[Room] Round 7 has been started.
[Room] Round 8 has been started.
[Room] Round 9 has been started.
[Room] ;------------------;
[Room] Battle is finished.
[Room] Tech id: 1060865
[Room] Used spawn count: 27
[Room] End Players count: 3
[Room] ;------------------;
[Room] Room result info.
[Room] Player (Id: 5759; Slot: 1) Exp: 286; Gp: 235; KD: 2/4; Score: 10
[Room] Player (Id: 5763; Slot: 2) Exp: 373; Gp: 340; KD: 7/5; Score: 42
[Room] Player (Id: 5760; Slot: 3) Exp: 296; Gp: 244; KD: 3/3; Score: 20
