[Room] Tech id: 1060864
[Room] Room id: 001
[Room] Channel id: 004
[Room] Room name: 'Terra dos mortos!!'
[Room] Room type: Team_DeathMatch
[Room] Room special: None
[Room] Room weapons: Melee, Primary
[Room] Map name: 'TD_MSTATION'
[Room] Actual players count: 0
[Room] Started battle.
[Room] ;------------------;
[Room] Battle is finished.
[Room] Tech id: 1060864
[Room] Used spawn count: 83
[Room] End Players count: 6
[Room] ;------------------;
[Room] Room result info.
[Room] Player (Id: 5000; Slot: 0) Exp: 339; Gp: 289; KD: 14/13; Score: 73
[Room] Player (Id: 5005; Slot: 1) Exp: 296; Gp: 256; KD: 4/17; Score: 25
[Room] Player (Id: 5025; Slot: 2) Exp: 19; Gp: 16; KD: 0/0; Score: 0
[Room] Player (Id: 5022; Slot: 3) Exp: 241; Gp: 211; KD: 9/10; Score: 45
[Room] Player (Id: 5019; Slot: 4) Exp: 592; Gp: 520; KD: 28/24; Score: 210
[Room] Player (Id: 5020; Slot: 5) Exp: 412; Gp: 380; KD: 24/15; Score: 190
