[Room] Tech id: 1060864
[Room] Room id: 001
[Room] Channel id: 004
[Room] Room name: 'Go Go Go FireWay!'
[Room] Room type: Explosion
[Room] Room special: None
[Room] Room weapons: Grenade, Melee, Secondary, Primary
[Room] Map name: 'BB_LUXVILLE'
[Room] Actual players count: 0
[Room] Started battle.
[Room] Round 2 has been started.
[Room] Round 3 has been started.
[Room] Round 4 has been started.
[Room] Round 5 has been started.
[Room] Round 6 has been started.
[Room] Round 7 has been started.
[Room] Round 8 has been started.
[Room] Round 9 has been started.
[Room] ;------------------;
[Room] Battle is finished.
[Room] Tech id: 1060864
[Room] Used spawn count: 36
[Room] End Players count: 4
[Room] ;------------------;
[Room] Room result info.
[Room] Player (Id: 5780; Slot: 0) Exp: 231; Gp: 202; KD: 5/5; Score: 30
[Room] Player (Id: 5797; Slot: 1) Exp: 290; Gp: 244; KD: 7/6; Score: 59
[Room] Player (Id: 5799; Slot: 2) Exp: 246; Gp: 217; KD: 7/5; Score: 45
[Room] Player (Id: 5784; Slot: 3) Exp: 261; Gp: 217; KD: 3/6; Score: 15
