[Room] Tech id: 1060864
[Room] Room id: 001
[Room] Channel id: 004
[Room] Room name: '@up s/sc/pindad/arco'
[Room] Room type: Team_DeathMatch
[Room] Room special: None
[Room] Room weapons: Melee
[Room] Map name: 'TD_CRACKDOWN'
[Room] Actual players count: 0
[Room] Started battle.
[Room] ;------------------;
[Room] Battle is finished.
[Room] Tech id: 1060864
[Room] Used spawn count: 53
[Room] End Players count: 3
[Room] ;------------------;
[Room] Room result info.
[Room] Player (Id: 5022; Slot: 0) Exp: 520; Gp: 451; KD: 26/24; Score: 150
[Room] Player (Id: 5025; Slot: 1) Exp: 188; Gp: 165; KD: 6/8; Score: 36
[Room] Player (Id: 5016; Slot: 3) Exp: 380; Gp: 340; KD: 18/18; Score: 107
