[Room] Tech id: 1060864
[Room] Room id: 001
[Room] Channel id: 004
[Room] Room name: 'Terra dos mortos!!'
[Room] Room type: Team_DeathMatch
[Room] Room special: SniperMode
[Room] Room weapons: Grenade, Melee, Secondary, Primary, Mode_SSG69
[Room] Map name: 'TD_BURNINGHALL'
[Room] Actual players count: 0
[Room] Started battle.
[Room] ;------------------;
[Room] Battle is finished.
[Room] Tech id: 1060864
[Room] Used spawn count: 41
[Room] End Players count: 3
[Room] ;------------------;
[Room] Room result info.
[Room] Player (Id: 5803; Slot: 0) Exp: 468; Gp: 402; KD: 20/18; Score: 117
[Room] Player (Id: 5801; Slot: 1) Exp: 321; Gp: 281; KD: 10/10; Score: 63
[Room] Player (Id: 5797; Slot: 3) Exp: 287; Gp: 251; KD: 8/10; Score: 51
