[Room] Tech id: 1060864
[Room] Room id: 001
[Room] Channel id: 004
[Room] Room name: 'HEROI DE GUERRA'
[Room] Room type: Annihilation
[Room] Room special: None
[Room] Room weapons: Melee, Secondary, Primary
[Room] Map name: 'TD_CRACKDOWN'
[Room] Actual players count: 0
[Room] Started battle.
[Room] Round 2 has been started.
[Room] Round 3 has been started.
[Room] ;------------------;
[Room] Battle is finished.
[Room] Tech id: 1060864
[Room] Used spawn count: 12
[Room] End Players count: 4
[Room] ;------------------;
[Room] Room result info.
[Room] Player (Id: 5019; Slot: 0) Exp: 32; Gp: 27; KD: 2/0; Score: 10
[Room] Player (Id: 5016; Slot: 1) Exp: 24; Gp: 21; KD: 0/3; Score: 0
[Room] Player (Id: 5018; Slot: 3) Exp: 24; Gp: 21; KD: 0/3; Score: 0
[Room] Player (Id: 5001; Slot: 4) Exp: 67; Gp: 60; KD: 4/0; Score: 39
