[Room] Tech id: 1060864
[Room] Room id: 001
[Room] Channel id: 004
[Room] Room name: 'Terra dos mortos!!'
[Room] Room type: Team_DeathMatch
[Room] Room special: None
[Room] Room weapons: Melee, Primary
[Room] Map name: 'TD_LIBRARY'
[Room] Actual players count: 0
[Room] Started battle.
[Room] ;------------------;
[Room] Battle is finished.
[Room] Tech id: 1060864
[Room] Used spawn count: 38
[Room] End Players count: 4
[Room] ;------------------;
[Room] Room result info.
[Room] Player (Id: 5760; Slot: 0) Exp: 132; Gp: 118; KD: 6/6; Score: 40
[Room] Player (Id: 5804; Slot: 1) Exp: 463; Gp: 397; KD: 18/10; Score: 128
[Room] Player (Id: 5802; Slot: 2) Exp: 297; Gp: 257; KD: 5/13; Score: 33
[Room] Player (Id: 5759; Slot: 3) Exp: 51; Gp: 43; KD: 2/2; Score: 10
