[Room] Tech id: 1060865
[Room] Room id: 002
[Room] Channel id: 004
[Room] Room name: 'Sinta o headshot!!'
[Room] Room type: Explosion
[Room] Room special: None
[Room] Room weapons: Melee
[Room] Map name: 'BB_SAFEHOUSE'
[Room] Actual players count: 0
[Room] Started battle.
[Room] Round 2 has been started.
[Room] Round 3 has been started.
[Room] Round 4 has been started.
[Room] Round 5 has been started.
[Room] Round 6 has been started.
[Room] Round 7 has been started.
[Room] ;------------------;
[Room] Battle is finished.
[Room] Tech id: 1060865
[Room] Used spawn count: 21
[Room] End Players count: 3
[Room] ;------------------;
[Room] Room result info.
[Room] Player (Id: 5759; Slot: 1) Exp: 183; Gp: 148; KD: 1/4; Score: 5
[Room] Player (Id: 5763; Slot: 2) Exp: 267; Gp: 244; KD: 6/3; Score: 42
[Room] Player (Id: 5760; Slot: 3) Exp: 237; Gp: 201; KD: 2/2; Score: 15
