[Room] Tech id: 1060864
[Room] Room id: 001
[Room] Channel id: 004
[Room] Room name: '@LAN'
[Room] Room type: Explosion
[Room] Room special: None
[Room] Room weapons: Melee, Secondary, Primary
[Room] Map name: 'BB_LUXVILLE'
[Room] Actual players count: 0
[Room] Started battle.
[Room] Round 2 has been started.
[Room] Round 3 has been started.
[Room] Round 4 has been started.
[Room] Round 5 has been started.
[Room] ;------------------;
[Room] Battle is finished.
[Room] Tech id: 1060864
[Room] Used spawn count: 24
[Room] End Players count: 5
[Room] ;------------------;
[Room] Room result info.
[Room] Player (Id: 5022; Slot: 0) Exp: 113; Gp: 97; KD: 1/5; Score: 5
[Room] Player (Id: 5001; Slot: 1) Exp: 160; Gp: 134; KD: 3/3; Score: 30
[Room] Player (Id: 5014; Slot: 2) Exp: 128; Gp: 112; KD: 2/5; Score: 20
[Room] Player (Id: 5017; Slot: 3) Exp: 111; Gp: 90; KD: 2/0; Score: 10
[Room] Player (Id: 5021; Slot: 5) Exp: 163; Gp: 138; KD: 5/0; Score: 39
