[Room] Tech id: 1060864
[Room] Room id: 001
[Room] Channel id: 004
[Room] Room name: 'Entra aqui Noob!!'
[Room] Room type: Explosion
[Room] Room special: None
[Room] Room weapons: Grenade, Melee, Secondary, Primary
[Room] Map name: 'BB_LUXVILLE'
[Room] Actual players count: 0
[Room] Started battle.
[Room] Round 2 has been started.
[Room] Round 3 has been started.
[Room] Round 4 has been started.
[Room] Round 5 has been started.
[Room] Round 6 has been started.
[Room] Round 7 has been started.
[Room] Round 8 has been started.
[Room] Round 9 has been started.
[Room] ;------------------;
[Room] Battle is finished.
[Room] Tech id: 1060864
[Room] Used spawn count: 31
[Room] End Players count: 4
[Room] ;------------------;
[Room] Room result info.
[Room] Player (Id: 5008; Slot: 0) Exp: 105; Gp: 85; KD: 0/2; Score: 0
[Room] Player (Id: 5013; Slot: 1) Exp: 243; Gp: 206; KD: 1/6; Score: 10
[Room] Player (Id: 5001; Slot: 2) Exp: 375; Gp: 317; KD: 11/4; Score: 84
[Room] Player (Id: 5014; Slot: 3) Exp: 271; Gp: 234; KD: 5/5; Score: 40
