[Room] Tech id: 1060865
[Room] Room id: 002
[Room] Channel id: 004
[Room] Room name: 'Entra aqui Noob!!'
[Room] Room type: Team_DeathMatch
[Room] Room special: None
[Room] Room weapons: Melee, Secondary, Primary
[Room] Map name: 'TD_MSTATION'
[Room] Actual players count: 0
[Room] Started battle.
[Room] ;------------------;
[Room] Battle is finished.
[Room] Tech id: 1060865
[Room] Used spawn count: 60
[Room] End Players count: 4
[Room] ;------------------;
[Room] Room result info.
[Room] Player (Id: 5016; Slot: 0) Exp: 406; Gp: 366; KD: 20/25; Score: 121
[Room] Player (Id: 5022; Slot: 1) Exp: 468; Gp: 402; KD: 17/18; Score: 117
[Room] Player (Id: 5001; Slot: 3) Exp: 256; Gp: 224; KD: 15/7; Score: 90
[Room] Player (Id: 5019; Slot: 4) Exp: 95; Gp: 85; KD: 5/7; Score: 25
