[Room] Tech id: 1060864
[Room] Room id: 001
[Room] Channel id: 004
[Room] Room name: 'LIGA UNCHARTED'
[Room] Room type: Explosion
[Room] Room special: None
[Room] Room weapons: Melee, Secondary, Primary
[Room] Map name: 'BB_LUXVILLE'
[Room] Actual players count: 0
[Room] Started battle.
[Room] Round 2 has been started.
[Room] Round 3 has been started.
[Room] Round 4 has been started.
[Room] ;------------------;
[Room] Battle is finished.
[Room] Tech id: 1060864
[Room] Used spawn count: 16
[Room] End Players count: 4
[Room] ;------------------;
[Room] Room result info.
[Room] Player (Id: 5014; Slot: 0) Exp: 147; Gp: 126; KD: 3/2; Score: 25
[Room] Player (Id: 5019; Slot: 1) Exp: 100; Gp: 87; KD: 3/3; Score: 20
[Room] Player (Id: 5016; Slot: 2) Exp: 2; Gp: 2; KD: 0/0; Score: 0
[Room] Player (Id: 5001; Slot: 4) Exp: 117; Gp: 97; KD: 3/2; Score: 20
[Room] Player (Id: 5007; Slot: 7) Exp: 85; Gp: 72; KD: 1/3; Score: 5
