[Room] Tech id: 1060864
[Room] Room id: 001
[Room] Channel id: 004
[Room] Room name: 'Sinta o headshot!!'
[Room] Room type: Team_DeathMatch
[Room] Room special: None
[Room] Room weapons: Grenade, Melee, Secondary, Primary
[Room] Map name: 'TD_EASTERNROAD'
[Room] Actual players count: 0
[Room] Started battle.
[Room] ;------------------;
[Room] Battle is finished.
[Room] Tech id: 1060864
[Room] Used spawn count: 9
[Room] End Players count: 3
[Room] ;------------------;
[Room] Room result info.
[Room] Player (Id: 5759; Slot: 0) Exp: 256; Gp: 216; KD: 1/6; Score: 5
[Room] Player (Id: 5760; Slot: 1) Exp: 190; Gp: 156; KD: 3/1; Score: 20
[Room] Player (Id: 5767; Slot: 3) Exp: 312; Gp: 253; KD: 3/0; Score: 20
