[Room] Tech id: 1060865
[Room] Room id: 002
[Room] Channel id: 004
[Room] Room name: 'Sinta o headshot!!'
[Room] Room type: Explosion
[Room] Room special: None
[Room] Room weapons: Melee
[Room] Map name: 'BB_PROVENCE'
[Room] Actual players count: 0
[Room] Started battle.
[Room] Round 2 has been started.
[Room] Round 3 has been started.
[Room] Round 4 has been started.
[Room] Round 5 has been started.
[Room] Round 6 has been started.
[Room] ;------------------;
[Room] Battle is finished.
[Room] Tech id: 1060865
[Room] Used spawn count: 18
[Room] End Players count: 3
[Room] ;------------------;
[Room] Room result info.
[Room] Player (Id: 5763; Slot: 0) Exp: 228; Gp: 205; KD: 4/4; Score: 20
[Room] Player (Id: 5759; Slot: 1) Exp: 184; Gp: 150; KD: 2/2; Score: 10
[Room] Player (Id: 5760; Slot: 3) Exp: 238; Gp: 202; KD: 2/2; Score: 15
