[Room] Tech id: 1060864
[Room] Room id: 001
[Room] Channel id: 004
[Room] Room name: 'Go Go Go FireWay!'
[Room] Room type: Team_DeathMatch
[Room] Room special: SniperMode
[Room] Room weapons: Melee, Primary, Mode_SSG69
[Room] Map name: 'TD_TWOTOWERS'
[Room] Actual players count: 0
[Room] Started battle.
[Room] ;------------------;
[Room] Battle is finished.
[Room] Tech id: 1060864
[Room] Used spawn count: 51
[Room] End Players count: 4
[Room] ;------------------;
[Room] Room result info.
[Room] Player (Id: 5765; Slot: 0) Exp: 346; Gp: 305; KD: 16/14; Score: 80
[Room] Player (Id: 5760; Slot: 1) Exp: 393; Gp: 331; KD: 14/10; Score: 70
[Room] Player (Id: 5761; Slot: 2) Exp: 290; Gp: 250; KD: 5/12; Score: 28
[Room] Player (Id: 5767; Slot: 3) Exp: 385; Gp: 323; KD: 10/12; Score: 59
