[Room] Tech id: 1060864
[Room] Room id: 001
[Room] Channel id: 004
[Room] Room name: 'Sinta o headshot!!'
[Room] Room type: Explosion
[Room] Room special: None
[Room] Room weapons: Grenade, Melee, Secondary, Primary
[Room] Map name: 'BB_LUXVILLE'
[Room] Actual players count: 0
[Room] Started battle.
[Room] Round 2 has been started.
[Room] Round 3 has been started.
[Room] Round 4 has been started.
[Room] Round 5 has been started.
[Room] Round 6 has been started.
[Room] Round 7 has been started.
[Room] Round 8 has been started.
[Room] Round 9 has been started.
[Room] Round 10 has been started.
[Room] Round 11 has been started.
[Room] Round 12 has been started.
[Room] ;------------------;
[Room] Battle is finished.
[Room] Tech id: 1060864
[Room] Used spawn count: 40
[Room] End Players count: 4
[Room] ;------------------;
[Room] Room result info.
[Room] Player (Id: 5814; Slot: 0) Exp: 402; Gp: 333; KD: 5/6; Score: 35
[Room] Player (Id: 5794; Slot: 1) Exp: 422; Gp: 377; KD: 12/7; Score: 80
[Room] Player (Id: 5760; Slot: 2) Exp: 508; Gp: 435; KD: 4/8; Score: 20
[Room] Player (Id: 5784; Slot: 3) Exp: 103; Gp: 92; KD: 2/2; Score: 15
