[Room] Tech id: 1060864
[Room] Room id: 001
[Room] Channel id: 004
[Room] Room name: 'Entra aqui Noob!!'
[Room] Room type: Team_DeathMatch
[Room] Room special: None
[Room] Room weapons: Grenade, Melee, Secondary, Primary
[Room] Map name: 'TD_CRACKDOWN'
[Room] Actual players count: 0
[Room] Started battle.
[Room] ;------------------;
[Room] Battle is finished.
[Room] Tech id: 1060864
[Room] Used spawn count: 63
[Room] End Players count: 3
[Room] ;------------------;
[Room] Room result info.
[Room] Player (Id: 5759; Slot: 0) Exp: 334; Gp: 294; KD: 10/20; Score: 58
[Room] Player (Id: 5794; Slot: 1) Exp: 718; Gp: 642; KD: 35/23; Score: 317
[Room] Player (Id: 5760; Slot: 4) Exp: 309; Gp: 270; KD: 10/17; Score: 50
