[Room] Tech id: 1060864
[Room] Room id: 001
[Room] Channel id: 004
[Room] Room name: 'Sinta o headshot!!'
[Room] Room type: Team_DeathMatch
[Room] Room special: None
[Room] Room weapons: Grenade, Melee, Primary
[Room] Map name: 'TD_BURNINGHALL'
[Room] Actual players count: 0
[Room] Started battle.
[Room] ;------------------;
[Room] Battle is finished.
[Room] Tech id: 1060864
[Room] Used spawn count: 42
[Room] End Players count: 3
[Room] ;------------------;
[Room] Room result info.
[Room] Player (Id: 5001; Slot: 0) Exp: 612; Gp: 540; KD: 28/10; Score: 251
[Room] Player (Id: 5005; Slot: 1) Exp: 303; Gp: 263; KD: 4/20; Score: 26
[Room] Player (Id: 5002; Slot: 3) Exp: 297; Gp: 257; KD: 6/9; Score: 40
