[Room] Tech id: 1060864
[Room] Room id: 001
[Room] Channel id: 004
[Room] Room name: 'SÓ TRABALHO EM HS'
[Room] Room type: Explosion
[Room] Room special: None
[Room] Room weapons: Grenade, Melee
[Room] Map name: 'BB_LUXVILLE'
[Room] Actual players count: 0
[Room] Started battle.
[Room] Round 2 has been started.
[Room] Round 3 has been started.
[Room] Round 4 has been started.
[Room] Round 5 has been started.
[Room] Round 6 has been started.
[Room] Round 7 has been started.
[Room] ;------------------;
[Room] Battle is finished.
[Room] Tech id: 1060864
[Room] Used spawn count: 28
[Room] End Players count: 4
[Room] ;------------------;
[Room] Room result info.
[Room] Player (Id: 5016; Slot: 0) Exp: 315; Gp: 266; KD: 5/5; Score: 26
[Room] Player (Id: 5013; Slot: 1) Exp: 214; Gp: 183; KD: 3/6; Score: 15
[Room] Player (Id: 5014; Slot: 2) Exp: 374; Gp: 322; KD: 5/3; Score: 39
[Room] Player (Id: 5001; Slot: 3) Exp: 248; Gp: 217; KD: 5/5; Score: 31
