[Room] Tech id: 1060864
[Room] Room id: 001
[Room] Channel id: 004
[Room] Room name: 'Sinta o headshot!!'
[Room] Room type: Team_DeathMatch
[Room] Room special: None
[Room] Room weapons: Grenade, Melee, Secondary, Primary
[Room] Map name: 'TD_MSTATION'
[Room] Actual players count: 0
[Room] Started battle.
[Room] ;------------------;
[Room] Battle is finished.
[Room] Tech id: 1060864
[Room] Used spawn count: 151
[Room] End Players count: 3
[Room] ;------------------;
[Room] Room result info.
[Room] Player (Id: 5780; Slot: 0) Exp: 737; Gp: 657; KD: 21/59; Score: 150
[Room] Player (Id: 5759; Slot: 2) Exp: 733; Gp: 665; KD: 34/34; Score: 266
[Room] Player (Id: 5801; Slot: 3) Exp: 1310; Gp: 1163; KD: 86/46; Score: 528
