[Room] Tech id: 1060864
[Room] Room id: 001
[Room] Channel id: 004
[Room] Room name: 'Terra dos mortos!!'
[Room] Room type: Team_DeathMatch
[Room] Room special: None
[Room] Room weapons: Grenade, Melee, Secondary
[Room] Map name: 'TD_DOWNTOWN'
[Room] Actual players count: 0
[Room] Started battle.
[Room] ;------------------;
[Room] Battle is finished.
[Room] Tech id: 1060864
[Room] Used spawn count: 84
[Room] End Players count: 5
[Room] ;------------------;
[Room] Room result info.
[Room] Player (Id: 5037; Slot: 0) Exp: 542; Gp: 472; KD: 21/11; Score: 191
[Room] Player (Id: 5016; Slot: 1) Exp: 430; Gp: 390; KD: 18/18; Score: 157
[Room] Player (Id: 5005; Slot: 2) Exp: 345; Gp: 285; KD: 4/15; Score: 20
[Room] Player (Id: 5013; Slot: 3) Exp: 446; Gp: 405; KD: 18/26; Score: 158
[Room] Player (Id: 5000; Slot: 4) Exp: 427; Gp: 363; KD: 19/10; Score: 97
