[Room] Tech id: 1060865
[Room] Room id: 002
[Room] Channel id: 004
[Room] Room name: 'Sinta o headshot!!'
[Room] Room type: Team_DeathMatch
[Room] Room special: None
[Room] Room weapons: Grenade, Melee
[Room] Map name: 'TD_SENTRYBASE'
[Room] Actual players count: 0
[Room] Started battle.
[Room] ;------------------;
[Room] Battle is finished.
[Room] Tech id: 1060865
[Room] Used spawn count: 25
[Room] End Players count: 3
[Room] ;------------------;
[Room] Room result info.
[Room] Player (Id: 5760; Slot: 0) Exp: 313; Gp: 273; KD: 10/11; Score: 53
[Room] Player (Id: 5763; Slot: 1) Exp: 330; Gp: 272; KD: 6/7; Score: 35
[Room] Player (Id: 5759; Slot: 3) Exp: 333; Gp: 272; KD: 5/4; Score: 30
