[Room] Tech id: 1060865
[Room] Room id: 002
[Room] Channel id: 004
[Room] Room name: 'Go Go Go FireWay!'
[Room] Room type: Team_DeathMatch
[Room] Room special: None
[Room] Room weapons: Grenade, Melee, Secondary, Primary
[Room] Map name: 'TD_NEWLIBRARY'
[Room] Actual players count: 0
[Room] Started battle.
[Room] ;------------------;
[Room] Battle is finished.
[Room] Tech id: 1060865
[Room] Used spawn count: 142
[Room] End Players count: 5
[Room] ;------------------;
[Room] Room result info.
[Room] Player (Id: 5804; Slot: 0) Exp: 688; Gp: 607; KD: 27/20; Score: 170
[Room] Player (Id: 5760; Slot: 2) Exp: 704; Gp: 623; KD: 30/35; Score: 159
[Room] Player (Id: 5763; Slot: 3) Exp: 974; Gp: 841; KD: 49/31; Score: 275
[Room] Player (Id: 5769; Slot: 4) Exp: 430; Gp: 367; KD: 3/20; Score: 15
[Room] Player (Id: 5802; Slot: 7) Exp: 801; Gp: 676; KD: 24/27; Score: 138
