[Room] Tech id: 1060864
[Room] Room id: 001
[Room] Channel id: 004
[Room] Room name: 'Go Go Go FireWay!'
[Room] Room type: Explosion
[Room] Room special: None
[Room] Room weapons: Grenade, Melee, Secondary, Primary
[Room] Map name: 'BB_LUXVILLE'
[Room] Actual players count: 0
[Room] Started battle.
[Room] Round 2 has been started.
[Room] Round 3 has been started.
[Room] Round 4 has been started.
[Room] Round 5 has been started.
[Room] Round 6 has been started.
[Room] ;------------------;
[Room] Battle is finished.
[Room] Tech id: 1060864
[Room] Used spawn count: 28
[Room] End Players count: 5
[Room] ;------------------;
[Room] Room result info.
[Room] Player (Id: 5760; Slot: 0) Exp: 96; Gp: 83; KD: 2/6; Score: 10
[Room] Player (Id: 5797; Slot: 1) Exp: 128; Gp: 109; KD: 5/2; Score: 30
[Room] Player (Id: 5784; Slot: 2) Exp: 118; Gp: 106; KD: 2/5; Score: 15
[Room] Player (Id: 5780; Slot: 3) Exp: 108; Gp: 88; KD: 3/1; Score: 15
[Room] Player (Id: 5799; Slot: 5) Exp: 86; Gp: 72; KD: 3/1; Score: 15
