[Room] Tech id: 1060864
[Room] Room id: 001
[Room] Channel id: 004
[Room] Room name: 'Go Go Go FireWay!'
[Room] Room type: Team_DeathMatch
[Room] Room special: None
[Room] Room weapons: Melee, Secondary, Primary
[Room] Map name: 'TD_MSTATION'
[Room] Actual players count: 0
[Room] Started battle.
[Room] ;------------------;
[Room] Battle is finished.
[Room] Tech id: 1060864
[Room] Used spawn count: 93
[Room] End Players count: 6
[Room] ;------------------;
[Room] Room result info.
[Room] Player (Id: 5760; Slot: 0) Exp: 364; Gp: 324; KD: 12/28; Score: 73
[Room] Player (Id: 5797; Slot: 1) Exp: 453; Gp: 388; KD: 16/8; Score: 123
[Room] Player (Id: 5784; Slot: 2) Exp: 72; Gp: 64; KD: 2/7; Score: 16
[Room] Player (Id: 5780; Slot: 4) Exp: 362; Gp: 322; KD: 10/28; Score: 71
[Room] Player (Id: 5798; Slot: 5) Exp: 627; Gp: 554; KD: 39/9; Score: 266
[Room] Player (Id: 5799; Slot: 7) Exp: 244; Gp: 212; KD: 8/7; Score: 82
