[Room] Tech id: 1060865
[Room] Room id: 002
[Room] Channel id: 004
[Room] Room name: 'Terra dos mortos!!'
[Room] Room type: Team_DeathMatch
[Room] Room special: None
[Room] Room weapons: Grenade, Melee, Secondary, Primary
[Room] Map name: 'TD_AMPERA'
[Room] Actual players count: 0
[Room] Started battle.
[Room] ;------------------;
[Room] Battle is finished.
[Room] Tech id: 1060865
[Room] Used spawn count: 35
[Room] End Players count: 3
[Room] ;------------------;
[Room] Room result info.
[Room] Player (Id: 5784; Slot: 0) Exp: 405; Gp: 365; KD: 15/18; Score: 132
[Room] Player (Id: 5760; Slot: 1) Exp: 466; Gp: 400; KD: 18/14; Score: 123
[Room] Player (Id: 5780; Slot: 3) Exp: 31; Gp: 25; KD: 0/1; Score: 0
