[Room] Tech id: 1060865
[Room] Room id: 002
[Room] Channel id: 004
[Room] Room name: 'Sinta o headshot!!'
[Room] Room type: Team_DeathMatch
[Room] Room special: ShotgunMode
[Room] Room weapons: Melee, Primary, Mode_870MCS
[Room] Map name: 'TD_UPTOWN'
[Room] Actual players count: 0
[Room] Started battle.
[Room] ;------------------;
[Room] Battle is finished.
[Room] Tech id: 1060865
[Room] Used spawn count: 50
[Room] End Players count: 3
[Room] ;------------------;
[Room] Room result info.
[Room] Player (Id: 5760; Slot: 0) Exp: 781; Gp: 656; KD: 22/20; Score: 134
[Room] Player (Id: 5802; Slot: 1) Exp: 635; Gp: 554; KD: 16/27; Score: 105
[Room] Player (Id: 5784; Slot: 3) Exp: 1; Gp: 1; KD: 0/0; Score: 0
