[Room] Tech id: 1060864
[Room] Room id: 001
[Room] Channel id: 004
[Room] Room name: '@UP S/12'
[Room] Room type: Explosion
[Room] Room special: None
[Room] Room weapons: Grenade, Melee, Secondary, Primary
[Room] Map name: 'BB_DOWNTOWN2'
[Room] Actual players count: 0
[Room] Started battle.
[Room] Round 2 has been started.
[Room] Round 3 has been started.
[Room] Round 4 has been started.
[Room] Round 5 has been started.
[Room] Round 6 has been started.
[Room] Round 7 has been started.
[Room] Round 8 has been started.
[Room] ;------------------;
[Room] Battle is finished.
[Room] Tech id: 1060864
[Room] Used spawn count: 57
[Room] End Players count: 8
[Room] ;------------------;
[Room] Room result info.
[Room] Player (Id: 5001; Slot: 0) Exp: 277; Gp: 239; KD: 8/5; Score: 40
[Room] Player (Id: 5029; Slot: 1) Exp: 328; Gp: 271; KD: 2/6; Score: 15
[Room] Player (Id: 5030; Slot: 3) Exp: 291; Gp: 240; KD: 6/3; Score: 35
[Room] Player (Id: 5002; Slot: 4) Exp: 246; Gp: 209; KD: 2/6; Score: 15
[Room] Player (Id: 5022; Slot: 5) Exp: 336; Gp: 279; KD: 6/5; Score: 45
[Room] Player (Id: 5000; Slot: 6) Exp: 302; Gp: 264; KD: 8/5; Score: 45
[Room] Player (Id: 5019; Slot: 7) Exp: 332; Gp: 274; KD: 6/5; Score: 40
[Room] Player (Id: 5016; Slot: 14) Exp: 208; Gp: 179; KD: 1/4; Score: 5
