[Room] Tech id: 1060865
[Room] Room id: 002
[Room] Channel id: 004
[Room] Room name: 'Go Go Go FireWay!'
[Room] Room type: Team_DeathMatch
[Room] Room special: SniperMode
[Room] Room weapons: Grenade, Melee, Secondary, Primary, Mode_SSG69
[Room] Map name: 'TD_TWOTOWERS'
[Room] Actual players count: 0
[Room] Started battle.
[Room] ;------------------;
[Room] Battle is finished.
[Room] Tech id: 1060865
[Room] Used spawn count: 60
[Room] End Players count: 4
[Room] ;------------------;
[Room] Room result info.
[Room] Player (Id: 5784; Slot: 0) Exp: 446; Gp: 381; KD: 17/23; Score: 90
[Room] Player (Id: 5780; Slot: 1) Exp: 176; Gp: 154; KD: 3/12; Score: 23
[Room] Player (Id: 5798; Slot: 2) Exp: 189; Gp: 165; KD: 14/3; Score: 70
[Room] Player (Id: 5799; Slot: 5) Exp: 393; Gp: 352; KD: 23/19; Score: 118
