[Room] Tech id: 1060864
[Room] Room id: 001
[Room] Channel id: 004
[Room] Room name: 'Terra dos mortos!!'
[Room] Room type: Team_DeathMatch
[Room] Room special: SniperMode
[Room] Room weapons: Grenade, Melee, Secondary, Primary, Mode_SSG69
[Room] Map name: 'TD_NEWLIBRARY'
[Room] Actual players count: 0
[Room] Started battle.
[Room] ;------------------;
[Room] Battle is finished.
[Room] Tech id: 1060864
[Room] Used spawn count: 93
[Room] End Players count: 4
[Room] ;------------------;
[Room] Room result info.
[Room] Player (Id: 5784; Slot: 0) Exp: 686; Gp: 588; KD: 30/23; Score: 170
[Room] Player (Id: 5780; Slot: 1) Exp: 515; Gp: 455; KD: 16/34; Score: 93
[Room] Player (Id: 5760; Slot: 2) Exp: 608; Gp: 512; KD: 24/11; Score: 126
[Room] Player (Id: 5794; Slot: 5) Exp: 446; Gp: 395; KD: 18/21; Score: 103
