[Room] Tech id: 1060864
[Room] Room id: 001
[Room] Channel id: 004
[Room] Room name: 'SÓ TRABALHO EM HS'
[Room] Room type: Team_DeathMatch
[Room] Room special: None
[Room] Room weapons: Melee
[Room] Map name: 'TD_CRACKDOWN'
[Room] Actual players count: 0
[Room] Started battle.
[Room] ;------------------;
[Room] Battle is finished.
[Room] Tech id: 1060864
[Room] Used spawn count: 37
[Room] End Players count: 4
[Room] ;------------------;
[Room] Room result info.
[Room] Player (Id: 5016; Slot: 0) Exp: 220; Gp: 189; KD: 10/7; Score: 58
[Room] Player (Id: 5013; Slot: 1) Exp: 101; Gp: 88; KD: 2/8; Score: 10
[Room] Player (Id: 5014; Slot: 2) Exp: 232; Gp: 200; KD: 8/10; Score: 56
[Room] Player (Id: 5001; Slot: 3) Exp: 230; Gp: 210; KD: 15/10; Score: 92
