[Room] Tech id: 1060864
[Room] Room id: 001
[Room] Channel id: 004
[Room] Room name: 'Terra dos mortos!!'
[Room] Room type: Team_DeathMatch
[Room] Room special: None
[Room] Room weapons: Grenade, Melee, Secondary, Primary
[Room] Map name: 'TD_SAINTMANSION'
[Room] Actual players count: 0
[Room] Started battle.
[Room] ;------------------;
[Room] Battle is finished.
[Room] Tech id: 1060864
[Room] Used spawn count: 69
[Room] End Players count: 3
[Room] ;------------------;
[Room] Room result info.
[Room] Player (Id: 5787; Slot: 0) Exp: 666; Gp: 592; KD: 44/22; Score: 275
[Room] Player (Id: 5784; Slot: 1) Exp: 391; Gp: 351; KD: 16/22; Score: 111
[Room] Player (Id: 5789; Slot: 3) Exp: 307; Gp: 269; KD: 6/22; Score: 45
