[Room] Tech id: 1060864
[Room] Room id: 001
[Room] Channel id: 004
[Room] Room name: 'Sinta o headshot!!'
[Room] Room type: Explosion
[Room] Room special: None
[Room] Room weapons: Grenade, Melee, Secondary, Primary
[Room] Map name: 'BB_LUXVILLE'
[Room] Actual players count: 0
[Room] Started battle.
[Room] Round 2 has been started.
[Room] Round 3 has been started.
[Room] Round 4 has been started.
[Room] Round 5 has been started.
[Room] Round 6 has been started.
[Room] Round 7 has been started.
[Room] Round 8 has been started.
[Room] Round 9 has been started.
[Room] Round 10 has been started.
[Room] Round 11 has been started.
[Room] ;------------------;
[Room] Battle is finished.
[Room] Tech id: 1060864
[Room] Used spawn count: 42
[Room] End Players count: 4
[Room] ;------------------;
[Room] Room result info.
[Room] Player (Id: 5814; Slot: 0) Exp: 312; Gp: 276; KD: 8/8; Score: 60
[Room] Player (Id: 5794; Slot: 1) Exp: 376; Gp: 319; KD: 8/5; Score: 68
[Room] Player (Id: 5760; Slot: 2) Exp: 251; Gp: 221; KD: 3/5; Score: 20
[Room] Player (Id: 5784; Slot: 3) Exp: 337; Gp: 282; KD: 5/5; Score: 40
