[Room] Tech id: 1060864
[Room] Room id: 001
[Room] Channel id: 004
[Room] Room name: 'SÓ TRABALHO EM HS'
[Room] Room type: Team_DeathMatch
[Room] Room special: None
[Room] Room weapons: Melee
[Room] Map name: 'TD_CRACKDOWN'
[Room] Actual players count: 0
[Room] Started battle.
[Room] ;------------------;
[Room] Battle is finished.
[Room] Tech id: 1060864
[Room] Used spawn count: 46
[Room] End Players count: 4
[Room] ;------------------;
[Room] Room result info.
[Room] Player (Id: 5016; Slot: 0) Exp: 218; Gp: 186; KD: 9/9; Score: 46
[Room] Player (Id: 5013; Slot: 1) Exp: 179; Gp: 158; KD: 7/12; Score: 37
[Room] Player (Id: 5014; Slot: 2) Exp: 262; Gp: 228; KD: 14/10; Score: 81
[Room] Player (Id: 5001; Slot: 3) Exp: 222; Gp: 202; KD: 12/11; Score: 82
