[Room] Tech id: 1060864
[Room] Room id: 001
[Room] Channel id: 004
[Room] Room name: 'LIGA UNCHARTED'
[Room] Room type: Team_DeathMatch
[Room] Room special: None
[Room] Room weapons: Grenade, Melee
[Room] Map name: 'TD_CRACKDOWN'
[Room] Actual players count: 0
[Room] Started battle.
[Room] ;------------------;
[Room] Battle is finished.
[Room] Tech id: 1060864
[Room] Used spawn count: 28
[Room] End Players count: 3
[Room] ;------------------;
[Room] Room result info.
[Room] Player (Id: 5016; Slot: 0) Exp: 211; Gp: 178; KD: 7/7; Score: 43
[Room] Player (Id: 5001; Slot: 1) Exp: 217; Gp: 197; KD: 11/15; Score: 70
[Room] Player (Id: 5019; Slot: 2) Exp: 202; Gp: 171; KD: 8/4; Score: 42
