[Room] Tech id: 1060865
[Room] Room id: 002
[Room] Channel id: 004
[Room] Room name: 'Terra dos mortos!!'
[Room] Room type: Team_DeathMatch
[Room] Room special: None
[Room] Room weapons: Grenade, Melee, Secondary, Primary
[Room] Map name: 'TD_NEWLIBRARY'
[Room] Actual players count: 0
[Room] Started battle.
[Room] ;------------------;
[Room] Battle is finished.
[Room] Tech id: 1060865
[Room] Used spawn count: 40
[Room] End Players count: 3
[Room] ;------------------;
[Room] Room result info.
[Room] Player (Id: 5784; Slot: 0) Exp: 465; Gp: 400; KD: 18/17; Score: 117
[Room] Player (Id: 5780; Slot: 1) Exp: 305; Gp: 265; KD: 8/8; Score: 50
[Room] Player (Id: 5760; Slot: 3) Exp: 295; Gp: 257; KD: 9/12; Score: 50
