[Room] Tech id: 1060864
[Room] Room id: 001
[Room] Channel id: 004
[Room] Room name: 'Terra dos mortos!!'
[Room] Room type: Team_DeathMatch
[Room] Room special: None
[Room] Room weapons: Melee, Secondary, Primary
[Room] Map name: 'TD_CRACKDOWN'
[Room] Actual players count: 0
[Room] Started battle.
[Room] ;------------------;
[Room] Battle is finished.
[Room] Tech id: 1060864
[Room] Used spawn count: 48
[Room] End Players count: 4
[Room] ;------------------;
[Room] Room result info.
[Room] Player (Id: 5010; Slot: 0) Exp: 126; Gp: 113; KD: 4/12; Score: 30
[Room] Player (Id: 5001; Slot: 1) Exp: 397; Gp: 358; KD: 16/8; Score: 204
[Room] Player (Id: 5002; Slot: 2) Exp: 254; Gp: 233; KD: 12/17; Score: 103
[Room] Player (Id: 5006; Slot: 3) Exp: 250; Gp: 217; KD: 13/8; Score: 75
