[Room] Tech id: 1060864
[Room] Room id: 001
[Room] Channel id: 004
[Room] Room name: 'Entra aqui Noob!!'
[Room] Room type: Explosion
[Room] Room special: None
[Room] Room weapons: Grenade, Melee, Secondary, Primary
[Room] Map name: 'BB_LUXVILLE'
[Room] Actual players count: 0
[Room] Started battle.
[Room] Round 2 has been started.
[Room] Round 3 has been started.
[Room] Round 4 has been started.
[Room] Round 5 has been started.
[Room] Round 6 has been started.
[Room] Round 7 has been started.
[Room] Round 8 has been started.
[Room] Round 9 has been started.
[Room] ;------------------;
[Room] Battle is finished.
[Room] Tech id: 1060864
[Room] Used spawn count: 32
[Room] End Players count: 4
[Room] ;------------------;
[Room] Room result info.
[Room] Player (Id: 5776; Slot: 0) Exp: 376; Gp: 325; KD: 7/5; Score: 59
[Room] Player (Id: 5760; Slot: 1) Exp: 240; Gp: 209; KD: 5/5; Score: 25
[Room] Player (Id: 5801; Slot: 2) Exp: 224; Gp: 189; KD: 5/2; Score: 35
[Room] Player (Id: 5759; Slot: 5) Exp: 234; Gp: 204; KD: 2/7; Score: 15
