[Room] Tech id: 1060864
[Room] Room id: 001
[Room] Channel id: 004
[Room] Room name: 'Terra dos mortos!!'
[Room] Room type: Team_DeathMatch
[Room] Room special: SniperMode
[Room] Room weapons: Grenade, Melee, Primary, Mode_SSG69
[Room] Map name: 'TD_LIBRARY'
[Room] Actual players count: 0
[Room] Started battle.
[Room] ;------------------;
[Room] Battle is finished.
[Room] Tech id: 1060864
[Room] Used spawn count: 79
[Room] End Players count: 4
[Room] ;------------------;
[Room] Room result info.
[Room] Player (Id: 5007; Slot: 0) Exp: 601; Gp: 506; KD: 22/16; Score: 111
[Room] Player (Id: 5005; Slot: 1) Exp: 526; Gp: 466; KD: 18/35; Score: 102
[Room] Player (Id: 5000; Slot: 2) Exp: 628; Gp: 532; KD: 22/16; Score: 134
[Room] Player (Id: 5002; Slot: 3) Exp: 329; Gp: 293; KD: 14/9; Score: 94
