[Room] Tech id: 1060864
[Room] Room id: 001
[Room] Channel id: 004
[Room] Room name: 'Terra dos mortos!!'
[Room] Room type: Team_DeathMatch
[Room] Room special: None
[Room] Room weapons: Melee, Primary
[Room] Map name: 'TD_LIBRARY'
[Room] Actual players count: 0
[Room] Started battle.
[Room] ;------------------;
[Room] Battle is finished.
[Room] Tech id: 1060864
[Room] Used spawn count: 39
[Room] End Players count: 3
[Room] ;------------------;
[Room] Room result info.
[Room] Player (Id: 5760; Slot: 0) Exp: 322; Gp: 282; KD: 8/13; Score: 58
[Room] Player (Id: 5804; Slot: 1) Exp: 516; Gp: 448; KD: 22/15; Score: 163
[Room] Player (Id: 5802; Slot: 2) Exp: 235; Gp: 204; KD: 6/9; Score: 33
