[Room] Tech id: 1060864
[Room] Room id: 001
[Room] Channel id: 004
[Room] Room name: 'Entra aqui Noob!!'
[Room] Room type: Explosion
[Room] Room special: None
[Room] Room weapons: Grenade, Melee, Secondary, Primary
[Room] Map name: 'BB_LUXVILLE'
[Room] Actual players count: 0
[Room] Started battle.
[Room] Round 2 has been started.
[Room] Round 3 has been started.
[Room] Round 4 has been started.
[Room] Round 5 has been started.
[Room] Round 6 has been started.
[Room] Round 7 has been started.
[Room] Round 8 has been started.
[Room] Round 9 has been started.
[Room] ;------------------;
[Room] Battle is finished.
[Room] Tech id: 1060864
[Room] Used spawn count: 43
[Room] End Players count: 5
[Room] ;------------------;
[Room] Room result info.
[Room] Player (Id: 5802; Slot: 1) Exp: 255; Gp: 219; KD: 3/8; Score: 20
[Room] Player (Id: 5804; Slot: 2) Exp: 376; Gp: 319; KD: 14/3; Score: 90
[Room] Player (Id: 5780; Slot: 3) Exp: 253; Gp: 217; KD: 3/7; Score: 20
[Room] Player (Id: 5760; Slot: 4) Exp: 331; Gp: 274; KD: 8/6; Score: 45
[Room] Player (Id: 5759; Slot: 5) Exp: 236; Gp: 204; KD: 3/7; Score: 30
