[Room] Tech id: 1060865
[Room] Room id: 002
[Room] Channel id: 004
[Room] Room name: 'Sinta o headshot!!'
[Room] Room type: Defense
[Room] Room special: None
[Room] Room weapons: Grenade, Melee, Secondary, Primary
[Room] Map name: 'DF_BLACKPANTHER'
[Room] Actual players count: 0
[Room] Started battle.
[Room] Round 2 has been started.
[Room] Round 3 has been started.
[Room] Round 4 has been started.
[Room] ;------------------;
[Room] Battle is finished.
[Room] Tech id: 1060865
[Room] Used spawn count: 87
[Room] End Players count: 5
[Room] ;------------------;
[Room] Room result info.
[Room] Player (Id: 5784; Slot: 0) Exp: 455; Gp: 370; KD: 13/20; Score: 85
[Room] Player (Id: 5760; Slot: 1) Exp: 487; Gp: 409; KD: 17/7; Score: 95
[Room] Player (Id: 5804; Slot: 2) Exp: 463; Gp: 413; KD: 15/18; Score: 132
[Room] Player (Id: 5802; Slot: 3) Exp: 500; Gp: 423; KD: 15/15; Score: 95
[Room] Player (Id: 5780; Slot: 5) Exp: 417; Gp: 342; KD: 6/8; Score: 35
