[Room] Tech id: 1060864
[Room] Room id: 001
[Room] Channel id: 004
[Room] Room name: 'Terra dos mortos!!'
[Room] Room type: Team_DeathMatch
[Room] Room special: None
[Room] Room weapons: Melee, Primary
[Room] Map name: 'TD_LIBRARY'
[Room] Actual players count: 0
[Room] Started battle.
[Room] ;------------------;
[Room] Battle is finished.
[Room] Tech id: 1060864
[Room] Used spawn count: 43
[Room] End Players count: 3
[Room] ;------------------;
[Room] Room result info.
[Room] Player (Id: 5760; Slot: 0) Exp: 373; Gp: 311; KD: 11/6; Score: 60
[Room] Player (Id: 5804; Slot: 2) Exp: 396; Gp: 332; KD: 14/9; Score: 73
[Room] Player (Id: 5780; Slot: 5) Exp: 371; Gp: 331; KD: 15/25; Score: 86
