[Room] Tech id: 1060864
[Room] Room id: 001
[Room] Channel id: 004
[Room] Room name: 'Terra dos mortos!!'
[Room] Room type: Team_DeathMatch
[Room] Room special: None
[Room] Room weapons: Melee
[Room] Map name: 'TD_SAINTMANSION'
[Room] Actual players count: 0
[Room] Started battle.
[Room] ;------------------;
[Room] Battle is finished.
[Room] Tech id: 1060864
[Room] Used spawn count: 50
[Room] End Players count: 3
[Room] ;------------------;
[Room] Room result info.
[Room] Player (Id: 5763; Slot: 0) Exp: 747; Gp: 646; KD: 38/9; Score: 246
[Room] Player (Id: 5760; Slot: 1) Exp: 461; Gp: 400; KD: 6/34; Score: 39
[Room] Player (Id: 5759; Slot: 3) Exp: 96; Gp: 85; KD: 3/4; Score: 22
