[Room] Tech id: 1060864
[Room] Room id: 001
[Room] Channel id: 004
[Room] Room name: 'Terra dos mortos!!'
[Room] Room type: Team_DeathMatch
[Room] Room special: None
[Room] Room weapons: Grenade, Melee, Secondary, Primary
[Room] Map name: 'TD_NEWLIBRARY'
[Room] Actual players count: 0
[Room] Started battle.
[Room] ;------------------;
[Room] Battle is finished.
[Room] Tech id: 1060864
[Room] Used spawn count: 33
[Room] End Players count: 3
[Room] ;------------------;
[Room] Room result info.
[Room] Player (Id: 5759; Slot: 0) Exp: 447; Gp: 382; KD: 15/15; Score: 105
[Room] Player (Id: 5760; Slot: 1) Exp: 320; Gp: 280; KD: 10/8; Score: 65
[Room] Player (Id: 5814; Slot: 3) Exp: 280; Gp: 240; KD: 4/8; Score: 25
