[Room] Tech id: 1060864
[Room] Room id: 001
[Room] Channel id: 004
[Room] Room name: '@up'
[Room] Room type: Team_DeathMatch
[Room] Room special: None
[Room] Room weapons: Grenade, Melee, Secondary, Primary
[Room] Map name: 'TD_MSTATION'
[Room] Actual players count: 0
[Room] Started battle.
[Room] ;------------------;
[Room] Battle is finished.
[Room] Tech id: 1060864
[Room] Used spawn count: 55
[Room] End Players count: 3
[Room] ;------------------;
[Room] Room result info.
[Room] Player (Id: 5801; Slot: 0) Exp: 614; Gp: 542; KD: 30/23; Score: 230
[Room] Player (Id: 5759; Slot: 1) Exp: 365; Gp: 324; KD: 14/19; Score: 90
[Room] Player (Id: 5776; Slot: 3) Exp: 287; Gp: 257; KD: 9/11; Score: 88
