[Room] Tech id: 1060864
[Room] Room id: 001
[Room] Channel id: 004
[Room] Room name: 'Sinta o headshot!!'
[Room] Room type: Team_DeathMatch
[Room] Room special: SniperMode
[Room] Room weapons: Melee, Primary, Mode_SSG69
[Room] Map name: 'TD_BURNINGHALL'
[Room] Actual players count: 0
[Room] Started battle.
[Room] ;------------------;
[Room] Battle is finished.
[Room] Tech id: 1060864
[Room] Used spawn count: 49
[Room] End Players count: 3
[Room] ;------------------;
[Room] Room result info.
[Room] Player (Id: 5763; Slot: 0) Exp: 522; Gp: 454; KD: 35/11; Score: 175
[Room] Player (Id: 5784; Slot: 1) Exp: 332; Gp: 292; KD: 9/17; Score: 61
[Room] Player (Id: 5785; Slot: 3) Exp: 286; Gp: 246; KD: 2/18; Score: 13
