[Room] Tech id: 1060864
[Room] Room id: 001
[Room] Channel id: 004
[Room] Room name: 'SÓ TRABALHO EM HS'
[Room] Room type: Explosion
[Room] Room special: None
[Room] Room weapons: Melee, Secondary, Primary
[Room] Map name: 'BB_DOWNTOWN2'
[Room] Actual players count: 0
[Room] Started battle.
[Room] Round 2 has been started.
[Room] Round 3 has been started.
[Room] Round 4 has been started.
[Room] Round 5 has been started.
[Room] Round 6 has been started.
[Room] Round 7 has been started.
[Room] Round 8 has been started.
[Room] Round 9 has been started.
[Room] ;------------------;
[Room] Battle is finished.
[Room] Tech id: 1060864
[Room] Used spawn count: 36
[Room] End Players count: 4
[Room] ;------------------;
[Room] Room result info.
[Room] Player (Id: 5007; Slot: 2) Exp: 215; Gp: 187; KD: 2/8; Score: 10
[Room] Player (Id: 5014; Slot: 3) Exp: 297; Gp: 253; KD: 8/3; Score: 74
[Room] Player (Id: 5016; Slot: 4) Exp: 248; Gp: 220; KD: 8/7; Score: 45
[Room] Player (Id: 5001; Slot: 5) Exp: 290; Gp: 246; KD: 7/7; Score: 59
