[Room] Tech id: 1069056
[Room] Room id: 001
[Room] Channel id: 006
[Room] Room name: 'Terra dos mortos!!'
[Room] Room type: Team_DeathMatch
[Room] Room special: None
[Room] Room weapons: Melee, Primary
[Room] Map name: 'TD_BURNINGHALL'
[Room] Actual players count: 0
[Room] Started battle.
[Room] ;------------------;
[Room] Battle is finished.
[Room] Tech id: 1069056
[Room] Used spawn count: 70
[Room] End Players count: 4
[Room] ;------------------;
[Room] Room result info.
[Room] Player (Id: 5803; Slot: 0) Exp: 483; Gp: 417; KD: 20/13; Score: 139
[Room] Player (Id: 5797; Slot: 1) Exp: 355; Gp: 315; KD: 12/25; Score: 70
[Room] Player (Id: 5798; Slot: 2) Exp: 458; Gp: 407; KD: 28/6; Score: 201
[Room] Player (Id: 5784; Slot: 5) Exp: 256; Gp: 229; KD: 7/23; Score: 50
