[Room] Tech id: 1060864
[Room] Room id: 001
[Room] Channel id: 004
[Room] Room name: 'Go Go Go FireWay!'
[Room] Room type: Team_DeathMatch
[Room] Room special: SniperMode
[Room] Room weapons: Melee, Primary, Mode_SSG69
[Room] Map name: 'TD_PORTAKABA'
[Room] Actual players count: 0
[Room] Started battle.
[Room] ;------------------;
[Room] Battle is finished.
[Room] Tech id: 1060864
[Room] Used spawn count: 61
[Room] End Players count: 4
[Room] ;------------------;
[Room] Room result info.
[Room] Player (Id: 5767; Slot: 0) Exp: 653; Gp: 573; KD: 24/19; Score: 138
[Room] Player (Id: 5760; Slot: 1) Exp: 756; Gp: 631; KD: 22/13; Score: 125
[Room] Player (Id: 5761; Slot: 2) Exp: 201; Gp: 174; KD: 3/12; Score: 18
[Room] Player (Id: 5765; Slot: 3) Exp: 464; Gp: 385; KD: 9/14; Score: 51
