[Room] Tech id: 1060864
[Room] Room id: 001
[Room] Channel id: 004
[Room] Room name: 'Go Go Go FireWay!'
[Room] Room type: Head_Hunter
[Room] Room special: HeadHunter
[Room] Room weapons: Melee, Primary
[Room] Map name: 'TD_SAINTMANSION'
[Room] Actual players count: 0
[Room] Started battle.
[Room] ;------------------;
[Room] Battle is finished.
[Room] Tech id: 1060864
[Room] Used spawn count: 101
[Room] End Players count: 6
[Room] ;------------------;
[Room] Room result info.
[Room] Player (Id: 5804; Slot: 0) Exp: 62; Gp: 55; KD: 2/2; Score: 24
[Room] Player (Id: 5763; Slot: 1) Exp: 632; Gp: 591; KD: 30/19; Score: 357
[Room] Player (Id: 5780; Slot: 2) Exp: 648; Gp: 575; KD: 22/32; Score: 242
[Room] Player (Id: 5760; Slot: 3) Exp: 364; Gp: 324; KD: 8/20; Score: 88
[Room] Player (Id: 5809; Slot: 4) Exp: 609; Gp: 554; KD: 26/12; Score: 335
[Room] Player (Id: 5759; Slot: 5) Exp: 206; Gp: 189; KD: 8/11; Score: 82
