[Room] Tech id: 1060865
[Room] Room id: 002
[Room] Channel id: 004
[Room] Room name: 'Go Go Go FireWay!'
[Room] Room type: Team_DeathMatch
[Room] Room special: SniperMode
[Room] Room weapons: Melee, Primary, Mode_SSG69
[Room] Map name: 'TD_BATTLESHIP'
[Room] Actual players count: 0
[Room] Started battle.
[Room] ;------------------;
[Room] Battle is finished.
[Room] Tech id: 1060865
[Room] Used spawn count: 32
[Room] End Players count: 3
[Room] ;------------------;
[Room] Room result info.
[Room] Player (Id: 5767; Slot: 0) Exp: 240; Gp: 205; KD: 5/4; Score: 25
[Room] Player (Id: 5759; Slot: 1) Exp: 435; Gp: 371; KD: 17/12; Score: 101
[Room] Player (Id: 5760; Slot: 2) Exp: 302; Gp: 262; KD: 7/13; Score: 38
