[Room] Tech id: 1060864
[Room] Room id: 001
[Room] Channel id: 004
[Room] Room name: 'Go Go Go FireWay!'
[Room] Room type: Team_DeathMatch
[Room] Room special: None
[Room] Room weapons: Melee, Primary
[Room] Map name: 'TD_BURNINGHALL'
[Room] Actual players count: 0
[Room] Started battle.
[Room] ;------------------;
[Room] Battle is finished.
[Room] Tech id: 1060864
[Room] Used spawn count: 77
[Room] End Players count: 4
[Room] ;------------------;
[Room] Room result info.
[Room] Player (Id: 5019; Slot: 0) Exp: 369; Gp: 329; KD: 17/18; Score: 96
[Room] Player (Id: 5001; Slot: 1) Exp: 548; Gp: 479; KD: 27/20; Score: 180
[Room] Player (Id: 5007; Slot: 2) Exp: 387; Gp: 347; KD: 12/28; Score: 96
[Room] Player (Id: 5000; Slot: 3) Exp: 463; Gp: 397; KD: 19/9; Score: 129
