[Room] Tech id: 1060864
[Room] Room id: 001
[Room] Channel id: 004
[Room] Room name: 'Entra aqui Noob!!'
[Room] Room type: Team_DeathMatch
[Room] Room special: None
[Room] Room weapons: Melee
[Room] Map name: 'TD_AMPERA'
[Room] Actual players count: 0
[Room] Started battle.
[Room] ;------------------;
[Room] Battle is finished.
[Room] Tech id: 1060864
[Room] Used spawn count: 26
[Room] End Players count: 3
[Room] ;------------------;
[Room] Room result info.
[Room] Player (Id: 5785; Slot: 0) Exp: 332; Gp: 292; KD: 10/13; Score: 68
[Room] Player (Id: 5769; Slot: 1) Exp: 327; Gp: 267; KD: 4/7; Score: 20
[Room] Player (Id: 5763; Slot: 3) Exp: 199; Gp: 172; KD: 9/3; Score: 63
