[Room] Tech id: 1060865
[Room] Room id: 002
[Room] Channel id: 004
[Room] Room name: 'Go Go Go FireWay!'
[Room] Room type: Defense
[Room] Room special: None
[Room] Room weapons: Grenade, Melee, Secondary, Primary
[Room] Map name: 'DF_BLACKPANTHER'
[Room] Actual players count: 0
[Room] Started battle.
[Room] Round 2 has been started.
[Room] Round 3 has been started.
[Room] Round 4 has been started.
[Room] Round 5 has been started.
[Room] Round 6 has been started.
[Room] Round 7 has been started.
[Room] Round 8 has been started.
[Room] Round 9 has been started.
[Room] ;------------------;
[Room] Battle is finished.
[Room] Tech id: 1060865
[Room] Used spawn count: 174
[Room] End Players count: 5
[Room] ;------------------;
[Room] Room result info.
[Room] Player (Id: 5759; Slot: 0) Exp: 1248; Gp: 1039; KD: 62/36; Score: 321
[Room] Player (Id: 5761; Slot: 1) Exp: 714; Gp: 611; KD: 7/31; Score: 40
[Room] Player (Id: 5767; Slot: 2) Exp: 287; Gp: 233; KD: 4/13; Score: 23
[Room] Player (Id: 5765; Slot: 3) Exp: 674; Gp: 585; KD: 19/22; Score: 100
[Room] Player (Id: 5760; Slot: 5) Exp: 838; Gp: 734; KD: 34/19; Score: 182
