[Room] Tech id: 1060864
[Room] Room id: 001
[Room] Channel id: 004
[Room] Room name: 'LIGA UNCHARTED'
[Room] Room type: Explosion
[Room] Room special: None
[Room] Room weapons: Melee, Secondary, Primary
[Room] Map name: 'BB_LUXVILLE'
[Room] Actual players count: 0
[Room] Started battle.
[Room] Round 2 has been started.
[Room] Round 3 has been started.
[Room] Round 4 has been started.
[Room] Round 5 has been started.
[Room] ;------------------;
[Room] Battle is finished.
[Room] Tech id: 1060864
[Room] Used spawn count: 24
[Room] End Players count: 5
[Room] ;------------------;
[Room] Room result info.
[Room] Player (Id: 5001; Slot: 0) Exp: 205; Gp: 171; KD: 2/1; Score: 20
[Room] Player (Id: 5014; Slot: 2) Exp: 132; Gp: 110; KD: 1/1; Score: 5
[Room] Player (Id: 5017; Slot: 3) Exp: 154; Gp: 133; KD: 3/5; Score: 15
[Room] Player (Id: 5022; Slot: 5) Exp: 144; Gp: 123; KD: 1/5; Score: 5
[Room] Player (Id: 5006; Slot: 6) Exp: 219; Gp: 185; KD: 7/2; Score: 50
