[Room] Tech id: 1060864
[Room] Room id: 001
[Room] Channel id: 004
[Room] Room name: 'Go Go Go FireWay!'
[Room] Room type: Team_DeathMatch
[Room] Room special: SniperMode
[Room] Room weapons: Melee, Primary, Mode_SSG69
[Room] Map name: 'TD_BURNINGHALL'
[Room] Actual players count: 0
[Room] Started battle.
[Room] ;------------------;
[Room] Battle is finished.
[Room] Tech id: 1060864
[Room] Used spawn count: 121
[Room] End Players count: 4
[Room] ;------------------;
[Room] Room result info.
[Room] Player (Id: 5801; Slot: 0) Exp: 904; Gp: 798; KD: 63/29; Score: 341
[Room] Player (Id: 5759; Slot: 1) Exp: 588; Gp: 528; KD: 25/44; Score: 148
[Room] Player (Id: 5760; Slot: 2) Exp: 349; Gp: 297; KD: 17/8; Score: 85
[Room] Player (Id: 5776; Slot: 3) Exp: 502; Gp: 441; KD: 12/36; Score: 76
