[Room] Tech id: 1060864
[Room] Room id: 001
[Room] Channel id: 004
[Room] Room name: 'Terra dos mortos!!'
[Room] Room type: Team_DeathMatch
[Room] Room special: None
[Room] Room weapons: Grenade, Melee, Secondary, Primary
[Room] Map name: 'TD_MSTATION'
[Room] Actual players count: 0
[Room] Started battle.
[Room] ;------------------;
[Room] Battle is finished.
[Room] Tech id: 1060864
[Room] Used spawn count: 81
[Room] End Players count: 5
[Room] ;------------------;
[Room] Room result info.
[Room] Player (Id: 5799; Slot: 0) Exp: 624; Gp: 527; KD: 24/11; Score: 139
[Room] Player (Id: 5802; Slot: 1) Exp: 558; Gp: 498; KD: 22/35; Score: 134
[Room] Player (Id: 5780; Slot: 2) Exp: 600; Gp: 506; KD: 16/14; Score: 114
[Room] Player (Id: 5759; Slot: 3) Exp: 166; Gp: 150; KD: 7/11; Score: 50
[Room] Player (Id: 5797; Slot: 4) Exp: 181; Gp: 155; KD: 6/5; Score: 49
