[Room] Tech id: 1060864
[Room] Room id: 001
[Room] Channel id: 004
[Room] Room name: 'Terra dos mortos!!'
[Room] Room type: Team_DeathMatch
[Room] Room special: None
[Room] Room weapons: Grenade, Melee, Secondary, Primary
[Room] Map name: 'TD_LIBRARY'
[Room] Actual players count: 0
[Room] Started battle.
[Room] ;------------------;
[Room] Battle is finished.
[Room] Tech id: 1060864
[Room] Used spawn count: 77
[Room] End Players count: 5
[Room] ;------------------;
[Room] Room result info.
[Room] Player (Id: 5760; Slot: 0) Exp: 380; Gp: 340; KD: 16/17; Score: 109
[Room] Player (Id: 5804; Slot: 1) Exp: 513; Gp: 446; KD: 26/13; Score: 164
[Room] Player (Id: 5802; Slot: 2) Exp: 320; Gp: 282; KD: 11/10; Score: 73
[Room] Player (Id: 5759; Slot: 3) Exp: 464; Gp: 399; KD: 17/16; Score: 118
[Room] Player (Id: 5769; Slot: 4) Exp: 100; Gp: 87; KD: 2/7; Score: 13
