[Room] Tech id: 1060864
[Room] Room id: 001
[Room] Channel id: 004
[Room] Room name: 'Sinta o headshot!!'
[Room] Room type: Team_DeathMatch
[Room] Room special: None
[Room] Room weapons: Grenade, Melee, Primary
[Room] Map name: 'TD_EASTERNROAD'
[Room] Actual players count: 0
[Room] Started battle.
[Room] ;------------------;
[Room] Battle is finished.
[Room] Tech id: 1060864
[Room] Used spawn count: 32
[Room] End Players count: 3
[Room] ;------------------;
[Room] Room result info.
[Room] Player (Id: 5767; Slot: 1) Exp: 350; Gp: 288; KD: 8/6; Score: 40
[Room] Player (Id: 5760; Slot: 2) Exp: 338; Gp: 298; KD: 12/18; Score: 65
[Room] Player (Id: 5759; Slot: 3) Exp: 374; Gp: 311; KD: 9/6; Score: 60
