[Room] Tech id: 1060865
[Room] Room id: 002
[Room] Channel id: 004
[Room] Room name: 'Sinta o headshot!!'
[Room] Room type: Team_DeathMatch
[Room] Room special: None
[Room] Room weapons: Grenade, Melee, Secondary, Primary
[Room] Map name: 'TD_AMPERA'
[Room] Actual players count: 0
[Room] Started battle.
[Room] ;------------------;
[Room] Battle is finished.
[Room] Tech id: 1060865
[Room] Used spawn count: 39
[Room] End Players count: 3
[Room] ;------------------;
[Room] Room result info.
[Room] Player (Id: 5760; Slot: 1) Exp: 151; Gp: 132; KD: 4/6; Score: 25
[Room] Player (Id: 5763; Slot: 2) Exp: 434; Gp: 370; KD: 18/17; Score: 91
[Room] Player (Id: 5759; Slot: 3) Exp: 294; Gp: 254; KD: 7/10; Score: 35
