[Room] Tech id: 1060864
[Room] Room id: 001
[Room] Channel id: 004
[Room] Room name: 'Entra aqui Noob!!'
[Room] Room type: Team_DeathMatch
[Room] Room special: None
[Room] Room weapons: Grenade, Melee, Secondary, Primary
[Room] Map name: 'TD_SAINTMANSION'
[Room] Actual players count: 0
[Room] Started battle.
[Room] ;------------------;
[Room] Battle is finished.
[Room] Tech id: 1060864
[Room] Used spawn count: 39
[Room] End Players count: 3
[Room] ;------------------;
[Room] Room result info.
[Room] Player (Id: 5789; Slot: 1) Exp: 206; Gp: 174; KD: 9/4; Score: 45
[Room] Player (Id: 5784; Slot: 2) Exp: 213; Gp: 193; KD: 9/25; Score: 48
[Room] Player (Id: 5787; Slot: 3) Exp: 298; Gp: 263; KD: 17/6; Score: 118
