[Room] Tech id: 1060864
[Room] Room id: 001
[Room] Channel id: 004
[Room] Room name: 'HEROI DE GUERRA'
[Room] Room type: Team_DeathMatch
[Room] Room special: None
[Room] Room weapons: Melee, Primary
[Room] Map name: 'TD_BURNINGHALL'
[Room] Actual players count: 0
[Room] Started battle.
[Room] ;------------------;
[Room] Battle is finished.
[Room] Tech id: 1060864
[Room] Used spawn count: 57
[Room] End Players count: 5
[Room] ;------------------;
[Room] Room result info.
[Room] Player (Id: 5016; Slot: 0) Exp: 312; Gp: 276; KD: 16/9; Score: 124
[Room] Player (Id: 5001; Slot: 1) Exp: 328; Gp: 308; KD: 20/18; Score: 176
[Room] Player (Id: 5019; Slot: 2) Exp: 264; Gp: 230; KD: 16/6; Score: 89
[Room] Player (Id: 5018; Slot: 3) Exp: 149; Gp: 129; KD: 0/16; Score: 0
[Room] Player (Id: 5007; Slot: 4) Exp: 154; Gp: 128; KD: 2/5; Score: 18
