[Room] Tech id: 1060864
[Room] Room id: 001
[Room] Channel id: 004
[Room] Room name: 'Entra aqui Noob!!'
[Room] Room type: Explosion
[Room] Room special: None
[Room] Room weapons: Melee, Secondary, Primary
[Room] Map name: 'BB_DOWNTOWN2'
[Room] Actual players count: 0
[Room] Started battle.
[Room] Round 2 has been started.
[Room] Round 3 has been started.
[Room] Round 4 has been started.
[Room] Round 5 has been started.
[Room] Round 6 has been started.
[Room] Round 7 has been started.
[Room] Round 8 has been started.
[Room] Round 9 has been started.
[Room] Round 10 has been started.
[Room] Round 11 has been started.
[Room] ;------------------;
[Room] Battle is finished.
[Room] Tech id: 1060864
[Room] Used spawn count: 44
[Room] End Players count: 4
[Room] ;------------------;
[Room] Room result info.
[Room] Player (Id: 5784; Slot: 0) Exp: 522; Gp: 454; KD: 12/4; Score: 70
[Room] Player (Id: 5785; Slot: 1) Exp: 318; Gp: 279; KD: 6/10; Score: 40
[Room] Player (Id: 5802; Slot: 2) Exp: 392; Gp: 331; KD: 7/5; Score: 40
[Room] Player (Id: 5801; Slot: 3) Exp: 296; Gp: 256; KD: 3/9; Score: 20
