[Room] Tech id: 1060864
[Room] Room id: 001
[Room] Channel id: 004
[Room] Room name: '@up'
[Room] Room type: Explosion
[Room] Room special: None
[Room] Room weapons: Melee
[Room] Map name: 'BB_LUXVILLE'
[Room] Actual players count: 0
[Room] Started battle.
[Room] Round 2 has been started.
[Room] Round 3 has been started.
[Room] Round 4 has been started.
[Room] Round 5 has been started.
[Room] Round 6 has been started.
[Room] Round 7 has been started.
[Room] ;------------------;
[Room] Battle is finished.
[Room] Tech id: 1060864
[Room] Used spawn count: 14
[Room] End Players count: 2
[Room] ;------------------;
[Room] Room result info.
[Room] Player (Id: 5001; Slot: 2) Exp: 342; Gp: 281; KD: 5/1; Score: 25
[Room] Player (Id: 5016; Slot: 3) Exp: 254; Gp: 214; KD: 1/5; Score: 5
