[Room] Tech id: 1060864
[Room] Room id: 001
[Room] Channel id: 004
[Room] Room name: 'Go Go Go FireWay!'
[Room] Room type: Team_DeathMatch
[Room] Room special: None
[Room] Room weapons: Melee, Secondary, Primary
[Room] Map name: 'TD_CRACKDOWN'
[Room] Actual players count: 0
[Room] Started battle.
[Room] ;------------------;
[Room] Battle is finished.
[Room] Tech id: 1060864
[Room] Used spawn count: 35
[Room] End Players count: 3
[Room] ;------------------;
[Room] Room result info.
[Room] Player (Id: 5025; Slot: 0) Exp: 288; Gp: 253; KD: 20/11; Score: 100
[Room] Player (Id: 5020; Slot: 1) Exp: 125; Gp: 111; KD: 5/6; Score: 31
[Room] Player (Id: 5022; Slot: 3) Exp: 157; Gp: 140; KD: 3/14; Score: 29
