[Room] Tech id: 1069057
[Room] Room id: 002
[Room] Channel id: 006
[Room] Room name: 'Terra dos mortos!!'
[Room] Room type: Annihilation
[Room] Room special: None
[Room] Room weapons: Grenade, Melee, Secondary, Primary
[Room] Map name: 'TD_CRACKDOWN'
[Room] Actual players count: 0
[Room] Started battle.
[Room] Round 2 has been started.
[Room] Round 3 has been started.
[Room] Round 4 has been started.
[Room] Round 5 has been started.
[Room] Round 6 has been started.
[Room] Round 7 has been started.
[Room] ;------------------;
[Room] Battle is finished.
[Room] Tech id: 1069057
[Room] Used spawn count: 14
[Room] End Players count: 2
[Room] ;------------------;
[Room] Room result info.
[Room] Player (Id: 5815; Slot: 0) Exp: 77; Gp: 68; KD: 2/5; Score: 10
[Room] Player (Id: 5816; Slot: 1) Exp: 102; Gp: 87; KD: 5/2; Score: 25
