[Room] Tech id: 1060864
[Room] Room id: 001
[Room] Channel id: 004
[Room] Room name: 'Vem tomar bala'
[Room] Room type: Team_DeathMatch
[Room] Room special: None
[Room] Room weapons: Melee, Secondary, Primary
[Room] Map name: 'TD_REDROCK'
[Room] Actual players count: 0
[Room] Started battle.
[Room] ;------------------;
[Room] Battle is finished.
[Room] Tech id: 1060864
[Room] Used spawn count: 48
[Room] End Players count: 3
[Room] ;------------------;
[Room] Room result info.
[Room] Player (Id: 5794; Slot: 0) Exp: 664; Gp: 589; KD: 27/19; Score: 279
[Room] Player (Id: 5784; Slot: 1) Exp: 326; Gp: 286; KD: 10/15; Score: 59
[Room] Player (Id: 5760; Slot: 3) Exp: 307; Gp: 269; KD: 9/12; Score: 55
