[Room] Tech id: 1060864
[Room] Room id: 001
[Room] Channel id: 004
[Room] Room name: 'Terra dos mortos!!'
[Room] Room type: Team_DeathMatch
[Room] Room special: None
[Room] Room weapons: Grenade, Melee, Secondary, Primary
[Room] Map name: 'TD_GHOSTTOWN'
[Room] Actual players count: 0
[Room] Started battle.
[Room] ;------------------;
[Room] Battle is finished.
[Room] Tech id: 1060864
[Room] Used spawn count: 36
[Room] End Players count: 3
[Room] ;------------------;
[Room] Room result info.
[Room] Player (Id: 5817; Slot: 1) Exp: 270; Gp: 230; KD: 2/8; Score: 15
[Room] Player (Id: 5760; Slot: 2) Exp: 464; Gp: 399; KD: 18/15; Score: 119
[Room] Player (Id: 5784; Slot: 3) Exp: 343; Gp: 303; KD: 13/10; Score: 84
