[Room] Tech id: 1060865
[Room] Room id: 002
[Room] Channel id: 004
[Room] Room name: 'Terra dos mortos!!'
[Room] Room type: Team_DeathMatch
[Room] Room special: None
[Room] Room weapons: Melee, Secondary, Primary
[Room] Map name: 'TD_MSTATION'
[Room] Actual players count: 0
[Room] Started battle.
[Room] ;------------------;
[Room] Battle is finished.
[Room] Tech id: 1060865
[Room] Used spawn count: 57
[Room] End Players count: 3
[Room] ;------------------;
[Room] Room result info.
[Room] Player (Id: 5801; Slot: 1) Exp: 465; Gp: 400; KD: 24/10; Score: 130
[Room] Player (Id: 5815; Slot: 3) Exp: 366; Gp: 307; KD: 7/13; Score: 53
[Room] Player (Id: 5816; Slot: 4) Exp: 466; Gp: 426; KD: 23/31; Score: 170
