[Room] Tech id: 1060865
[Room] Room id: 002
[Room] Channel id: 004
[Room] Room name: 'Terra dos mortos!!'
[Room] Room type: Explosion
[Room] Room special: None
[Room] Room weapons: Melee, Primary
[Room] Map name: 'BB_DOWNTOWN2'
[Room] Actual players count: 0
[Room] Started battle.
[Room] Round 2 has been started.
[Room] Round 3 has been started.
[Room] Round 4 has been started.
[Room] Round 5 has been started.
[Room] Round 6 has been started.
[Room] Round 7 has been started.
[Room] Round 8 has been started.
[Room] ;------------------;
[Room] Battle is finished.
[Room] Tech id: 1060865
[Room] Used spawn count: 32
[Room] End Players count: 4
[Room] ;------------------;
[Room] Room result info.
[Room] Player (Id: 5005; Slot: 0) Exp: 216; Gp: 180; KD: 1/6; Score: 10
[Room] Player (Id: 5007; Slot: 1) Exp: 190; Gp: 167; KD: 6/6; Score: 40
[Room] Player (Id: 5000; Slot: 2) Exp: 261; Gp: 224; KD: 11/3; Score: 55
[Room] Player (Id: 5013; Slot: 3) Exp: 195; Gp: 172; KD: 3/6; Score: 25
