[Room] Tech id: 1060864
[Room] Room id: 001
[Room] Channel id: 004
[Room] Room name: '@camp sem pindad e sc'
[Room] Room type: Team_DeathMatch
[Room] Room special: None
[Room] Room weapons: Melee, Secondary, Primary
[Room] Map name: 'TD_MSTATION'
[Room] Actual players count: 0
[Room] Started battle.
[Room] ;------------------;
[Room] Battle is finished.
[Room] Tech id: 1060864
[Room] Used spawn count: 53
[Room] End Players count: 3
[Room] ;------------------;
[Room] Room result info.
[Room] Player (Id: 5022; Slot: 1) Exp: 416; Gp: 351; KD: 16/6; Score: 95
[Room] Player (Id: 5007; Slot: 2) Exp: 410; Gp: 370; KD: 15/35; Score: 106
[Room] Player (Id: 5001; Slot: 3) Exp: 541; Gp: 478; KD: 19/9; Score: 224
