[Room] Tech id: 1060864
[Room] Room id: 001
[Room] Channel id: 004
[Room] Room name: 'Terra dos mortos!!'
[Room] Room type: Explosion
[Room] Room special: None
[Room] Room weapons: Melee, Secondary, Primary
[Room] Map name: 'BB_DOWNTOWN'
[Room] Actual players count: 0
[Room] Started battle.
[Room] Round 2 has been started.
[Room] Round 3 has been started.
[Room] Round 4 has been started.
[Room] Round 5 has been started.
[Room] ;------------------;
[Room] Battle is finished.
[Room] Tech id: 1060864
[Room] Used spawn count: 18
[Room] End Players count: 3
[Room] ;------------------;
[Room] Room result info.
[Room] Player (Id: 5780; Slot: 0) Exp: 146; Gp: 127; KD: 0/5; Score: 0
[Room] Player (Id: 5803; Slot: 1) Exp: 186; Gp: 156; KD: 6/0; Score: 40
[Room] Player (Id: 5784; Slot: 3) Exp: 174; Gp: 144; KD: 2/0; Score: 10
