[Room] Tech id: 1060864
[Room] Room id: 001
[Room] Channel id: 004
[Room] Room name: 'Go Go Go FireWay!'
[Room] Room type: Team_DeathMatch
[Room] Room special: None
[Room] Room weapons: Melee, Secondary, Primary
[Room] Map name: 'TD_BURNINGHALL'
[Room] Actual players count: 0
[Room] Started battle.
[Room] ;------------------;
[Room] Battle is finished.
[Room] Tech id: 1060864
[Room] Used spawn count: 46
[Room] End Players count: 5
[Room] ;------------------;
[Room] Room result info.
[Room] Player (Id: 5036; Slot: 0) Exp: 147; Gp: 129; KD: 5/6; Score: 30
[Room] Player (Id: 5007; Slot: 1) Exp: 171; Gp: 141; KD: 2/7; Score: 10
[Room] Player (Id: 5013; Slot: 2) Exp: 180; Gp: 160; KD: 5/10; Score: 42
[Room] Player (Id: 5001; Slot: 3) Exp: 411; Gp: 371; KD: 26/7; Score: 210
[Room] Player (Id: 5005; Slot: 6) Exp: 157; Gp: 137; KD: 3/12; Score: 15
