[Room] Tech id: 1060864
[Room] Room id: 001
[Room] Channel id: 004
[Room] Room name: 'Terra dos mortos!!'
[Room] Room type: Team_DeathMatch
[Room] Room special: None
[Room] Room weapons: Melee, Primary
[Room] Map name: 'TD_NEWLIBRARY'
[Room] Actual players count: 0
[Room] Started battle.
[Room] ;------------------;
[Room] Battle is finished.
[Room] Tech id: 1060864
[Room] Used spawn count: 76
[Room] End Players count: 3
[Room] ;------------------;
[Room] Room result info.
[Room] Player (Id: 5000; Slot: 2) Exp: 486; Gp: 426; KD: 15/17; Score: 95
[Room] Player (Id: 5025; Slot: 3) Exp: 849; Gp: 745; KD: 40/33; Score: 288
[Room] Player (Id: 5005; Slot: 4) Exp: 503; Gp: 443; KD: 18/23; Score: 101
