[Room] Tech id: 1060864
[Room] Room id: 001
[Room] Channel id: 004
[Room] Room name: 'Entra aqui Noob!!'
[Room] Room type: Explosion
[Room] Room special: None
[Room] Room weapons: Grenade, Melee, Secondary, Primary
[Room] Map name: 'BB_LUXVILLE'
[Room] Actual players count: 0
[Room] Started battle.
[Room] Round 2 has been started.
[Room] Round 3 has been started.
[Room] Round 4 has been started.
[Room] Round 5 has been started.
[Room] ;------------------;
[Room] Battle is finished.
[Room] Tech id: 1060864
[Room] Used spawn count: 15
[Room] End Players count: 3
[Room] ;------------------;
[Room] Room result info.
[Room] Player (Id: 5016; Slot: 0) Exp: 145; Gp: 123; KD: 1/3; Score: 10
[Room] Player (Id: 5001; Slot: 1) Exp: 116; Gp: 102; KD: 5/3; Score: 25
[Room] Player (Id: 5007; Slot: 2) Exp: 124; Gp: 103; KD: 2/2; Score: 15
