[Room] Tech id: 1060864
[Room] Room id: 001
[Room] Channel id: 004
[Room] Room name: 'Terra dos mortos!!'
[Room] Room type: Team_DeathMatch
[Room] Room special: None
[Room] Room weapons: Grenade, Melee, Secondary, Primary
[Room] Map name: 'TD_MSTATION'
[Room] Actual players count: 0
[Room] Started battle.
[Room] ;------------------;
[Room] Battle is finished.
[Room] Tech id: 1060864
[Room] Used spawn count: 41
[Room] End Players count: 4
[Room] ;------------------;
[Room] Room result info.
[Room] Player (Id: 5780; Slot: 0) Exp: 319; Gp: 279; KD: 9/8; Score: 64
[Room] Player (Id: 5798; Slot: 1) Exp: 423; Gp: 359; KD: 17/7; Score: 100
[Room] Player (Id: 5794; Slot: 3) Exp: 193; Gp: 166; KD: 6/7; Score: 54
[Room] Player (Id: 5759; Slot: 4) Exp: 264; Gp: 229; KD: 5/15; Score: 31
