[Room] Tech id: 1060864
[Room] Room id: 001
[Room] Channel id: 004
[Room] Room name: 'Sinta o headshot!!'
[Room] Room type: Team_DeathMatch
[Room] Room special: SniperMode
[Room] Room weapons: Melee, Primary, Mode_SSG69
[Room] Map name: 'TD_FACEROCK'
[Room] Actual players count: 0
[Room] Started battle.
[Room] ;------------------;
[Room] Battle is finished.
[Room] Tech id: 1060864
[Room] Used spawn count: 20
[Room] End Players count: 3
[Room] ;------------------;
[Room] Room result info.
[Room] Player (Id: 5759; Slot: 0) Exp: 278; Gp: 237; KD: 4/4; Score: 30
[Room] Player (Id: 5767; Slot: 2) Exp: 248; Gp: 212; KD: 4/5; Score: 20
[Room] Player (Id: 5760; Slot: 3) Exp: 362; Gp: 301; KD: 9/8; Score: 47
