[Room] Tech id: 1060864
[Room] Room id: 001
[Room] Channel id: 004
[Room] Room name: 'Terra dos mortos!!'
[Room] Room type: Explosion
[Room] Room special: None
[Room] Room weapons: Melee, Secondary, Primary
[Room] Map name: 'BB_LUXVILLE'
[Room] Actual players count: 0
[Room] Started battle.
[Room] Round 2 has been started.
[Room] Round 3 has been started.
[Room] Round 4 has been started.
[Room] Round 5 has been started.
[Room] Round 6 has been started.
[Room] Round 7 has been started.
[Room] ;------------------;
[Room] Battle is finished.
[Room] Tech id: 1060864
[Room] Used spawn count: 29
[Room] End Players count: 5
[Room] ;------------------;
[Room] Room result info.
[Room] Player (Id: 5803; Slot: 0) Exp: 301; Gp: 257; KD: 7/5; Score: 55
[Room] Player (Id: 5784; Slot: 1) Exp: 72; Gp: 62; KD: 2/2; Score: 10
[Room] Player (Id: 5804; Slot: 3) Exp: 218; Gp: 190; KD: 4/4; Score: 44
[Room] Player (Id: 5798; Slot: 4) Exp: 276; Gp: 238; KD: 6/1; Score: 49
[Room] Player (Id: 5780; Slot: 7) Exp: 181; Gp: 153; KD: 0/7; Score: 0
