[Room] Tech id: 1060864
[Room] Room id: 001
[Room] Channel id: 004
[Room] Room name: 'Terra dos mortos!!'
[Room] Room type: Explosion
[Room] Room special: None
[Room] Room weapons: Melee, Secondary, Primary
[Room] Map name: 'BB_LUXVILLE'
[Room] Actual players count: 0
[Room] Started battle.
[Room] Round 2 has been started.
[Room] Round 3 has been started.
[Room] Round 4 has been started.
[Room] Round 5 has been started.
[Room] Round 6 has been started.
[Room] ;------------------;
[Room] Battle is finished.
[Room] Tech id: 1060864
[Room] Used spawn count: 24
[Room] End Players count: 4
[Room] ;------------------;
[Room] Room result info.
[Room] Player (Id: 5780; Slot: 0) Exp: 140; Gp: 122; KD: 2/5; Score: 20
[Room] Player (Id: 5803; Slot: 1) Exp: 175; Gp: 146; KD: 4/3; Score: 30
[Room] Player (Id: 5784; Slot: 2) Exp: 160; Gp: 142; KD: 3/5; Score: 20
[Room] Player (Id: 5798; Slot: 3) Exp: 178; Gp: 149; KD: 6/2; Score: 35
