[Room] Tech id: 1060864
[Room] Room id: 001
[Room] Channel id: 004
[Room] Room name: 'Terra dos mortos!!'
[Room] Room type: Team_DeathMatch
[Room] Room special: None
[Room] Room weapons: Grenade, Melee, Secondary, Primary
[Room] Map name: 'TD_MSTATION'
[Room] Actual players count: 0
[Room] Started battle.
[Room] ;------------------;
[Room] Battle is finished.
[Room] Tech id: 1060864
[Room] Used spawn count: 49
[Room] End Players count: 3
[Room] ;------------------;
[Room] Room result info.
[Room] Player (Id: 5780; Slot: 0) Exp: 301; Gp: 261; KD: 3/17; Score: 30
[Room] Player (Id: 5798; Slot: 1) Exp: 614; Gp: 542; KD: 32/14; Score: 246
[Room] Player (Id: 5759; Slot: 4) Exp: 352; Gp: 312; KD: 11/15; Score: 84
