[Room] Tech id: 1060864
[Room] Room id: 001
[Room] Channel id: 004
[Room] Room name: 'Sinta o headshot!!'
[Room] Room type: Team_DeathMatch
[Room] Room special: None
[Room] Room weapons: Grenade, Melee, Secondary, Primary
[Room] Map name: 'TD_RUSH_HOUR'
[Room] Actual players count: 0
[Room] Started battle.
[Room] ;------------------;
[Room] Battle is finished.
[Room] Tech id: 1060864
[Room] Used spawn count: 41
[Room] End Players count: 3
[Room] ;------------------;
[Room] Room result info.
[Room] Player (Id: 5784; Slot: 0) Exp: 531; Gp: 463; KD: 24/13; Score: 179
[Room] Player (Id: 5760; Slot: 1) Exp: 300; Gp: 260; KD: 7/12; Score: 38
[Room] Player (Id: 5767; Slot: 3) Exp: 294; Gp: 254; KD: 6/13; Score: 30
