[Room] Tech id: 1060864
[Room] Room id: 001
[Room] Channel id: 004
[Room] Room name: 'Sinta o headshot!!'
[Room] Room type: Team_DeathMatch
[Room] Room special: None
[Room] Room weapons: Grenade, Melee, Secondary, Primary
[Room] Map name: 'TD_REDROCK'
[Room] Actual players count: 0
[Room] Started battle.
[Room] ;------------------;
[Room] Battle is finished.
[Room] Tech id: 1060864
[Room] Used spawn count: 83
[Room] End Players count: 4
[Room] ;------------------;
[Room] Room result info.
[Room] Player (Id: 5804; Slot: 0) Exp: 400; Gp: 360; KD: 20/19; Score: 125
[Room] Player (Id: 5784; Slot: 1) Exp: 699; Gp: 624; KD: 31/20; Score: 306
[Room] Player (Id: 5802; Slot: 2) Exp: 413; Gp: 373; KD: 17/24; Score: 129
[Room] Player (Id: 5806; Slot: 5) Exp: 428; Gp: 364; KD: 12/17; Score: 86
