[Room] Tech id: 1060865
[Room] Room id: 002
[Room] Channel id: 004
[Room] Room name: 'Sinta o headshot!!'
[Room] Room type: Team_DeathMatch
[Room] Room special: SniperMode
[Room] Room weapons: Grenade, Melee, Secondary, Primary, Mode_SSG69
[Room] Map name: 'TD_AMPERA'
[Room] Actual players count: 0
[Room] Started battle.
[Room] ;------------------;
[Room] Battle is finished.
[Room] Tech id: 1060865
[Room] Used spawn count: 63
[Room] End Players count: 4
[Room] ;------------------;
[Room] Room result info.
[Room] Player (Id: 5784; Slot: 0) Exp: 343; Gp: 303; KD: 9/17; Score: 72
[Room] Player (Id: 5804; Slot: 1) Exp: 426; Gp: 362; KD: 16/13; Score: 91
[Room] Player (Id: 5809; Slot: 2) Exp: 386; Gp: 345; KD: 19/14; Score: 120
[Room] Player (Id: 5760; Slot: 5) Exp: 412; Gp: 349; KD: 15/16; Score: 75
