[Room] Tech id: 1060864
[Room] Room id: 001
[Room] Channel id: 004
[Room] Room name: 'Terra dos mortos!!'
[Room] Room type: Explosion
[Room] Room special: None
[Room] Room weapons: Grenade, Melee, Secondary, Primary
[Room] Map name: 'BB_LUXVILLE'
[Room] Actual players count: 0
[Room] Started battle.
[Room] Round 2 has been started.
[Room] Round 3 has been started.
[Room] Round 4 has been started.
[Room] Round 5 has been started.
[Room] Round 6 has been started.
[Room] Round 7 has been started.
[Room] Round 8 has been started.
[Room] ;------------------;
[Room] Battle is finished.
[Room] Tech id: 1060864
[Room] Used spawn count: 35
[Room] End Players count: 5
[Room] ;------------------;
[Room] Room result info.
[Room] Player (Id: 5007; Slot: 0) Exp: 298; Gp: 253; KD: 8/4; Score: 50
[Room] Player (Id: 5001; Slot: 1) Exp: 265; Gp: 237; KD: 6/5; Score: 64
[Room] Player (Id: 5010; Slot: 3) Exp: 188; Gp: 160; KD: 1/6; Score: 5
[Room] Player (Id: 5006; Slot: 4) Exp: 238; Gp: 195; KD: 4/4; Score: 20
[Room] Player (Id: 5002; Slot: 5) Exp: 105; Gp: 90; KD: 1/2; Score: 10
