[Room] Tech id: 1060864
[Room] Room id: 001
[Room] Channel id: 004
[Room] Room name: 's/dual'
[Room] Room type: Annihilation
[Room] Room special: None
[Room] Room weapons: Melee, Secondary, Primary
[Room] Map name: 'TD_CRACKDOWN'
[Room] Actual players count: 0
[Room] Started battle.
[Room] Round 2 has been started.
[Room] Round 3 has been started.
[Room] ;------------------;
[Room] Battle is finished.
[Room] Tech id: 1060864
[Room] Used spawn count: 6
[Room] End Players count: 2
[Room] ;------------------;
[Room] Room result info.
[Room] Player (Id: 5016; Slot: 1) Exp: 23; Gp: 20; KD: 0/3; Score: 0
[Room] Player (Id: 5001; Slot: 2) Exp: 43; Gp: 39; KD: 3/0; Score: 20
[Room] Player (Id: 5014; Slot: 3) Exp: 0; Gp: 0; KD: 0/0; Score: 0
