[Room] Tech id: 1060865
[Room] Room id: 002
[Room] Channel id: 004
[Room] Room name: 'Go Go Go FireWay!'
[Room] Room type: Team_DeathMatch
[Room] Room special: SniperMode
[Room] Room weapons: Melee, Primary, Mode_SSG69
[Room] Map name: 'TD_NEWLIBRARY'
[Room] Actual players count: 0
[Room] Started battle.
[Room] ;------------------;
[Room] Battle is finished.
[Room] Tech id: 1060865
[Room] Used spawn count: 53
[Room] End Players count: 3
[Room] ;------------------;
[Room] Room result info.
[Room] Player (Id: 5767; Slot: 0) Exp: 280; Gp: 242; KD: 5/16; Score: 28
[Room] Player (Id: 5759; Slot: 1) Exp: 548; Gp: 478; KD: 31/19; Score: 182
[Room] Player (Id: 5760; Slot: 2) Exp: 340; Gp: 300; KD: 14/15; Score: 73
