[Room] Tech id: 1060864
[Room] Room id: 001
[Room] Channel id: 004
[Room] Room name: 'Entra aqui Noob!!'
[Room] Room type: Explosion
[Room] Room special: None
[Room] Room weapons: Grenade, Melee, Secondary, Primary
[Room] Map name: 'BB_FALLUCITY'
[Room] Actual players count: 0
[Room] Started battle.
[Room] Round 2 has been started.
[Room] Round 3 has been started.
[Room] Round 4 has been started.
[Room] Round 5 has been started.
[Room] Round 6 has been started.
[Room] Round 7 has been started.
[Room] ;------------------;
[Room] Battle is finished.
[Room] Tech id: 1060864
[Room] Used spawn count: 34
[Room] End Players count: 5
[Room] ;------------------;
[Room] Room result info.
[Room] Player (Id: 5759; Slot: 0) Exp: 142; Gp: 125; KD: 5/6; Score: 30
[Room] Player (Id: 5802; Slot: 1) Exp: 138; Gp: 112; KD: 1/3; Score: 10
[Room] Player (Id: 5760; Slot: 2) Exp: 71; Gp: 63; KD: 3/2; Score: 20
[Room] Player (Id: 5780; Slot: 3) Exp: 177; Gp: 150; KD: 8/2; Score: 45
[Room] Player (Id: 5804; Slot: 7) Exp: 142; Gp: 118; KD: 2/5; Score: 10
