[Room] Tech id: 1060864
[Room] Room id: 001
[Room] Channel id: 004
[Room] Room name: 'HEROI DE GUERRA'
[Room] Room type: Explosion
[Room] Room special: None
[Room] Room weapons: Grenade, Melee, Secondary, Primary
[Room] Map name: 'BB_DOWNTOWN2'
[Room] Actual players count: 0
[Room] Started battle.
[Room] Round 2 has been started.
[Room] Round 3 has been started.
[Room] Round 4 has been started.
[Room] ;------------------;
[Room] Battle is finished.
[Room] Tech id: 1060864
[Room] Used spawn count: 16
[Room] End Players count: 4
[Room] ;------------------;
[Room] Room result info.
[Room] Player (Id: 5019; Slot: 0) Exp: 80; Gp: 67; KD: 3/1; Score: 15
[Room] Player (Id: 5016; Slot: 1) Exp: 77; Gp: 68; KD: 3/3; Score: 20
[Room] Player (Id: 5001; Slot: 4) Exp: 136; Gp: 121; KD: 3/2; Score: 20
[Room] Player (Id: 5018; Slot: 5) Exp: 57; Gp: 48; KD: 0/3; Score: 0
