[Room] Tech id: 1060864
[Room] Room id: 001
[Room] Channel id: 004
[Room] Room name: 'Terra dos mortos!!'
[Room] Room type: Explosion
[Room] Room special: None
[Room] Room weapons: Grenade, Melee
[Room] Map name: 'BB_LUXVILLE'
[Room] Actual players count: 0
[Room] Started battle.
[Room] Round 2 has been started.
[Room] Round 3 has been started.
[Room] Round 4 has been started.
[Room] Round 5 has been started.
[Room] Round 6 has been started.
[Room] Round 7 has been started.
[Room] Round 8 has been started.
[Room] Round 9 has been started.
[Room] Round 10 has been started.
[Room] Round 11 has been started.
[Room] Round 12 has been started.
[Room] Round 13 has been started.
[Room] Round 14 has been started.
[Room] Round 15 has been started.
[Room] Round 16 has been started.
[Room] Round 17 has been started.
[Room] ;------------------;
[Room] Battle is finished.
[Room] Tech id: 1060864
[Room] Used spawn count: 62
[Room] End Players count: 4
[Room] ;------------------;
[Room] Room result info.
[Room] Player (Id: 5763; Slot: 0) Exp: 838; Gp: 707; KD: 21/8; Score: 119
[Room] Player (Id: 5780; Slot: 1) Exp: 573; Gp: 489; KD: 2/16; Score: 15
[Room] Player (Id: 5760; Slot: 2) Exp: 476; Gp: 405; KD: 5/3; Score: 26
[Room] Player (Id: 5759; Slot: 3) Exp: 596; Gp: 512; KD: 10/10; Score: 51
