[Room] Tech id: 1060864
[Room] Room id: 001
[Room] Channel id: 004
[Room] Room name: 'Go Go Go FireWay!'
[Room] Room type: Team_DeathMatch
[Room] Room special: None
[Room] Room weapons: Melee, Secondary, Primary
[Room] Map name: 'TD_NEWLIBRARY'
[Room] Actual players count: 0
[Room] Started battle.
[Room] ;------------------;
[Room] Battle is finished.
[Room] Tech id: 1060864
[Room] Used spawn count: 37
[Room] End Players count: 3
[Room] ;------------------;
[Room] Room result info.
[Room] Player (Id: 5013; Slot: 0) Exp: 371; Gp: 331; KD: 11/23; Score: 89
[Room] Player (Id: 5036; Slot: 1) Exp: 307; Gp: 248; KD: 2/3; Score: 10
[Room] Player (Id: 5001; Slot: 3) Exp: 525; Gp: 464; KD: 21/8; Score: 218
