[Room] Tech id: 1060864
[Room] Room id: 001
[Room] Channel id: 004
[Room] Room name: 'Sinta o headshot!!'
[Room] Room type: Team_DeathMatch
[Room] Room special: None
[Room] Room weapons: Grenade, Melee
[Room] Map name: 'TD_SAINTMANSION'
[Room] Actual players count: 0
[Room] Started battle.
[Room] ;------------------;
[Room] Battle is finished.
[Room] Tech id: 1060864
[Room] Used spawn count: 47
[Room] End Players count: 3
[Room] ;------------------;
[Room] Room result info.
[Room] Player (Id: 5763; Slot: 0) Exp: 504; Gp: 437; KD: 30/13; Score: 156
[Room] Player (Id: 5788; Slot: 1) Exp: 299; Gp: 258; KD: 6/14; Score: 33
[Room] Player (Id: 5784; Slot: 3) Exp: 308; Gp: 268; KD: 7/18; Score: 35
