[Room] Tech id: 1060865
[Room] Room id: 002
[Room] Channel id: 004
[Room] Room name: 'Go Go Go FireWay!'
[Room] Room type: Team_DeathMatch
[Room] Room special: None
[Room] Room weapons: Melee
[Room] Map name: 'TD_BURNINGHALL'
[Room] Actual players count: 0
[Room] Started battle.
[Room] ;------------------;
[Room] Battle is finished.
[Room] Tech id: 1060865
[Room] Used spawn count: 45
[Room] End Players count: 3
[Room] ;------------------;
[Room] Room result info.
[Room] Player (Id: 5791; Slot: 0) Exp: 598; Gp: 527; KD: 27/13; Score: 235
[Room] Player (Id: 5760; Slot: 1) Exp: 244; Gp: 214; KD: 8/7; Score: 54
[Room] Player (Id: 5780; Slot: 3) Exp: 322; Gp: 282; KD: 5/21; Score: 44
