[Room] Tech id: 1060864
[Room] Room id: 001
[Room] Channel id: 004
[Room] Room name: 'Go Go Go FireWay!'
[Room] Room type: Team_DeathMatch
[Room] Room special: SniperMode
[Room] Room weapons: Melee, Primary, Mode_SSG69
[Room] Map name: 'TD_NEWLIBRARY'
[Room] Actual players count: 0
[Room] Started battle.
[Room] Votekick has been started by 0 (Id: 5780; Nick: SHELBY_1919), (To: 3; Motive: NoManner)
[Room] Votekick result: (Allies: 1; Enemys: 0); Total: (2/1)
[Room] ;------------------;
[Room] Battle is finished.
[Room] Tech id: 1060864
[Room] Used spawn count: 23
[Room] End Players count: 2
[Room] ;------------------;
[Room] Room result info.
[Room] Player (Id: 5802; Slot: 1) Exp: 37; Gp: 29; KD: 0/1; Score: 0
[Room] Player (Id: 5800; Slot: 3) Exp: 222; Gp: 192; KD: 14/5; Score: 70
