[Room] Tech id: 1060865
[Room] Room id: 002
[Room] Channel id: 004
[Room] Room name: 'Go Go Go FireWay!'
[Room] Room type: Team_DeathMatch
[Room] Room special: SniperMode
[Room] Room weapons: Melee, Primary, Mode_SSG69
[Room] Map name: 'TD_NEWLIBRARY'
[Room] Actual players count: 0
[Room] Started battle.
[Room] ;------------------;
[Room] Battle is finished.
[Room] Tech id: 1060865
[Room] Used spawn count: 39
[Room] End Players count: 3
[Room] ;------------------;
[Room] Room result info.
[Room] Player (Id: 5802; Slot: 0) Exp: 356; Gp: 316; KD: 11/25; Score: 71
[Room] Player (Id: 5760; Slot: 1) Exp: 351; Gp: 290; KD: 8/7; Score: 40
[Room] Player (Id: 5804; Slot: 3) Exp: 405; Gp: 341; KD: 17/4; Score: 90
