[Room] Tech id: 1060865
[Room] Room id: 002
[Room] Channel id: 004
[Room] Room name: 'Go Go Go FireWay!'
[Room] Room type: Team_DeathMatch
[Room] Room special: SniperMode
[Room] Room weapons: Grenade, Melee, Secondary, Primary, Mode_SSG69
[Room] Map name: 'TD_NEWLIBRARY'
[Room] Actual players count: 0
[Room] Started battle.
[Room] ;------------------;
[Room] Battle is finished.
[Room] Tech id: 1060865
[Room] Used spawn count: 63
[Room] End Players count: 4
[Room] ;------------------;
[Room] Room result info.
[Room] Player (Id: 5784; Slot: 0) Exp: 417; Gp: 377; KD: 20/35; Score: 114
[Room] Player (Id: 5780; Slot: 2) Exp: 48; Gp: 42; KD: 1/4; Score: 5
[Room] Player (Id: 5798; Slot: 3) Exp: 470; Gp: 404; KD: 24/7; Score: 139
[Room] Player (Id: 5799; Slot: 5) Exp: 403; Gp: 339; KD: 14/14; Score: 70
