[Room] Tech id: 1060864
[Room] Room id: 001
[Room] Channel id: 004
[Room] Room name: 'Terra dos mortos!!'
[Room] Room type: Team_DeathMatch
[Room] Room special: None
[Room] Room weapons: Melee, Secondary, Primary
[Room] Map name: 'TD_MSTATION'
[Room] Actual players count: 0
[Room] Started battle.
[Room] ;------------------;
[Room] Battle is finished.
[Room] Tech id: 1060864
[Room] Used spawn count: 74
[Room] End Players count: 4
[Room] ;------------------;
[Room] Room result info.
[Room] Player (Id: 5780; Slot: 0) Exp: 134; Gp: 117; KD: 1/12; Score: 8
[Room] Player (Id: 5803; Slot: 1) Exp: 628; Gp: 556; KD: 28/15; Score: 257
[Room] Player (Id: 5797; Slot: 2) Exp: 493; Gp: 453; KD: 26/31; Score: 197
[Room] Player (Id: 5784; Slot: 3) Exp: 399; Gp: 342; KD: 15/12; Score: 100
