[Room] Tech id: 1060864
[Room] Room id: 001
[Room] Channel id: 004
[Room] Room name: 'Sinta o headshot!!'
[Room] Room type: Team_DeathMatch
[Room] Room special: None
[Room] Room weapons: Melee, Primary
[Room] Map name: 'TD_BURNINGHALL'
[Room] Actual players count: 0
[Room] Started battle.
[Room] ;------------------;
[Room] Battle is finished.
[Room] Tech id: 1060864
[Room] Used spawn count: 55
[Room] End Players count: 3
[Room] ;------------------;
[Room] Room result info.
[Room] Player (Id: 5784; Slot: 0) Exp: 388; Gp: 348; KD: 12/22; Score: 108
[Room] Player (Id: 5794; Slot: 2) Exp: 290; Gp: 250; KD: 4/15; Score: 23
[Room] Player (Id: 5801; Slot: 3) Exp: 548; Gp: 479; KD: 37/16; Score: 188
