[Room] Tech id: 1060864
[Room] Room id: 001
[Room] Channel id: 004
[Room] Room name: 'Terra dos mortos!!'
[Room] Room type: Team_DeathMatch
[Room] Room special: SniperMode
[Room] Room weapons: Melee, Primary, Mode_SSG69
[Room] Map name: 'TD_NEWLIBRARY'
[Room] Actual players count: 0
[Room] Started battle.
[Room] ;------------------;
[Room] Battle is finished.
[Room] Tech id: 1060864
[Room] Used spawn count: 150
[Room] End Players count: 4
[Room] ;------------------;
[Room] Room result info.
[Room] Player (Id: 5802; Slot: 0) Exp: 697; Gp: 616; KD: 25/44; Score: 136
[Room] Player (Id: 5797; Slot: 1) Exp: 874; Gp: 745; KD: 37/30; Score: 193
[Room] Player (Id: 5784; Slot: 2) Exp: 763; Gp: 683; KD: 38/38; Score: 213
[Room] Player (Id: 5799; Slot: 5) Exp: 931; Gp: 799; KD: 45/34; Score: 233
