[Room] Tech id: 1060864
[Room] Room id: 001
[Room] Channel id: 004
[Room] Room name: 'Sinta o headshot!!'
[Room] Room type: Explosion
[Room] Room special: None
[Room] Room weapons: Melee, Secondary, Primary
[Room] Map name: 'BB_DOWNTOWN2'
[Room] Actual players count: 0
[Room] Started battle.
[Room] Round 2 has been started.
[Room] Round 3 has been started.
[Room] Round 4 has been started.
[Room] Round 5 has been started.
[Room] Round 6 has been started.
[Room] Round 7 has been started.
[Room] Round 8 has been started.
[Room] Round 9 has been started.
[Room] ;------------------;
[Room] Battle is finished.
[Room] Tech id: 1060864
[Room] Used spawn count: 30
[Room] End Players count: 4
[Room] ;------------------;
[Room] Room result info.
[Room] Player (Id: 5799; Slot: 0) Exp: 237; Gp: 201; KD: 7/2; Score: 54
[Room] Player (Id: 5784; Slot: 1) Exp: 265; Gp: 233; KD: 4/5; Score: 20
[Room] Player (Id: 5802; Slot: 2) Exp: 316; Gp: 266; KD: 3/7; Score: 15
[Room] Player (Id: 5797; Slot: 3) Exp: 173; Gp: 152; KD: 5/5; Score: 35
