[Room] Tech id: 1060865
[Room] Room id: 002
[Room] Channel id: 004
[Room] Room name: 'Terra dos mortos!!'
[Room] Room type: Team_DeathMatch
[Room] Room special: None
[Room] Room weapons: Grenade, Melee, Secondary, Primary
[Room] Map name: 'TD_DRAGONALLEY'
[Room] Actual players count: 0
[Room] Started battle.
[Room] ;------------------;
[Room] Battle is finished.
[Room] Tech id: 1060865
[Room] Used spawn count: 60
[Room] End Players count: 4
[Room] ;------------------;
[Room] Room result info.
[Room] Player (Id: 5780; Slot: 0) Exp: 352; Gp: 312; KD: 10/20; Score: 75
[Room] Player (Id: 5784; Slot: 1) Exp: 415; Gp: 351; KD: 12/14; Score: 80
[Room] Player (Id: 5760; Slot: 2) Exp: 344; Gp: 304; KD: 14/13; Score: 80
[Room] Player (Id: 5791; Slot: 3) Exp: 511; Gp: 443; KD: 21/10; Score: 167
