[Aviso] Loaded 63 maps
[Aviso] Loaded 76 charas information
[Aviso] Loaded 20 melee exceptions
[Aviso] Portas abertas! (20/05/18 00:33:49)
[Fire] Obj: 0; Mapa: 17; objeto inválido.
[Player position] X: -64,8125; Y: 3,96875; Z: 0,1784668
[End Bullet position] X: -62,375; Y: 5,410156; Z: 0,2961426
[Fire] Obj: 0; Mapa: 17; objeto inválido.
[Player position] X: -64,5; Y: 3,96875; Z: -0,1201172
[End Bullet position] X: -62,375; Y: 5,492188; Z: 0,06738281
[Fire] Obj: 0; Mapa: 17; objeto inválido.
[Player position] X: -64,3125; Y: 3,96875; Z: -0,2338867
[End Bullet position] X: -62,375; Y: 5,253906; Z: 0,1378174
[Fire] Obj: 0; Mapa: 17; objeto inválido.
[Player position] X: -64,1875; Y: 3,96875; Z: -0,3164063
[End Bullet position] X: -62,375; Y: 5,289063; Z: 0,1334229
[Fire] Obj: 0; Mapa: 17; objeto inválido.
[Player position] X: -64,0625; Y: 3,96875; Z: -0,4067383
[End Bullet position] X: -62,375; Y: 5,304688; Z: 0,0881958
[Fire] Obj: 0; Mapa: 17; objeto inválido.
[Player position] X: -63,9375; Y: 3,96875; Z: -0,4780273
[End Bullet position] X: -62,375; Y: 5,300781; Z: -0,04086304
[Fire] Obj: 0; Mapa: 17; objeto inválido.
[Player position] X: -63,78125; Y: 3,96875; Z: -0,5639648
[End Bullet position] X: -62,375; Y: 5,273438; Z: -0,1391602
[Fire] Obj: 0; Mapa: 17; objeto inválido.
[Player position] X: -63,625; Y: 3,96875; Z: -0,6464844
[End Bullet position] X: -62,3125; Y: 5,261719; Z: -0,2293701
[Fire] Obj: 0; Mapa: 17; objeto inválido.
[Player position] X: -63,5; Y: 3,96875; Z: -0,715332
[End Bullet position] X: -62,15625; Y: 5,257813; Z: -0,2832031
[Fire] Obj: 0; Mapa: 17; objeto inválido.
[Player position] X: -63,34375; Y: 3,96875; Z: -0,7949219
[End Bullet position] X: -61,9375; Y: 5,261719; Z: -0,3024902
[Fire] Obj: 0; Mapa: 17; objeto inválido.
[Player position] X: -63,1875; Y: 3,96875; Z: -0,8598633
[End Bullet position] X: -61,5625; Y: 5,289063; Z: -0,3024902
[Fire] Obj: 0; Mapa: 17; objeto inválido.
[Player position] X: -63,09375; Y: 3,96875; Z: -0,9990234
[End Bullet position] X: -61; Y: 5,34375; Z: -0,3320313
[Fire] Obj: 0; Mapa: 17; objeto inválido.
[Player position] X: -63,03125; Y: 3,96875; Z: -1,141602
[End Bullet position] X: -61; Y: 5,328125; Z: -0,4387207
[Fire] Obj: 0; Mapa: 17; objeto inválido.
[Player position] X: -62,96875; Y: 3,96875; Z: -1,316406
[End Bullet position] X: -62,15625; Y: 5,199219; Z: -1,016602
[Fire] Obj: 0; Mapa: 17; objeto inválido.
[Player position] X: -62,9375; Y: 3,96875; Z: -1,459961
[End Bullet position] X: -62,15625; Y: 5,199219; Z: -1,168945
[Fire] Obj: 0; Mapa: 17; objeto inválido.
[Player position] X: -62,875; Y: 3,96875; Z: -1,605469
[End Bullet position] X: -62,15625; Y: 5,195313; Z: -1,352539
[Fire] Obj: 0; Mapa: 17; objeto inválido.
[Player position] X: -62,8125; Y: 3,96875; Z: -1,777344
[End Bullet position] X: -62,15625; Y: 5,1875; Z: -1,552734
[Fire] Obj: 0; Mapa: 17; objeto inválido.
[Player position] X: -62,78125; Y: 3,96875; Z: -1,925781
[End Bullet position] X: -62,15625; Y: 5,183594; Z: -1,730469
[Fire] Obj: 0; Mapa: 17; objeto inválido.
[Player position] X: -62,78125; Y: 3,96875; Z: -2,074219
[End Bullet position] X: -62,15625; Y: 5,183594; Z: -1,867188
[Fire] Obj: 0; Mapa: 17; objeto inválido.
[Player position] X: -62,78125; Y: 3,96875; Z: -2,255859
[End Bullet position] X: -62,15625; Y: 5,179688; Z: -2,058594
[Fire] Obj: 0; Mapa: 17; objeto inválido.
[Player position] X: -62,8125; Y: 3,96875; Z: -2,404297
[End Bullet position] X: -62,15625; Y: 5,1875; Z: -2,195313
[Fire] Obj: 0; Mapa: 17; objeto inválido.
[Player position] X: -62,875; Y: 3,96875; Z: -2,548828
[End Bullet position] X: -62,15625; Y: 5,191406; Z: -2,304688
[Fire] Obj: 0; Mapa: 17; objeto inválido.
[Player position] X: -62,90625; Y: 3,96875; Z: -2,699219
[End Bullet position] X: -62,15625; Y: 5,195313; Z: -2,439453
[Fire] Obj: 0; Mapa: 17; objeto inválido.
[Player position] X: -62,875; Y: 3,96875; Z: -2,855469
[End Bullet position] X: -62,15625; Y: 5,1875; Z: -2,636719
[Fire] Obj: 0; Mapa: 17; objeto inválido.
[Player position] X: -62,84375; Y: 3,96875; Z: -3,039063
[End Bullet position] X: -62; Y: 5,167969; Z: -2,845703
[Fire] Obj: 0; Mapa: 17; objeto inválido.
[Player position] X: -62,78125; Y: 3,96875; Z: -3,191406
[End Bullet position] X: -60,78125; Y: 5,210938; Z: -2,867188
[Fire] Obj: 0; Mapa: 17; objeto inválido.
[Player position] X: -62,78125; Y: 3,96875; Z: -3,34375
[End Bullet position] X: -60,78125; Y: 5,207031; Z: -3,046875
[Fire] Obj: 0; Mapa: 17; objeto inválido.
[Player position] X: -62,75; Y: 3,96875; Z: -3,498047
[End Bullet position] X: -61,40625; Y: 5,179688; Z: -3,316406
[Fire] Obj: 0; Mapa: 17; objeto inválido.
[Player position] X: -62,71875; Y: 3,96875; Z: -3,681641
[End Bullet position] X: -61,40625; Y: 5,171875; Z: -3,529297
[Fire] Obj: 0; Mapa: 17; objeto inválido.
[Player position] X: -62,71875; Y: 3,96875; Z: -3,841797
[End Bullet position] X: -61,40625; Y: 5,175781; Z: -3,693359
[Fire] Obj: 0; Mapa: 17; objeto inválido.
[Player position] X: -62,65625; Y: 3,96875; Z: -3,982422
[End Bullet position] X: -60,78125; Y: 5,222656; Z: -3,853516
[Fire] Obj: 0; Mapa: 17; objeto inválido.
[Player position] X: -62,53125; Y: 3,96875; Z: -4,109375
[End Bullet position] X: -58,0625; Y: 5,375; Z: -3,904297
[Fire] Obj: 0; Mapa: 17; objeto inválido.
[Player position] X: -62,03125; Y: 3,96875; Z: -4,535156
[End Bullet position] X: -60,78125; Y: 5,203125; Z: -4,472656
[Fire] Obj: 0; Mapa: 17; objeto inválido.
[Player position] X: -61,90625; Y: 3,96875; Z: -4,675781
[End Bullet position] X: -60,78125; Y: 5,199219; Z: -4,59375
[Fire] Obj: 0; Mapa: 17; objeto inválido.
[Player position] X: -61,875; Y: 3,96875; Z: -4,828125
[End Bullet position] X: -60,78125; Y: 5,21875; Z: -4,703125
[Fire] Obj: 0; Mapa: 17; objeto inválido.
[Player position] X: -61,875; Y: 3,96875; Z: -4,988281
[End Bullet position] X: -60,78125; Y: 5,21875; Z: -4,800781
[Fire] Obj: 0; Mapa: 17; objeto inválido.
[Player position] X: -61,84375; Y: 3,96875; Z: -5,140625
[End Bullet position] X: -60,78125; Y: 5,21875; Z: -4,871094
[Fire] Obj: 0; Mapa: 17; objeto inválido.
[Player position] X: -61,78125; Y: 3,96875; Z: -5,316406
[End Bullet position] X: -60,78125; Y: 5,21875; Z: -4,90625
[Fire] Obj: 0; Mapa: 17; objeto inválido.
[Player position] X: -61,71875; Y: 3,96875; Z: -5,460938
[End Bullet position] X: -60,78125; Y: 5,230469; Z: -4,96875
[Fire] Obj: 0; Mapa: 17; objeto inválido.
[Player position] X: -61,65625; Y: 3,96875; Z: -5,597656
[End Bullet position] X: -60,78125; Y: 5,230469; Z: -4,976563
[Fire] Obj: 0; Mapa: 17; objeto inválido.
[Player position] X: -61,5625; Y: 3,96875; Z: -5,746094
[End Bullet position] X: -60,78125; Y: 5,21875; Z: -5,09375
[Fire] Obj: 0; Mapa: 17; objeto inválido.
[Player position] X: -61,4375; Y: 3,96875; Z: -5,863281
[End Bullet position] X: -60,78125; Y: 5,214844; Z: -5,265625
[Fire] Obj: 5; Mapa: 17; objeto inválido.
[Player position] X: 24,60938; Y: 7,972656; Z: -29,79688
[End Bullet position] X: -3,767578; Y: 8,53125; Z: -34,71875
[Fire] Obj: 5; Mapa: 17; objeto inválido.
[Player position] X: 24,60938; Y: 7,972656; Z: -29,79688
[End Bullet position] X: -3,833984; Y: 8,585938; Z: -34,65625
[Fire] Obj: 5; Mapa: 17; objeto inválido.
[Player position] X: 24,60938; Y: 7,972656; Z: -29,79688
[End Bullet position] X: -3,796875; Y: 8,523438; Z: -34,65625
[Fire] Obj: 5; Mapa: 17; objeto inválido.
[Player position] X: 24,60938; Y: 7,972656; Z: -29,79688
[End Bullet position] X: -3,800781; Y: 8,539063; Z: -34,65625
[Fire] Obj: 5; Mapa: 17; objeto inválido.
[Player position] X: 24,60938; Y: 7,972656; Z: -29,79688
[End Bullet position] X: -3,816406; Y: 8,539063; Z: -34,65625
[Fire] Obj: 5; Mapa: 17; objeto inválido.
[Player position] X: 14,75781; Y: 7,972656; Z: -34,1875
[End Bullet position] X: -4,59375; Y: 8,640625; Z: -33,65625
[Fire] Obj: 5; Mapa: 17; objeto inválido.
[Player position] X: 10,78906; Y: 7,972656; Z: -34,0625
[End Bullet position] X: -4,664063; Y: 8,828125; Z: -33,625
[Fire] Obj: 5; Mapa: 17; objeto inválido.
[Player position] X: 7,285156; Y: 7,972656; Z: -33,9375
[End Bullet position] X: -5,105469; Y: 8,75; Z: -33,0625
[Fire] Obj: 5; Mapa: 17; objeto inválido.
[Player position] X: 4,730469; Y: 7,972656; Z: -33,75
[End Bullet position] X: -5,125; Y: 8,867188; Z: -33,09375
[Fire] Obj: 5; Mapa: 17; objeto inválido.
[Player position] X: -4,082031; Y: 8,835938; Z: -34,75
[End Bullet position] X: -5,082031; Y: 8,984375; Z: -34,34375
[Fire] Obj: 5; Mapa: 17; objeto inválido.
[Player position] X: -5,976563; Y: 9,5625; Z: -33,625
[End Bullet position] X: -6,207031; Y: 9,382813; Z: -32,96875
[Fire] Obj: 5; Mapa: 17; objeto inválido.
[Player position] X: -5,824219; Y: 9,546875; Z: -33,5625
[End Bullet position] X: -5,757813; Y: 9,5625; Z: -33,28125
[Fire] Obj: 5; Mapa: 17; objeto inválido.
[Player position] X: -5,839844; Y: 9,539063; Z: -33,625
[End Bullet position] X: -5,785156; Y: 9,492188; Z: -33,375
