[Aviso] Loaded 63 maps
[Aviso] Loaded 76 charas information
[Aviso] Loaded 20 melee exceptions
[Aviso] Portas abertas! (20/06/02 00:58:35)
[ActionBuffer]: 00-08-14-00-01-40-A2-00-2F-47-E7-D7-00-00-03-00-41-00-02-01-00-00-C0-03-04-00-1E-00-3C-00-02-10-B3-C0-F2-3C-39-C2-00-00-00-00
[DropWeapon] Flag: 192; Class: Assault; Id: 4
[ActionBuffer]: 00-48-14-00-CB-BD-73-36-C1-46-DE-D8-1A-49-03-00-41-00-02-01-00-00-C1-03-04-00-13-00-3C-00-03-1D-5F-36-AB-B4-F5-3A-00-00-00-00
[DropWeapon] Flag: 193; Class: Assault; Id: 4
[ActionBuffer]: 00-08-14-00-F0-1F-5F-B4-1C-3B-43-C8-7D-D3-30-CC-03-00-41-00-02-01-00-00-C2-03-04-00-14-00-3C-00-03-1D-DF-3A-B3-29-14-B8-00-00-00-00
[DropWeapon] Flag: 194; Class: Assault; Id: 4
[ActionBuffer]: 00-08-14-00-F0-1F-5E-A9-E7-3A-A9-C2-A8-D8-13-D0-03-00-41-00-02-01-00-00-C3-03-04-00-1A-00-3C-00-03-1D-49-38-FC-29-BF-3A-00-00-00-00
[DropWeapon] Flag: 195; Class: Assault; Id: 4
[ActionBuffer]: 00-08-14-00-F0-1F-FC-B7-7B-3B-5C-43-3E-58-4F-BF-03-00-41-00-02-01-00-00-C4-03-04-00-1A-00-3C-00-03-1D-90-B9-0A-27-BF-39-00-00-00-00
[DropWeapon] Flag: 196; Class: Assault; Id: 4
[ActionBuffer]: 00-08-14-00-B1-BE-0B-3B-79-43-55-58-D4-CC-03-00-41-00-02-01-00-00-C6-03-04-00-1B-00-3C-00-01-13-41-B9-92-A4-08-3A-00-00-00-00
[DropWeapon] Flag: 198; Class: Assault; Id: 4
[ActionBuffer]: 00-08-14-00-02-BA-66-3B-73-41-58-58-1E-CF-03-00-41-00-02-01-00-00-C5-03-04-00-17-00-3C-00-03-1D-36-B9-05-2A-0F-3A-00-00-00-00
[DropWeapon] Flag: 197; Class: Assault; Id: 4
[ActionBuffer]: 00-08-14-00-F0-1F-CC-C6-64-42-29-C8-3E-58-11-D3-03-00-41-00-02-01-00-00-C0-04-06-00-17-00-5A-00-01-21-78-B8-C2-2F-90-3A-00-00-00-00
[DropWeapon] Flag: 192; Class: SMG; Id: 6
[ActionBuffer]: 00-08-14-00-8A-C7-C0-3C-0D-CC-F3-D5-81-CD-02-00-41-00-02-01-00-00-C1-03-04-00-17-00-3C-00-01-18-FB-3B-B7-A3-94-2C-00-00-00-00
[DropWeapon] Flag: 193; Class: Assault; Id: 4
[ActionBuffer]: 00-08-14-00-74-40-2F-3A-85-47-59-D6-2D-C8-03-00-41-00-02-01-00-00-C2-04-06-00-1E-00-5A-00-01-0E-CD-3B-B3-A6-09-33-00-00-00-00
[DropWeapon] Flag: 194; Class: SMG; Id: 6
[ActionBuffer]: 00-08-14-00-FF-BC-7F-3A-90-3F-2F-4E-A4-C8-03-00-41-00-02-01-00-00-C3-03-04-00-17-00-3C-00-01-1B-C8-B6-C0-20-3F-BB-00-00-00-00
[DropWeapon] Flag: 195; Class: Assault; Id: 4
[ActionBuffer]: 00-08-14-00-F0-1F-3F-44-1E-3B-9D-4B-72-58-0B-CA-03-00-41-00-02-01-00-00-C4-04-06-00-18-00-5A-00-01-1A-EE-B8-C9-24-4D-3A-00-00-00-00
[DropWeapon] Flag: 196; Class: SMG; Id: 6
[ActionBuffer]: 00-08-14-00-8B-C6-15-3B-B9-45-51-54-8B-CB-03-00-41-00-02-01-00-00-C5-03-04-00-12-00-3C-00-01-13-7C-BB-E0-A2-A6-B5-00-00-00-00
[DropWeapon] Flag: 197; Class: Assault; Id: 4
[ActionBuffer]: 00-08-14-00-21-C4-C7-39-3F-4C-74-59-AF-C7-03-00-41-00-02-01-00-00-C6-03-04-00-1B-00-3C-00-01-1F-11-AD-73-89-FA-3B-00-00-00-00
[DropWeapon] Flag: 198; Class: Assault; Id: 4
[ActionBuffer]: 00-08-14-00-F0-1F-37-C3-10-3B-36-4C-94-D8-9A-D1-04-00-41-00-02-01-00-00-C7-03-04-00-17-00-3C-00-03-1D-AC-38-48-25-7E-3A-00-00-00-00
[DropWeapon] Flag: 199; Class: Assault; Id: 4
[ActionBuffer]: 04-08-14-00-7C-C4-60-00-FC-4B-34-C2-60-CB-04-00-0C-FF-FF-C1-27-02-01-00-00-C8-06-58-00-06-00-36-00-51-18-EA-B5-92-B8-DD-B9-00-00-00-00
[DropWeapon] Flag: 200; Class: Shotgun; Id: 88
[ActionBuffer]: 00-08-14-00-E4-BD-1D-3B-34-47-E5-D5-7D-C7-03-00-41-00-02-01-00-00-C9-03-04-00-1A-00-3C-00-01-21-FC-3B-44-14-20-2C-00-00-00-00
[DropWeapon] Flag: 201; Class: Assault; Id: 4
[ActionBuffer]: 00-08-14-00-45-BC-75-00-90-4A-B5-D8-E8-C7-03-00-41-00-02-01-00-00-CA-03-04-00-1B-00-1E-00-01-10-DA-37-E2-A8-F7-3A-00-00-00-00
[DropWeapon] Flag: 202; Class: Assault; Id: 4
[ActionBuffer]: 00-08-11-00-71-C6-24-3A-B6-43-7B-51-D5-CA-03-00-00-00-41-00-02-01-00-00-CB-03-04-00-13-00-3C-00-01-1A-89-B9-0E-94-C7-B9-00-00-00-00
[DropWeapon] Flag: 203; Class: Assault; Id: 4
[ActionBuffer]: 00-08-14-00-D6-3E-1E-3B-B2-CC-90-BF-4A-CD-02-00-41-00-02-01-00-00-CC-03-04-00-05-00-3C-00-01-22-C2-2B-97-AE-F1-BB-00-00-00-00
[DropWeapon] Flag: 204; Class: Assault; Id: 4
[ActionBuffer]: 00-08-14-00-49-43-B1-3A-E0-C4-D2-57-04-C9-03-00-41-00-02-01-00-00-CD-03-04-00-1A-00-3C-00-01-10-88-BA-08-AB-99-38-00-00-00-00
[DropWeapon] Flag: 205; Class: Assault; Id: 4
[ActionBuffer]: 00-08-14-00-AB-C5-F9-31-37-CB-10-D9-D5-C3-02-00-C1-01-12-01-00-00-EE-22-03-00-03-00-00-00-11-18-0F-2E-9E-B6-3E-3B-00-00-00-00
[DropWeapon] Flag: 238; Class: 34; Id: 3
[ActionBuffer]: 00-08-14-00-F0-1F-F9-BF-13-3B-09-48-07-59-F0-40-02-00-41-00-02-01-00-00-C0-03-04-00-05-00-3C-00-03-1D-31-B5-44-AD-8A-3B-00-00-00-00
[DropWeapon] Flag: 192; Class: Assault; Id: 4
[ActionBuffer]: 00-08-14-00-F0-1F-89-C3-D8-3A-12-CC-3C-56-35-46-02-00-41-00-02-01-00-00-C1-03-04-00-1B-00-3C-00-01-06-A2-BB-4F-B3-3A-32-00-00-00-00
[DropWeapon] Flag: 193; Class: Assault; Id: 4
[ActionBuffer]: 00-08-14-00-F0-1F-42-C5-FB-3A-DB-46-F2-57-17-CA-03-00-00-00-41-00-02-01-00-00-C2-03-04-00-0B-00-3C-00-01-11-5E-BA-9D-A8-D5-38-00-00-00-00
[DropWeapon] Flag: 194; Class: Assault; Id: 4
[ActionBuffer]: 00-08-14-00-F0-1F-F9-46-D1-3A-76-48-67-D9-51-D1-03-00-41-00-02-01-00-00-C3-04-06-00-13-00-5A-00-01-1F-EE-33-41-26-C0-3B-00-00-00-00
[DropWeapon] Flag: 195; Class: SMG; Id: 6
[ActionBuffer]: 00-08-14-00-D8-BE-DB-42-A8-4C-08-59-F9-D4-04-00-41-00-02-01-00-00-C4-03-04-00-10-00-3C-00-01-04-6E-AC-A8-3A-67-38-00-00-00-00
[DropWeapon] Flag: 196; Class: Assault; Id: 4
[ActionBuffer]: 00-08-14-00-A2-44-C8-3C-34-4E-57-57-6D-CC-04-00-41-00-02-01-00-00-C5-03-04-00-11-00-3C-00-01-1A-17-BB-30-2D-4D-37-00-00-00-00
[DropWeapon] Flag: 197; Class: Assault; Id: 4
[ActionBuffer]: 00-08-14-00-B7-44-17-3B-9C-4C-21-52-C4-CA-04-00-41-00-02-01-00-00-C6-04-06-00-1B-00-5A-00-01-12-0C-BA-85-A7-3C-B9-00-00-00-00
[DropWeapon] Flag: 198; Class: SMG; Id: 6
[ActionBuffer]: 00-08-14-00-F0-1F-84-43-1F-3B-99-4A-BC-4F-26-C7-04-00-41-00-02-01-00-00-C7-03-04-00-1B-00-3C-00-01-1E-25-B8-B4-99-D8-BA-00-00-00-00
[DropWeapon] Flag: 199; Class: Assault; Id: 4
[ActionBuffer]: 04-08-14-00-BC-46-57-00-47-4D-0E-CE-BA-C4-04-00-C1-27-02-01-00-00-C8-06-58-00-0A-00-36-00-11-18-A0-37-AA-AE-FC-BA-00-00-00-00
[DropWeapon] Flag: 200; Class: Shotgun; Id: 88
[ActionBuffer]: 00-08-14-00-6F-3C-63-3D-FA-38-93-D4-6E-3C-06-00-41-00-02-01-00-00-C9-03-04-00-11-00-3C-00-01-01-9E-3B-61-AF-86-B4-00-00-00-00
[DropWeapon] Flag: 201; Class: Assault; Id: 4
[ActionBuffer]: 00-08-14-00-F0-1F-00-CA-0E-3B-DB-46-59-D6-92-47-06-00-41-00-02-01-00-00-CA-03-04-00-1B-00-3C-00-01-1B-76-3B-F7-B4-E9-31-00-00-00-00
[DropWeapon] Flag: 202; Class: Assault; Id: 4
[ActionBuffer]: 00-08-14-00-37-C3-84-3A-D8-43-A7-D4-B8-C0-03-00-41-00-02-01-00-00-CB-04-06-00-13-00-5A-00-01-04-8C-3B-A3-B1-81-B4-00-00-00-00
[DropWeapon] Flag: 203; Class: SMG; Id: 6
[ActionBuffer]: 00-08-14-00-70-C5-10-3B-49-4B-AA-56-6D-D0-04-00-41-00-02-01-00-00-CC-03-04-00-17-00-3C-00-01-1F-58-BB-A5-2B-45-36-00-00-00-00
[DropWeapon] Flag: 204; Class: Assault; Id: 4
[ActionBuffer]: 00-08-14-00-F0-1F-5F-BB-40-3A-C7-46-51-D6-43-CC-03-00-41-00-02-01-00-00-CD-04-06-00-17-00-5A-00-01-11-D7-3B-D1-AB-09-32-00-00-00-00
[DropWeapon] Flag: 205; Class: SMG; Id: 6
[ActionBuffer]: 04-08-14-00-66-BC-58-00-83-4C-FE-51-1E-52-04-00-01-FF-FF-C1-27-02-01-00-00-CE-06-58-00-11-00-31-00-31-1A-77-AC-67-B9-DF-39-00-00-00-00
[DropWeapon] Flag: 206; Class: Shotgun; Id: 88
[ActionBuffer]: 00-08-14-00-44-C8-A0-3C-9A-B3-41-58-3D-BB-02-00-41-00-02-2E-00-00-C0-03-04-00-19-00-3C-00-03-1D-87-B9-AD-A8-C7-39-00-00-00-00
[DropWeapon] Flag: 192; Class: Assault; Id: 4
[ActionBuffer]: 00-08-14-00-83-44-44-3C-FA-C5-60-D9-D1-C3-02-00-41-00-02-2E-00-00-C1-04-06-00-1E-00-5A-00-01-1A-F0-30-98-B0-D2-3B-00-00-00-00
[DropWeapon] Flag: 193; Class: SMG; Id: 6
[ActionBuffer]: 00-08-14-00-F0-1F-06-43-5A-40-E0-4A-90-59-20-C7-03-00-41-00-02-2E-00-00-C2-03-04-00-13-00-3C-00-01-1B-0D-A8-04-2C-FB-3B-00-00-00-00
[DropWeapon] Flag: 194; Class: Assault; Id: 4
[ActionBuffer]: 00-08-14-00-51-BC-59-40-E4-4E-3D-59-9F-C6-03-00-41-00-02-2E-00-00-C3-03-04-00-15-00-3C-00-03-1D-CC-B2-E9-2B-CD-3B-00-00-00-00
[DropWeapon] Flag: 195; Class: Assault; Id: 4
[ActionBuffer]: 00-08-14-00-F0-1F-CA-B5-20-40-A6-4D-F6-58-3F-C9-04-00-41-00-02-2E-00-00-C4-04-06-00-0E-00-5A-00-01-10-CD-B5-CD-AB-71-3B-00-00-00-00
[DropWeapon] Flag: 196; Class: SMG; Id: 6
[ActionBuffer]: 00-08-14-00-F0-1F-47-C0-52-3C-16-50-39-59-8F-C1-04-00-41-00-02-2E-00-00-C5-03-04-00-1B-00-3C-00-01-13-10-B3-22-A8-CC-3B-00-00-00-00
[DropWeapon] Flag: 197; Class: Assault; Id: 4
[ActionBuffer]: 00-08-14-00-97-BF-56-40-E5-4E-A0-57-53-C6-04-00-41-00-02-2E-00-00-C6-03-04-00-11-00-3C-00-01-12-CA-BA-96-A3-3A-38-00-00-00-00
[DropWeapon] Flag: 198; Class: Assault; Id: 4
[ActionBuffer]: 00-08-14-00-49-C4-56-40-6F-4E-AB-4E-25-D4-04-00-41-00-02-2E-00-00-C7-04-06-00-1A-00-5A-00-01-13-A1-B7-75-B3-C8-BA-00-00-00-00
[DropWeapon] Flag: 199; Class: SMG; Id: 6
[ActionBuffer]: 00-08-14-00-F0-1F-2B-40-A3-3C-86-48-A8-4F-86-CC-03-00-41-00-02-2E-00-00-C8-03-04-00-17-00-3C-00-03-1D-15-B8-A3-AD-D8-BA-00-00-00-00
[DropWeapon] Flag: 200; Class: Assault; Id: 4
[ActionBuffer]: 00-08-11-00-74-37-03-40-1B-4E-49-59-A4-C7-03-00-41-00-02-2E-00-00-C9-04-06-00-1B-00-5A-00-03-1D-2B-B2-B0-2B-D6-3B-00-00-00-00
[DropWeapon] Flag: 201; Class: SMG; Id: 6
[ActionBuffer]: 00-08-14-00-87-C4-99-3C-32-C8-D7-50-F0-C5-03-00-41-00-02-2E-00-00-CA-03-04-00-0C-00-3C-00-01-06-29-B9-25-96-1D-BA-00-00-00-00
[DropWeapon] Flag: 202; Class: Assault; Id: 4
[ActionBuffer]: 00-08-14-00-4C-C7-5A-40-1D-4E-77-56-8B-C2-07-00-41-00-02-2E-00-00-CB-03-04-00-17-00-3C-00-03-1D-C7-BB-5B-21-7E-33-00-00-00-00
[DropWeapon] Flag: 203; Class: Assault; Id: 4
[ActionBuffer]: 00-08-14-00-F0-1F-24-44-55-40-7B-4C-FD-55-CD-C6-07-00-41-00-02-2E-00-00-CC-03-04-00-1A-00-3C-00-03-1D-F4-BB-27-25-B9-2E-00-00-00-00
[DropWeapon] Flag: 204; Class: Assault; Id: 4
[ActionBuffer]: 00-08-14-00-F0-1F-40-C7-36-40-B7-4B-2F-D9-00-00-07-00-41-00-02-2E-00-00-CD-03-04-00-1E-00-3C-00-02-10-A0-42-60-40-C3-3D-00-00-00-00
[DropWeapon] Flag: 205; Class: Assault; Id: 4
[ActionBuffer]: 00-08-14-00-F0-1F-6E-3D-9C-3C-66-48-C5-56-9C-BE-07-00-41-00-02-2E-00-00-CE-04-06-00-16-00-5A-00-03-1D-94-BB-AB-AA-0D-35-00-00-00-00
[DropWeapon] Flag: 206; Class: SMG; Id: 6
[ActionBuffer]: 00-08-11-00-33-46-B2-3C-11-45-33-57-CC-C5-03-00-41-00-02-2E-00-00-CF-03-04-00-11-00-3C-00-03-1D-21-BB-BF-B0-DC-36-00-00-00-00
[DropWeapon] Flag: 207; Class: Assault; Id: 4
[ActionBuffer]: 00-08-14-00-F0-1F-38-45-FD-3E-5C-48-16-58-FF-C6-03-00-00-00-41-00-02-2E-00-00-D0-03-04-00-0B-00-3C-00-01-10-07-BA-4B-AE-33-39-00-00-00-00
[DropWeapon] Flag: 208; Class: Assault; Id: 4
[ActionBuffer]: 00-08-14-00-2C-3A-A2-3C-EF-38-C6-D8-64-C6-03-00-41-00-02-2E-00-00-D1-03-04-00-18-00-3C-00-01-22-34-37-D3-A7-24-3B-00-00-00-00
[DropWeapon] Flag: 209; Class: Assault; Id: 4
[ActionBuffer]: 00-08-14-00-F0-1F-5E-B8-55-40-D3-CB-21-D8-13-CD-02-00-41-00-02-2E-00-00-D2-04-06-00-18-00-5A-00-01-12-E5-39-27-AA-65-39-00-00-00-00
[DropWeapon] Flag: 210; Class: SMG; Id: 6
[ActionBuffer]: 00-08-14-00-F0-1F-A7-43-54-40-44-CA-20-D7-12-C8-02-00-41-00-02-2E-00-00-D3-03-04-00-1B-00-3C-00-01-18-55-3B-25-A9-5D-36-00-00-00-00
[DropWeapon] Flag: 211; Class: Assault; Id: 4
[ActionBuffer]: 92-3B-2D-40-A8-CB-5A-D5-22-D4-02-00-00-00-02-11-11-2E-94-03-13-01-17-00-40-00
[DropWeapon] Flag: 148; Class: Assault; Id: 275
[ActionBuffer]: 00-08-91-00-F3-BC-24-3D-EF-CB-0E-59-72-D1-02-00-02-11-11-2E-95-03-13-01-17-00-40-00
[DropWeapon] Flag: 149; Class: Assault; Id: 275
[ActionBuffer]: 00-08-14-00-F0-1F-BB-C4-9E-3C-98-C1-6C-58-33-C1-02-00-41-00-02-2E-00-00-D6-03-04-00-16-00-3C-00-01-06-CF-B8-C3-A9-62-3A-00-00-00-00
[DropWeapon] Flag: 214; Class: Assault; Id: 4
[ActionBuffer]: 00-08-14-00-F0-1F-A8-C3-B8-3E-AF-C4-5B-58-A4-C4-02-00-41-00-02-2E-00-00-D7-04-03-00-16-00-B4-00-01-18-2B-B9-D9-A8-1A-3A-00-00-00-00
[DropWeapon] Flag: 215; Class: SMG; Id: 3
[ActionBuffer]: 00-08-11-00-F0-1F-1F-BF-06-3C-3B-C4-AA-58-50-C0-02-00-41-00-02-2E-00-00-D8-03-04-00-1C-00-3C-00-01-11-14-B8-3F-AD-DA-3A-00-00-00-00
[DropWeapon] Flag: 216; Class: Assault; Id: 4
[ActionBuffer]: 00-08-11-00-57-49-5A-40-29-4D-2C-59-DF-C1-06-00-41-00-02-2E-00-00-D9-03-04-00-1C-00-3C-00-01-1B-FF-B3-37-20-BF-3B-00-00-00-00
[DropWeapon] Flag: 217; Class: Assault; Id: 4
[ActionBuffer]: 00-08-14-00-33-44-9C-3C-D9-3F-9B-56-88-D2-03-00-41-00-02-2E-00-00-DA-03-04-00-1C-00-3C-00-01-13-93-BB-9A-B0-9B-34-00-00-00-00
[DropWeapon] Flag: 218; Class: Assault; Id: 4
[ActionBuffer]: 00-08-14-00-F0-1F-B3-48-59-40-8F-CE-1E-59-2C-CF-01-00-41-00-02-2E-00-00-DB-04-03-00-02-00-B4-00-01-18-EB-B3-D2-20-C0-3B-00-00-00-00
[DropWeapon] Flag: 219; Class: SMG; Id: 3
[ActionBuffer]: 00-08-14-00-F0-1F-3B-B8-C8-3F-55-C4-ED-58-C1-C1-02-00-41-00-02-2E-00-00-DC-03-04-00-16-00-3C-00-01-18-08-B6-EF-A7-68-3B-00-00-00-00
[DropWeapon] Flag: 220; Class: Assault; Id: 4
[ActionBuffer]: 00-08-14-00-F0-1F-20-C0-A2-3C-39-47-30-59-F2-B4-02-00-41-00-02-2E-00-00-FD-02-03-00-0C-00-24-00-01-14-B3-B3-39-A8-C3-3B-00-00-00-00
[DropWeapon] Flag: 253; Class: HandGun; Id: 3
[ActionBuffer]: 0D-BC-96-3C-6F-42-3A-59-0F-C5-03-00-41-00-02-2E-00-00-DE-03-04-00-18-00-3C-00-01-13-0A-B3-14-9D-CE-3B-00-00-00-00
[DropWeapon] Flag: 222; Class: Assault; Id: 4
[ActionBuffer]: 00-08-14-00-F0-1F-D5-C5-21-3C-77-B0-98-59-00-00-03-00-41-00-02-2E-00-00-DF-04-03-00-1E-00-96-00-01-13-CB-32-12-A8-D0-3B-00-00-00-00
[DropWeapon] Flag: 223; Class: SMG; Id: 3
[ActionBuffer]: 00-08-14-00-F0-1F-89-AB-91-3C-AA-46-F3-D8-9B-D1-03-00-41-00-02-2E-00-00-C0-03-04-00-18-00-3C-00-01-13-E5-35-F0-AE-63-3B-00-00-00-00
[DropWeapon] Flag: 192; Class: Assault; Id: 4
[ActionBuffer]: 00-08-14-00-F0-1F-F7-B4-5C-3E-81-CB-CD-57-32-CC-02-00-41-00-02-2E-00-00-C0-03-04-00-1D-00-3C-00-01-13-7F-BA-4E-31-7A-38-00-00-00-00
[DropWeapon] Flag: 192; Class: Assault; Id: 4
[ActionBuffer]: 00-48-14-00-34-C8-73-36-42-CB-4B-57-9E-C6-02-00-41-00-02-2E-00-00-C1-03-04-00-0E-00-3C-00-03-1D-22-BB-5F-A8-3B-37-00-00-00-00
[DropWeapon] Flag: 193; Class: Assault; Id: 4
[ActionBuffer]: 00-08-14-00-39-CA-C8-00-5E-C3-6F-4C-A8-BF-03-00-81-31-02-2E-00-00-C2-04-95-02-07-00-E1-00-31-18-08-B9-CE-B6-35-B9-00-00-00-00
[DropWeapon] Flag: 194; Class: SMG; Id: 661
[ActionBuffer]: 00-08-14-00-F0-1F-24-C8-10-3B-62-CC-7F-57-55-D1-02-00-41-00-02-2E-00-00-C3-03-04-00-17-00-3C-00-03-1D-C8-BA-23-2A-3B-38-00-00-00-00
[DropWeapon] Flag: 195; Class: Assault; Id: 4
[ActionBuffer]: 00-08-14-00-F0-1F-E7-4C-39-42-EF-C5-B5-D5-91-BD-03-00-41-00-02-2E-00-00-C4-04-06-00-1B-00-5A-00-01-22-FE-3B-E9-A8-8B-26-00-00-00-00
[DropWeapon] Flag: 196; Class: SMG; Id: 6
[ActionBuffer]: 00-08-14-00-20-4A-1A-3B-DF-C6-61-D5-3C-43-03-00-41-00-02-2E-00-00-C5-03-04-00-14-00-3C-00-03-1D-EC-3B-C4-AF-80-AC-00-00-00-00
[DropWeapon] Flag: 197; Class: Assault; Id: 4
[ActionBuffer]: 00-08-14-00-F0-1F-1E-B8-1F-3B-80-C3-B1-D6-E7-48-03-00-41-00-02-2E-00-00-C6-04-06-00-16-00-5A-00-03-1D-30-3B-88-B5-53-34-00-00-00-00
[DropWeapon] Flag: 198; Class: SMG; Id: 6
[ActionBuffer]: 00-08-14-00-F0-1F-C4-C0-BF-3D-4F-46-7D-D9-14-CC-03-00-41-00-02-2E-00-00-C7-03-04-00-0C-00-3C-00-01-13-1D-2D-75-30-E5-3B-00-00-00-00
[DropWeapon] Flag: 199; Class: Assault; Id: 4
[ActionBuffer]: 00-08-14-00-F0-1F-23-C1-B9-42-59-4D-97-59-03-CD-03-00-41-00-02-2E-00-00-C8-03-04-00-0E-00-1E-00-01-06-95-21-DF-32-D0-3B-00-00-00-00
[DropWeapon] Flag: 200; Class: Assault; Id: 4
[ActionBuffer]: 00-08-14-00-2B-C2-17-3B-A9-4A-58-59-AB-CA-03-00-41-00-02-2E-00-00-C9-03-04-00-1B-00-3C-00-01-13-FE-B0-AF-9F-E7-3B-00-00-00-00
[DropWeapon] Flag: 201; Class: Assault; Id: 4
[ActionBuffer]: 00-08-11-00-F3-BB-67-3A-96-44-54-D5-3A-C9-03-00-41-00-02-2E-00-00-CA-04-06-00-1E-00-5A-00-01-12-F8-3B-3B-A8-60-AD-00-00-00-00
[DropWeapon] Flag: 202; Class: SMG; Id: 6
[ActionBuffer]: 04-08-14-00-34-C6-9A-00-EA-45-9B-50-2D-BD-03-00-81-31-02-2E-00-00-CB-03-13-01-1F-00-87-00-71-10-FB-2A-2C-B5-8F-3B-00-00-00-00
[DropWeapon] Flag: 203; Class: Assault; Id: 275
[ActionBuffer]: 00-08-14-00-B8-C5-53-3B-13-CC-06-57-79-D2-02-00-41-00-02-2E-00-00-CC-03-04-00-0B-00-3C-00-01-13-5A-BB-4A-B0-ED-35-00-00-00-00
[DropWeapon] Flag: 204; Class: Assault; Id: 4
[ActionBuffer]: 00-08-14-00-34-3F-94-00-B7-48-71-57-00-00-02-00-41-00-02-2E-00-00-CD-03-04-00-1A-00-3C-00-02-10-6A-45-F6-3C-32-C0-00-00-00-00
[DropWeapon] Flag: 205; Class: Assault; Id: 4
[ActionBuffer]: 00-08-14-00-25-C2-83-00-5F-49-F6-4E-00-00-02-00-41-00-02-2E-00-00-CE-03-04-00-1B-00-3C-00-02-10-10-38-3B-3D-7A-B5-00-00-00-00
[DropWeapon] Flag: 206; Class: Assault; Id: 4
[ActionBuffer]: 00-08-14-00-BC-C4-66-3A-F6-CB-39-58-84-D1-02-00-41-00-02-2E-00-00-CF-03-04-00-0A-00-3C-00-03-1D-74-B9-39-AA-D7-39-00-00-00-00
[DropWeapon] Flag: 207; Class: Assault; Id: 4
[ActionBuffer]: 00-08-14-00-4A-C8-72-3A-14-CB-75-58-42-CC-02-00-41-00-02-2E-00-00-D0-04-06-00-1E-00-5A-00-01-13-DD-B8-08-A7-59-3A-00-00-00-00
[DropWeapon] Flag: 208; Class: SMG; Id: 6
[ActionBuffer]: 00-08-14-00-F0-1F-41-C8-6B-3B-68-CA-A4-D8-3D-C4-02-00-41-00-02-2E-00-00-D1-03-04-00-09-00-3C-00-03-1D-39-38-88-2B-C7-3A-00-00-00-00
[DropWeapon] Flag: 209; Class: Assault; Id: 4
[ActionBuffer]: 00-08-14-00-F0-1F-74-47-BE-39-C0-C7-DD-57-F7-CF-03-00-41-00-02-2E-00-00-D2-03-04-00-1B-00-3C-00-01-1F-0B-BA-1F-A8-3D-39-00-00-00-00
[DropWeapon] Flag: 210; Class: Assault; Id: 4
[ActionBuffer]: 00-08-14-00-76-C9-93-3A-15-C8-80-D4-00-00-03-00-41-00-02-2E-00-00-F3-02-01-00-07-00-15-00-01-13-F1-BB-CA-A3-C3-AF-00-00-00-00
[DropWeapon] Flag: 243; Class: HandGun; Id: 1
[ActionBuffer]: 00-48-14-00-78-B7-6F-36-B8-C1-40-55-4B-CD-03-00-41-00-02-2E-00-00-D4-03-04-00-07-00-3C-00-03-1D-DD-BB-4F-B1-41-AD-00-00-00-00
[DropWeapon] Flag: 212; Class: Assault; Id: 4
[ActionBuffer]: 00-08-14-00-D6-45-71-3B-CD-C4-B1-D5-FB-BF-03-00-41-00-02-2E-00-00-D5-03-04-00-0C-00-3C-00-01-13-FF-3B-1F-A3-B4-24-00-00-00-00
[DropWeapon] Flag: 213; Class: Assault; Id: 4
[ActionBuffer]: 00-08-14-00-D5-46-91-3A-14-C4-3D-D7-BD-CB-03-00-41-00-02-2E-00-00-D6-03-04-00-17-00-3C-00-01-13-32-3B-BD-A7-FB-36-00-00-00-00
[DropWeapon] Flag: 214; Class: Assault; Id: 4
[ActionBuffer]: 00-08-14-00-F0-1F-B6-C5-1E-3B-77-46-05-58-1E-C8-03-00-00-00-41-00-02-2E-00-00-D7-03-04-00-19-00-3C-00-01-13-3E-BA-CF-9D-01-39-00-00-00-00
[DropWeapon] Flag: 215; Class: Assault; Id: 4
[ActionBuffer]: 00-08-14-00-F0-1F-B1-C1-A2-3A-7C-49-F0-CE-4B-D3-04-00-41-00-02-2E-00-00-D8-03-04-00-1D-00-3C-00-01-13-15-37-2E-B3-F2-BA-00-00-00-00
[DropWeapon] Flag: 216; Class: Assault; Id: 4
[ActionBuffer]: 00-08-14-00-F0-1F-C7-C2-B1-39-53-44-D4-42-21-44-03-00-00-00-81-31-02-2E-00-00-F9-02-44-00-07-00-10-00-11-01-B7-34-8B-B6-E9-BA-00-00-00-00
[DropWeapon] Flag: 249; Class: HandGun; Id: 68
[ActionBuffer]: 00-08-14-00-94-C5-71-00-6D-4A-7A-58-FC-C0-03-00-41-00-02-2E-00-00-C0-03-04-00-1A-00-3C-00-02-10-72-C3-ED-3C-75-C5-00-00-00-00
[DropWeapon] Flag: 192; Class: Assault; Id: 4
[ActionBuffer]: 00-08-14-00-F0-C4-6B-00-D4-4A-01-D9-00-00-03-00-41-00-02-2E-00-00-C1-03-04-00-1E-00-3C-00-02-10-8D-C2-48-3D-8E-C4-00-00-00-00
[DropWeapon] Flag: 193; Class: Assault; Id: 4
[ActionBuffer]: 00-08-14-00-21-C2-36-3A-BE-48-F9-56-87-C6-03-00-41-00-02-2E-00-00-C2-03-04-00-1B-00-3C-00-01-06-5C-BB-43-A5-42-36-00-00-00-00
[DropWeapon] Flag: 194; Class: Assault; Id: 4
[ActionBuffer]: 00-08-14-00-F0-1F-61-44-77-3B-E3-4C-60-59-69-C6-03-00-41-00-02-2E-00-00-C3-04-06-00-15-00-5A-00-01-13-69-B0-30-A1-EC-3B-00-00-00-00
[DropWeapon] Flag: 195; Class: SMG; Id: 6
[ActionBuffer]: 00-08-14-00-F0-1F-7F-44-CD-3A-65-4C-DE-58-68-C0-03-00-00-00-41-00-02-2E-00-00-C4-03-04-00-19-00-3C-00-01-1F-71-B6-60-23-52-3B-00-00-00-00
[DropWeapon] Flag: 196; Class: Assault; Id: 4
[ActionBuffer]: 00-08-14-00-F0-1F-BE-44-39-3B-43-4C-85-58-F7-C8-03-00-41-00-02-2E-00-00-C5-04-06-00-18-00-5A-00-03-1D-9F-B8-18-26-87-3A-00-00-00-00
[DropWeapon] Flag: 197; Class: SMG; Id: 6
[ActionBuffer]: F0-1F-2C-32-28-3A-1E-47-32-54-DB-CB-03-00-41-00-02-2E-00-00-C6-03-04-00-10-00-3C-00-01-06-81-BB-19-AA-7D-B5-00-00-00-00
[DropWeapon] Flag: 198; Class: Assault; Id: 4
[ActionBuffer]: 00-08-14-00-F0-1F-D6-C7-25-3B-32-CC-CC-CF-17-D0-02-00-41-00-02-2E-00-00-C7-03-04-00-18-00-1E-00-03-1D-EB-37-1C-2B-F0-BA-00-00-00-00
[DropWeapon] Flag: 199; Class: Assault; Id: 4
[ActionBuffer]: 00-08-14-00-9C-C9-0F-3B-76-C7-2F-59-88-C8-02-00-41-00-02-2E-00-00-C8-03-04-00-14-00-3C-00-03-1D-9B-B3-B4-26-C5-3B-00-00-00-00
[DropWeapon] Flag: 200; Class: Assault; Id: 4
[ActionBuffer]: 00-08-14-00-F0-1F-41-C8-6D-3B-6D-CA-7D-D9-04-CD-02-00-41-00-02-2E-00-00-C9-04-06-00-19-00-5A-00-03-1D-20-2F-89-2C-EE-3B-00-00-00-00
[DropWeapon] Flag: 201; Class: SMG; Id: 6
[ActionBuffer]: 00-08-14-00-F0-1F-4E-C4-76-40-71-4D-7E-D9-D7-B3-03-00-41-00-02-2E-00-00-CA-03-04-00-0B-00-3C-00-03-1D-DB-2C-54-A9-F8-3B-00-00-00-00
[DropWeapon] Flag: 202; Class: Assault; Id: 4
[ActionBuffer]: 00-08-14-00-F0-1F-14-C7-89-3A-C4-CB-36-4B-7D-39-03-00-41-00-02-2E-00-00-CB-03-04-00-0E-00-3C-00-01-14-F1-B3-24-B4-78-BB-00-00-00-00
[DropWeapon] Flag: 203; Class: Assault; Id: 4
[ActionBuffer]: 00-08-14-00-F0-1F-24-41-73-3B-44-CC-61-D6-E7-C8-02-00-41-00-02-2E-00-00-CC-03-04-00-17-00-3C-00-01-13-D3-3B-E5-A2-A1-32-00-00-00-00
[DropWeapon] Flag: 204; Class: Assault; Id: 4
[ActionBuffer]: 00-08-14-00-E5-48-E8-3A-3A-C8-80-D8-54-C7-02-00-41-00-02-2E-00-00-CD-04-06-00-18-00-5A-00-01-1A-B2-38-2D-28-79-3A-00-00-00-00
[DropWeapon] Flag: 205; Class: SMG; Id: 6
[ActionBuffer]: 00-08-11-00-A3-C4-A5-39-5E-CC-B9-54-71-C7-02-00-41-00-02-2E-00-00-CE-03-04-00-0C-00-3C-00-01-11-C0-BB-5A-9D-F3-B3-00-00-00-00
[DropWeapon] Flag: 206; Class: Assault; Id: 4
[ActionBuffer]: 00-08-14-00-F0-1F-32-C8-8C-3C-99-CF-9C-D5-C1-3F-06-00-00-00-41-00-02-2E-00-00-CF-04-06-00-1A-00-5A-00-01-10-E0-3B-AB-B1-AB-9C-00-00-00-00
[DropWeapon] Flag: 207; Class: SMG; Id: 6
[ActionBuffer]: 00-08-14-00-F0-1F-B2-CA-71-40-03-D0-1F-D5-4D-C4-06-00-41-00-02-2E-00-00-D0-03-04-00-17-00-3C-00-01-14-E5-3B-F5-AC-87-B0-00-00-00-00
[DropWeapon] Flag: 208; Class: Assault; Id: 4
[ActionBuffer]: 00-08-14-00-C7-C7-6E-3B-6D-CF-BA-D5-7E-43-06-00-41-00-02-2E-00-00-D1-04-06-00-14-00-5A-00-01-13-E2-3B-6E-B1-C0-26-00-00-00-00
[DropWeapon] Flag: 209; Class: SMG; Id: 6
[ActionBuffer]: 00-08-14-00-EC-C4-79-3B-E3-CE-EC-D7-BA-C0-01-00-41-00-02-2E-00-00-D2-03-04-00-11-00-3C-00-01-13-6B-3A-48-A4-C6-38-00-00-00-00
[DropWeapon] Flag: 210; Class: Assault; Id: 4
[ActionBuffer]: 04-08-14-00-F0-1F-8F-47-16-40-F9-CC-BB-40-7E-C7-02-00-81-31-02-2E-00-00-F3-02-44-00-08-00-1D-00-D1-22-3C-34-50-1E-B7-BB-00-00-00-00
[DropWeapon] Flag: 243; Class: HandGun; Id: 68
[ActionBuffer]: 00-08-14-00-A1-BD-76-3B-3A-47-07-D6-9B-3F-06-00-41-00-02-2E-00-00-D4-03-04-00-0B-00-3C-00-03-1D-EA-3B-03-AE-12-2F-00-00-00-00
[DropWeapon] Flag: 212; Class: Assault; Id: 4
[ActionBuffer]: 00-08-14-00-A4-B1-1D-3B-52-44-59-D5-0E-40-06-00-41-00-02-2E-00-00-D5-03-04-00-14-00-3C-00-03-1D-F3-3B-42-AD-0A-AD-00-00-00-00
[DropWeapon] Flag: 213; Class: Assault; Id: 4
[ActionBuffer]: 00-08-14-00-F0-1F-CE-C5-15-3B-5B-45-97-D5-82-42-06-00-41-00-02-2E-00-00-D6-03-04-00-1A-00-3C-00-03-1D-EE-3B-3A-B0-AB-A2-00-00-00-00
[DropWeapon] Flag: 214; Class: Assault; Id: 4
[ActionBuffer]: 00-08-14-00-F0-1F-94-C0-1F-3B-2B-44-77-D5-A8-38-06-00-41-00-02-2E-00-00-D7-04-06-00-0A-00-5A-00-03-1D-F8-3B-DF-AC-02-AA-00-00-00-00
[DropWeapon] Flag: 215; Class: SMG; Id: 6
[ActionBuffer]: 00-08-14-00-69-B7-1C-3B-1B-44-7F-D5-3C-38-06-00-41-00-02-2E-00-00-D8-03-04-00-00-00-3C-00-03-1D-FA-3B-49-AC-B3-A8-00-00-00-00
[DropWeapon] Flag: 216; Class: Assault; Id: 4
[ActionBuffer]: 00-08-14-00-6B-3C-72-3B-F8-48-83-D7-B4-BC-03-00-41-00-02-2E-00-00-D9-04-03-00-08-00-B4-00-03-1D-EA-3A-49-24-06-38-00-00-00-00
[DropWeapon] Flag: 217; Class: SMG; Id: 3
[ActionBuffer]: 00-08-14-00-F0-1F-B9-C9-A0-00-4B-41-65-52-82-B0-03-00-81-31-02-2E-00-00-DA-03-7A-00-1C-00-B4-00-51-06-58-BA-B5-A8-DD-B8-00-00-00-00
[DropWeapon] Flag: 218; Class: Assault; Id: 122
[ActionBuffer]: 00-08-14-00-1C-C7-DC-41-C2-34-71-59-27-C8-03-00-41-00-02-2E-00-00-C0-03-04-00-1A-00-3C-00-01-13-FD-AD-F3-AD-EE-3B-00-00-00-00
[DropWeapon] Flag: 192; Class: Assault; Id: 4
[ActionBuffer]: 00-48-14-00-A2-42-75-36-17-C3-87-D6-A2-C9-03-00-41-00-02-2E-00-00-C1-03-04-00-13-00-3C-00-03-1D-C0-3B-1E-AC-B1-33-00-00-00-00
[DropWeapon] Flag: 193; Class: Assault; Id: 4
[ActionBuffer]: 00-08-14-00-F0-1F-62-4A-1F-3B-FE-C5-AB-D5-9D-C5-03-00-41-00-02-2E-00-00-C2-03-04-00-13-00-3C-00-01-13-00-3C-34-9B-95-21-00-00-00-00
[DropWeapon] Flag: 194; Class: Assault; Id: 4
[ActionBuffer]: 00-08-14-00-F0-1F-F7-42-60-3E-D7-B5-8E-D8-24-CB-03-00-41-00-02-2E-00-00-C3-03-04-00-12-00-3C-00-01-22-73-38-C6-28-A4-3A-00-00-00-00
[DropWeapon] Flag: 195; Class: Assault; Id: 4
[ActionBuffer]: 00-08-14-00-F0-1F-A9-4A-6D-3B-B2-C5-E4-D5-37-BD-03-00-00-00-41-00-02-2E-00-00-C4-03-04-00-11-00-3C-00-03-1D-FA-3B-E1-24-BA-2C-00-00-00-00
[DropWeapon] Flag: 196; Class: Assault; Id: 4
[ActionBuffer]: 00-08-14-00-F0-1F-89-C8-76-3D-0B-46-4B-57-00-00-03-00-41-00-02-2E-00-00-C5-03-04-00-1E-00-3C-00-01-18-20-BB-88-1F-45-37-00-00-00-00
[DropWeapon] Flag: 197; Class: Assault; Id: 4
[ActionBuffer]: 00-08-14-00-B9-C5-7B-3A-D4-44-DD-56-21-C9-03-00-41-00-02-2E-00-00-C6-03-04-00-18-00-3C-00-01-12-84-BB-09-A8-74-35-00-00-00-00
[DropWeapon] Flag: 198; Class: Assault; Id: 4
[ActionBuffer]: 00-08-14-00-F0-1F-AF-48-C3-3E-32-C4-C5-D4-7A-CB-03-00-00-00-41-00-02-2E-00-00-C7-03-04-00-1B-00-3C-00-01-10-BA-3B-FB-2E-8A-B3-00-00-00-00
[DropWeapon] Flag: 199; Class: Assault; Id: 4
[ActionBuffer]: 00-08-14-00-F0-1F-1D-48-44-3B-5C-C5-53-D8-14-D0-03-00-41-00-02-2E-00-00-C8-03-04-00-1A-00-3C-00-03-1D-78-39-AC-2C-CF-39-00-00-00-00
[DropWeapon] Flag: 200; Class: Assault; Id: 4
[ActionBuffer]: 00-08-14-00-1E-4A-11-3B-F5-C3-9F-4A-A7-CF-03-00-41-00-02-2E-00-00-C9-03-04-00-15-00-3C-00-01-14-02-B4-0D-28-BE-BB-00-00-00-00
[DropWeapon] Flag: 201; Class: Assault; Id: 4
[ActionBuffer]: 00-08-14-00-F0-1F-67-44-02-3B-6A-48-A6-54-1E-CA-03-00-41-00-02-2E-00-00-CA-04-06-00-15-00-5A-00-01-1F-C4-BB-46-25-A8-B3-00-00-00-00
[DropWeapon] Flag: 202; Class: SMG; Id: 6
[ActionBuffer]: 00-48-14-00-F0-1F-91-BD-89-37-E6-46-64-55-25-C4-03-00-00-00-41-00-02-2E-00-00-CB-03-04-00-0E-00-3C-00-01-14-FB-BB-53-A7-4C-AC-00-00-00-00
[DropWeapon] Flag: 203; Class: Assault; Id: 4
[ActionBuffer]: 00-08-14-00-BC-47-19-3B-68-48-30-55-51-CD-03-00-41-00-02-2E-00-00-CC-03-04-00-1B-00-3C-00-01-1F-F6-BB-C7-28-EA-AD-00-00-00-00
[DropWeapon] Flag: 204; Class: Assault; Id: 4
[ActionBuffer]: 00-08-14-00-94-44-70-3B-09-4C-51-58-7F-CD-04-00-41-00-02-2E-00-00-CD-04-06-00-14-00-5A-00-03-1D-4D-B9-E8-2A-FA-39-00-00-00-00
[DropWeapon] Flag: 205; Class: SMG; Id: 6
[ActionBuffer]: 00-08-14-00-F0-1F-F5-45-10-3B-13-4C-30-D3-61-CC-04-00-41-00-02-2E-00-00-CE-04-06-00-13-00-5A-00-03-1D-B3-3A-3D-29-5C-B8-00-00-00-00
[DropWeapon] Flag: 206; Class: SMG; Id: 6
[ActionBuffer]: 00-08-14-00-91-C3-70-00-E6-4A-9C-D8-14-CD-04-00-81-31-02-2E-00-00-EF-02-44-00-04-00-20-00-31-04-62-32-A5-B9-70-39-00-00-00-00
[DropWeapon] Flag: 239; Class: HandGun; Id: 68
