[Aviso] Loaded 63 maps
[Aviso] Loaded 76 charas information
[Aviso] Loaded 20 melee exceptions
[Aviso] Portas abertas! (20/06/02 22:29:06)
[ActionBuffer]: 04-08-14-00-D6-C3-89-00-9A-48-B0-54-C5-B8-03-00-41-3E-02-01-00-00-C0-04-2C-01-2C-00-0E-01-B1-11-41-B9-BB-B8-7E-B7-00-00-00-00
[DropWeapon] Flag: 192; Class: SMG; Id: 300
[ActionBuffer]: 00-08-14-00-DD-46-9B-3A-77-4A-92-4A-D6-C8-04-00-03-FF-FF-41-3E-02-22-00-00-C0-04-2C-01-00-00-0E-01-51-18-FD-AF-F9-34-8A-BB-00-00-00-00
[DropWeapon] Flag: 192; Class: SMG; Id: 300
[ActionBuffer]: 00-48-91-00-38-45-01-80-46-4C-07-D8-ED-B7-04-00-E2-00-01-22-81-04-93-02-19-00-0E-01
[DropWeapon] Flag: 129; Class: SMG; Id: 659
[ActionBuffer]: 04-08-14-00-F0-1F-A5-C8-C2-81-F0-4C-42-55-5B-B8-04-00-41-3E-02-22-00-00-E2-22-03-00-07-00-00-00-51-10-48-38-9A-B7-96-B9-00-00-00-00
[DropWeapon] Flag: 226; Class: 34; Id: 3
[ActionBuffer]: 00-08-14-00-F0-1F-11-C4-17-82-17-C8-03-CD-29-C3-02-00-41-3E-02-22-00-00-E3-22-03-00-07-00-00-00-D3-1D-31-B4-A8-BB-DD-2F-00-00-00-00
[DropWeapon] Flag: 227; Class: 34; Id: 3
[ActionBuffer]: 00-08-14-00-F0-1F-0F-C2-1F-82-52-C9-BD-54-F5-C5-02-00-41-3E-02-22-00-00-E4-22-03-00-05-00-00-00-71-10-F1-B5-4F-B6-BA-BA-00-00-00-00
[DropWeapon] Flag: 228; Class: 34; Id: 3
[ActionBuffer]: 04-08-14-00-16-42-23-80-90-C8-F6-D6-66-D4-02-00-41-00-02-22-00-00-E5-22-03-00-04-00-00-00-01-06-7B-3A-51-2D-A4-38-00-00-00-00
[DropWeapon] Flag: 229; Class: 34; Id: 3
[ActionBuffer]: 04-08-14-00-F0-1F-B7-C8-26-80-07-44-21-D7-23-D5-03-00-00-00-41-00-02-22-00-00-E6-22-03-00-06-00-00-00-01-11-4B-3B-37-AE-62-36-00-00-00-00
[DropWeapon] Flag: 230; Class: 34; Id: 3
[ActionBuffer]: 04-08-14-00-29-49-01-82-AB-BE-97-4C-6B-C2-03-00-41-3E-02-22-00-00-E7-22-03-00-06-00-00-00-91-10-F1-B4-45-B5-23-BB-00-00-00-00
[DropWeapon] Flag: 231; Class: 34; Id: 3
[ActionBuffer]: 00-08-14-00-F0-1F-09-C3-C0-8E-4B-49-0B-58-0C-CE-04-00-41-3E-02-22-00-00-C8-04-93-02-02-00-F3-00-D1-10-1C-38-2C-BA-01-B6-00-00-00-00
[DropWeapon] Flag: 200; Class: SMG; Id: 659
[ActionBuffer]: 00-08-14-00-F0-1F-9E-C2-26-80-12-49-A3-D0-2D-D5-04-00-41-00-02-22-00-00-C9-04-93-02-00-00-99-00-01-22-70-38-E0-AA-A5-BA-00-00-00-00
[DropWeapon] Flag: 201; Class: SMG; Id: 659
[ActionBuffer]: 00-08-14-00-F0-1F-9F-C2-21-80-13-49-33-D9-09-D5-03-00-41-00-02-22-00-00-CA-04-93-02-00-00-99-00-01-22-CC-32-CA-AB-CD-3B-00-00-00-00
[DropWeapon] Flag: 202; Class: SMG; Id: 659
[ActionBuffer]: 04-48-14-00-F0-1F-07-C3-ED-81-57-45-0E-4A-DB-C8-03-00-41-3E-02-22-00-00-CB-04-93-02-26-00-0E-01-F1-1A-47-34-AD-BB-98-2D-00-00-00-00
[DropWeapon] Flag: 203; Class: SMG; Id: 659
[ActionBuffer]: 00-08-14-00-F0-1F-D9-29-17-00-F7-46-AB-4A-21-C3-03-00-41-3E-02-22-00-00-C0-04-2C-01-24-3C-0E-01-51-10-4E-28-5F-B4-B1-BB-00-00-00-00
[DropWeapon] Flag: 192; Class: SMG; Id: 300
[ActionBuffer]: 04-08-14-00-F0-1F-FA-44-28-80-7B-CA-C8-55-47-B2-02-00-41-3E-02-22-00-00-C1-04-2C-01-1E-00-0E-01-11-10-31-AA-D5-B5-70-3B-00-00-00-00
[DropWeapon] Flag: 193; Class: SMG; Id: 300
[ActionBuffer]: 04-48-14-00-F0-1F-4A-C9-24-80-9B-C9-F3-55-86-C4-03-00-41-3E-02-22-00-00-C2-04-2C-01-2D-20-0E-01-02-0D-C0-90-00-44-4B-00-F1-FF-FA-3B-30-A4-EA-AC-0D-C0-90-00-92-18-00-F1-FF-FA-3B-30-A4-EA-AC-11-04-E8-35-CC-B8-AE-B9-00-00-00-00
[DropWeapon] Flag: 194; Class: SMG; Id: 300
[ActionBuffer]: 04-48-14-00-F0-1F-87-47-D9-00-BE-CA-1D-D8-73-3F-02-00-00-00-41-3E-02-22-00-00-C3-04-2C-01-2D-26-0E-01-71-22-16-39-96-B7-E0-38-00-00-00-00
[DropWeapon] Flag: 195; Class: SMG; Id: 300
[ActionBuffer]: 00-08-14-00-F0-1F-01-46-19-80-4A-C6-BF-56-83-3A-03-00-41-3E-02-22-00-00-C4-04-8E-02-40-00-E1-00-D1-10-F5-BA-88-B4-77-36-00-00-00-00
[DropWeapon] Flag: 196; Class: SMG; Id: 654
[ActionBuffer]: 00-08-14-00-F0-1F-64-B2-1F-00-BE-49-5B-D9-DC-C5-03-00-00-00-41-3E-02-22-00-00-C5-04-8E-02-14-00-E1-00-31-10-8F-B0-67-B4-9B-3B-00-00-00-00
[DropWeapon] Flag: 197; Class: SMG; Id: 654
[ActionBuffer]: 00-08-14-00-F0-1F-51-C0-61-80-AF-CF-00-CD-00-00-01-00-41-3E-02-22-00-00-C6-04-8E-02-4B-00-E1-00-D1-10-47-B9-BB-B9-4C-33-00-00-00-00
[DropWeapon] Flag: 198; Class: SMG; Id: 654
[ActionBuffer]: 04-08-14-00-F0-1F-4F-4A-B6-48-D6-CF-11-50-F3-48-01-00-41-3E-02-22-00-00-C0-03-FE-00-19-00-78-00-31-10-DA-B9-54-B9-A4-30-00-00-00-00
[DropWeapon] Flag: 192; Class: Assault; Id: 254
[ActionBuffer]: 00-08-14-00-F0-1F-88-4D-85-4B-59-39-44-CF-CE-C2-10-00-41-3E-02-22-00-00-C1-03-FE-00-1D-00-78-00-51-10-91-3B-F5-B4-57-2E-00-00-00-00
[DropWeapon] Flag: 193; Class: Assault; Id: 254
[ActionBuffer]: 00-08-14-00-04-CC-8D-49-FF-BB-E6-58-A8-49-05-00-41-3E-02-22-00-00-E2-22-03-00-05-00-00-00-71-22-2C-B9-19-BA-81-A8-00-00-00-00
[DropWeapon] Flag: 226; Class: 34; Id: 3
[ActionBuffer]: 00-08-14-00-C9-40-85-4B-E8-4C-AA-54-45-C4-0E-00-41-3E-02-22-00-00-E3-22-03-00-00-00-00-00-51-10-3C-BB-99-B4-0C-35-00-00-00-00
[DropWeapon] Flag: 227; Class: 34; Id: 3
[ActionBuffer]: 00-08-14-00-F0-1F-85-C5-38-48-BF-CF-BF-D5-5B-C0-01-00-41-3E-02-22-00-00-C4-03-FE-00-00-00-47-00-31-22-60-3B-1C-36-1C-2C-00-00-00-00
[DropWeapon] Flag: 196; Class: Assault; Id: 254
[ActionBuffer]: 00-08-14-00-F0-1F-1F-D0-9A-47-4F-C0-50-D9-F4-C0-0C-00-41-3E-02-22-00-00-C0-05-E8-00-01-00-14-00-71-18-A8-B7-72-B4-AA-3A-00-00-00-00
[DropWeapon] Flag: 192; Class: Sniper; Id: 232
[ActionBuffer]: 04-08-14-00-F0-1F-E7-CC-A4-49-66-D0-E7-D4-98-C3-01-00-41-3E-02-22-00-00-C1-05-E8-00-01-00-0A-00-51-10-F1-39-DF-B5-7B-B8-00-00-00-00
[DropWeapon] Flag: 193; Class: Sniper; Id: 232
[ActionBuffer]: 00-08-14-00-F0-1F-63-50-85-4B-F8-40-1C-D8-4B-CA-10-00-03-FF-FF-00-00-41-3E-02-22-00-00-C2-05-E8-00-09-00-14-00-F1-10-14-3A-A0-B6-03-38-00-00-00-00
[DropWeapon] Flag: 194; Class: Sniper; Id: 232
[ActionBuffer]: 00-48-14-00-F0-1F-44-CC-85-47-89-C8-2D-56-40-C5-03-00-00-00-41-3E-02-22-00-00-C3-05-E8-00-06-00-14-00-71-22-6A-BB-C7-B5-7A-AE-00-00-00-00
[DropWeapon] Flag: 195; Class: Sniper; Id: 232
[ActionBuffer]: 00-08-14-00-F0-1F-7E-D0-85-47-F9-C9-0E-50-81-C1-0C-00-03-FF-FF-41-3E-02-22-00-00-C4-05-E8-00-05-00-14-00-71-22-38-BB-AE-B4-12-B5-00-00-00-00
[DropWeapon] Flag: 196; Class: Sniper; Id: 232
