[Aviso] Loaded 63 maps
[Aviso] Loaded 76 charas information
[Aviso] Loaded 20 melee exceptions
[Aviso] Portas abertas! (20/06/01 01:21:22)
[ActionBuffer]: 00-08-14-00-F0-1F-81-36-EC-3A-A5-43-05-D5-1A-41-06-00-41-00-02-01-00-00-C0-03-04-00-1B-00-3C-00-03-1D-D8-3B-85-AE-6D-B1-00-00-00-00
[DropWeapon] Flag: 192; Class: Assault; Id: 4
[ActionBuffer]: 00-08-14-00-12-C8-7B-3B-A5-46-59-D5-32-49-06-00-41-00-02-01-00-00-C1-03-04-00-19-00-3C-00-03-1D-D7-3B-DD-B1-23-AD-00-00-00-00
[DropWeapon] Flag: 193; Class: Assault; Id: 4
[ActionBuffer]: 00-08-14-00-DF-C6-1E-3B-5F-45-A6-D5-A3-41-06-00-41-00-02-01-00-00-C2-03-04-00-1B-00-3C-00-03-1D-F3-3B-3A-AF-EE-1B-00-00-00-00
[DropWeapon] Flag: 194; Class: Assault; Id: 4
[ActionBuffer]: 00-08-14-00-5B-C0-0C-3B-DA-44-8F-D5-6D-40-06-00-41-00-02-01-00-00-C3-03-04-00-17-00-3C-00-03-1D-F7-3B-B3-AD-43-A5-00-00-00-00
[DropWeapon] Flag: 195; Class: Assault; Id: 4
[ActionBuffer]: 00-08-14-00-F0-1F-35-C4-0A-3B-92-46-DD-D5-4B-40-06-00-41-00-02-01-00-00-C4-04-06-00-1D-00-5A-00-03-1D-F2-3B-47-AE-17-2C-00-00-00-00
[DropWeapon] Flag: 196; Class: SMG; Id: 6
[ActionBuffer]: 00-08-14-00-FF-B7-7B-3B-9E-46-D5-D5-C1-3E-06-00-41-00-02-01-00-00-C5-03-04-00-1A-00-1E-00-03-1D-F6-3B-48-AD-2F-2B-00-00-00-00
[DropWeapon] Flag: 197; Class: Assault; Id: 4
[ActionBuffer]: 00-08-14-00-F0-1F-28-CD-D5-43-77-CE-63-C1-A7-C5-06-00-41-00-02-01-00-00-C6-04-06-00-11-00-5A-00-01-10-03-2A-C3-25-FD-BB-00-00-00-00
[DropWeapon] Flag: 198; Class: SMG; Id: 6
[ActionBuffer]: 04-08-14-00-34-C6-99-00-8E-45-96-53-FF-3E-03-00-09-FF-FF-41-00-02-01-00-00-C7-03-A4-00-25-00-9F-00-71-18-12-B5-6B-B0-82-3B-00-00-00-00
[DropWeapon] Flag: 199; Class: Assault; Id: 164
[ActionBuffer]: 00-08-14-00-F0-1F-30-BB-0F-3B-D6-CB-5B-56-BB-46-02-00-41-00-02-01-00-00-C8-03-04-00-00-00-3C-00-01-21-6B-BB-CD-B4-2C-33-00-00-00-00
[DropWeapon] Flag: 200; Class: Assault; Id: 4
[ActionBuffer]: 00-08-14-00-37-3E-6B-00-24-4C-88-D7-00-00-02-00-41-00-02-01-00-00-C9-03-04-00-14-00-3C-00-02-10-D7-43-3F-3D-91-41-00-00-00-00
[DropWeapon] Flag: 201; Class: Assault; Id: 4
[ActionBuffer]: 00-08-14-00-F0-1F-FE-43-6A-01-54-CE-9C-58-43-3C-02-00-41-00-02-01-00-00-CA-03-A4-00-22-00-B4-00-01-3D-98-C0-01-03-29-00-F1-FF-28-38-48-2E-CA-BA-F1-13-9E-B7-AC-B6-32-3A-00-00-00-00
[DropWeapon] Flag: 202; Class: Assault; Id: 164
[ActionBuffer]: 00-08-14-00-9D-BB-9C-3A-20-44-F3-58-4A-41-02-00-41-00-02-01-00-00-CB-04-06-00-18-00-3C-00-03-1D-E6-B5-6E-AE-65-3B-00-00-00-00
[DropWeapon] Flag: 203; Class: SMG; Id: 6
[ActionBuffer]: 00-08-14-00-25-BE-5B-3A-2C-48-73-59-00-00-02-00-00-00-41-00-02-01-00-00-CC-03-04-00-0D-00-3C-00-03-1D-69-B5-93-AD-7F-3B-00-00-00-00
[DropWeapon] Flag: 204; Class: Assault; Id: 4
[ActionBuffer]: 00-08-14-00-F0-1F-3D-BF-3A-3A-BC-46-F6-58-29-40-02-00-00-00-41-00-02-01-00-00-CD-03-04-00-10-00-3C-00-03-1D-CD-B5-92-AD-6C-3B-00-00-00-00
[DropWeapon] Flag: 205; Class: Assault; Id: 4
[ActionBuffer]: 00-08-14-00-9E-BC-A4-00-DA-45-35-D0-00-00-06-00-41-00-02-01-00-00-CF-04-06-00-00-00-5A-00-02-10-A0-C2-5A-3D-FD-43-00-00-00-00
[DropWeapon] Flag: 207; Class: SMG; Id: 6
[ActionBuffer]: 00-08-14-00-31-3F-C8-00-7C-3A-D1-58-00-00-06-00-41-00-02-01-00-00-CE-03-04-00-1E-00-3C-00-02-10-27-B1-F6-3C-F9-BD-00-00-00-00
[DropWeapon] Flag: 206; Class: Assault; Id: 4
[ActionBuffer]: 00-08-14-00-F0-1F-F1-C9-88-3A-53-CC-E7-41-30-CA-03-00-41-00-02-01-00-00-D0-04-06-00-1A-00-5A-00-01-1B-9E-A9-72-1E-FE-BB-00-00-00-00
[DropWeapon] Flag: 208; Class: SMG; Id: 6
[ActionBuffer]: 00-48-14-00-F0-1F-BC-48-81-36-3D-CB-4E-D6-D1-C3-02-00-00-00-41-00-02-01-00-00-D1-03-04-00-0E-00-00-00-01-1F-E0-3B-75-A5-A0-31-00-00-00-00
[DropWeapon] Flag: 209; Class: Assault; Id: 4
[ActionBuffer]: 00-48-14-00-F0-1F-DD-43-72-36-92-4D-12-59-E1-C7-04-00-41-00-02-01-00-00-D2-03-04-00-13-00-3C-00-03-1D-D4-B4-54-A9-9F-3B-00-00-00-00
[DropWeapon] Flag: 210; Class: Assault; Id: 4
[ActionBuffer]: 00-08-14-00-96-C0-1E-3B-3E-47-41-CC-A1-CE-03-00-41-00-02-01-00-00-D3-03-04-00-1B-00-3C-00-03-1D-66-34-64-2B-AE-BB-00-00-00-00
[DropWeapon] Flag: 211; Class: Assault; Id: 4
[ActionBuffer]: 00-08-14-00-F0-1F-6B-B5-0B-3B-23-37-17-CC-46-CB-03-00-41-00-02-01-00-00-D4-03-04-00-18-00-3C-00-03-1D-6F-34-4C-29-AE-BB-00-00-00-00
[DropWeapon] Flag: 212; Class: Assault; Id: 4
[ActionBuffer]: 00-08-14-00-41-47-11-3B-18-C4-FA-D1-32-CB-03-00-41-00-02-01-00-00-D5-03-04-00-03-00-3C-00-03-1D-EB-39-BE-28-60-B9-00-00-00-00
[DropWeapon] Flag: 213; Class: Assault; Id: 4
[ActionBuffer]: 00-08-14-00-CD-C6-DF-3D-A5-CA-1F-59-95-D1-02-00-41-00-02-01-00-00-D6-03-04-00-17-00-3C-00-01-13-44-B4-19-32-8F-3B-00-00-00-00
[DropWeapon] Flag: 214; Class: Assault; Id: 4
[ActionBuffer]: 00-08-14-00-86-C6-04-43-24-B7-8B-59-27-CC-03-00-41-00-02-01-00-00-D7-04-06-00-1E-00-5A-00-01-11-0A-AA-23-A7-FD-3B-00-00-00-00
[DropWeapon] Flag: 215; Class: SMG; Id: 6
[ActionBuffer]: 04-08-14-00-C3-CA-54-40-5F-C6-63-44-E9-CC-03-00-41-00-02-01-00-00-D8-03-A4-00-1D-00-89-00-91-01-A7-2C-0F-34-B7-BB-00-00-00-00
[DropWeapon] Flag: 216; Class: Assault; Id: 164
[ActionBuffer]: 00-08-14-00-43-30-B2-00-E9-43-AD-D0-00-00-02-00-41-00-02-01-00-00-DA-04-03-00-1E-00-B4-00-02-10-04-44-4E-3D-8D-C4-00-00-00-00
[DropWeapon] Flag: 218; Class: SMG; Id: 3
[ActionBuffer]: 00-08-14-00-F0-1F-5A-C1-6E-3D-6B-45-58-55-00-00-02-00-41-00-02-01-00-00-D9-03-04-00-1E-00-3C-00-02-10-8B-3D-44-3D-3F-C2-00-00-00-00
[DropWeapon] Flag: 217; Class: Assault; Id: 4
[ActionBuffer]: 00-08-14-00-F0-1F-78-C5-30-3A-88-CC-54-58-2E-D1-02-00-41-00-02-01-00-00-DB-03-04-00-12-00-3C-00-03-1D-07-B9-4E-AD-30-3A-00-00-00-00
[DropWeapon] Flag: 219; Class: Assault; Id: 4
[ActionBuffer]: 04-08-14-00-29-C6-1E-01-FD-CB-99-D4-DF-C4-02-00-41-00-02-01-00-00-DC-03-A4-00-1F-00-B4-00-91-01-56-3B-49-B6-40-2C-00-00-00-00
[DropWeapon] Flag: 220; Class: Assault; Id: 164
[ActionBuffer]: 00-08-14-00-4E-C4-67-3B-77-CD-FE-58-39-C7-02-00-41-00-02-01-00-00-DD-03-04-00-10-00-3C-00-03-1D-76-B5-BB-2E-79-3B-00-00-00-00
[DropWeapon] Flag: 221; Class: Assault; Id: 4
[ActionBuffer]: 00-08-14-00-F0-1F-38-CA-19-3B-A5-44-58-D4-DE-4A-06-00-41-00-02-01-00-00-DE-03-04-00-14-00-3C-00-01-1F-A7-3A-DC-B6-A7-B5-00-00-00-00
[DropWeapon] Flag: 222; Class: Assault; Id: 4
[ActionBuffer]: 00-08-14-00-86-C6-EF-3D-A6-3D-AD-4A-00-00-06-00-41-00-02-01-00-00-C0-03-04-00-10-00-3C-00-02-10-7E-C2-21-34-D3-40-00-00-00-00
[DropWeapon] Flag: 192; Class: Assault; Id: 4
[ActionBuffer]: 00-08-14-00-F0-1F-2E-C7-32-41-B6-3C-45-D9-00-00-06-00-41-00-02-01-00-00-DF-04-03-00-1E-00-B4-00-02-10-65-C3-64-31-79-3E-00-00-00-00
[DropWeapon] Flag: 223; Class: SMG; Id: 3
[ActionBuffer]: 00-08-11-00-6D-B0-B2-3A-05-47-E2-D5-CB-3F-06-00-41-00-02-01-00-00-C1-03-04-00-07-00-3C-00-01-14-F1-3B-1D-AE-B7-2C-00-00-00-00
[DropWeapon] Flag: 193; Class: Assault; Id: 4
[ActionBuffer]: 00-08-14-00-F0-1F-A0-CD-3C-42-A8-CC-C9-C0-FA-C5-06-00-41-00-02-01-00-00-C2-04-06-00-18-00-5A-00-03-1D-31-29-D6-24-FE-BB-00-00-00-00
[DropWeapon] Flag: 194; Class: SMG; Id: 6
[ActionBuffer]: 00-08-14-00-F0-1F-AE-CD-1A-42-7B-CE-9F-B9-9B-BB-06-00-41-00-02-01-00-00-C3-03-04-00-1E-00-3C-00-03-1D-E6-21-44-21-00-BC-00-00-00-00
[DropWeapon] Flag: 195; Class: Assault; Id: 4
[ActionBuffer]: 00-08-14-00-3C-4B-BA-3A-DC-CC-B0-D6-73-D1-02-00-00-00-41-00-02-01-00-00-C4-03-04-00-06-00-3C-00-03-1D-CE-3B-D1-A4-F9-32-00-00-00-00
[DropWeapon] Flag: 196; Class: Assault; Id: 4
[ActionBuffer]: 00-08-14-00-F0-1F-DE-42-1F-3B-44-47-F7-D5-D6-3F-06-00-41-00-02-01-00-00-C5-04-03-00-17-00-B4-00-01-11-EF-3B-91-AD-08-2E-00-00-00-00
[DropWeapon] Flag: 197; Class: SMG; Id: 3
[ActionBuffer]: 00-08-14-00-F0-1F-EC-C8-29-3A-B1-45-49-D5-42-4A-06-00-00-00-41-00-02-01-00-00-C6-03-04-00-1E-00-3C-00-03-1D-BC-3B-83-B3-7C-AE-00-00-00-00
[DropWeapon] Flag: 198; Class: Assault; Id: 4
[ActionBuffer]: 00-08-14-00-2D-28-71-3B-46-43-3A-D5-05-45-06-00-41-00-02-01-00-00-C7-04-03-00-16-00-B4-00-03-1D-EB-3B-BD-AD-27-AF-00-00-00-00
[DropWeapon] Flag: 199; Class: SMG; Id: 3
[ActionBuffer]: 00-08-14-00-29-B9-1C-3B-B6-45-C0-D5-BC-41-06-00-41-00-02-01-00-00-C8-03-04-00-11-00-3C-00-01-22-EF-3B-D1-AF-08-29-00-00-00-00
[DropWeapon] Flag: 200; Class: Assault; Id: 4
[ActionBuffer]: 00-08-14-00-48-42-1B-3B-DD-46-AC-D5-E7-40-06-00-41-00-02-01-00-00-C9-04-03-00-17-00-B4-00-03-1D-F8-3B-9F-AD-C9-21-00-00-00-00
[DropWeapon] Flag: 201; Class: SMG; Id: 3
[ActionBuffer]: 00-08-14-00-CA-39-38-3A-0D-41-60-D5-00-00-06-00-41-00-02-01-00-00-CA-03-04-00-1E-00-3C-00-01-06-D7-3B-D4-AF-0B-B1-00-00-00-00
[DropWeapon] Flag: 202; Class: Assault; Id: 4
[ActionBuffer]: 04-08-14-00-F0-1F-77-CC-55-42-0B-45-31-56-F7-C8-06-00-41-00-02-01-00-00-CB-03-A4-00-1D-00-17-00-31-11-DF-BB-6C-31-13-2B-00-00-00-00
[DropWeapon] Flag: 203; Class: Assault; Id: 164
[ActionBuffer]: 00-08-14-00-F0-1F-98-2E-B4-00-63-42-85-D6-00-00-02-00-41-00-02-01-00-00-CD-03-01-00-1E-00-78-00-02-10-53-B8-29-3D-88-B7-00-00-00-00
[DropWeapon] Flag: 205; Class: Assault; Id: 1
[ActionBuffer]: 00-08-14-00-F0-1F-DE-44-49-3D-8E-2C-FD-D1-00-00-02-00-41-00-02-01-00-00-CC-04-03-00-11-00-B4-00-02-10-21-44-3E-3D-A1-C2-00-00-00-00
[DropWeapon] Flag: 204; Class: SMG; Id: 3
[ActionBuffer]: 00-08-14-00-F0-1F-A6-48-1E-3B-D0-CD-3D-D7-1C-CC-02-00-41-00-02-01-00-00-CE-04-03-00-0B-00-B4-00-01-13-35-3B-FB-A3-F1-36-00-00-00-00-10-1A
[DropWeapon] Flag: 206; Class: SMG; Id: 3
[ActionBuffer]: 04-08-14-00-5B-CC-5D-40-5C-CF-A3-D8-18-BB-06-00-41-00-02-01-00-00-CF-03-24-00-15-00-6F-00-D1-13-27-36-66-AB-5F-3B-00-00-00-00
[DropWeapon] Flag: 207; Class: Assault; Id: 36
[ActionBuffer]: 00-08-14-00-F0-1F-C7-C3-56-3A-23-42-D9-D4-4A-44-06-00-41-00-02-01-00-00-D0-03-02-00-1B-1E-B4-00-03-1D-BC-3B-5B-B0-EC-B2-00-00-00-00
[DropWeapon] Flag: 208; Class: Assault; Id: 2
[ActionBuffer]: 00-08-14-00-CC-CA-7A-3B-F9-45-AF-D5-93-50-06-00-41-00-02-01-00-00-D1-04-03-00-09-00-B4-00-01-1A-50-3A-E9-B8-6B-26-00-00-00-00
[DropWeapon] Flag: 209; Class: SMG; Id: 3
[ActionBuffer]: 00-08-14-00-F0-1F-B9-CD-04-42-B1-CC-88-C2-29-C3-06-00-41-00-02-01-00-00-D2-03-04-00-19-00-3C-00-03-1D-6E-2B-85-1F-FC-BB-00-00-00-00
[DropWeapon] Flag: 210; Class: Assault; Id: 4
[ActionBuffer]: 00-08-14-00-F0-1F-61-C6-1E-3E-2D-40-17-D4-DA-40-06-00-00-00-41-00-02-01-00-00-D3-03-04-00-00-00-1E-00-03-1D-3B-3B-20-AF-9D-B6-00-00-00-00
[DropWeapon] Flag: 211; Class: Assault; Id: 4
[ActionBuffer]: 00-08-14-00-F0-1F-0D-B9-F6-3A-E1-41-23-D5-35-45-06-00-41-00-02-01-00-00-D4-05-03-00-05-00-19-00-03-1D-E3-3B-FC-AD-69-B0-00-00-00-00
[DropWeapon] Flag: 212; Class: Sniper; Id: 3
[ActionBuffer]: 00-08-14-00-E5-B7-00-3B-B2-44-3D-D4-00-00-03-00-41-00-02-01-00-00-D5-03-04-00-1C-00-3C-00-01-1F-FF-3B-80-24-0F-A7-00-00-00-00
[DropWeapon] Flag: 213; Class: Assault; Id: 4
[ActionBuffer]: 00-08-14-00-F0-1F-1A-C2-77-3B-DF-3D-32-D3-81-C0-03-00-41-00-02-01-00-00-D6-04-02-00-27-00-FA-00-01-13-C0-3A-09-A4-4B-B8-00-00-00-00
[DropWeapon] Flag: 214; Class: SMG; Id: 2
[ActionBuffer]: 04-08-14-00-F0-1F-62-C9-BD-00-FD-BC-64-D6-8D-B8-03-00-41-00-02-01-00-00-F7-02-03-00-0C-00-24-00-11-22-73-3B-66-B3-83-34-00-00-00-00
[DropWeapon] Flag: 247; Class: HandGun; Id: 3
[ActionBuffer]: 00-08-14-00-F0-1F-F1-42-D5-3A-3A-CE-94-D9-F4-C1-01-00-41-00-02-01-00-00-D8-04-04-00-15-00-B4-00-03-1D-8C-27-E0-27-FE-3B-00-00-00-00
[DropWeapon] Flag: 216; Class: SMG; Id: 4
[ActionBuffer]: 00-48-14-00-A6-36-D2-00-C2-BD-37-58-8D-3D-06-00-41-00-02-01-00-00-D9-05-03-00-05-00-19-00-02-10-A7-C6-57-3C-9E-3A-00-00-00-00
[DropWeapon] Flag: 217; Class: Sniper; Id: 3
[ActionBuffer]: 00-08-14-00-F0-1F-9C-C2-1C-3B-AE-CC-7A-D9-1E-C6-01-00-41-00-02-01-00-00-DA-04-01-00-0D-00-B4-00-03-1D-AD-2D-49-26-F7-3B-00-00-00-00
[DropWeapon] Flag: 218; Class: SMG; Id: 1
[ActionBuffer]: 00-08-14-00-F0-1F-9D-C2-79-3B-A2-CD-66-D9-0F-BF-01-00-41-00-02-01-00-00-DB-04-02-00-2F-00-FA-00-01-10-07-30-5E-A8-EF-3B-00-00-00-00
[DropWeapon] Flag: 219; Class: SMG; Id: 2
[ActionBuffer]: 00-48-14-00-F0-1F-C6-C1-41-38-DF-CC-16-D9-86-C0-01-00-41-00-02-01-00-00-DC-03-03-00-18-00-78-00-01-12-C3-34-7D-A8-A2-3B-00-00-00-00
[DropWeapon] Flag: 220; Class: Assault; Id: 3
[ActionBuffer]: 00-08-14-00-F0-1F-41-CC-FE-41-A0-CF-BD-D5-8F-CB-06-00-41-00-02-01-00-00-DD-03-02-00-1A-1E-B4-00-01-1C-F9-3B-4D-24-2E-2D-00-00-00-00
[DropWeapon] Flag: 221; Class: Assault; Id: 2
[ActionBuffer]: 00-08-14-00-88-C9-8F-3B-2E-48-92-D6-24-47-06-00-00-00-41-00-02-01-00-00-DE-04-01-00-1E-00-B4-00-03-1D-8D-3B-3F-B3-B5-33-00-00-00-00
[DropWeapon] Flag: 222; Class: SMG; Id: 1
[ActionBuffer]: 00-08-14-00-B6-C1-1A-3B-20-CD-BD-D6-F1-CC-02-00-41-00-02-01-00-00-DF-05-03-00-03-00-19-00-03-1D-6A-3B-5C-34-26-34-00-00-00-00
[DropWeapon] Flag: 223; Class: Sniper; Id: 3
[ActionBuffer]: 00-08-14-00-86-C8-F2-00-02-C9-88-59-00-00-06-00-41-00-02-01-00-00-C0-04-01-00-1E-00-B4-00-02-10-E2-3C-32-3D-D1-BC-00-00-00-00
[DropWeapon] Flag: 192; Class: SMG; Id: 1
[ActionBuffer]: 00-08-14-00-D9-B1-7B-3A-8B-46-EC-D5-02-42-06-00-41-00-02-01-00-00-C1-03-02-00-1B-1E-B4-00-01-13-ED-3B-CA-AE-54-2D-00-00-00-00
[DropWeapon] Flag: 193; Class: Assault; Id: 2
[ActionBuffer]: 00-08-14-00-7B-C4-19-3B-39-48-36-D6-4A-45-06-00-41-00-02-01-00-00-C2-05-03-00-04-00-19-00-03-1D-DC-3B-18-AE-1F-31-00-00-00-00
[DropWeapon] Flag: 194; Class: Sniper; Id: 3
[ActionBuffer]: 00-08-14-00-F0-1F-16-C4-17-3B-43-48-3A-D6-78-44-06-00-41-00-02-01-00-00-C3-03-02-00-1E-1E-B4-00-01-1B-DA-3B-5A-AE-4B-31-00-00-00-00
[DropWeapon] Flag: 195; Class: Assault; Id: 2
[ActionBuffer]: 00-08-14-00-B3-CD-06-42-AE-CB-08-BD-C4-C3-06-00-41-00-02-01-00-00-C4-03-01-00-00-00-5A-00-01-13-43-25-78-A3-FF-BB-00-00-00-00
[DropWeapon] Flag: 196; Class: Assault; Id: 1
[ActionBuffer]: 04-08-14-00-D3-CC-59-42-05-46-CF-55-F5-C7-06-00-00-00-41-00-02-01-00-00-C5-05-05-00-04-00-14-00-51-22-CA-BB-46-33-1C-A2-00-00-00-00
[DropWeapon] Flag: 197; Class: Sniper; Id: 5
[ActionBuffer]: 00-08-14-00-B2-4A-3E-01-CB-CB-82-D4-68-CC-02-00-09-FF-FF-41-00-02-01-00-00-C6-04-0B-00-32-00-96-00-11-22-F4-3A-D4-B0-89-37-00-00-00-00
[DropWeapon] Flag: 198; Class: SMG; Id: 11
[ActionBuffer]: F0-1F-9D-44-1C-3A-8F-C4-2A-58-C6-C5-03-00-41-00-02-01-00-00-C7-03-02-00-02-1E-B4-00-03-1D-CF-B9-B1-27-7F-39-00-00-00-00
[DropWeapon] Flag: 199; Class: Assault; Id: 2
[ActionBuffer]: 00-08-14-00-A6-BB-BE-00-B4-3B-E2-D1-00-00-06-00-41-00-02-01-00-00-C9-04-02-00-30-00-FA-00-02-10-D3-C4-52-3D-66-37-00-00-00-00
[DropWeapon] Flag: 201; Class: SMG; Id: 2
[ActionBuffer]: 00-08-14-00-38-42-F6-00-35-C6-25-D2-3A-44-06-00-4F-00-02-01-00-00-C8-05-04-00-08-00-28-00-02-10-5E-BA-4B-3D-A5-C6-00-00-00-00
[DropWeapon] Flag: 200; Class: Sniper; Id: 4
[ActionBuffer]: 00-08-14-00-65-C8-0F-3B-9A-47-E6-D5-83-48-06-00-41-00-02-01-00-00-CA-03-03-00-16-00-78-00-01-06-A9-3B-90-B4-0A-29-00-00-00-00
[DropWeapon] Flag: 202; Class: Assault; Id: 3
[ActionBuffer]: 00-08-14-00-86-BE-64-3A-1C-42-D2-D4-C4-46-06-00-41-00-02-01-00-00-CB-04-07-00-08-00-B4-00-01-0E-B9-3B-FE-B0-B1-B2-00-00-00-00
[DropWeapon] Flag: 203; Class: SMG; Id: 7
[ActionBuffer]: 00-08-14-00-F0-1F-69-CB-0E-3B-D2-C4-AB-45-E3-4C-03-00-41-00-02-01-00-00-CC-03-02-00-18-1E-B4-00-01-18-7F-AE-62-B7-0D-BB-00-00-00-00
[DropWeapon] Flag: 204; Class: Assault; Id: 2
[ActionBuffer]: 04-08-14-00-F0-1F-A8-C0-F8-42-3C-B7-FD-57-5B-CE-03-00-00-FF-FF-41-00-02-01-00-00-CD-03-A4-00-2D-00-80-00-51-01-31-25-A4-2F-F1-BB-00-00-00-00
[DropWeapon] Flag: 205; Class: Assault; Id: 164
[ActionBuffer]: 00-08-14-00-F0-1F-6F-44-85-39-5B-B2-7D-D4-1B-3F-06-00-00-00-41-00-02-01-00-00-C0-03-04-00-18-00-3C-00-01-10-8E-3B-26-AF-F6-B4-00-00-00-00
[DropWeapon] Flag: 192; Class: Assault; Id: 4
[ActionBuffer]: 00-08-14-00-9A-3C-77-3B-84-39-93-D4-4F-40-06-00-41-00-02-01-00-00-C1-03-04-00-10-00-3C-00-03-1D-9F-3B-CF-AD-A5-B4-00-00-00-00
[DropWeapon] Flag: 193; Class: Assault; Id: 4
[ActionBuffer]: 00-08-14-00-F0-1F-BE-3D-19-3B-C6-47-15-D6-74-40-06-00-41-00-02-01-00-00-C2-03-04-00-15-00-3C-00-03-1D-E7-3B-C2-AD-08-30-00-00-00-00
[DropWeapon] Flag: 194; Class: Assault; Id: 4
[ActionBuffer]: 00-08-14-00-0E-42-78-3B-A7-46-D5-D5-48-36-06-00-41-00-02-01-00-00-C3-03-04-00-14-00-3C-00-03-1D-F8-3B-62-AC-25-2B-00-00-00-00
[DropWeapon] Flag: 195; Class: Assault; Id: 4
[ActionBuffer]: 00-08-14-00-56-BD-11-3B-DE-36-2C-D4-C1-38-06-00-41-00-02-01-00-00-C4-04-06-00-1B-00-5A-00-01-18-4A-3B-19-AF-5B-B6-00-00-00-00
[DropWeapon] Flag: 196; Class: SMG; Id: 6
[ActionBuffer]: 00-08-14-00-F0-1F-AE-C5-1D-3B-9A-45-D0-D4-05-43-06-00-41-00-02-01-00-00-C5-03-04-00-04-00-3C-00-03-1D-B0-3B-25-B1-33-B3-00-00-00-00
[DropWeapon] Flag: 197; Class: Assault; Id: 4
[ActionBuffer]: 00-08-14-00-76-BD-E6-3A-51-46-99-D5-05-41-06-00-41-00-02-01-00-00-C6-03-04-00-1E-00-3C-00-03-1D-EF-3B-1C-B0-11-A1-00-00-00-00
[DropWeapon] Flag: 198; Class: Assault; Id: 4
[ActionBuffer]: 00-08-14-00-F0-1F-57-C0-35-3B-4F-46-99-D5-5E-47-06-00-00-00-41-00-02-01-00-00-C7-03-04-00-12-00-3C-00-03-1D-EE-3B-36-B0-2D-A1-00-00-00-00
[DropWeapon] Flag: 199; Class: Assault; Id: 4
[ActionBuffer]: 00-08-14-00-41-C5-0B-3B-87-CB-17-D6-69-CE-02-00-41-00-02-01-00-00-C8-03-04-00-1B-00-3C-00-01-11-EE-3B-0B-28-11-30-00-00-00-00
[DropWeapon] Flag: 200; Class: Assault; Id: 4
[ActionBuffer]: 00-08-14-00-F0-1F-82-46-F3-3A-6D-C3-B7-D5-CC-41-03-00-00-00-41-00-02-01-00-00-C9-03-04-00-1A-00-3C-00-03-1D-EE-3B-2B-B0-75-25-00-00-00-00
[DropWeapon] Flag: 201; Class: Assault; Id: 4
[ActionBuffer]: 00-08-14-00-F0-1F-61-45-AD-3D-68-C3-B5-D5-D5-B8-03-00-00-00-41-00-02-01-00-00-CA-04-06-00-16-00-5A-00-01-11-EE-3B-22-B0-86-25-00-00-00-00
[DropWeapon] Flag: 202; Class: SMG; Id: 6
[ActionBuffer]: 00-08-14-00-31-C9-14-3B-4B-3B-96-D8-2F-D1-03-00-41-00-02-01-00-00-CB-03-04-00-1C-00-3C-00-01-10-49-38-AE-B2-8C-3A-00-00-00-00
[DropWeapon] Flag: 203; Class: Assault; Id: 4
[ActionBuffer]: 00-08-14-00-11-C9-98-00-F8-44-43-D9-DE-CA-03-00-01-FF-FF-41-00-02-01-00-00-CC-05-20-00-06-00-0D-00-F1-11-D7-38-D2-B2-23-3A-00-00-00-00
[DropWeapon] Flag: 204; Class: Sniper; Id: 32
[ActionBuffer]: 00-08-14-00-C4-C2-47-3A-7A-CD-4A-D9-0B-D5-02-00-41-00-02-01-00-00-CD-03-04-00-1A-00-3C-00-01-13-81-33-E6-B9-12-39-00-00-00-00
[DropWeapon] Flag: 205; Class: Assault; Id: 4
[ActionBuffer]: 00-08-14-00-F0-1F-C8-40-B9-3A-5A-CC-86-59-09-D1-02-00-00-00-41-00-02-01-00-00-CE-03-04-00-08-00-3C-00-01-1A-3F-AC-81-AC-F6-3B-00-00-00-00
[DropWeapon] Flag: 206; Class: Assault; Id: 4
[ActionBuffer]: 00-08-14-00-16-C3-19-3B-B3-40-AD-D4-8E-42-06-00-41-00-02-01-00-00-CF-03-04-00-17-00-3C-00-03-1D-A6-3B-35-B0-32-B4-00-00-00-00
[DropWeapon] Flag: 207; Class: Assault; Id: 4
[ActionBuffer]: 00-08-14-00-F0-1F-7A-B1-19-3B-61-44-F5-D4-CF-40-06-00-41-00-02-01-00-00-D0-04-06-00-11-00-5A-00-01-1A-D0-3B-5C-AF-DA-B1-00-00-00-00
[DropWeapon] Flag: 208; Class: SMG; Id: 6
[ActionBuffer]: 00-08-14-00-F0-1F-74-BD-FA-3A-07-40-D5-D4-B8-41-06-00-41-00-02-01-00-00-D1-03-04-00-14-00-3C-00-03-1D-C0-3B-55-AF-04-B3-00-00-00-00
[DropWeapon] Flag: 209; Class: Assault; Id: 4
[ActionBuffer]: 00-48-14-00-F0-1F-B1-C3-82-36-2A-41-D5-D4-19-45-06-00-41-00-02-01-00-00-D2-03-04-00-16-00-3C-00-03-1D-B1-3B-4E-B1-FF-B2-00-00-00-00
[DropWeapon] Flag: 210; Class: Assault; Id: 4
[ActionBuffer]: 00-08-14-00-F0-1F-DA-B6-C4-3A-75-42-3C-D5-1E-3F-06-00-41-00-02-01-00-00-D3-03-04-00-0D-00-3C-00-03-1D-EB-3B-BF-AD-31-AF-00-00-00-00
[DropWeapon] Flag: 211; Class: Assault; Id: 4
[ActionBuffer]: 00-08-14-00-F0-1F-6D-C6-17-3B-97-44-88-D5-99-42-06-00-41-00-02-01-00-00-D4-03-04-00-1A-00-3C-00-01-11-E4-3B-36-B1-E2-A6-00-00-00-00
[DropWeapon] Flag: 212; Class: Assault; Id: 4
[ActionBuffer]: 00-08-14-00-F0-1F-B5-C5-35-3A-5F-47-26-D6-E6-3F-06-00-41-00-02-01-00-00-D5-03-04-00-0D-00-3C-00-01-11-D8-3B-4F-B0-9C-30-00-00-00-00-10-11
[DropWeapon] Flag: 213; Class: Assault; Id: 4
[ActionBuffer]: F0-1F-00-40-7C-3A-92-46-C9-D5-D7-3F-06-00-41-00-02-01-00-00-D6-04-06-00-1B-00-5A-00-03-1D-F8-3B-0E-AD-8D-29-00-00-00-00
[DropWeapon] Flag: 214; Class: SMG; Id: 6
[ActionBuffer]: 00-08-14-00-74-C0-62-3B-7A-46-DE-D5-6E-46-06-00-41-00-02-01-00-00-D7-03-04-00-17-00-3C-00-01-0E-EB-3B-04-B0-77-2C-00-00-00-00
[DropWeapon] Flag: 215; Class: Assault; Id: 4
[ActionBuffer]: 00-08-14-00-7E-C4-4C-3A-D1-44-71-D5-E1-43-06-00-41-00-02-01-00-00-D8-03-04-00-0F-00-3C-00-03-1D-E1-3B-2D-B1-88-AB-00-00-00-00
[DropWeapon] Flag: 216; Class: Assault; Id: 4
[ActionBuffer]: 00-08-11-00-F0-1F-D0-43-20-3B-BB-C5-C5-D5-BB-47-03-00-41-00-02-01-00-00-D9-03-04-00-18-00-3C-00-01-11-B8-3B-27-B4-EF-28-00-00-00-00
[DropWeapon] Flag: 217; Class: Assault; Id: 4
[ActionBuffer]: 00-08-14-00-F0-1F-9B-BF-AF-3A-1F-47-29-D9-00-00-03-00-00-00-41-00-02-01-00-00-DA-03-04-00-1E-00-3C-00-01-13-E8-30-1A-B5-7C-3B-00-00-00-00
[DropWeapon] Flag: 218; Class: Assault; Id: 4
[ActionBuffer]: 00-08-14-00-C9-46-73-3B-98-C1-4C-D4-42-C3-03-00-41-00-02-01-00-00-DB-03-04-00-15-00-3C-00-01-1C-6B-3B-2C-2A-EF-B5-00-00-00-00
[DropWeapon] Flag: 219; Class: Assault; Id: 4
[ActionBuffer]: 00-08-14-00-55-49-1C-3A-3C-C6-7D-D8-22-C7-02-00-41-00-02-01-00-00-DC-04-03-00-1B-00-96-00-01-1C-AA-38-D2-9C-80-3A-00-00-00-00
[DropWeapon] Flag: 220; Class: SMG; Id: 3
[ActionBuffer]: 00-08-14-00-5C-4A-AA-3A-51-C5-41-D6-00-00-02-00-41-00-02-01-00-00-DD-03-04-00-1E-00-3C-00-01-10-A9-39-C6-A8-A5-39-00-00-00-00
[DropWeapon] Flag: 221; Class: Assault; Id: 4
[ActionBuffer]: 00-08-14-00-1C-C2-8F-3A-CE-CB-86-56-90-C0-02-00-41-00-02-01-00-00-DE-04-03-00-19-00-B4-00-01-13-BD-BB-0A-A8-04-34-00-00-00-00
[DropWeapon] Flag: 222; Class: SMG; Id: 3
[ActionBuffer]: 00-08-14-00-58-C6-2B-3A-8B-CB-74-59-D8-CD-02-00-41-00-02-01-00-00-DF-03-04-00-16-00-3C-00-03-1D-77-AC-48-27-FA-3B-00-00-00-00
[DropWeapon] Flag: 223; Class: Assault; Id: 4
[ActionBuffer]: 00-08-14-00-F0-1F-85-C6-F2-42-BD-C4-83-59-EE-CA-03-00-41-00-02-01-00-00-C0-03-04-00-13-00-3C-00-01-10-09-AC-D6-30-E4-3B-00-00-00-00
[DropWeapon] Flag: 192; Class: Assault; Id: 4
[ActionBuffer]: 00-08-14-00-28-C5-B7-42-D1-BB-2A-D9-69-C2-03-00-41-00-02-01-00-00-C1-04-03-00-09-00-96-00-01-06-DB-34-DF-A6-9F-3B-00-00-00-00
[DropWeapon] Flag: 193; Class: SMG; Id: 3
[ActionBuffer]: 00-08-14-00-0A-CC-5D-40-9B-45-53-57-69-D2-06-00-41-00-02-01-00-00-C2-05-20-00-0A-00-14-00-02-10-F3-C1-7D-3B-C1-42-00-00-00-00
[DropWeapon] Flag: 194; Class: Sniper; Id: 32
[ActionBuffer]: 00-08-14-00-AD-B1-7A-3B-46-45-74-D5-04-46-06-00-41-00-02-01-00-00-C3-04-03-00-09-00-B4-00-03-1D-F2-3B-DC-AE-6E-AA-00-00-00-00
[DropWeapon] Flag: 195; Class: SMG; Id: 3
[ActionBuffer]: 00-08-14-00-EC-3D-1E-3B-D8-47-F4-D5-D9-40-06-00-41-00-02-01-00-00-C4-03-04-00-00-00-3C-00-03-1D-F1-3B-0A-AD-C2-2D-00-00-00-00
[DropWeapon] Flag: 196; Class: Assault; Id: 4
[ActionBuffer]: 00-08-14-00-04-43-B9-3A-68-48-14-D6-52-44-06-00-41-00-02-01-00-00-C5-03-04-00-1E-00-3C-00-01-21-E8-3B-FC-AD-9B-2F-00-00-00-00
[DropWeapon] Flag: 197; Class: Assault; Id: 4
[ActionBuffer]: 00-08-14-00-F0-1F-E7-3F-BC-39-FF-3F-CE-D4-B8-45-06-00-00-00-41-00-02-01-00-00-C6-04-03-00-0C-00-B4-00-01-13-BB-3B-C1-AF-3C-B3-00-00-00-00
[DropWeapon] Flag: 198; Class: SMG; Id: 3
[ActionBuffer]: F0-1F-C1-C5-0C-3B-23-46-D9-D5-3A-43-06-00-41-00-02-01-00-00-C7-03-04-00-18-00-3C-00-01-12-E7-3B-92-B0-BA-2B-00-00-00-00
[DropWeapon] Flag: 199; Class: Assault; Id: 4
[ActionBuffer]: 00-08-14-00-F0-1F-8B-C6-BB-3E-5D-44-E2-D5-6C-C9-03-00-41-00-02-01-00-00-C8-04-03-00-16-00-B4-00-01-01-F2-3B-29-26-49-2F-00-00-00-00
[DropWeapon] Flag: 200; Class: SMG; Id: 3
[ActionBuffer]: 00-08-14-00-F0-1F-62-C9-19-3B-25-3F-53-BA-2F-D0-03-00-00-00-41-00-02-01-00-00-C9-04-06-00-13-00-5A-00-01-13-47-1A-48-A9-FE-BB-00-00-00-00
[DropWeapon] Flag: 201; Class: SMG; Id: 6
[ActionBuffer]: 00-08-14-00-54-C7-D1-41-05-C4-1D-D8-F4-CB-03-00-41-00-02-01-00-00-EA-02-03-00-0A-00-24-00-01-14-D2-39-6E-B2-40-39-00-00-00-00
[DropWeapon] Flag: 234; Class: HandGun; Id: 3
[ActionBuffer]: 00-08-14-00-9C-3B-0C-3B-14-47-D9-D5-C7-44-06-00-41-00-02-01-00-00-CB-04-04-00-07-00-B4-00-03-1D-F5-3B-81-AD-D2-2B-00-00-00-00
[DropWeapon] Flag: 203; Class: SMG; Id: 4
[ActionBuffer]: 00-08-14-00-BD-BB-70-3B-56-47-DF-D5-B9-45-06-00-41-00-02-01-00-00-CC-03-04-00-1C-00-3C-00-03-1D-F1-3B-8B-AE-42-2C-00-00-00-00
[DropWeapon] Flag: 204; Class: Assault; Id: 4
[ActionBuffer]: 00-08-14-00-F0-1F-77-39-19-3B-25-43-2B-D5-0A-43-06-00-41-00-02-01-00-00-CD-03-03-00-18-00-78-00-03-1D-E5-3B-24-AE-1F-B0-00-00-00-00
[DropWeapon] Flag: 205; Class: Assault; Id: 3
[ActionBuffer]: 00-08-14-00-F0-1F-64-3C-14-3B-63-3D-A4-D4-B7-42-06-00-41-00-02-01-00-00-CE-04-03-00-1C-00-96-00-03-1D-A8-3B-68-AE-5D-B4-00-00-00-00
[DropWeapon] Flag: 206; Class: SMG; Id: 3
[ActionBuffer]: 00-08-14-00-F0-1F-62-C6-21-3E-38-40-20-D4-75-40-06-00-41-00-02-01-00-00-CF-03-02-00-16-1E-B4-00-03-1D-42-3B-90-AE-85-B6-00-00-00-00
[DropWeapon] Flag: 207; Class: Assault; Id: 2
[ActionBuffer]: 00-08-14-00-F0-1F-DE-3C-0F-3B-4A-38-46-D4-5C-45-06-00-41-00-02-01-00-00-D0-05-03-00-04-00-19-00-03-1D-6A-3B-51-AE-CE-B5-00-00-00-00
[DropWeapon] Flag: 208; Class: Sniper; Id: 3
[ActionBuffer]: 00-08-14-00-DE-C3-E6-3A-EB-42-DF-D4-6D-45-06-00-41-00-02-01-00-00-D1-04-01-00-0D-00-B4-00-01-13-B9-3B-22-B1-9A-B2-00-00-00-00
[DropWeapon] Flag: 209; Class: SMG; Id: 1
[ActionBuffer]: 00-08-14-00-32-CA-1D-3B-A3-45-8C-D4-30-4C-06-00-41-00-02-01-00-00-D2-03-03-00-1B-00-78-00-03-1D-E2-3A-D7-B6-6E-B4-00-00-00-00
[DropWeapon] Flag: 210; Class: Assault; Id: 3
[ActionBuffer]: 00-08-14-00-F0-1F-95-C5-E1-3A-6E-45-44-D5-AC-45-06-00-00-00-41-00-02-01-00-00-D3-03-04-00-1B-00-3C-00-03-1D-D2-3B-E0-B1-8E-AE-00-00-00-00
[DropWeapon] Flag: 211; Class: Assault; Id: 4
[ActionBuffer]: 00-08-14-00-F4-C5-9A-00-A9-45-04-D2-00-00-02-00-41-00-02-01-00-00-D4-04-04-00-1A-00-B4-00-02-10-FE-B1-5A-3D-A3-C2-00-00-00-00
[DropWeapon] Flag: 212; Class: SMG; Id: 4
[ActionBuffer]: 00-08-14-00-F0-1F-E2-C6-97-38-B7-CA-A3-55-27-C8-02-00-41-00-02-01-00-00-D5-05-20-00-0A-00-14-00-13-1D-BD-AA-C1-B3-C0-BB-00-00-00-00
[DropWeapon] Flag: 213; Class: Sniper; Id: 32
[ActionBuffer]: 00-08-14-00-FA-36-B7-00-C4-41-AF-CE-00-00-06-00-41-00-02-01-00-00-D6-04-01-00-16-00-B4-00-02-10-03-C0-49-3D-8D-3A-00-00-00-00
[DropWeapon] Flag: 214; Class: SMG; Id: 1
[ActionBuffer]: 00-08-14-00-DF-36-6A-3B-17-47-FB-D5-5D-43-06-00-41-00-02-01-00-00-D7-03-01-00-0B-00-78-00-01-14-EB-3B-CE-AE-38-2E-00-00-00-00
[DropWeapon] Flag: 215; Class: Assault; Id: 1
[ActionBuffer]: 00-08-14-00-4F-39-88-3A-DA-46-EE-D5-F7-42-06-00-41-00-02-01-00-00-D8-03-02-00-1B-1E-B4-00-01-13-E9-3B-E8-AF-85-2D-00-00-00-00
[DropWeapon] Flag: 216; Class: Assault; Id: 2
[ActionBuffer]: 00-08-14-00-F0-1F-A6-C8-19-3B-6E-48-A2-D6-8D-44-06-00-41-00-02-01-00-00-C0-03-04-00-1A-00-3C-00-03-1D-91-3B-D1-B1-51-34-00-00-00-00
[DropWeapon] Flag: 192; Class: Assault; Id: 4
[ActionBuffer]: 00-08-14-00-F0-1F-FB-C8-0C-3B-B1-45-8E-D5-8D-45-06-00-41-00-02-01-00-00-C1-03-04-00-1B-00-3C-00-03-1D-CC-3B-1C-B3-24-A6-00-00-00-00
[DropWeapon] Flag: 193; Class: Assault; Id: 4
[ActionBuffer]: 00-08-14-00-F0-1F-81-C5-3E-3A-19-45-6A-D3-00-00-03-00-41-00-02-01-00-00-E2-02-01-00-07-00-15-00-01-14-9C-3B-5B-1A-EE-B4-00-00-00-00
[DropWeapon] Flag: 226; Class: HandGun; Id: 1
[ActionBuffer]: 00-08-14-00-F7-44-F6-3A-7D-49-23-D4-0E-49-03-00-41-00-02-01-00-00-C3-03-A4-00-2D-00-32-00-11-01-A7-B8-8E-B2-4C-3A-00-00-00-00
[DropWeapon] Flag: 195; Class: Assault; Id: 164
[ActionBuffer]: 00-08-14-00-F0-1F-7B-C4-19-3B-78-45-6E-D7-1B-46-03-00-41-00-02-01-00-00-C4-03-04-00-00-00-3C-00-03-1D-D5-3A-75-B3-72-37-00-00-00-00
[DropWeapon] Flag: 196; Class: Assault; Id: 4
[ActionBuffer]: 00-08-14-00-F0-1F-1D-BE-25-3B-3D-47-77-D7-6E-45-03-00-41-00-02-01-00-00-C5-04-06-00-15-00-5A-00-03-1D-DE-3A-9A-B1-B8-37-00-00-00-00
[DropWeapon] Flag: 197; Class: SMG; Id: 6
[ActionBuffer]: 00-08-14-00-F0-1F-CF-3E-38-3A-F0-48-2E-D7-18-44-03-00-41-00-02-01-00-00-C6-03-04-00-11-00-3C-00-01-13-2D-3B-E5-B0-A3-36-00-00-00-00
[DropWeapon] Flag: 198; Class: Assault; Id: 4
[ActionBuffer]: 00-08-14-00-F0-1F-0A-4B-00-01-31-C4-97-D2-95-38-03-00-41-00-02-01-00-00-C7-03-A4-00-23-00-64-00-31-1A-D1-B5-99-BA-EE-B6-00-00-00-00
[DropWeapon] Flag: 199; Class: Assault; Id: 164
[ActionBuffer]: 00-08-14-00-F0-1F-70-C7-69-3B-40-CF-1C-56-42-C6-01-00-41-00-02-01-00-00-C8-04-06-00-15-00-5A-00-03-1D-EC-BB-D0-24-5E-30-00-00-00-00
[DropWeapon] Flag: 200; Class: SMG; Id: 6
[ActionBuffer]: 00-08-14-00-B3-C3-60-3A-76-4A-72-D9-F6-45-03-00-00-00-41-00-02-01-00-00-C9-03-04-00-1A-00-3C-00-03-1D-0B-2E-C1-B1-D5-3B-00-00-00-00
[DropWeapon] Flag: 201; Class: Assault; Id: 4
[ActionBuffer]: 00-08-14-00-F0-1F-89-3F-3C-3A-42-47-BD-D7-00-00-03-00-41-00-02-01-00-00-CA-04-06-00-10-00-5A-00-03-1D-62-38-A8-B3-69-3A-00-00-00-00
[DropWeapon] Flag: 202; Class: SMG; Id: 6
[ActionBuffer]: 00-08-14-00-F0-1F-3F-46-0A-3A-51-48-DE-D8-00-00-03-00-41-00-02-01-00-00-EB-02-01-00-07-00-15-00-03-1D-8E-3B-7E-B0-C2-34-00-00-00-00
[DropWeapon] Flag: 235; Class: HandGun; Id: 1
[ActionBuffer]: 00-08-14-00-DA-44-00-3D-A2-4B-80-D9-00-00-03-00-41-00-02-01-00-00-CC-03-04-00-11-00-1E-00-03-1D-F5-15-DE-2C-FA-3B-00-00-00-00
[DropWeapon] Flag: 204; Class: Assault; Id: 4
[ActionBuffer]: 00-08-14-00-F0-1F-7A-BE-35-3B-D0-45-53-53-45-C4-03-00-41-00-02-01-00-00-CD-03-04-00-03-00-3C-00-03-1D-E7-BA-64-2B-04-B8-00-00-00-00
[DropWeapon] Flag: 205; Class: Assault; Id: 4
[ActionBuffer]: 00-08-14-00-56-C6-79-41-B4-3A-04-52-99-CC-03-00-41-00-02-01-00-00-CE-03-04-00-10-00-3C-00-03-1D-DB-B9-46-32-38-B9-00-00-00-00
[DropWeapon] Flag: 206; Class: Assault; Id: 4
[ActionBuffer]: 00-08-14-00-F0-1F-F7-49-6C-3B-5B-46-2E-D5-C4-C4-03-00-41-00-02-01-00-00-CF-04-06-00-14-00-5A-00-03-1D-F0-3B-7B-23-F7-AF-00-00-00-00
[DropWeapon] Flag: 207; Class: SMG; Id: 6
[ActionBuffer]: 00-08-14-00-F0-1F-F9-48-E7-3E-20-C8-72-D4-C8-CD-03-00-41-00-02-01-00-00-D0-03-04-00-17-00-3C-00-03-1D-71-3B-C1-31-1E-B5-00-00-00-00
[DropWeapon] Flag: 208; Class: Assault; Id: 4
[ActionBuffer]: 00-08-14-00-70-BB-4E-3A-C7-44-9B-58-00-00-03-00-41-00-02-01-00-00-D1-03-04-00-1B-00-3C-00-03-1D-08-B4-16-15-BE-3B-00-00-00-00
[DropWeapon] Flag: 209; Class: Assault; Id: 4
[ActionBuffer]: 00-08-14-00-F0-1F-6C-C3-50-40-50-4D-40-59-92-C6-03-00-41-00-02-01-00-00-D2-03-04-00-1E-00-3C-00-03-1D-AC-B2-B2-2B-CF-3B-00-00-00-00
[DropWeapon] Flag: 210; Class: Assault; Id: 4
[ActionBuffer]: 00-08-14-00-F0-1F-BF-41-4F-3A-A1-C0-4B-56-BF-D0-03-00-41-00-02-01-00-00-D3-03-04-00-17-00-3C-00-03-1D-D8-BB-CE-9C-53-32-00-00-00-00
[DropWeapon] Flag: 211; Class: Assault; Id: 4
[ActionBuffer]: 00-08-14-00-F0-1F-41-C3-54-3D-73-4B-33-59-D5-C8-03-00-41-00-02-01-00-00-D4-03-04-00-1C-00-3C-00-03-1D-7C-B3-B4-2B-C3-3B-00-00-00-00
[DropWeapon] Flag: 212; Class: Assault; Id: 4
[ActionBuffer]: F0-1F-72-C5-6F-3A-E4-43-A6-D4-04-C1-03-00-41-00-02-01-00-00-D5-03-04-00-1C-00-3C-00-03-1D-B6-3B-2A-23-44-B4-00-00-00-00
[DropWeapon] Flag: 213; Class: Assault; Id: 4
[ActionBuffer]: 00-08-14-00-9C-48-8D-3A-24-45-EB-C7-8F-C2-03-00-41-00-02-01-00-00-D6-04-06-00-17-00-5A-00-01-1B-E3-3B-72-1A-5E-B1-00-00-00-00
[DropWeapon] Flag: 214; Class: SMG; Id: 6
[ActionBuffer]: 00-08-14-00-F0-1F-C0-BF-EC-3D-26-48-8D-D5-B7-CD-03-00-41-00-02-01-00-00-D7-03-04-00-1D-00-3C-00-03-1D-E4-3B-34-31-67-A7-00-00-00-00
[DropWeapon] Flag: 215; Class: Assault; Id: 4
[ActionBuffer]: 00-08-14-00-78-C1-84-00-24-49-BA-D6-5B-BC-03-00-41-00-02-01-00-00-D8-03-A4-00-00-00-2D-00-31-22-74-B8-F2-AC-9E-BA-00-00-00-00
[DropWeapon] Flag: 216; Class: Assault; Id: 164
[ActionBuffer]: 00-08-14-00-B3-43-1C-3B-43-CE-E5-54-C6-CF-02-00-41-00-02-01-00-00-D9-03-04-00-17-00-3C-00-03-1D-DE-BB-7F-2A-89-B1-00-00-00-00
[DropWeapon] Flag: 217; Class: Assault; Id: 4
[ActionBuffer]: 00-08-14-00-4C-45-D2-3A-1B-C9-28-59-33-46-02-00-41-00-02-01-00-00-DA-03-04-00-1C-00-3C-00-03-1D-EE-B3-17-B4-7A-3B-00-00-00-00
[DropWeapon] Flag: 218; Class: Assault; Id: 4
[ActionBuffer]: 00-08-14-00-F0-1F-8F-B9-A3-3D-E6-44-04-59-32-3E-02-00-41-00-02-01-00-00-DB-03-04-00-18-00-3C-00-03-1D-57-B5-DD-AC-84-3B-00-00-00-00
[DropWeapon] Flag: 219; Class: Assault; Id: 4
[ActionBuffer]: 00-08-14-00-F0-1F-B7-43-AB-3D-C6-4C-76-59-00-00-02-00-41-00-02-01-00-00-DC-03-04-00-17-00-3C-00-03-1D-41-AE-3D-AA-F4-3B-00-00-00-00
[DropWeapon] Flag: 220; Class: Assault; Id: 4
[ActionBuffer]: 00-08-14-00-F0-1F-F9-C6-39-40-CE-3E-3B-D9-00-00-02-00-00-00-41-00-02-01-00-00-DD-04-03-00-1E-00-B4-00-03-1D-F1-B8-F1-A9-47-3A-00-00-00-00
[DropWeapon] Flag: 221; Class: SMG; Id: 3
[ActionBuffer]: 00-08-14-00-F0-1F-58-C8-11-3E-37-4D-C3-D5-00-00-03-00-41-00-02-01-00-00-DE-04-06-00-1E-00-5A-00-03-1D-10-B4-CC-AC-B7-3B-00-00-00-00
[DropWeapon] Flag: 222; Class: SMG; Id: 6
[ActionBuffer]: 00-08-14-00-F0-1F-45-C2-DD-41-4B-4D-6B-59-05-C5-03-00-41-00-02-01-00-00-DF-03-04-00-18-00-3C-00-03-1D-41-AF-13-2A-F0-3B-00-00-00-00
[DropWeapon] Flag: 223; Class: Assault; Id: 4
[ActionBuffer]: 00-08-14-00-F0-1F-8D-B5-22-3C-25-4B-88-D9-FF-3C-03-00-41-00-02-01-00-00-C0-03-04-00-13-00-3C-00-03-1D-21-2A-C8-A2-FD-3B-00-00-00-00
[DropWeapon] Flag: 192; Class: Assault; Id: 4
[ActionBuffer]: 00-08-14-00-13-BE-AA-00-5D-44-87-4D-4C-44-03-00-41-00-02-01-00-00-C1-03-A4-00-2C-00-87-00-71-11-E3-2B-A9-A8-FB-BB-00-00-00-00
[DropWeapon] Flag: 193; Class: Assault; Id: 164
[ActionBuffer]: 00-08-11-00-F0-1F-14-C8-AD-39-70-CC-97-D1-29-CD-02-00-41-00-02-01-00-00-C2-04-03-00-16-00-B4-00-03-1D-7C-39-42-A1-D3-B9-00-00-00-00
[DropWeapon] Flag: 194; Class: SMG; Id: 3
[ActionBuffer]: 00-08-14-00-F0-1F-25-C5-EC-00-7A-C7-7A-54-00-00-02-00-41-00-02-01-00-00-C4-04-03-00-1E-00-B4-00-02-10-B7-BF-15-3D-22-C4-00-00-00-00
[DropWeapon] Flag: 196; Class: SMG; Id: 3
[ActionBuffer]: 00-08-14-00-EB-41-DC-00-38-BF-32-59-00-00-02-00-41-00-02-01-00-00-C3-03-04-00-1E-00-3C-00-02-10-FF-45-13-3D-AA-3C-00-00-00-00
[DropWeapon] Flag: 195; Class: Assault; Id: 4
[ActionBuffer]: 00-08-14-00-F0-1F-EA-C6-C1-42-BD-2C-6C-D9-00-00-02-00-41-00-02-01-00-00-C5-03-04-00-1E-00-3C-00-03-1D-39-AD-60-31-DC-3B-00-00-00-00
[DropWeapon] Flag: 197; Class: Assault; Id: 4
[ActionBuffer]: 00-08-14-00-2F-C0-AF-3A-8D-48-F4-D5-00-00-03-00-41-00-02-01-00-00-C6-03-04-00-1E-00-3C-00-01-1B-C4-35-34-B1-59-3B-00-00-00-00
[DropWeapon] Flag: 198; Class: Assault; Id: 4
[ActionBuffer]: 00-08-14-00-F0-1F-01-C8-CC-3D-98-4C-04-59-00-00-03-00-41-00-02-01-00-00-E7-02-03-00-0C-00-24-00-03-1D-80-AD-FF-AD-EF-3B-00-00-00-00
[DropWeapon] Flag: 231; Class: HandGun; Id: 3
[ActionBuffer]: 00-08-14-00-AB-C0-F2-42-2B-4D-04-59-03-CB-03-00-41-00-02-01-00-00-C8-03-04-00-1E-00-3C-00-01-18-25-B5-24-32-6B-3B-00-00-00-00
[DropWeapon] Flag: 200; Class: Assault; Id: 4
[ActionBuffer]: F0-1F-B5-C0-7E-41-4B-4D-09-59-93-CB-03-00-41-00-02-01-00-00-C9-03-04-00-18-00-3C-00-03-1D-06-B5-A5-31-77-3B-00-00-00-00
[DropWeapon] Flag: 201; Class: Assault; Id: 4
[ActionBuffer]: 00-48-14-00-F0-1F-39-40-8E-38-5E-47-13-D2-3A-C6-03-00-41-00-02-01-00-00-CA-04-03-00-13-00-B4-00-03-1D-F0-39-B6-A3-5C-B9-00-00-00-00
[DropWeapon] Flag: 202; Class: SMG; Id: 3
[ActionBuffer]: 00-08-14-00-21-CB-D6-3A-5E-46-FE-51-00-00-03-00-41-00-02-01-00-00-CB-04-03-00-0A-00-B4-00-03-1D-FF-BB-5B-20-92-A6-00-00-00-00
[DropWeapon] Flag: 203; Class: SMG; Id: 3
[ActionBuffer]: 00-08-14-00-F0-1F-CB-43-32-3A-E2-48-F4-D5-4A-C3-03-00-41-00-02-01-00-00-CC-03-04-00-1C-00-3C-00-03-1D-ED-3B-62-1C-5D-30-00-00-00-00
[DropWeapon] Flag: 204; Class: Assault; Id: 4
[ActionBuffer]: 00-08-14-00-F0-1F-3F-47-A9-3A-E5-48-22-D7-00-00-03-00-41-00-02-01-00-00-ED-02-03-00-0C-00-24-00-01-14-DB-3B-0E-1E-09-32-00-00-00-00
[DropWeapon] Flag: 237; Class: HandGun; Id: 3
[ActionBuffer]: 00-08-14-00-F0-1F-3E-C2-87-3A-EF-48-41-D8-3F-C4-03-00-41-00-02-01-00-00-CE-04-01-00-18-00-B4-00-03-1D-89-39-D1-21-C6-39-00-00-00-00
[DropWeapon] Flag: 206; Class: SMG; Id: 1
[ActionBuffer]: 00-08-11-00-F0-1F-AF-CA-15-3A-08-49-ED-58-CB-BF-03-00-41-00-02-01-00-00-CF-04-03-00-1E-00-B4-00-03-1D-12-B6-FF-1D-67-3B-00-00-00-00
[DropWeapon] Flag: 207; Class: SMG; Id: 3
[ActionBuffer]: 00-08-14-00-F0-1F-0A-C8-C4-3A-F4-44-12-56-4C-44-03-00-00-00-41-00-02-01-00-00-D0-03-A4-00-00-00-87-00-71-01-90-BB-94-AC-1A-B5-00-00-00-00
[DropWeapon] Flag: 208; Class: Assault; Id: 164
[ActionBuffer]: 00-08-14-00-B2-44-76-3B-9A-CA-07-D8-B3-BF-02-00-41-00-02-42-00-00-C0-03-04-00-19-00-3C-00-03-1D-3A-3A-02-27-04-39-00-00-00-00
[DropWeapon] Flag: 192; Class: Assault; Id: 4
[ActionBuffer]: 00-08-14-00-F0-1F-51-C8-16-3B-2E-CC-B4-55-35-CB-02-00-41-00-02-42-00-00-C1-03-04-00-13-00-3C-00-01-11-FE-BB-92-A9-95-25-00-00-00-00
[DropWeapon] Flag: 193; Class: Assault; Id: 4
[ActionBuffer]: 00-08-14-00-08-C6-6A-3A-7F-CC-36-56-66-D0-02-00-41-00-02-42-00-00-C2-03-04-00-18-00-3C-00-03-1D-D2-BB-51-9A-B6-32-00-00-00-00
[DropWeapon] Flag: 194; Class: Assault; Id: 4
[ActionBuffer]: 00-08-14-00-F0-1F-65-C7-3E-3B-A6-CB-E1-56-F6-CC-02-00-41-00-02-42-00-00-C3-03-04-00-15-00-3C-00-01-13-84-BB-DE-A7-79-35-00-00-00-00
[DropWeapon] Flag: 195; Class: Assault; Id: 4
[ActionBuffer]: 00-08-14-00-F0-1F-50-49-07-01-D9-C6-55-D5-C7-C8-03-00-41-00-02-42-00-00-C0-04-06-00-11-00-5A-00-02-10-50-21-69-3D-78-BB-00-00-00-00
[DropWeapon] Flag: 192; Class: SMG; Id: 6
[ActionBuffer]: 00-08-14-00-F0-1F-11-C8-FB-00-6F-C9-59-D4-6F-CA-03-00-41-00-02-42-00-00-C1-03-04-00-1C-00-3C-00-02-10-4D-BC-A3-3D-23-2C-00-00-00-00
[DropWeapon] Flag: 193; Class: Assault; Id: 4
[ActionBuffer]: 00-08-14-00-F0-1F-24-36-2A-3A-EB-43-D7-D4-92-C8-03-00-41-00-02-42-00-00-C2-04-06-00-1B-00-5A-00-01-13-CE-3B-BD-94-03-B3-00-00-00-00
[DropWeapon] Flag: 194; Class: SMG; Id: 6
[ActionBuffer]: 00-08-14-00-F0-1F-35-C0-6F-3B-23-4A-3F-D9-21-41-03-00-41-00-02-42-00-00-C0-03-04-00-17-00-3C-00-03-1D-B6-32-C2-AE-C7-3B-00-00-00-00
[DropWeapon] Flag: 192; Class: Assault; Id: 4
[ActionBuffer]: 00-08-14-00-9A-44-9C-38-1F-4C-B8-D7-00-00-03-00-41-00-02-42-00-00-C1-04-06-00-1E-00-5A-00-02-10-DF-C3-B5-3F-C9-3C-00-00-00-00
[DropWeapon] Flag: 193; Class: SMG; Id: 6
[ActionBuffer]: 00-08-14-00-B2-BD-10-3B-1D-49-35-D9-10-41-03-00-41-00-02-42-00-00-C2-03-04-00-0C-00-3C-00-03-1D-85-33-45-AF-B9-3B-00-00-00-00
[DropWeapon] Flag: 194; Class: Assault; Id: 4
[ActionBuffer]: 00-08-14-00-F0-1F-3C-CA-1D-3B-6E-C9-DF-CA-C5-CD-03-00-41-00-02-42-00-00-C3-04-06-00-1B-00-5A-00-03-1D-10-33-92-2A-CB-BB-00-00-00-00
[DropWeapon] Flag: 195; Class: SMG; Id: 6
[ActionBuffer]: 00-08-14-00-B1-46-54-3A-51-C8-54-D9-2A-C9-02-00-41-00-02-42-00-00-C4-03-04-00-1A-00-3C-00-01-1B-B7-31-EF-20-DF-3B-00-00-00-00
[DropWeapon] Flag: 196; Class: Assault; Id: 4
[ActionBuffer]: 00-08-11-00-F0-1F-71-47-0A-3B-D7-C7-53-54-FA-CC-03-00-41-00-02-42-00-00-C5-03-04-00-1A-00-3C-00-01-21-91-BB-FB-A6-2C-B5-00-00-00-00
[DropWeapon] Flag: 197; Class: Assault; Id: 4
[ActionBuffer]: 00-08-14-00-F0-1F-9D-3C-5B-3B-40-3A-4A-58-48-CE-03-00-41-00-02-42-00-00-C6-03-04-00-1C-00-3C-00-03-1D-6F-B9-72-2A-DB-39-00-00-00-00
[DropWeapon] Flag: 198; Class: Assault; Id: 4
[ActionBuffer]: 00-08-14-00-F0-1F-7E-47-04-01-57-C7-82-59-49-CD-03-00-41-00-02-42-00-00-C7-03-80-00-03-00-9A-00-91-14-74-2D-9E-26-F8-BB-00-00-00-00
[DropWeapon] Flag: 199; Class: Assault; Id: 128
[ActionBuffer]: 00-08-14-00-F0-1F-64-C0-13-3B-CD-4A-4B-D9-4D-3E-03-00-41-00-02-42-00-00-C0-03-04-00-17-00-3C-00-03-1D-E8-31-09-AD-D6-3B-00-00-00-00
[DropWeapon] Flag: 192; Class: Assault; Id: 4
[ActionBuffer]: 00-08-14-00-DA-A5-7A-3B-F3-CB-2B-54-EF-C4-02-00-41-00-02-42-00-00-C1-03-04-00-19-00-3C-00-03-1D-45-BB-7B-2C-97-B6-00-00-00-00
[DropWeapon] Flag: 193; Class: Assault; Id: 4
[ActionBuffer]: 00-08-14-00-F0-1F-46-40-10-3B-AF-CA-B6-56-E4-CB-02-00-41-00-02-42-00-00-C2-04-06-00-1D-00-5A-00-03-1D-9C-BB-E3-28-E4-34-00-00-00-00
[DropWeapon] Flag: 194; Class: SMG; Id: 6
[ActionBuffer]: 00-08-14-00-F0-1F-48-4A-1F-3B-3E-C4-AC-D8-39-CB-03-00-41-00-02-42-00-00-C3-03-04-00-14-00-3C-00-03-1D-1A-38-20-29-DC-3A-00-00-00-00
[DropWeapon] Flag: 195; Class: Assault; Id: 4
[ActionBuffer]: 00-08-14-00-74-49-68-3B-40-C8-F5-D7-E9-BB-02-00-41-00-02-42-00-00-C4-03-04-00-1B-00-3C-00-03-1D-60-3A-22-23-D5-38-00-00-00-00
[DropWeapon] Flag: 196; Class: Assault; Id: 4
[ActionBuffer]: 00-08-14-00-4B-C8-92-3A-CA-C7-92-59-CE-C8-02-00-41-00-02-42-00-00-C5-03-04-00-17-00-3C-00-03-1D-D6-A5-03-23-FF-3B-00-00-00-00
[DropWeapon] Flag: 197; Class: Assault; Id: 4
[ActionBuffer]: 00-08-14-00-99-43-13-3B-CF-C6-4A-51-4E-CD-03-00-00-00-41-00-02-42-00-00-C6-03-04-00-09-00-3C-00-01-1B-7C-B9-7A-28-D1-B9-00-00-00-00
[DropWeapon] Flag: 198; Class: Assault; Id: 4
[ActionBuffer]: 00-08-14-00-E0-3C-76-3A-22-34-E3-57-DE-CC-03-00-41-00-02-42-00-00-C7-04-06-00-16-00-5A-00-03-1D-78-BA-25-20-B5-38-00-00-00-00
[DropWeapon] Flag: 199; Class: SMG; Id: 6
[ActionBuffer]: 00-48-14-00-F0-1F-39-34-89-37-79-43-7F-58-47-C7-03-00-00-00-41-00-02-42-00-00-C8-03-04-00-07-00-3C-00-03-1D-AD-B8-E5-A8-7C-3A-00-00-00-00
[DropWeapon] Flag: 200; Class: Assault; Id: 4
[ActionBuffer]: 00-08-14-00-8C-44-DE-00-59-C0-75-D0-CB-BF-03-00-41-00-02-42-00-00-E9-02-0C-00-04-00-0E-00-B1-04-ED-38-92-AF-3B-BA-00-00-00-00
[DropWeapon] Flag: 233; Class: HandGun; Id: 12
[ActionBuffer]: 00-08-14-00-20-C3-42-01-4E-CD-19-52-B4-CC-02-00-CF-00-02-42-00-00-C0-10-02-00-00-00-02-00-02-10-FF-BD-78-38-07-BD-00-00-00-00
[DropWeapon] Flag: 192; Class: Rocket_Launcher; Id: 2
[ActionBuffer]: 00-08-14-00-F0-1F-78-44-3A-01-3D-CC-B4-D5-91-C8-02-00-CF-00-02-42-00-00-C1-10-02-00-00-00-02-00-02-10-1E-3B-C2-2C-30-2D-00-00-00-00
[DropWeapon] Flag: 193; Class: Rocket_Launcher; Id: 2
[ActionBuffer]: 00-08-14-00-1C-C9-89-00-E5-46-4A-D6-98-C8-03-00-CF-00-02-42-00-00-C2-03-B8-00-13-00-B4-00-11-22-58-37-0F-B5-A5-3A-00-00-00-00
[DropWeapon] Flag: 194; Class: Assault; Id: 184
[ActionBuffer]: 00-08-14-00-F0-1F-82-3E-E6-00-55-C4-7D-45-30-C8-03-00-CF-00-02-42-00-00-C3-03-80-00-0F-00-B4-00-31-10-E6-B2-52-B4-82-BB-00-00-00-00
[DropWeapon] Flag: 195; Class: Assault; Id: 128
[ActionBuffer]: 00-08-14-00-F0-1F-06-3C-29-3B-D2-C1-2C-CD-03-BC-03-00-CF-00-02-42-00-00-C4-03-0F-00-1E-00-78-00-31-18-0F-B9-52-B4-CF-39-00-00-00-00
[DropWeapon] Flag: 196; Class: Assault; Id: 15
[ActionBuffer]: F0-1F-35-BF-ED-3C-4B-4C-29-D9-79-3F-03-00-41-00-02-42-00-00-C0-03-04-00-07-00-3C-00-02-10-8A-BF-21-B9-A7-40-00-00-00-00
[DropWeapon] Flag: 192; Class: Assault; Id: 4
[ActionBuffer]: 00-08-14-00-F0-1F-79-4B-D1-42-40-C6-2D-D6-2D-C8-03-00-41-00-02-42-00-00-C1-03-04-00-1D-00-1E-00-02-10-13-C0-D7-39-FD-BE-00-00-00-00
[DropWeapon] Flag: 193; Class: Assault; Id: 4
[ActionBuffer]: 00-08-14-00-F4-C7-00-01-17-CA-2A-50-FC-C4-02-00-CF-00-02-42-00-00-E2-02-0C-00-07-00-15-00-F1-10-2D-A8-CD-B6-3D-BB-00-00-00-00
[DropWeapon] Flag: 226; Class: HandGun; Id: 12
[ActionBuffer]: 00-08-11-00-33-C8-35-3A-19-CB-06-D9-4A-D2-02-00-41-00-02-42-00-00-C3-03-04-00-1A-00-3C-00-03-1D-29-34-FF-27-B9-3B-00-00-00-00
[DropWeapon] Flag: 195; Class: Assault; Id: 4
[ActionBuffer]: 00-08-14-00-F0-1F-FB-C7-0D-3A-2F-CB-A0-D8-51-CE-02-00-41-00-02-42-00-00-C4-03-04-00-1C-00-3C-00-01-13-45-38-31-AD-BC-3A-00-00-00-00
[DropWeapon] Flag: 196; Class: Assault; Id: 4
[ActionBuffer]: 00-08-14-00-70-C8-2E-3A-6A-C9-D5-D8-1D-CB-02-00-41-00-02-42-00-00-C5-03-04-00-07-00-3C-00-01-13-FF-36-0B-A8-31-3B-00-00-00-00
[DropWeapon] Flag: 197; Class: Assault; Id: 4
[ActionBuffer]: 00-08-14-00-26-C0-88-00-13-49-4C-C5-00-00-02-00-41-00-02-42-00-00-C6-04-06-00-1E-00-5A-00-02-10-93-C2-69-3D-64-B1-00-00-00-00
[DropWeapon] Flag: 198; Class: SMG; Id: 6
[ActionBuffer]: 00-08-14-00-BF-C3-78-3B-28-41-46-D4-82-BE-03-00-00-00-41-00-02-42-00-00-C7-03-04-00-00-00-3C-00-03-1D-6E-3B-AB-26-ED-B5-00-00-00-00
[DropWeapon] Flag: 199; Class: Assault; Id: 4
[ActionBuffer]: 00-08-14-00-F0-1F-4E-B2-74-3B-A2-49-85-D7-9C-C9-03-00-41-00-02-42-00-00-C8-03-04-00-1C-00-3C-00-03-1D-EA-3A-0C-27-05-38-00-00-00-00
[DropWeapon] Flag: 200; Class: Assault; Id: 4
[ActionBuffer]: 00-08-14-00-F0-1F-54-BB-08-3B-C1-3D-AB-D2-FB-C7-03-00-41-00-02-42-00-00-C9-03-04-00-15-00-3C-00-03-1D-67-3A-26-25-CC-B8-00-00-00-00
[DropWeapon] Flag: 201; Class: Assault; Id: 4
[ActionBuffer]: 00-08-14-00-F0-1F-90-41-1B-3B-CB-47-2D-D6-37-C8-03-00-41-00-02-42-00-00-CA-03-04-00-13-00-3C-00-03-1D-E8-3B-7E-26-CA-30-00-00-00-00
[DropWeapon] Flag: 202; Class: Assault; Id: 4
[ActionBuffer]: 00-08-14-00-E1-C3-1D-3B-11-40-50-D3-67-C9-03-00-41-00-02-42-00-00-CB-03-04-00-0C-00-3C-00-03-1D-CC-3A-78-27-36-B8-00-00-00-00
[DropWeapon] Flag: 203; Class: Assault; Id: 4
[ActionBuffer]: 00-08-14-00-F0-1F-50-46-FB-3D-73-B8-59-D4-AE-C7-03-00-41-00-02-42-00-00-CC-04-06-00-02-00-5A-00-03-1D-7B-3B-6D-2B-9A-B5-00-00-00-00
[DropWeapon] Flag: 204; Class: SMG; Id: 6
[ActionBuffer]: 00-08-14-00-F0-1F-3C-3D-1E-3B-F3-47-C2-D6-8A-C7-03-00-41-00-02-42-00-00-CD-03-04-00-04-00-3C-00-03-1D-9D-3B-E2-25-E9-34-00-00-00-00
[DropWeapon] Flag: 205; Class: Assault; Id: 4
[ActionBuffer]: 00-08-14-00-14-3C-7B-3B-35-49-2A-D7-DB-C7-03-00-41-00-02-42-00-00-CE-03-04-00-13-00-3C-00-03-1D-48-3B-A7-25-9F-36-00-00-00-00
[DropWeapon] Flag: 206; Class: Assault; Id: 4
[ActionBuffer]: 00-08-14-00-F0-1F-CF-C9-62-3A-E0-35-07-D9-86-CB-03-00-41-00-02-42-00-00-CF-03-04-00-00-00-3C-00-01-1A-3F-35-70-23-8F-3B-00-00-00-00
[DropWeapon] Flag: 207; Class: Assault; Id: 4
[ActionBuffer]: F0-1F-02-C6-E1-42-DE-BD-9C-59-3F-CB-03-00-41-00-02-42-00-00-D0-03-04-00-05-00-3C-00-03-1D-09-98-49-2F-F3-3B-00-00-00-00
[DropWeapon] Flag: 208; Class: Assault; Id: 4
[ActionBuffer]: 00-08-14-00-02-C6-CB-40-EB-C7-83-4A-51-80-03-00-CF-00-02-42-00-00-F1-02-0C-00-06-00-01-00-91-04-44-B2-BD-25-D8-BB-00-00-00-00
[DropWeapon] Flag: 241; Class: HandGun; Id: 12
[ActionBuffer]: 00-08-14-00-F0-1F-5B-C8-1E-3B-AD-CF-DE-D5-6C-44-06-00-41-00-02-42-00-00-D2-03-04-00-08-00-3C-00-03-1D-D2-3B-77-B2-C8-2B-00-00-00-00
[DropWeapon] Flag: 210; Class: Assault; Id: 4
[ActionBuffer]: 00-08-14-00-F0-1F-4B-36-B4-00-1F-43-3E-CF-00-00-06-00-41-00-02-42-00-00-D3-04-06-00-1E-00-5A-00-02-10-69-B7-AF-3D-05-38-00-00-00-00
[DropWeapon] Flag: 211; Class: SMG; Id: 6
[ActionBuffer]: 98-BE-A0-00-80-46-AF-D5-E2-40-06-00-41-00-02-42-00-00-D4-03-04-00-0F-00-3C-00-02-10-5F-B5-B5-3D-AC-2C-00-00-00-00
[DropWeapon] Flag: 212; Class: Assault; Id: 4
[ActionBuffer]: 00-08-14-00-F0-1F-A3-44-18-3B-5C-3A-41-D4-26-CB-03-00-41-00-02-42-00-00-D5-03-04-00-0C-00-3C-00-03-1D-64-3B-17-29-1A-B6-00-00-00-00
[DropWeapon] Flag: 213; Class: Assault; Id: 4
[ActionBuffer]: 00-08-14-00-F0-1F-9F-BF-4F-3B-1C-4C-50-D5-05-D1-04-00-41-00-02-42-00-00-D6-03-04-00-1C-00-3C-00-03-1D-F7-3B-5F-27-C3-AD-00-00-00-00
[DropWeapon] Flag: 214; Class: Assault; Id: 4
[ActionBuffer]: 00-08-14-00-F0-1F-3A-C0-01-3B-03-46-63-CB-A2-CB-03-00-00-00-41-00-02-42-00-00-D7-04-06-00-0B-00-5A-00-03-1D-DE-33-CB-28-C0-BB-00-00-00-00
[DropWeapon] Flag: 215; Class: SMG; Id: 6
[ActionBuffer]: 00-08-14-00-F0-1F-2A-CB-76-3B-A1-46-3E-30-C7-BE-04-00-41-00-02-42-00-00-D8-03-04-00-0C-00-3C-00-03-1D-86-9E-4F-26-FF-BB-00-00-00-00
[DropWeapon] Flag: 216; Class: Assault; Id: 4
[ActionBuffer]: 00-08-14-00-D1-CA-13-3B-DE-45-70-C3-56-C8-04-00-41-00-02-42-00-00-D9-03-04-00-17-00-3C-00-03-1D-A2-2B-81-26-FC-BB-00-00-00-00
[DropWeapon] Flag: 217; Class: Assault; Id: 4
[ActionBuffer]: 00-08-14-00-32-C9-6B-3B-1E-C1-7D-CA-C6-CB-03-00-41-00-02-42-00-00-DA-04-06-00-14-00-5A-00-03-1D-11-33-6B-29-CC-BB-00-00-00-00
[DropWeapon] Flag: 218; Class: SMG; Id: 6
[ActionBuffer]: 00-08-14-00-C7-C6-15-3B-22-C8-E8-D5-54-CE-03-00-41-00-02-42-00-00-DB-03-04-00-17-00-1E-00-01-1B-F9-3B-23-2A-44-2C-00-00-00-00
[DropWeapon] Flag: 219; Class: Assault; Id: 4
[ActionBuffer]: 00-08-14-00-FA-B3-A4-00-08-46-00-D2-72-CA-03-00-03-FF-FF-CF-00-02-42-00-00-FC-02-0C-00-02-00-07-00-11-01-AF-2D-EE-AC-F2-BB-00-00-00-00
[DropWeapon] Flag: 252; Class: HandGun; Id: 12
[ActionBuffer]: 00-08-14-00-F0-1F-5D-C4-8C-00-68-48-6F-4F-00-00-02-00-41-00-02-42-00-00-DD-04-03-00-17-00-B4-00-02-10-A8-C6-09-3D-C0-B9-00-00-00-00
[DropWeapon] Flag: 221; Class: SMG; Id: 3
[ActionBuffer]: 00-08-14-00-F0-1F-C2-C5-32-3A-98-CC-99-55-CC-45-02-00-00-00-41-00-02-42-00-00-DE-03-04-00-18-00-1E-00-01-11-D7-BB-5D-B2-92-9E-00-00-00-00
[DropWeapon] Flag: 222; Class: Assault; Id: 4
[ActionBuffer]: 00-08-14-00-F0-1F-B0-41-FD-39-09-C7-6D-D0-5B-CD-03-00-CF-00-02-42-00-00-DF-05-18-00-02-00-38-00-91-01-5A-39-36-B9-B9-B5-00-00-00-00
[DropWeapon] Flag: 223; Class: Sniper; Id: 24
[ActionBuffer]: 00-08-14-00-F0-1F-6C-47-22-01-35-CA-46-CC-00-00-01-00-41-00-02-42-00-00-C1-03-04-00-06-00-3C-00-02-10-D3-3B-63-31-D5-2F-00-00-00-00
[DropWeapon] Flag: 193; Class: Assault; Id: 4
[ActionBuffer]: 00-08-14-00-F0-1F-44-BA-09-3D-68-CC-91-D8-00-00-01-00-41-00-02-42-00-00-C0-04-03-00-17-00-B4-00-02-10-68-B8-C6-33-64-BA-00-00-00-00
[DropWeapon] Flag: 192; Class: SMG; Id: 3
[ActionBuffer]: 00-08-14-00-F0-1F-87-C0-11-3B-10-CD-58-D9-4F-C5-01-00-41-00-02-42-00-00-C2-03-04-00-00-00-3C-00-01-13-29-31-18-9C-E5-3B-00-00-00-00
[DropWeapon] Flag: 194; Class: Assault; Id: 4
