[Aviso] Loaded 63 maps
[Aviso] Loaded 76 charas information
[Aviso] Loaded 20 melee exceptions
[Aviso] Portas abertas! (20/06/01 23:58:15)
[ActionBuffer]: 00-08-14-00-27-C0-92-3A-02-47-A6-55-B1-CB-03-00-41-00-02-03-00-00-C0-03-04-00-1B-00-3C-00-01-1A-00-BC-36-13-C5-98-00-00-00-00
[DropWeapon] Flag: 192; Class: Assault; Id: 4
[ActionBuffer]: 00-08-14-00-F0-1F-47-C5-E7-3A-37-47-CA-55-D2-CC-03-00-00-00-41-00-02-03-00-00-C1-04-06-00-1A-00-5A-00-01-0E-FC-BB-8B-AB-1D-25-00-00-00-00
[DropWeapon] Flag: 193; Class: SMG; Id: 6
[ActionBuffer]: 00-08-14-00-DC-C7-1E-3B-75-46-3D-55-37-CE-03-00-41-00-02-03-00-00-C2-03-04-00-15-00-3C-00-01-1A-F2-BB-01-28-45-AF-00-00-00-00
[DropWeapon] Flag: 194; Class: Assault; Id: 4
[ActionBuffer]: 00-08-14-00-F0-1F-AF-44-1B-3D-9D-C0-27-D3-00-00-02-00-41-00-02-03-00-00-C3-03-04-00-17-00-3C-00-02-10-F5-40-6F-3D-42-40-00-00-00-00
[DropWeapon] Flag: 195; Class: Assault; Id: 4
[ActionBuffer]: 00-08-14-00-F0-1F-A9-BD-76-3B-E2-CB-4B-D9-AD-D1-02-00-41-00-02-03-00-00-C4-04-06-00-19-00-5A-00-01-13-DA-31-C7-AE-D2-3B-00-00-00-00
[DropWeapon] Flag: 196; Class: SMG; Id: 6
[ActionBuffer]: 00-48-14-00-B5-48-18-45-17-3B-0E-D9-4A-C1-01-00-00-00-41-00-02-03-00-00-C0-03-04-00-08-00-3C-00-03-1D-04-35-3B-A2-99-3B-00-00-00-00
[DropWeapon] Flag: 192; Class: Assault; Id: 4
[ActionBuffer]: 00-08-14-00-F0-1F-0F-48-91-46-AE-BC-06-D9-32-C8-01-00-41-00-02-03-00-00-C1-03-04-00-04-00-1E-00-01-01-37-35-DF-23-90-3B-00-00-00-00
[DropWeapon] Flag: 193; Class: Assault; Id: 4
[ActionBuffer]: 00-08-14-00-F0-1F-5A-46-14-3E-B7-BC-8E-D9-54-49-01-00-41-00-02-03-00-00-C2-03-04-00-04-00-3C-00-01-22-0C-2A-80-B4-AB-3B-00-00-00-00
[DropWeapon] Flag: 194; Class: Assault; Id: 4
[ActionBuffer]: F0-1F-79-CA-92-45-24-3F-CC-D6-27-C5-05-00-41-00-02-03-00-00-C3-03-04-00-16-00-3C-00-01-0E-91-3B-8F-96-32-35-00-00-00-00
[DropWeapon] Flag: 195; Class: Assault; Id: 4
[ActionBuffer]: 00-08-14-00-F0-1F-36-CA-94-45-5D-40-BA-D6-B8-C4-05-00-41-00-02-03-00-00-C4-03-04-00-16-00-3C-00-01-18-A3-3B-D0-A5-C3-34-00-00-00-00
[DropWeapon] Flag: 196; Class: Assault; Id: 4
[ActionBuffer]: 00-08-14-00-69-CC-88-45-50-4C-65-D6-9A-C6-0A-00-41-00-02-03-00-00-C5-03-04-00-15-00-1E-00-03-1D-D5-3B-25-2B-3D-32-00-00-00-00
[DropWeapon] Flag: 197; Class: Assault; Id: 4
[ActionBuffer]: 00-08-14-00-F0-1F-3A-CC-A1-45-AF-4A-51-D6-58-D4-0A-00-41-00-02-03-00-00-C6-04-06-00-03-00-3C-00-01-13-8C-3B-74-B4-CA-31-00-00-00-00
[DropWeapon] Flag: 198; Class: SMG; Id: 6
[ActionBuffer]: 00-08-14-00-72-4A-B2-44-5D-4B-88-59-00-00-0A-00-41-00-02-03-00-00-C7-03-04-00-0F-00-3C-00-02-10-1A-39-49-3D-86-BD-00-00-00-00
[DropWeapon] Flag: 199; Class: Assault; Id: 4
[ActionBuffer]: 00-08-14-00-1E-49-95-45-74-45-0E-D4-0E-C2-0A-00-41-00-02-03-00-00-C8-03-04-00-15-00-1E-00-01-12-3E-3B-64-9E-CC-B6-00-00-00-00
[DropWeapon] Flag: 200; Class: Assault; Id: 4
[ActionBuffer]: 00-08-14-00-F0-1F-9A-C1-C9-3C-2D-C9-11-D6-CA-CB-03-00-41-00-02-03-00-00-C9-03-04-00-18-00-1E-00-01-18-F4-3B-18-24-F1-2E-00-00-00-00
[DropWeapon] Flag: 201; Class: Assault; Id: 4
[ActionBuffer]: 00-08-14-00-F0-1F-30-47-20-3B-35-3F-46-D8-69-CA-03-00-41-00-02-03-00-00-CA-03-04-00-19-00-3C-00-01-10-78-39-F4-AB-D1-39-00-00-00-00
[DropWeapon] Flag: 202; Class: Assault; Id: 4
[ActionBuffer]: 04-08-14-00-42-44-D7-3C-AC-4C-4C-D8-05-4B-04-00-C1-0C-02-03-00-00-CB-06-2F-00-09-00-03-00-71-01-F4-38-3B-29-46-3A-00-00-00-00
[DropWeapon] Flag: 203; Class: Shotgun; Id: 47
