[Date: 28/05/20 11:24] Motive: Conta retornada da DB é nula [xtdorgado]
[Date: 28/05/20 11:24] Motive: Conta retornada da DB é nula [xtdorgado]
[Date: 28/05/20 11:24] Motive: Conta retornada da DB é nula [xtdorgado]
[Date: 28/05/20 11:25] Motive: Conta retornada da DB é nula [xtdorgado]
[Date: 28/05/20 11:25] Motive: Conta retornada da DB é nula [xtdorgado]
[Date: 28/05/20 11:25] Motive: Conta retornada da DB é nula [xtdorgado]
[Date: 28/05/20 11:26] Motive: Conta retornada da DB é nula [xtdorgado]
[Date: 28/05/20 12:13] Motive: Conta retornada da DB é nula [caveiravak]
[Date: 28/05/20 12:13] Motive: Conta retornada da DB é nula [caveiravak]
[Date: 28/05/20 12:13] Motive: Conta retornada da DB é nula [caveiravak]
[Date: 28/05/20 12:18] Motive: Conta retornada da DB é nula [caveiravak3]
[Date: 28/05/20 12:18] Motive: Conta retornada da DB é nula [caveiravak]
[Date: 28/05/20 20:56] Motive: Conta retornada da DB é nula [hraezlyr]
[Date: 28/05/20 20:57] Motive: Conta retornada da DB é nula [hraezlyr]
[Date: 28/05/20 20:57] Motive: Conta retornada da DB é nula [hraezlyr]
[Date: 28/05/20 21:07] Motive: Conta retornada da DB é nula [hraezlyr]
[Date: 28/05/20 21:07] Motive: Conta retornada da DB é nula [hraezlyr]
[Date: 28/05/20 21:34] Motive: Senha muito pequena [vznndstr]
[Date: 28/05/20 21:34] Motive: Senha muito pequena [vznndstr]
[Date: 28/05/20 21:34] Motive: Senha muito pequena [vznndstr]
[Date: 28/05/20 21:34] Motive: Senha muito pequena [vznndstr]
