[Date: 19/05/20 20:31] Motive: Conta retornada da DB é nula [palafrp123]
[Date: 19/05/20 20:32] Motive: Conta retornada da DB é nula [palafrp123]
[Date: 19/05/20 20:32] Motive: Conta retornada da DB é nula [palafrp123]
[Date: 19/05/20 22:10] Motive: Conta retornada da DB é nula [mateus]
[Date: 19/05/20 22:10] Motive: Conta retornada da DB é nula [mateus]
[Date: 19/05/20 22:10] Motive: Conta retornada da DB é nula [mateus]
[Date: 19/05/20 22:11] Motive: Conta retornada da DB é nula [mateus]
[Date: 19/05/20 22:37] Motive: Senha inválida [546873]
[Date: 19/05/20 22:37] Motive: Senha inválida [546873]
[Date: 19/05/20 22:37] Motive: Senha muito pequena [546873megalokao2910@10]
[Date: 19/05/20 22:37] Motive: Senha muito pequena [546873megalokao2910@10]
[Date: 19/05/20 22:37] Motive: Senha muito pequena [546873megalokao2910@10]
[Date: 19/05/20 22:37] Motive: Senha muito pequena [546873megalokao2910@10]
[Date: 19/05/20 22:38] Motive: Senha inválida [546873]
[Date: 19/05/20 23:18] Motive: Senha inválida [546873]
[Date: 19/05/20 23:18] Motive: Senha inválida [546873]
[Date: 19/05/20 23:19] Motive: Senha muito pequena [546873megalokao2910!0]
[Date: 19/05/20 23:19] Motive: Senha muito pequena [546873megalokao2910!0]
[Date: 19/05/20 23:19] Motive: Senha muito pequena [546873megalokao2910!0]
[Date: 20/05/20 00:19] Motive: Conta retornada da DB é nula [jneto123]
[Date: 20/05/20 00:21] Motive: Conta retornada da DB é nula [jneto123]
[Date: 20/05/20 00:21] Motive: Conta retornada da DB é nula [jneto123]
[Date: 20/05/20 00:21] Motive: Conta retornada da DB é nula [jneto123]
[Date: 20/05/20 00:21] Motive: Conta retornada da DB é nula [jneto123]
[Date: 20/05/20 00:21] Motive: Conta retornada da DB é nula [jneto123]
[Date: 20/05/20 00:22] Motive: Conta retornada da DB é nula [jneto123]
[Date: 20/05/20 00:22] Motive: Conta retornada da DB é nula [jneto123]
[Date: 20/05/20 00:22] Motive: Conta retornada da DB é nula [jneto123]
[Date: 20/05/20 00:22] Motive: Conta retornada da DB é nula [jneto123]
[Date: 20/05/20 16:50] Motive: Senha muito pequena [shelby1919]
[Date: 20/05/20 16:50] Motive: Senha muito pequena [shelby1919]
[Date: 20/05/20 16:50] Motive: Senha muito pequena [shelby1919]
[Date: 20/05/20 16:50] Motive: Senha muito pequena [shelby1919]
[Date: 20/05/20 18:01] Motive: Senha inválida [546873]
[Date: 20/05/20 18:27] Motive: Senha inválida [546873]
[Date: 20/05/20 18:27] Motive: Senha inválida [546873]
[Date: 20/05/20 18:27] Motive: Senha muito pequena [546873megalokao2910@10]
[Date: 20/05/20 18:27] Motive: Senha muito pequena [546873megalokao2910@10]
[Date: 20/05/20 19:05] Motive: Senha inválida [546873]
[Date: 20/05/20 19:25] Motive: Senha inválida [546873]
[Date: 20/05/20 22:53] Motive: Conta retornada da DB é nula [asdasdas]
