[Date: 17/05/20 16:41] Motive: Senha muito pequena [shelby1919]
[Date: 17/05/20 16:41] Motive: Senha muito pequena [shelby1919]
[Date: 17/05/20 16:41] Motive: Senha muito pequena [shelby1919]
[Date: 17/05/20 16:41] Motive: Senha muito pequena [shelby1919]
[Date: 17/05/20 20:26] Motive: Conta retornada da DB é nula [544545]
[Date: 17/05/20 20:55] Motive: Conta online [gbrxiterzin]
[Date: 17/05/20 20:57] Motive: Conta online [gbrxiterzin]
[Date: 17/05/20 20:59] Motive: Conta online [gbrxiterzin]
[Date: 17/05/20 21:04] Motive: Conta retornada da DB é nula [ADMIN]
[Date: 17/05/20 21:05] Motive: Conta online [gbrxiterzin]
[Date: 17/05/20 21:06] Motive: Conta online [gbrxiterzin]
[Date: 17/05/20 21:13] Motive: Conta online [gbrxiterzin]
[Date: 17/05/20 21:16] Motive: Banido permanente [caralho2]
[Date: 17/05/20 21:21] Motive: Banido permanente [caralho3]
[Date: 17/05/20 21:24] Motive: Conta online [gbrxiterzin]
[Date: 17/05/20 21:32] Motive: Conta online [gbrxiterzin]
[Date: 17/05/20 21:33] Motive: Conta online [gbrxiterzin]
[Date: 17/05/20 21:35] Motive: Conta online [gbrxiterzin]
[Date: 17/05/20 21:35] Motive: Conta online [gbrxiterzin]
[Date: 17/05/20 22:03] Motive: Banido permanente [caralho4]
[Date: 17/05/20 22:07] Motive: Banido permanente [vsfsvlixo]
[Date: 17/05/20 22:16] Motive: Conta retornada da DB é nula [dsfsg4022]
[Date: 17/05/20 22:16] Motive: Conta retornada da DB é nula [dsfsg3085]
[Date: 17/05/20 23:25] Motive: Senha inválida [marcos2020]
