[Categoria INVÁLIDA] 0
[Categoria INVÁLIDA] 0
[Categoria INVÁLIDA] 0
[Categoria INVÁLIDA] 0
[Categoria INVÁLIDA] 0
[Aviso] Existem 6 itens na loja invisíveis, porém com os ícones liberados.
Trounament Rules @Camp Count: 0
Trounament Rules @Cnpb Count: 0
Trounament Rules @79 Count: 0
Trounament Rules @lan Count: 0
[GAME] Servidor [001] foi iniciado com sucesso!
Connection destroyed due to Unknown first packet. [19689]
Connection destroyed due to Unknown first packet. [42612]
Connection destroyed due to Unknown first packet. [19689]
Connection destroyed due to Unknown first packet. [19689]
Connection destroyed due to Unknown first packet. [19689]
Connection destroyed due to Unknown first packet. [19689]
Connection destroyed due to Unknown first packet. [19689]
Connection destroyed due to Unknown first packet. [19689]
Connection destroyed due to Unknown first packet. [19689]
Connection destroyed due to Unknown first packet. [19689]
Connection destroyed due to Unknown first packet. [19689]
Connection destroyed due to Unknown first packet. [19689]
Connection destroyed due to Unknown first packet. [19689]
Connection destroyed due to Unknown first packet. [19689]
Connection destroyed due to Unknown first packet. [19689]
Connection destroyed due to Unknown first packet. [19689]
Connection destroyed due to Unknown first packet. [19689]
Connection destroyed due to Unknown first packet. [19689]
Connection destroyed due to Unknown first packet. [19689]
Connection destroyed due to Unknown first packet. [19689]
Connection destroyed due to Unknown first packet. [19689]
Connection destroyed due to Unknown first packet. [19689]
Connection destroyed due to Unknown first packet. [19689]
Connection destroyed due to Unknown first packet. [19689]
Connection destroyed due to Unknown first packet. [19689]
Connection destroyed due to Unknown first packet. [19689]
Connection destroyed due to Unknown first packet. [19689]
Connection destroyed due to Unknown first packet. [19689]
Connection destroyed due to Unknown first packet. [19689]
Connection destroyed due to Unknown first packet. [19689]
Connection destroyed due to Unknown first packet. [19689]
Connection destroyed due to Unknown first packet. [19689]
Connection destroyed due to Unknown first packet. [19689]
Connection destroyed due to Unknown first packet. [19689]
Connection destroyed due to Unknown first packet. [19689]
Connection destroyed due to Unknown first packet. [19689]
Connection destroyed due to Unknown first packet. [19689]
Connection destroyed due to Unknown first packet. [19689]
Connection destroyed due to Unknown first packet. [19689]
Connection destroyed due to Unknown first packet. [19689]
Connection destroyed due to Unknown first packet. [19689]
Connection destroyed due to Unknown first packet. [19689]
Connection destroyed due to Unknown first packet. [19689]
Connection destroyed due to Unknown first packet. [19689]
Connection destroyed due to Unknown first packet. [19689]
Connection destroyed due to Unknown first packet. [19689]
Connection destroyed due to Unknown first packet. [19689]
Connection destroyed due to Unknown first packet. [19689]
Connection destroyed due to Unknown first packet. [19689]
Connection destroyed due to Unknown first packet. [19689]
Connection destroyed due to Unknown first packet. [19689]
Connection destroyed due to Unknown first packet. [19689]
Connection destroyed due to Unknown first packet. [19689]
Connection destroyed due to Unknown first packet. [19689]
Connection destroyed due to Unknown first packet. [19689]
Connection destroyed due to Unknown first packet. [19689]
Connection destroyed due to Unknown first packet. [19689]
Connection destroyed due to Unknown first packet. [19689]
Connection destroyed due to Unknown first packet. [19689]
Connection destroyed due to Unknown first packet. [19689]
Connection destroyed due to Unknown first packet. [19689]
Connection destroyed due to Unknown first packet. [19689]
Connection destroyed due to Unknown first packet. [19689]
Connection destroyed due to Unknown first packet. [19689]
Connection destroyed due to Unknown first packet. [19689]
Connection destroyed due to Unknown first packet. [19689]
Connection destroyed due to Unknown first packet. [19689]
Connection destroyed due to Unknown first packet. [19689]
Connection destroyed due to Unknown first packet. [19689]
Connection destroyed due to Unknown first packet. [19689]
Connection destroyed due to Unknown first packet. [19689]
Ocorreu um problema ao carregar os eventos!
System.InvalidCastException: Column is null
   at Npgsql.NpgsqlDefaultDataReader.GetFieldValue[T](Int32 column)
   at Core.managers.PlayerManager.getPlayerEventDB(Int64 pId)
System.InvalidCastException: Column is null
   at Npgsql.NpgsqlDefaultDataReader.GetFieldValue[T](Int32 column)
   at Core.managers.PlayerManager.getPlayerBonusDB(Int64 id)
Ocorreu um problema ao carregar os eventos!
System.InvalidCastException: Column is null
   at Npgsql.NpgsqlDefaultDataReader.GetFieldValue[T](Int32 column)
   at Core.managers.PlayerManager.getPlayerEventDB(Int64 pId)
System.InvalidCastException: Column is null
   at Npgsql.NpgsqlDefaultDataReader.GetFieldValue[T](Int32 column)
   at Core.managers.PlayerManager.getPlayerBonusDB(Int64 id)
Ocorreu um problema ao carregar os eventos!
System.InvalidCastException: Column is null
   at Npgsql.NpgsqlDefaultDataReader.GetFieldValue[T](Int32 column)
   at Core.managers.PlayerManager.getPlayerEventDB(Int64 pId)
System.InvalidCastException: Column is null
   at Npgsql.NpgsqlDefaultDataReader.GetFieldValue[T](Int32 column)
   at Core.managers.PlayerManager.getPlayerBonusDB(Int64 id)
Ocorreu um problema ao carregar os eventos!
System.InvalidCastException: Column is null
   at Npgsql.NpgsqlDefaultDataReader.GetFieldValue[T](Int32 column)
   at Core.managers.PlayerManager.getPlayerEventDB(Int64 pId)
System.InvalidCastException: Column is null
   at Npgsql.NpgsqlDefaultDataReader.GetFieldValue[T](Int32 column)
   at Core.managers.PlayerManager.getPlayerBonusDB(Int64 id)
[Aviso] Existem 6 itens na loja invisíveis, porém com os ícones liberados.
A loja foi reiniciada pelo jogador:  Kaway
[Aviso] Existem 6 itens na loja invisíveis, porém com os ícones liberados.
A loja foi reiniciada pelo jogador:  Kaway
[Aviso] Existem 6 itens na loja invisíveis, porém com os ícones liberados.
A loja foi reiniciada pelo jogador:  Kaway
[Aviso] Existem 6 itens na loja invisíveis, porém com os ícones liberados.
A loja foi reiniciada pelo jogador:  Kaway
[Aviso] Existem 6 itens na loja invisíveis, porém com os ícones liberados.
A loja foi reiniciada pelo jogador:  Kaway
[Aviso] Existem 6 itens na loja invisíveis, porém com os ícones liberados.
A loja foi reiniciada pelo jogador:  Kaway
[Aviso] Existem 6 itens na loja invisíveis, porém com os ícones liberados.
A loja foi reiniciada pelo jogador:  Kaway
[Aviso] Existem 6 itens na loja invisíveis, porém com os ícones liberados.
A loja foi reiniciada pelo jogador:  Kaway
[Aviso] Existem 6 itens na loja invisíveis, porém com os ícones liberados.
A loja foi reiniciada pelo jogador:  Kaway
[Aviso] Existem 6 itens na loja invisíveis, porém com os ícones liberados.
A loja foi reiniciada pelo jogador:  Kaway
[Aviso] Existem 6 itens na loja invisíveis, porém com os ícones liberados.
A loja foi reiniciada pelo jogador:  Kaway
Ocorreu um problema ao carregar os eventos!
System.InvalidCastException: Column is null
   at Npgsql.NpgsqlDefaultDataReader.GetFieldValue[T](Int32 column)
   at Core.managers.PlayerManager.getPlayerEventDB(Int64 pId)
System.InvalidCastException: Column is null
   at Npgsql.NpgsqlDefaultDataReader.GetFieldValue[T](Int32 column)
   at Core.managers.PlayerManager.getPlayerBonusDB(Int64 id)
[Aviso] Existem 6 itens na loja invisíveis, porém com os ícones liberados.
A loja foi reiniciada pelo jogador:  Kaway
[Aviso] Existem 6 itens na loja invisíveis, porém com os ícones liberados.
A loja foi reiniciada pelo jogador:  Kaway
[Aviso] Existem 6 itens na loja invisíveis, porém com os ícones liberados.
A loja foi reiniciada pelo jogador:  Kaway
[Aviso] Existem 6 itens na loja invisíveis, porém com os ícones liberados.
A loja foi reiniciada pelo jogador:  Kaway
[Aviso] Existem 6 itens na loja invisíveis, porém com os ícones liberados.
A loja foi reiniciada pelo jogador:  Kaway
[Aviso] Existem 6 itens na loja invisíveis, porém com os ícones liberados.
A loja foi reiniciada pelo jogador:  Kaway
[Aviso] Existem 6 itens na loja invisíveis, porém com os ícones liberados.
A loja foi reiniciada pelo jogador:  Kaway
[Aviso] Existem 6 itens na loja invisíveis, porém com os ícones liberados.
A loja foi reiniciada pelo jogador:  Kaway
[Aviso] Existem 6 itens na loja invisíveis, porém com os ícones liberados.
A loja foi reiniciada pelo jogador:  Kaway
[Aviso] Existem 6 itens na loja invisíveis, porém com os ícones liberados.
A loja foi reiniciada pelo jogador:  Kaway
[Aviso] Existem 6 itens na loja invisíveis, porém com os ícones liberados.
A loja foi reiniciada pelo jogador:  Kaway
[Aviso] Existem 6 itens na loja invisíveis, porém com os ícones liberados.
A loja foi reiniciada pelo jogador:  Kaway
[Aviso] Existem 6 itens na loja invisíveis, porém com os ícones liberados.
A loja foi reiniciada pelo jogador:  Kaway
[Aviso] Existem 6 itens na loja invisíveis, porém com os ícones liberados.
A loja foi reiniciada pelo jogador:  Kaway
[Aviso] Existem 6 itens na loja invisíveis, porém com os ícones liberados.
A loja foi reiniciada pelo jogador:  Kaway
[Aviso] Existem 6 itens na loja invisíveis, porém com os ícones liberados.
A loja foi reiniciada pelo jogador:  Kaway
[Aviso] Existem 6 itens na loja invisíveis, porém com os ícones liberados.
A loja foi reiniciada pelo jogador:  Kaway
Ocorreu um problema ao carregar os eventos!
System.InvalidCastException: Column is null
   at Npgsql.NpgsqlDefaultDataReader.GetFieldValue[T](Int32 column)
   at Core.managers.PlayerManager.getPlayerEventDB(Int64 pId)
System.InvalidCastException: Column is null
   at Npgsql.NpgsqlDefaultDataReader.GetFieldValue[T](Int32 column)
   at Core.managers.PlayerManager.getPlayerBonusDB(Int64 id)
[Aviso] Existem 6 itens na loja invisíveis, porém com os ícones liberados.
A loja foi reiniciada pelo jogador:  Kaway
[Aviso] Existem 6 itens na loja invisíveis, porém com os ícones liberados.
A loja foi reiniciada pelo jogador:  Kaway
[Aviso] Existem 6 itens na loja invisíveis, porém com os ícones liberados.
A loja foi reiniciada pelo jogador:  Kaway
[Aviso] Existem 6 itens na loja invisíveis, porém com os ícones liberados.
A loja foi reiniciada pelo jogador:  Kaway
[Aviso] Existem 6 itens na loja invisíveis, porém com os ícones liberados.
A loja foi reiniciada pelo jogador:  Kaway
[Aviso] Existem 6 itens na loja invisíveis, porém com os ícones liberados.
A loja foi reiniciada pelo jogador:  Kaway
[Aviso] Existem 6 itens na loja invisíveis, porém com os ícones liberados.
A loja foi reiniciada pelo jogador:  Kaway
[Aviso] Existem 6 itens na loja invisíveis, porém com os ícones liberados.
A loja foi reiniciada pelo jogador:  Kaway
[Aviso] Existem 6 itens na loja invisíveis, porém com os ícones liberados.
A loja foi reiniciada pelo jogador:  Kaway
[Aviso] Existem 6 itens na loja invisíveis, porém com os ícones liberados.
A loja foi reiniciada pelo jogador:  Kaway
[Aviso] Existem 6 itens na loja invisíveis, porém com os ícones liberados.
A loja foi reiniciada pelo jogador:  Kaway
Ocorreu um problema ao carregar os eventos!
System.InvalidCastException: Column is null
   at Npgsql.NpgsqlDefaultDataReader.GetFieldValue[T](Int32 column)
   at Core.managers.PlayerManager.getPlayerEventDB(Int64 pId)
System.InvalidCastException: Column is null
   at Npgsql.NpgsqlDefaultDataReader.GetFieldValue[T](Int32 column)
   at Core.managers.PlayerManager.getPlayerBonusDB(Int64 id)
Ocorreu um problema ao carregar os eventos!
System.InvalidCastException: Column is null
   at Npgsql.NpgsqlDefaultDataReader.GetFieldValue[T](Int32 column)
   at Core.managers.PlayerManager.getPlayerEventDB(Int64 pId)
System.InvalidCastException: Column is null
   at Npgsql.NpgsqlDefaultDataReader.GetFieldValue[T](Int32 column)
   at Core.managers.PlayerManager.getPlayerBonusDB(Int64 id)
Ocorreu um problema ao carregar os eventos!
System.InvalidCastException: Column is null
   at Npgsql.NpgsqlDefaultDataReader.GetFieldValue[T](Int32 column)
   at Core.managers.PlayerManager.getPlayerEventDB(Int64 pId)
System.InvalidCastException: Column is null
   at Npgsql.NpgsqlDefaultDataReader.GetFieldValue[T](Int32 column)
   at Core.managers.PlayerManager.getPlayerBonusDB(Int64 id)
