[Aviso] Existem 330 itens na loja invisíveis, porém com os ícones liberados.
Trounament Rules @Camp Count: 435
Trounament Rules @Cnpb Count: 0
Trounament Rules @79 Count: 0
Trounament Rules @lan Count: 606
[GAME] Servidor [001] foi iniciado com sucesso!
Connection destroyed due to Unknown first packet. [256]
21:20:25: Missions null2! by accountId: 5759
21:20:26: Missions null2! by accountId: 5759
21:20:26: Missions null2! by accountId: 5759
21:20:26: Missions null2! by accountId: 5759
21:20:26: Missions null2! by accountId: 5759
21:20:26: Missions null2! by accountId: 5759
21:20:27: Missions null2! by accountId: 5759
21:20:27: Missions null2! by accountId: 5759
21:20:27: Missions null2! by accountId: 5759
21:20:27: Missions null2! by accountId: 5759
21:20:27: Missions null2! by accountId: 5759
21:20:28: Missions null2! by accountId: 5759
21:20:28: Missions null2! by accountId: 5759
