[Categoria INVÁLIDA] 0
[Categoria INVÁLIDA] 0
[Categoria INVÁLIDA] 0
[Categoria INVÁLIDA] 0
[Categoria INVÁLIDA] 0
[Aviso] Existem 3 itens na loja invisíveis, porém com os ícones liberados.
Trounament Rules @Camp Count: 287
Trounament Rules @Cnpb Count: 170
Trounament Rules @79 Count: 38
Trounament Rules @lan Count: 0
[GAME] Servidor [001] foi iniciado com sucesso!
Connection destroyed due to Unknown first packet. [17571]
Connection destroyed due to Unknown first packet. [17571]
Connection destroyed due to Unknown first packet. [17571]
Connection destroyed due to Unknown first packet. [17571]
Connection destroyed due to Unknown first packet. [17571]
Connection destroyed due to Unknown first packet. [17571]
Connection destroyed due to Unknown first packet. [17571]
Connection destroyed due to Unknown first packet. [17571]
Connection destroyed due to Unknown first packet. [17571]
Connection destroyed due to Unknown first packet. [17571]
Connection destroyed due to Unknown first packet. [17571]
Connection destroyed due to Unknown first packet. [17571]
Connection destroyed due to Unknown first packet. [17571]
Connection destroyed due to Unknown first packet. [17571]
Connection destroyed due to Unknown first packet. [17571]
Connection destroyed due to Unknown first packet. [17571]
Connection destroyed due to Unknown first packet. [17571]
Connection destroyed due to Unknown first packet. [17571]
Connection destroyed due to Unknown first packet. [17571]
Connection destroyed due to Unknown first packet. [17571]
Connection destroyed due to Unknown first packet. [17571]
Connection destroyed due to Unknown first packet. [17571]
Connection destroyed due to Unknown first packet. [17571]
Connection destroyed due to Unknown first packet. [17571]
Connection destroyed due to Unknown first packet. [17571]
Connection destroyed due to Unknown first packet. [17571]
Connection destroyed due to Unknown first packet. [17571]
Connection destroyed due to Unknown first packet. [17571]
Connection destroyed due to Unknown first packet. [17571]
Connection destroyed due to Unknown first packet. [17571]
Connection destroyed due to Unknown first packet. [17571]
Connection destroyed due to Unknown first packet. [17571]
Connection destroyed due to Unknown first packet. [17571]
Connection destroyed due to Unknown first packet. [17571]
Connection destroyed due to Unknown first packet. [17571]
Connection destroyed due to Unknown first packet. [17571]
Connection destroyed due to Unknown first packet. [17571]
Connection destroyed due to Unknown first packet. [17571]
Connection destroyed due to Unknown first packet. [17571]
Connection destroyed due to Unknown first packet. [17571]
Connection destroyed due to Unknown first packet. [17571]
Connection destroyed due to Unknown first packet. [17571]
Connection destroyed due to Unknown first packet. [17571]
Connection destroyed due to Unknown first packet. [17571]
Connection destroyed due to Unknown first packet. [17571]
Connection destroyed due to Unknown first packet. [17571]
Connection destroyed due to Unknown first packet. [17571]
Connection destroyed due to Unknown first packet. [17571]
Connection destroyed due to Unknown first packet. [17571]
Connection destroyed due to Unknown first packet. [17571]
Connection destroyed due to Unknown first packet. [17571]
Connection destroyed due to Unknown first packet. [17571]
Connection destroyed due to Unknown first packet. [17571]
Connection destroyed due to Unknown first packet. [17571]
Connection destroyed due to Unknown first packet. [17571]
Connection destroyed due to Unknown first packet. [17571]
Connection destroyed due to Unknown first packet. [17571]
Connection destroyed due to Unknown first packet. [17571]
Connection destroyed due to Unknown first packet. [17571]
Connection destroyed due to Unknown first packet. [17571]
Connection destroyed due to Unknown first packet. [17571]
Connection destroyed due to Unknown first packet. [17571]
Connection destroyed due to Unknown first packet. [17571]
Connection destroyed due to Unknown first packet. [17571]
Connection destroyed due to Unknown first packet. [17571]
Connection destroyed due to Unknown first packet. [17571]
Connection destroyed due to Unknown first packet. [17571]
Connection destroyed due to Unknown first packet. [17571]
Connection destroyed due to Unknown first packet. [17571]
Connection destroyed due to Unknown first packet. [17571]
Connection destroyed due to Unknown first packet. [17571]
Connection destroyed due to Unknown first packet. [17571]
Connection destroyed due to Unknown first packet. [17571]
Connection destroyed due to Unknown first packet. [17571]
Connection destroyed due to Unknown first packet. [17571]
Connection destroyed due to Unknown first packet. [17571]
Connection destroyed due to Unknown first packet. [17571]
Connection destroyed due to Unknown first packet. [17571]
Connection destroyed due to Unknown first packet. [17571]
Connection destroyed due to Unknown first packet. [17571]
Connection destroyed due to Unknown first packet. [17571]
Connection destroyed due to Unknown first packet. [17571]
Connection destroyed due to Unknown first packet. [17571]
Connection destroyed due to Unknown first packet. [17571]
Connection destroyed due to Unknown first packet. [17571]
Connection destroyed due to Unknown first packet. [17571]
Connection destroyed due to Unknown first packet. [17571]
Connection destroyed due to Unknown first packet. [17571]
Connection destroyed due to Unknown first packet. [17571]
Connection destroyed due to Unknown first packet. [17571]
Connection destroyed due to Unknown first packet. [17571]
Connection destroyed due to Unknown first packet. [17571]
Connection destroyed due to Unknown first packet. [17571]
Connection destroyed due to Unknown first packet. [17571]
Connection destroyed due to Unknown first packet. [17571]
Connection destroyed due to Unknown first packet. [17571]
Connection destroyed due to Unknown first packet. [17571]
Connection destroyed due to Unknown first packet. [17571]
Connection destroyed due to Unknown first packet. [17571]
Connection destroyed due to Unknown first packet. [17571]
Connection destroyed due to Unknown first packet. [17571]
Connection destroyed due to Unknown first packet. [17571]
Connection destroyed due to Unknown first packet. [17571]
Connection destroyed due to Unknown first packet. [17571]
Connection destroyed due to Unknown first packet. [17571]
Connection destroyed due to Unknown first packet. [17571]
Connection destroyed due to Unknown first packet. [17571]
Connection destroyed due to Unknown first packet. [17571]
Connection destroyed due to Unknown first packet. [17571]
Connection destroyed due to Unknown first packet. [17571]
Connection destroyed due to Unknown first packet. [17571]
Connection destroyed due to Unknown first packet. [17571]
Connection destroyed due to Unknown first packet. [17571]
Connection destroyed due to Unknown first packet. [17571]
Connection destroyed due to Unknown first packet. [17571]
Connection destroyed due to Unknown first packet. [17571]
Connection destroyed due to Unknown first packet. [41553]
Connection destroyed due to Unknown first packet. [17571]
Connection destroyed due to Unknown first packet. [17571]
Connection destroyed due to Unknown first packet. [17571]
Connection destroyed due to Unknown first packet. [17571]
Connection destroyed due to Unknown first packet. [17571]
Connection destroyed due to Unknown first packet. [17571]
Connection destroyed due to Unknown first packet. [17571]
Connection destroyed due to Unknown first packet. [17571]
Connection destroyed due to Unknown first packet. [17571]
Connection destroyed due to Unknown first packet. [17571]
Connection destroyed due to Unknown first packet. [17571]
Connection destroyed due to Unknown first packet. [17571]
Connection destroyed due to Unknown first packet. [17571]
Connection destroyed due to Unknown first packet. [17571]
Connection destroyed due to Unknown first packet. [17571]
Connection destroyed due to Unknown first packet. [17571]
Connection destroyed due to Unknown first packet. [17571]
Connection destroyed due to Unknown first packet. [17571]
Connection destroyed due to Unknown first packet. [17571]
Connection destroyed due to Unknown first packet. [41553]
Connection destroyed due to Unknown first packet. [17571]
Connection destroyed due to Unknown first packet. [17571]
Connection destroyed due to Unknown first packet. [17571]
Connection destroyed due to Unknown first packet. [17571]
Connection destroyed due to Unknown first packet. [17571]
Connection destroyed due to Unknown first packet. [17571]
Connection destroyed due to Unknown first packet. [17571]
Connection destroyed due to Unknown first packet. [17571]
Connection destroyed due to Unknown first packet. [17571]
Connection destroyed due to Unknown first packet. [17571]
Connection destroyed due to Unknown first packet. [17571]
Connection destroyed due to Unknown first packet. [17571]
Connection destroyed due to Unknown first packet. [17571]
Connection destroyed due to Unknown first packet. [17571]
Connection destroyed due to Unknown first packet. [17571]
Connection destroyed due to Unknown first packet. [17571]
Connection destroyed due to Unknown first packet. [17571]
Connection destroyed due to Unknown first packet. [17571]
Connection destroyed due to Unknown first packet. [17571]
Connection destroyed due to Unknown first packet. [17571]
Connection destroyed due to Unknown first packet. [17571]
Connection destroyed due to Unknown first packet. [17571]
Connection destroyed due to Unknown first packet. [17571]
Connection destroyed due to Unknown first packet. [17571]
Connection destroyed due to Unknown first packet. [17571]
Connection destroyed due to Unknown first packet. [17571]
Connection destroyed due to Unknown first packet. [17571]
Connection destroyed due to Unknown first packet. [17571]
Connection destroyed due to Unknown first packet. [17571]
Connection destroyed due to Unknown first packet. [17571]
Connection destroyed due to Unknown first packet. [17571]
Connection destroyed due to Unknown first packet. [17571]
Connection destroyed due to Unknown first packet. [17571]
Connection destroyed due to Unknown first packet. [17571]
Connection destroyed due to Unknown first packet. [17571]
Connection destroyed due to Unknown first packet. [17571]
Connection destroyed due to Unknown first packet. [17571]
Connection destroyed due to Unknown first packet. [17571]
Connection destroyed due to Unknown first packet. [17571]
Connection destroyed due to Unknown first packet. [17571]
Connection destroyed due to Unknown first packet. [17571]
Connection destroyed due to Unknown first packet. [17571]
Connection destroyed due to Unknown first packet. [17571]
Connection destroyed due to Unknown first packet. [17571]
Connection destroyed due to Unknown first packet. [17571]
Connection destroyed due to Unknown first packet. [17571]
Connection destroyed due to Unknown first packet. [17571]
Connection destroyed due to Unknown first packet. [17571]
Connection destroyed due to Unknown first packet. [17571]
Connection destroyed due to Unknown first packet. [17571]
Connection destroyed due to Unknown first packet. [17571]
