[Aviso] Existem 334 itens na loja invisíveis, porém com os ícones liberados.
Trounament Rules @Camp Count: 435
Trounament Rules @Cnpb Count: 0
Trounament Rules @79 Count: 0
Trounament Rules @lan Count: 606
[GAME] Servidor [001] foi iniciado com sucesso!
Received gift. [Good: 1302017000; Item: 1302017000]
Received gift. [Good: 1302017000; Item: 1302017000]
Received gift. [Good: 1302017000; Item: 1302017000]
Received gift. [Good: 1302017000; Item: 1302017000]
Received gift. [Good: 1302017000; Item: 1302017000]
Received gift. [Good: 1302017000; Item: 1302017000]
Received gift. [Good: 1302017000; Item: 1302017000]
Received gift. [Good: 1302017000; Item: 1302017000]
Received gift. [Good: 1302017000; Item: 1302017000]
Received gift. [Good: 1302017000; Item: 1302017000]
Received gift. [Good: 1302017000; Item: 1302017000]
Received gift. [Good: 1302017000; Item: 1302017000]
Received gift. [Good: 1302017000; Item: 1302017000]
Received gift. [Good: 1302017000; Item: 1302017000]
Received gift. [Good: 1302017000; Item: 1302017000]
Received gift. [Good: 1302017000; Item: 1302017000]
Received gift. [Good: 1302017000; Item: 1302017000]
Received gift. [Good: 1302017000; Item: 1302017000]
Received gift. [Good: 1302017000; Item: 1302017000]
Received gift. [Good: 1302017000; Item: 1302017000]
Received gift. [Good: 1302017000; Item: 1302017000]
Received gift. [Good: 1302017000; Item: 1302017000]
Received gift. [Good: 1302017000; Item: 1302017000]
Received gift. [Good: 1302017000; Item: 1302017000]
Received gift. [Good: 1302017000; Item: 1302017000]
Received gift. [Good: 1302017000; Item: 1302017000]
