[Categoria INVÁLIDA] 0
[EventLogin] Evento com premiação incorreta! [Id: 0]
[Categoria INVÁLIDA] 0
[Categoria INVÁLIDA] 0
[Categoria INVÁLIDA] 0
[Categoria INVÁLIDA] 0
[Categoria INVÁLIDA] 0
[Aviso] Existem 6 itens na loja invisíveis, porém com os ícones liberados.
Trounament Rules @Camp Count: 0
Trounament Rules @Cnpb Count: 0
Trounament Rules @79 Count: 0
Trounament Rules @lan Count: 0
[Aviso] Falha na inicialização.
Ocorreu um problema ao carregar os eventos!
System.InvalidCastException: Column is null
   at Npgsql.NpgsqlDefaultDataReader.GetFieldValue[T](Int32 column)
   at Core.managers.PlayerManager.getPlayerEventDB(Int64 pId)
System.InvalidCastException: Column is null
   at Npgsql.NpgsqlDefaultDataReader.GetFieldValue[T](Int32 column)
   at Core.managers.PlayerManager.getPlayerBonusDB(Int64 id)
