[Aviso] Existem 323 itens na loja invisíveis, porém com os ícones liberados.
Trounament Rules @Camp Count: 435
Trounament Rules @Cnpb Count: 0
Trounament Rules @79 Count: 0
Trounament Rules @lan Count: 606
[GAME] Servidor [001] foi iniciado com sucesso!
Connection destroyed due to Unknown first packet. [2560]
Connection destroyed due to Unknown first packet. [2816]
[Aviso] Existem 323 itens na loja invisíveis, porém com os ícones liberados.
A loja foi reiniciada pelo jogador:  GM DeadzoneV5
[Aviso] Existem 323 itens na loja invisíveis, porém com os ícones liberados.
A loja foi reiniciada pelo jogador:  GM DeadzoneV5
Connection destroyed due to Unknown first packet. [3079]
[20:53] trex: -1
[20:53] forceRexIdx: -2; force: True; teamIdx: 1; trex: 3
[Aviso] Existem 323 itens na loja invisíveis, porém com os ícones liberados.
A loja foi reiniciada pelo jogador:  GM DeadzoneV5
[Aviso] Existem 323 itens na loja invisíveis, porém com os ícones liberados.
A loja foi reiniciada pelo jogador:  GM DeadzoneV5
[Aviso] Existem 323 itens na loja invisíveis, porém com os ícones liberados.
A loja foi reiniciada pelo jogador:  GM DeadzoneV5
[Aviso] Existem 323 itens na loja invisíveis, porém com os ícones liberados.
A loja foi reiniciada pelo jogador:  GM DeadzoneV5
[Aviso] Existem 323 itens na loja invisíveis, porém com os ícones liberados.
A loja foi reiniciada pelo jogador:  GM DeadzoneV5
[Aviso] Existem 323 itens na loja invisíveis, porém com os ícones liberados.
A loja foi reiniciada pelo jogador:  GM DeadzoneV5
[Aviso] Existem 323 itens na loja invisíveis, porém com os ícones liberados.
A loja foi reiniciada pelo jogador:  GM DeadzoneV5
[01:02] trex: -1
[01:02] forceRexIdx: -1; force: False; teamIdx: 0; trex: -1
[01:02] trex: -1
[01:02] forceRexIdx: 2; force: False; teamIdx: 0; trex: 2
[01:07] trex: 2
[01:07] forceRexIdx: -2; force: True; teamIdx: 1; trex: 5
