[Aviso] Existem 330 itens na loja invisíveis, porém com os ícones liberados.
Trounament Rules @Camp Count: 435
Trounament Rules @Cnpb Count: 0
Trounament Rules @79 Count: 0
Trounament Rules @lan Count: 606
[GAME] Servidor [001] foi iniciado com sucesso!
[21:15] trex: -1
[21:15] forceRexIdx: -1; force: False; teamIdx: 0; trex: -1
[21:16] trex: -1
[21:16] trex: -1
[21:16] forceRexIdx: 2; force: False; teamIdx: 0; trex: 2
[21:16] forceRexIdx: 1; force: False; teamIdx: 0; trex: 2
[21:21] trex: 2
[21:21] forceRexIdx: -2; force: True; teamIdx: 1; trex: 3
[21:33] trex: 3
[21:33] forceRexIdx: -2; force: True; teamIdx: 1; trex: 1
Connection destroyed due to no responses.
[1]SLOT XP: -289953; GOLD: -231549; MONEY: -134232
InBattleTime: -604214,9606498 [Finish: 200509020745; Start: 200516015800]
allDeaths: 6; Objs: 0; IsBOT: False
[1]SLOT XP: -241639; GOLD: -201358; MONEY: -134239
InBattleTime: -604214,9606498 [Finish: 200509020745; Start: 200516015800]
allDeaths: 8; Objs: 0; IsBOT: False
