[Aviso] Existem 346 itens na loja invisíveis, porém com os ícones liberados.
Trounament Rules @Camp Count: 435
Trounament Rules @Cnpb Count: 0
Trounament Rules @79 Count: 0
Trounament Rules @lan Count: 606
[GAME] Servidor [001] foi iniciado com sucesso!
Received gift. [Good: 702001210; Item: 702001210]
Received gift. [Good: 702001210; Item: 702001210]
Received gift. [Good: 702001210; Item: 702001210]
Received gift. [Good: 702001210; Item: 702001210]
Received gift. [Good: 300005232; Item: 300005232]
Received gift. [Good: 702001210; Item: 702001210]
Received gift. [Good: 803007020; Item: 803007020]
[16:48] trex: -1
[16:48] forceRexIdx: -1; force: False; teamIdx: 0; trex: -1
[16:48] trex: -1
[16:48] forceRexIdx: 2; force: False; teamIdx: 0; trex: 2
[20:36] trex: -1
[20:36] forceRexIdx: -1; force: False; teamIdx: 0; trex: -1
[20:36] trex: -1
[20:36] forceRexIdx: 3; force: False; teamIdx: 0; trex: -1
[20:36] trex: -1
[20:36] forceRexIdx: 2; force: False; teamIdx: 0; trex: 2
[20:41] trex: 2
[20:41] forceRexIdx: -2; force: True; teamIdx: 1; trex: 3
